<?xml version="1.0" encoding="UTF-8"?>
<!-- Generated by org.testng.reporters.JUnitReportReporter -->
<testsuite hostname="PC-liangxuqing" name="com.xyuan.ngtest.jx.test.report.get_achieve_attribute" tests="2" failures="0" timestamp="30 Jun 2017 02:19:45 GMT" time="0.394" errors="0">
  <testcase name="get_achieve_attribute" time="0.175" classname="com.xyuan.ngtest.jx.test.report.get_achieve_attribute"/>
  <testcase name="get_achieve_attribute" time="0.219" classname="com.xyuan.ngtest.jx.test.report.get_achieve_attribute"/>
</testsuite> <!-- com.xyuan.ngtest.jx.test.report.get_achieve_attribute -->
