<?xml version="1.0" encoding="UTF-8"?>
<!-- Generated by org.testng.reporters.JUnitReportReporter -->
<testsuite hostname="PC-liangxuqing" name="com.xyuan.ngtest.jx.test.get_interval_futures_contract_configuration" tests="3" failures="0" timestamp="11 May 2017 10:03:27 GMT" time="2.967" errors="0">
  <testcase name="get_interval_futures_contract_configuration" time="1.090" classname="com.xyuan.ngtest.jx.test.get_interval_futures_contract_configuration"/>
  <testcase name="get_interval_futures_contract_configuration" time="0.890" classname="com.xyuan.ngtest.jx.test.get_interval_futures_contract_configuration"/>
  <testcase name="get_interval_futures_contract_configuration" time="0.987" classname="com.xyuan.ngtest.jx.test.get_interval_futures_contract_configuration"/>
</testsuite> <!-- com.xyuan.ngtest.jx.test.get_interval_futures_contract_configuration -->
