<?xml version="1.0" encoding="UTF-8"?>
<!-- Generated by org.testng.reporters.JUnitReportReporter -->
<testsuite hostname="PC-liangxuqing" name="com.xyuan.ngtest.ps.comp.comp_fundinfo" tests="1" failures="0" timestamp="9 Oct 2017 04:29:52 GMT" time="0.155" errors="0">
  <testcase name="comp_fundinfo" time="0.155" classname="com.xyuan.ngtest.ps.comp.comp_fundinfo"/>
</testsuite> <!-- com.xyuan.ngtest.ps.comp.comp_fundinfo -->
