<?xml version="1.0" encoding="UTF-8"?>
<!-- Generated by org.testng.reporters.JUnitReportReporter -->
<testsuite hostname="PC-liangxuqing" name="com.xyuan.ngtest.jx.test.get_position_analysis" tests="2" failures="0" timestamp="11 May 2017 10:03:27 GMT" time="0.178" errors="0">
  <testcase name="get_position_analysis" time="0.098" classname="com.xyuan.ngtest.jx.test.get_position_analysis"/>
  <testcase name="get_position_analysis" time="0.080" classname="com.xyuan.ngtest.jx.test.get_position_analysis"/>
</testsuite> <!-- com.xyuan.ngtest.jx.test.get_position_analysis -->
