<?xml version="1.0" encoding="UTF-8"?>
<!-- Generated by org.testng.reporters.JUnitReportReporter -->
<testsuite hostname="PC-liangxuqing" name="com.xyuan.ngtest.jx.test.combinationquery.get_risk_pressure_drop" tests="3" failures="0" timestamp="30 Jun 2017 02:18:21 GMT" time="0.778" errors="0">
  <testcase name="get_risk_pressure_drop" time="0.309" classname="com.xyuan.ngtest.jx.test.combinationquery.get_risk_pressure_drop"/>
  <testcase name="get_risk_pressure_drop" time="0.204" classname="com.xyuan.ngtest.jx.test.combinationquery.get_risk_pressure_drop"/>
  <testcase name="get_risk_pressure_drop" time="0.265" classname="com.xyuan.ngtest.jx.test.combinationquery.get_risk_pressure_drop"/>
</testsuite> <!-- com.xyuan.ngtest.jx.test.combinationquery.get_risk_pressure_drop -->
