<?xml version="1.0" encoding="UTF-8"?>
<!-- Generated by org.testng.reporters.JUnitReportReporter -->
<testsuite hostname="PC-liangxuqing" name="com.xyuan.ngtest.jx.test.get_risk_var" tests="4" failures="0" timestamp="11 May 2017 10:03:27 GMT" time="0.657" errors="0">
  <testcase name="get_risk_var" time="0.128" classname="com.xyuan.ngtest.jx.test.get_risk_var"/>
  <testcase name="get_risk_var" time="0.160" classname="com.xyuan.ngtest.jx.test.get_risk_var"/>
  <testcase name="get_risk_var" time="0.188" classname="com.xyuan.ngtest.jx.test.get_risk_var"/>
  <testcase name="get_risk_var" time="0.181" classname="com.xyuan.ngtest.jx.test.get_risk_var"/>
</testsuite> <!-- com.xyuan.ngtest.jx.test.get_risk_var -->
