<?xml version="1.0" encoding="UTF-8"?>
<!-- Generated by org.testng.reporters.JUnitReportReporter -->
<testsuite hostname="PC-liangxuqing" name="com.xyuan.ngtest.ps.comp.test" tests="1" failures="0" timestamp="11 Oct 2017 02:10:23 GMT" time="0.000" errors="0">
  <testcase name="test" time="0.000" classname="com.xyuan.ngtest.ps.comp.test"/>
</testsuite> <!-- com.xyuan.ngtest.ps.comp.test -->
