<?xml version="1.0" encoding="UTF-8"?>
<!-- Generated by org.testng.reporters.JUnitReportReporter -->
<testsuite hostname="PC-liangxuqing" name="com.xyuan.ngtest.jx.test.get_market_time_analysis" tests="3" failures="0" timestamp="11 May 2017 10:03:27 GMT" time="0.458" errors="0">
  <testcase name="get_market_time_analysis" time="0.154" classname="com.xyuan.ngtest.jx.test.get_market_time_analysis"/>
  <testcase name="get_market_time_analysis" time="0.163" classname="com.xyuan.ngtest.jx.test.get_market_time_analysis"/>
  <testcase name="get_market_time_analysis" time="0.141" classname="com.xyuan.ngtest.jx.test.get_market_time_analysis"/>
</testsuite> <!-- com.xyuan.ngtest.jx.test.get_market_time_analysis -->
