<?xml version="1.0" encoding="UTF-8"?>
<!-- Generated by org.testng.reporters.JUnitReportReporter -->
<testsuite hostname="PC-liangxuqing" name="com.xyuan.ngtest.jx.test.report.get_risk_var" tests="4" failures="0" timestamp="30 Jun 2017 02:19:45 GMT" time="0.741" errors="0">
  <testcase name="get_risk_var" time="0.187" classname="com.xyuan.ngtest.jx.test.report.get_risk_var"/>
  <testcase name="get_risk_var" time="0.189" classname="com.xyuan.ngtest.jx.test.report.get_risk_var"/>
  <testcase name="get_risk_var" time="0.194" classname="com.xyuan.ngtest.jx.test.report.get_risk_var"/>
  <testcase name="get_risk_var" time="0.171" classname="com.xyuan.ngtest.jx.test.report.get_risk_var"/>
</testsuite> <!-- com.xyuan.ngtest.jx.test.report.get_risk_var -->
