<?xml version="1.0" encoding="UTF-8"?>
<!-- Generated by org.testng.reporters.JUnitReportReporter -->
<testsuite hostname="PC-liangxuqing" name="com.xyuan.ngtest.ps.comp.comp_yearreport_investinfo" tests="1" failures="0" timestamp="25 Sep 2017 07:39:47 GMT" time="0.173" errors="0">
  <testcase name="comp_yearreport_investinfo" time="0.173" classname="com.xyuan.ngtest.ps.comp.comp_yearreport_investinfo"/>
</testsuite> <!-- com.xyuan.ngtest.ps.comp.comp_yearreport_investinfo -->
