<?xml version="1.0" encoding="UTF-8"?>
<!-- Generated by org.testng.reporters.JUnitReportReporter -->
<testsuite hostname="PC-liangxuqing" name="com.xyuan.ngtest.ps.manfund.fund_search" tests="4" failures="0" timestamp="25 Sep 2017 07:39:47 GMT" time="3.036" errors="0">
  <testcase name="fund_search" time="0.362" classname="com.xyuan.ngtest.ps.manfund.fund_search"/>
  <testcase name="fund_search" time="0.298" classname="com.xyuan.ngtest.ps.manfund.fund_search"/>
  <testcase name="fund_search" time="2.017" classname="com.xyuan.ngtest.ps.manfund.fund_search"/>
  <testcase name="fund_search" time="0.359" classname="com.xyuan.ngtest.ps.manfund.fund_search"/>
</testsuite> <!-- com.xyuan.ngtest.ps.manfund.fund_search -->
