<?xml version="1.0" encoding="UTF-8"?>
<!-- Generated by org.testng.reporters.JUnitReportReporter -->
<testsuite hostname="PC-liangxuqing" name="com.xyuan.ngtest.jx.test.combinationquery.get_market_risk_profile" tests="4" failures="0" timestamp="30 Jun 2017 02:18:21 GMT" time="1.428" errors="1">
  <testcase name="get_market_risk_profile" time="0.421" classname="com.xyuan.ngtest.jx.test.combinationquery.get_market_risk_profile"/>
  <testcase name="get_market_risk_profile" time="0.226" classname="com.xyuan.ngtest.jx.test.combinationquery.get_market_risk_profile"/>
  <testcase name="get_market_risk_profile" time="0.169" classname="com.xyuan.ngtest.jx.test.combinationquery.get_market_risk_profile"/>
  <testcase name="get_market_risk_profile" time="0.612" classname="com.xyuan.ngtest.jx.test.combinationquery.get_market_risk_profile">
    <error type="java.lang.AssertionError" message="
Expected: &quot;{\&quot;code\&quot;:0,\&quot;data\&quot;:{\&quot;count\&quot;:8,\&quot;result\&quot;:[{\&quot;m1_r\&quot;:-3.8700096095046765,\&quot;total_r\&quot;:-3.8700096095046765,\&quot;risk_open\&quot;:32.08370848318596,\&quot;clean_value\&quot;:9.700876359999998E7,\&quot;date\&quot;:\&quot;2014-03-18\&quot;,\&quot;beta\&quot;:0.3667182010932133,\&quot;fluctuate_rate\&quot;:16.501945142297338,\&quot;id\&quot;:\&quot;\&quot;,\&quot;name\&quot;:\&quot;精选1号\&quot;,\&quot;alpha\&quot;:0.20752940966255579,\&quot;asset_value_percent\&quot;:104.35480642333627,\&quot;m3_r\&quot;:-3.8700096095046765,\&quot;first\&quot;:true,\&quot;var_v\&quot;:-1.5523587229461118},{\&quot;m1_r\&quot;:-4.664648631069013,\&quot;total_r\&quot;:0,\&quot;risk_open\&quot;:0,\&quot;clean_value\&quot;:7.239291458E7,\&quot;date\&quot;:\&quot;2014-03-18\&quot;,\&quot;beta\&quot;:0.7466221462332375,\&quot;fluctuate_rate\&quot;:20.61068453569669,\&quot;id\&quot;:\&quot;\&quot;,\&quot;name\&quot;:\&quot;股票类\&quot;,\&quot;alpha\&quot;:0.24510627206463492,\&quot;asset_value_percent\&quot;:77.87490848318596,\&quot;m3_r\&quot;:-4.664648631069013,\&quot;var_v\&quot;:-2.1441181389957755,\&quot;parent_id\&quot;:\&quot;\&quot;},{\&quot;m1_r\&quot;:-7.13812165740787,\&quot;total_r\&quot;:0,\&quot;risk_open\&quot;:0,\&quot;clean_value\&quot;:3.0530968509999998E7,\&quot;date\&quot;:\&quot;2014-03-18\&quot;,\&quot;beta\&quot;:0.36111136291115603,\&quot;fluctuate_rate\&quot;:32.873843709763385,\&quot;id\&quot;:\&quot;\&quot;,\&quot;name\&quot;:\&quot;电子\&quot;,\&quot;alpha\&quot;:-0.007223269928414407,\&quot;asset_value_percent\&quot;:32.84294315836458,\&quot;m3_r\&quot;:-7.13812165740787,\&quot;var_v\&quot;:-3.419847820897874,\&quot;parent_id\&quot;:\&quot;\&quot;},{\&quot;m1_r\&quot;:-17.649086521889,\&quot;total_r\&quot;:0,\&quot;last\&quot;:true,\&quot;risk_open\&quot;:0,\&quot;clean_value\&quot;:1646184,\&quot;date\&quot;:\&quot;2014-03-18\&quot;,\&quot;beta\&quot;:1.2873926167090513,\&quot;fluctuate_rate\&quot;:44.99845263461974,\&quot;id\&quot;:\&quot;\&quot;,\&quot;name\&quot;:\&quot;勤上光电-002638\&quot;,\&quot;alpha\&quot;:-0.05550604842273661,\&quot;asset_value_percent\&quot;:1.7708422031387838,\&quot;m3_r\&quot;:-17.649086521889,\&quot;var_v\&quot;:-4.119080015606117,\&quot;parent_id\&quot;:\&quot;\&quot;},{\&quot;m1_r\&quot;:-16.000740775035883,\&quot;total_r\&quot;:0,\&quot;last\&quot;:true,\&quot;risk_open\&quot;:0,\&quot;clean_value\&quot;:5927500,\&quot;date\&quot;:\&quot;2014-03-18\&quot;,\&quot;beta\&quot;:0.9830510486061884,\&quot;fluctuate_rate\&quot;:50.78629235453445,\&quot;id\&quot;:\&quot;\&quot;,\&quot;name\&quot;:\&quot;三安光电-600703\&quot;,\&quot;alpha\&quot;:0.030410767848467118,\&quot;asset_value_percent\&quot;:6.376363249251081,\&quot;m3_r\&quot;:-17.234615209160165,\&quot;var_v\&quot;:-5.194474994059902,\&quot;parent_id\&quot;:\&quot;\&quot;},{\&quot;m1_r\&quot;:-16.44859813084113,\&quot;total_r\&quot;:0,\&quot;last\&quot;:true,\&quot;risk_open\&quot;:0,\&quot;clean_value\&quot;:3056240,\&quot;date\&quot;:\&quot;2014-03-18\&quot;,\&quot;beta\&quot;:0.15667575201559647,\&quot;fluctuate_rate\&quot;:54.91489851633643,\&quot;id\&quot;:\&quot;\&quot;,\&quot;name\&quot;:\&quot;佛山照明-000541\&quot;,\&quot;alpha\&quot;:0.2253598352795983,\&quot;asset_value_percent\&quot;:3.28767548155059,\&quot;m3_r\&quot;:-16.44859813084113,\&quot;var_v\&quot;:-5.136059094795764,\&quot;parent_id\&quot;:\&quot;\&quot;},{\&quot;m1_r\&quot;:-19.75953079178886,\&quot;total_r\&quot;:0,\&quot;last\&quot;:true,\&quot;risk_open\&quot;:0,\&quot;clean_value\&quot;:1955640.56,\&quot;date\&quot;:\&quot;2014-03-18\&quot;,\&quot;beta\&quot;:1.1639903570366794,\&quot;fluctuate_rate\&quot;:45.68984217633276,\&quot;id\&quot;:\&quot;\&quot;,\&quot;name\&quot;:\&quot;歌尔声学-002241\&quot;,\&quot;alpha\&quot;:-0.09308750558649206,\&quot;asset_value_percent\&quot;:2.103732534041131,\&quot;m3_r\&quot;:-23.38793224135517,\&quot;var_v\&quot;:-4.673626885890354,\&quot;parent_id\&quot;:\&quot;\&quot;},{\&quot;m1_r\&quot;:-28.288605367355913,\&quot;total_r\&quot;:0,\&quot;last\&quot;:true,\&quot;risk_open\&quot;:0,\&quot;clean_value\&quot;:2078400,\&quot;date\&quot;:\&quot;2014-03-18\&quot;,\&quot;beta\&quot;:1.8309076325381124,\&quot;fluctuate_rate\&quot;:55.42261928791161,\&quot;id\&quot;:\&quot;\&quot;,\&quot;name\&quot;:\&quot;安洁科技-002635\&quot;,\&quot;alpha\&quot;:-0.06371700922329412,\&quot;asset_value_percent\&quot;:2.235788001222007,\&quot;m3_r\&quot;:-28.288605367355913,\&quot;var_v\&quot;:-4.5855829230102385,\&quot;parent_id\&quot;:\&quot;\&quot;},{\&quot;m1_r\&quot;:-16.469228546662805,\&quot;total_r\&quot;:0,\&quot;last\&quot;:true,\&quot;risk_open\&quot;:0,\&quot;clean_value\&quot;:4814500.6,\&quot;date\&quot;:\&quot;2014-03-18\&quot;,\&quot;beta\&quot;:1.2019229143687369,\&quot;fluctuate_rate\&quot;:44.49761383591027,\&quot;id\&quot;:\&quot;\&quot;,\&quot;name\&quot;:\&quot;大族激光-002008\&quot;,\&quot;alpha\&quot;:-0.03287484172202393,\&quot;asset_value_percent\&quot;:5.1790813478426445,\&quot;m3_r\&quot;:-16.6658659620466,\&quot;var_v\&quot;:-4.551201630658422,\&quot;parent_id\&quot;:\&quot;\&quot;},{\&quot;m1_r\&quot;:-19.683138438325177,\&quot;total_r\&quot;:0,\&quot;last\&quot;:true,\&quot;risk_open\&quot;:0,\&quot;clean_value\&quot;:2657916,\&quot;date\&quot;:\&quot;2014-03-18\&quot;,\&quot;beta\&quot;:1.242294721781231,\&quot;fluctuate_rate\&quot;:57.57791776143681,\&quot;id\&quot;:\&quot;\&quot;,\&quot;name\&quot;:\&quot;阳光照明-600261\&quot;,\&quot;alpha\&quot;:0.09078823538154858,\&quot;asset_value_percent\&quot;:2.8591881741031524,\&quot;m3_r\&quot;:-24.34621944286527,\&quot;var_v\&quot;:-5.166841968934775,\&quot;parent_id\&quot;:\&quot;\&quot;},{\&quot;m1_r\&quot;:-19.337294793030512,\&quot;total_r\&quot;:0,\&quot;last\&quot;:true,\&quot;risk_open\&quot;:0,\&quot;clean_value\&quot;:5448518.35,\&quot;date\&quot;:\&quot;2014-03-18\&quot;,\&quot;beta\&quot;:1.0208497010198065,\&quot;fluctuate_rate\&quot;:48.57024600749923,\&quot;id\&quot;:\&quot;\&quot;,\&quot;name\&quot;:\&quot;德豪润达-002005\&quot;,\&quot;alpha\&quot;:-0.046092335662122584,\&quot;asset_value_percent\&quot;:5.86111044619319,\&quot;m3_r\&quot;:-20.37975941942539,\&quot;var_v\&quot;:-4.9675097541703535,\&quot;parent_id\&quot;:\&quot;\&quot;},{\&quot;m1_r\&quot;:-21.704180064308687,\&quot;total_r\&quot;:0,\&quot;last\&quot;:true,\&quot;risk_open\&quot;:0,\&quot;clean_value\&quot;:2946069,\&quot;date\&quot;:\&quot;2014-03-18\&quot;,\&quot;beta\&quot;:1.497433218440995,\&quot;fluctuate_rate\&quot;:46.09393857423387,\&quot;id\&quot;:\&quot;\&quot;,\&quot;name\&quot;:\&quot;长盈精密-300115\&quot;,\&quot;alpha\&quot;:-0.3280781163547086,\&quot;asset_value_percent\&quot;:3.1691617210219967,\&quot;m3_r\&quot;:-25.306748466257666,\&quot;var_v\&quot;:-4.715618327870373,\&quot;parent_id\&quot;:\&quot;\&quot;},{\&quot;m1_r\&quot;:-5.313550703302694,\&quot;total_r\&quot;:0,\&quot;risk_open\&quot;:0,\&quot;clean_value\&quot;:1.02053567E7,\&quot;date\&quot;:\&quot;2014-03-18\&quot;,\&quot;beta\&quot;:0.12032575455252639,\&quot;fluctuate_rate\&quot;:44.777122283918196,\&quot;id\&quot;:\&quot;\&quot;,\&quot;name\&quot;:\&quot;化工\&quot;,\&quot;alpha\&quot;:0.09327372054071699,\&quot;asset_value_percent\&quot;:10.978163037938133,\&quot;m3_r\&quot;:-6.552351476112051,\&quot;var_v\&quot;:-4.6581393225780925,\&quot;parent_id\&quot;:\&quot;\&quot;},{\&quot;m1_r\&quot;:-11.965960402917686,\&quot;total_r\&quot;:0,\&quot;last\&quot;:true,\&quot;risk_open\&quot;:0,\&quot;clean_value\&quot;:1.02053567E7,\&quot;date\&quot;:\&quot;2014-03-18\&quot;,\&quot;beta\&quot;:1.096046343424732,\&quot;fluctuate_rate\&quot;:45.49177848529223,\&quot;id\&quot;:\&quot;\&quot;,\&quot;name\&quot;:\&quot;浙江龙盛-600352\&quot;,\&quot;alpha\&quot;:0.8496295802711564,\&quot;asset_value_percent\&quot;:10.978163037938133,\&quot;m3_r\&quot;:-11.965960402917686,\&quot;var_v\&quot;:-4.6581393225780925,\&quot;parent_id\&quot;:\&quot;\&quot;},{\&quot;m1_r\&quot;:-4.695616029586047,\&quot;total_r\&quot;:0,\&quot;risk_open\&quot;:0,\&quot;clean_value\&quot;:6993300,\&quot;date\&quot;:\&quot;2014-03-18\&quot;,\&quot;beta\&quot;:0.06616345707390606,\&quot;fluctuate_rate\&quot;:19.775481948323574,\&quot;id\&quot;:\&quot;\&quot;,\&quot;name\&quot;:\&quot;计算机\&quot;,\&quot;alpha\&quot;:0.01629673943652076,\&quot;asset_value_percent\&quot;:7.522871549723758,\&quot;m3_r\&quot;:-4.695616029586047,\&quot;var_v\&quot;:-2.0572324747073636,\&quot;parent_id\&quot;:\&quot;\&quot;},{\&quot;m1_r\&quot;:-13.109812365426022,\&quot;total_r\&quot;:0,\&quot;last\&quot;:true,\&quot;risk_open\&quot;:0,\&quot;clean_value\&quot;:2697300,\&quot;date\&quot;:\&quot;2014-03-18\&quot;,\&quot;beta\&quot;:1.1823446544940013,\&quot;fluctuate_rate\&quot;:59.80112555511382,\&quot;id\&quot;:\&quot;\&quot;,\&quot;name\&quot;:\&quot;神州泰岳-300002\&quot;,\&quot;alpha\&quot;:-0.10583633839562148,\&quot;asset_value_percent\&quot;:2.9015545495073707,\&quot;m3_r\&quot;:-21.755027422303463,\&quot;var_v\&quot;:-5.244223411016907,\&quot;parent_id\&quot;:\&quot;\&quot;},{\&quot;m1_r\&quot;:-11.303339293480896,\&quot;total_r\&quot;:0,\&quot;last\&quot;:true,\&quot;risk_open\&quot;:0,\&quot;clean_value\&quot;:4296000,\&quot;date\&quot;:\&quot;2014-03-18\&quot;,\&quot;beta\&quot;:0.6893507188337541,\&quot;fluctuate_rate\&quot;:47.91182740433298,\&quot;id\&quot;:\&quot;\&quot;,\&quot;name\&quot;:\&quot;航天信息-600271\&quot;,\&quot;alpha\&quot;:0.41909348628029763,\&quot;asset_value_percent\&quot;:4.621317000216388,\&quot;m3_r\&quot;:-11.303339293480896,\&quot;var_v\&quot;:-3.162810963501541,\&quot;parent_id\&quot;:\&quot;\&quot;},{\&quot;m1_r\&quot;:-5.411879340284409,\&quot;total_r\&quot;:0,\&quot;risk_open\&quot;:0,\&quot;clean_value\&quot;:6818726,\&quot;date\&quot;:\&quot;2014-03-18\&quot;,\&quot;beta\&quot;:0.09184916632693071,\&quot;fluctuate_rate\&quot;:39.58464057939267,\&quot;id\&quot;:\&quot;\&quot;,\&quot;name\&quot;:\&quot;医药生物\&quot;,\&quot;alpha\&quot;:0.050946517397570126,\&quot;asset_value_percent\&quot;:7.335077836037591,\&quot;m3_r\&quot;:-5.411879340284409,\&quot;var_v\&quot;:-4.117968316137498,\&quot;parent_id\&quot;:\&quot;\&quot;},{\&quot;m1_r\&quot;:-16.22060016220601,\&quot;total_r\&quot;:0,\&quot;last\&quot;:true,\&quot;risk_open\&quot;:0,\&quot;clean_value\&quot;:1808000,\&quot;date\&quot;:\&quot;2014-03-18\&quot;,\&quot;beta\&quot;:1.172648555853117,\&quot;fluctuate_rate\&quot;:76.53964288606561,\&quot;id\&quot;:\&quot;\&quot;,\&quot;name\&quot;:\&quot;运盛实业-600767\&quot;,\&quot;alpha\&quot;:1.0320726894541044,\&quot;asset_value_percent\&quot;:1.9449118101469345,\&quot;m3_r\&quot;:-16.22060016220601,\&quot;var_v\&quot;:-8.474997082407485,\&quot;parent_id\&quot;:\&quot;\&quot;},{\&quot;m1_r\&quot;:-8.999699006722183,\&quot;total_r\&quot;:0,\&quot;last\&quot;:true,\&quot;risk_open\&quot;:0,\&quot;clean_value\&quot;:5010726,\&quot;date\&quot;:\&quot;2014-03-18\&quot;,\&quot;beta\&quot;:1.2808916412035307,\&quot;fluctuate_rate\&quot;:50.21792706590227,\&quot;id\&quot;:\&quot;\&quot;,\&quot;name\&quot;:\&quot;中国医药-600056\&quot;,\&quot;alpha\&quot;:0.5727766755751216,\&quot;asset_value_percent\&quot;:5.390166025890657,\&quot;m3_r\&quot;:-8.999699006722183,\&quot;var_v\&quot;:-5.311987529695158,\&quot;parent_id\&quot;:\&quot;\&quot;},{\&quot;m1_r\&quot;:-5.136173541349454,\&quot;total_r\&quot;:0,\&quot;risk_open\&quot;:0,\&quot;clean_value\&quot;:6795334.73,\&quot;date\&quot;:\&quot;2014-03-18\&quot;,\&quot;beta\&quot;:0.07288680498857111,\&quot;fluctuate_rate\&quot;:24.208211026828995,\&quot;id\&quot;:\&quot;\&quot;,\&quot;name\&quot;:\&quot;食品饮料\&quot;,\&quot;alpha\&quot;:0.021734940692043653,\&quot;asset_value_percent\&quot;:7.309915249047916,\&quot;m3_r\&quot;:-5.136173541349454,\&quot;var_v\&quot;:-2.518366834704797,\&quot;parent_id\&quot;:\&quot;\&quot;},{\&quot;m1_r\&quot;:-16.823406478578896,\&quot;total_r\&quot;:0,\&quot;last\&quot;:true,\&quot;risk_open\&quot;:0,\&quot;clean_value\&quot;:1910942.79,\&quot;date\&quot;:\&quot;2014-03-18\&quot;,\&quot;beta\&quot;:0.5420951943949447,\&quot;fluctuate_rate\&quot;:59.25116676315657,\&quot;id\&quot;:\&quot;\&quot;,\&quot;name\&quot;:\&quot;惠泉啤酒-600573\&quot;,\&quot;alpha\&quot;:0.3484562672509403,\&quot;asset_value_percent\&quot;:2.055650000434808,\&quot;m3_r\&quot;:-16.823406478578896,\&quot;var_v\&quot;:-6.05017438139706,\&quot;parent_id\&quot;:\&quot;\&quot;},{\&quot;m1_r\&quot;:-12.35706381409073,\&quot;total_r\&quot;:0,\&quot;last\&quot;:true,\&quot;risk_open\&quot;:0,\&quot;clean_value\&quot;:2104391.94,\&quot;date\&quot;:\&quot;2014-03-18\&quot;,\&quot;beta\&quot;:1.2490056427650498,\&quot;fluctuate_rate\&quot;:37.42155792693686,\&quot;id\&quot;:\&quot;\&quot;,\&quot;name\&quot;:\&quot;上海梅林-600073\&quot;,\&quot;alpha\&quot;:0.18597387910277768,\&quot;asset_value_percent\&quot;:2.263748195400453,\&quot;m3_r\&quot;:-12.550607287449388,\&quot;var_v\&quot;:-3.8259729237693336,\&quot;parent_id\&quot;:\&quot;\&quot;},{\&quot;m1_r\&quot;:-9.184549356223181,\&quot;total_r\&quot;:0,\&quot;last\&quot;:true,\&quot;risk_open\&quot;:0,\&quot;clean_value\&quot;:2780000,\&quot;date\&quot;:\&quot;2014-03-18\&quot;,\&quot;beta\&quot;:1.1191670814294727,\&quot;fluctuate_rate\&quot;:34.36992108032278,\&quot;id\&quot;:\&quot;\&quot;,\&quot;name\&quot;:\&quot;得利斯-002330\&quot;,\&quot;alpha\&quot;:0.3464925601928143,\&quot;asset_value_percent\&quot;:2.9905170532126535,\&quot;m3_r\&quot;:-9.184549356223181,\&quot;var_v\&quot;:-3.0868681244219016,\&quot;parent_id\&quot;:\&quot;\&quot;},{\&quot;m1_r\&quot;:-5.789473684210522,\&quot;total_r\&quot;:0,\&quot;risk_open\&quot;:0,\&quot;clean_value\&quot;:4911630.64,\&quot;date\&quot;:\&quot;2014-03-18\&quot;,\&quot;beta\&quot;:0.017699174716027617,\&quot;fluctuate_rate\&quot;:25.6039885062723,\&quot;id\&quot;:\&quot;\&quot;,\&quot;name\&quot;:\&quot;轻工制造\&quot;,\&quot;alpha\&quot;:-0.007003531490822719,\&quot;asset_value_percent\&quot;:5.283566614389129,\&quot;m3_r\&quot;:-5.789473684210522,\&quot;var_v\&quot;:-2.6635687956825107,\&quot;parent_id\&quot;:\&quot;\&quot;},{\&quot;m1_r\&quot;:-15.241765942536778,\&quot;total_r\&quot;:0,\&quot;last\&quot;:true,\&quot;risk_open\&quot;:0,\&quot;clean_value\&quot;:4911630.64,\&quot;date\&quot;:\&quot;2014-03-18\&quot;,\&quot;beta\&quot;:0.3349853613622688,\&quot;fluctuate_rate\&quot;:51.69745043557687,\&quot;id\&quot;:\&quot;\&quot;,\&quot;name\&quot;:\&quot;宜华木业-600978\&quot;,\&quot;alpha\&quot;:-0.1325531028935924,\&quot;asset_value_percent\&quot;:5.283566614389129,\&quot;m3_r\&quot;:-19.42038640906062,\&quot;var_v\&quot;:-2.9671604547581767,\&quot;parent_id\&quot;:\&quot;\&quot;},{\&quot;m1_r\&quot;:-9.372797744890772,\&quot;total_r\&quot;:0,\&quot;risk_open\&quot;:0,\&quot;clean_value\&quot;:3873000,\&quot;date\&quot;:\&quot;2014-03-18\&quot;,\&quot;beta\&quot;:-0.02924977124892555,\&quot;fluctuate_rate\&quot;:75.29869575615662,\&quot;id\&quot;:\&quot;\&quot;,\&quot;name\&quot;:\&quot;钢铁\&quot;,\&quot;alpha\&quot;:0.0457425631859529,\&quot;asset_value_percent\&quot;:4.166285088882233,\&quot;m3_r\&quot;:-9.372797744890772,\&quot;var_v\&quot;:-7.833281768680578,\&quot;parent_id\&quot;:\&quot;\&quot;},{\&quot;m1_r\&quot;:-20.52001019627835,\&quot;total_r\&quot;:0,\&quot;last\&quot;:true,\&quot;risk_open\&quot;:0,\&quot;clean_value\&quot;:3873000,\&quot;date\&quot;:\&quot;2014-03-18\&quot;,\&quot;beta\&quot;:-0.7020588035844885,\&quot;fluctuate_rate\&quot;:76.49868495591728,\&quot;id\&quot;:\&quot;\&quot;,\&quot;name\&quot;:\&quot;物产中拓-000906\&quot;,\&quot;alpha\&quot;:1.0979220627032296,\&quot;asset_value_percent\&quot;:4.166285088882233,\&quot;m3_r\&quot;:-20.52001019627835,\&quot;var_v\&quot;:-7.833281768680578,\&quot;parent_id\&quot;:\&quot;\&quot;},{\&quot;m1_r\&quot;:-5.902951475737872,\&quot;total_r\&quot;:0,\&quot;risk_open\&quot;:0,\&quot;clean_value\&quot;:2172000,\&quot;date\&quot;:\&quot;2014-03-18\&quot;,\&quot;beta\&quot;:0.04534993141705713,\&quot;fluctuate_rate\&quot;:37.36320503514759,\&quot;id\&quot;:\&quot;\&quot;,\&quot;name\&quot;:\&quot;汽车\&quot;,\&quot;alpha\&quot;:0.03092597164760524,\&quot;asset_value_percent\&quot;:2.336475913517224,\&quot;m3_r\&quot;:-9.990958408679928,\&quot;var_v\&quot;:-3.886873602287672,\&quot;parent_id\&quot;:\&quot;\&quot;},{\&quot;m1_r\&quot;:-23.49514563106796,\&quot;total_r\&quot;:0,\&quot;last\&quot;:true,\&quot;risk_open\&quot;:0,\&quot;clean_value\&quot;:2172000,\&quot;date\&quot;:\&quot;2014-03-18\&quot;,\&quot;beta\&quot;:1.9409543729808632,\&quot;fluctuate_rate\&quot;:73.54172710588351,\&quot;id\&quot;:\&quot;\&quot;,\&quot;name\&quot;:\&quot;星宇股份-601799\&quot;,\&quot;alpha\&quot;:1.3236161121408991,\&quot;asset_value_percent\&quot;:2.336475913517224,\&quot;m3_r\&quot;:-23.49514563106796,\&quot;var_v\&quot;:-6.278419592982737,\&quot;parent_id\&quot;:\&quot;\&quot;},{\&quot;m1_r\&quot;:-7.3002754820936655,\&quot;total_r\&quot;:0,\&quot;risk_open\&quot;:0,\&quot;clean_value\&quot;:92598,\&quot;date\&quot;:\&quot;2014-03-18\&quot;,\&quot;beta\&quot;:4.862654959879331E-4,\&quot;fluctuate_rate\&quot;:0,\&quot;id\&quot;:\&quot;\&quot;,\&quot;name\&quot;:\&quot;农林牧渔\&quot;,\&quot;alpha\&quot;:4.126205834624554E-4,\&quot;asset_value_percent\&quot;:0.0996100352853904,\&quot;m3_r\&quot;:-7.3002754820936655,\&quot;var_v\&quot;:0,\&quot;parent_id\&quot;:\&quot;\&quot;},{\&quot;m1_r\&quot;:-12.307692307692308,\&quot;total_r\&quot;:0,\&quot;last\&quot;:true,\&quot;risk_open\&quot;:0,\&quot;clean_value\&quot;:92598,\&quot;date\&quot;:\&quot;2014-03-18\&quot;,\&quot;beta\&quot;:0.4881691835513812,\&quot;fluctuate_rate\&quot;:42.918600222843786,\&quot;id\&quot;:\&quot;\&quot;,\&quot;name\&quot;:\&quot;民和股份-002234\&quot;,\&quot;alpha\&quot;:0.41423595753205567,\&quot;asset_value_percent\&quot;:0.0996100352853904,\&quot;m3_r\&quot;:-16.534472239170228,\&quot;var_v\&quot;:0,\&quot;parent_id\&quot;:\&quot;\&quot;},{\&quot;m1_r\&quot;:-0.5633111016281056,\&quot;total_r\&quot;:-1.6460442327173364,\&quot;risk_open\&quot;:0,\&quot;clean_value\&quot;:156150.37,\&quot;date\&quot;:\&quot;2014-03-18\&quot;,\&quot;beta\&quot;:0,\&quot;fluctuate_rate\&quot;:5.9459982164662915,\&quot;id\&quot;:\&quot;\&quot;,\&quot;name\&quot;:\&quot;债券类\&quot;,\&quot;alpha\&quot;:0,\&quot;asset_value_percent\&quot;:0.16797494401095883,\&quot;m3_r\&quot;:-1.6460442327173364,\&quot;var_v\&quot;:-0.6185589133772534,\&quot;parent_id\&quot;:\&quot;\&quot;},{\&quot;m1_r\&quot;:0,\&quot;total_r\&quot;:0,\&quot;last\&quot;:true,\&quot;risk_open\&quot;:0,\&quot;clean_value\&quot;:156150.37,\&quot;date\&quot;:\&quot;2014-03-18\&quot;,\&quot;beta\&quot;:0,\&quot;fluctuate_rate\&quot;:null,\&quot;id\&quot;:\&quot;\&quot;,\&quot;name\&quot;:\&quot;深燃转债-113006\&quot;,\&quot;alpha\&quot;:0,\&quot;asset_value_percent\&quot;:0.16797494401095883,\&quot;m3_r\&quot;:0,\&quot;var_v\&quot;:-0.6185589133772534,\&quot;parent_id\&quot;:\&quot;\&quot;},{\&quot;m1_r\&quot;:0,\&quot;total_r\&quot;:0,\&quot;risk_open\&quot;:0,\&quot;clean_value\&quot;:2.4459698650000002E7,\&quot;date\&quot;:\&quot;2014-03-18\&quot;,\&quot;beta\&quot;:0,\&quot;fluctuate_rate\&quot;:0,\&quot;id\&quot;:\&quot;\&quot;,\&quot;name\&quot;:\&quot;其他类\&quot;,\&quot;alpha\&quot;:0,\&quot;asset_value_percent\&quot;:26.311922996139398,\&quot;m3_r\&quot;:0,\&quot;var_v\&quot;:0,\&quot;parent_id\&quot;:\&quot;\&quot;},{\&quot;m1_r\&quot;:0,\&quot;total_r\&quot;:0,\&quot;last\&quot;:true,\&quot;risk_open\&quot;:0,\&quot;clean_value\&quot;:1683069.82,\&quot;date\&quot;:\&quot;2014-03-18\&quot;,\&quot;beta\&quot;:0,\&quot;fluctuate_rate\&quot;:0,\&quot;id\&quot;:\&quot;\&quot;,\&quot;name\&quot;:\&quot;银行存款\&quot;,\&quot;alpha\&quot;:0,\&quot;asset_value_percent\&quot;:1.810521222466745,\&quot;m3_r\&quot;:0,\&quot;var_v\&quot;:0,\&quot;parent_id\&quot;:\&quot;\&quot;},{\&quot;m1_r\&quot;:0,\&quot;total_r\&quot;:0,\&quot;last\&quot;:true,\&quot;risk_open\&quot;:0,\&quot;clean_value\&quot;:5313134.16,\&quot;date\&quot;:\&quot;2014-03-18\&quot;,\&quot;beta\&quot;:0,\&quot;fluctuate_rate\&quot;:0,\&quot;id\&quot;:\&quot;\&quot;,\&quot;name\&quot;:\&quot;存出保证金\&quot;,\&quot;alpha\&quot;:0,\&quot;asset_value_percent\&quot;:5.715474212764995,\&quot;m3_r\&quot;:0,\&quot;var_v\&quot;:0,\&quot;parent_id\&quot;:\&quot;\&quot;},{\&quot;m1_r\&quot;:0,\&quot;total_r\&quot;:0,\&quot;last\&quot;:true,\&quot;risk_open\&quot;:0,\&quot;clean_value\&quot;:1.417945539E7,\&quot;date\&quot;:\&quot;2014-03-18\&quot;,\&quot;beta\&quot;:0,\&quot;fluctuate_rate\&quot;:0,\&quot;id\&quot;:\&quot;\&quot;,\&quot;name\&quot;:\&quot;清算备付金\&quot;,\&quot;alpha\&quot;:0,\&quot;asset_value_percent\&quot;:15.253202571605426,\&quot;m3_r\&quot;:0,\&quot;var_v\&quot;:0,\&quot;parent_id\&quot;:\&quot;\&quot;},{\&quot;m1_r\&quot;:0,\&quot;total_r\&quot;:0,\&quot;last\&quot;:true,\&quot;risk_open\&quot;:0,\&quot;clean_value\&quot;:3284039.280000001,\&quot;date\&quot;:\&quot;2014-03-18\&quot;,\&quot;beta\&quot;:0,\&quot;fluctuate_rate\&quot;:0,\&quot;id\&quot;:\&quot;\&quot;,\&quot;name\&quot;:\&quot;其他资产\&quot;,\&quot;alpha\&quot;:0,\&quot;asset_value_percent\&quot;:3.5327249893022334,\&quot;m3_r\&quot;:0,\&quot;var_v\&quot;:0,\&quot;parent_id\&quot;:\&quot;\&quot;},{\&quot;m1_r\&quot;:0,\&quot;total_r\&quot;:0,\&quot;last\&quot;:true,\&quot;risk_open\&quot;:0,\&quot;clean_value\&quot;:-4048250.4,\&quot;date\&quot;:\&quot;2014-03-18\&quot;,\&quot;beta\&quot;:0,\&quot;fluctuate_rate\&quot;:0,\&quot;id\&quot;:\&quot;\&quot;,\&quot;name\&quot;:\&quot;其他负债\&quot;,\&quot;alpha\&quot;:0,\&quot;asset_value_percent\&quot;:-4.354806423336312,\&quot;m3_r\&quot;:0,\&quot;var_v\&quot;:0,\&quot;parent_id\&quot;:\&quot;\&quot;},{\&quot;m1_r\&quot;:-3.8700096095046765,\&quot;total_r\&quot;:-3.8700096095046765,\&quot;risk_open\&quot;:30.15153854254997,\&quot;clean_value\&quot;:9.293858135E7,\&quot;date\&quot;:\&quot;2014-03-19\&quot;,\&quot;beta\&quot;:0.3733103092035551,\&quot;fluctuate_rate\&quot;:16.566411455019693,\&quot;id\&quot;:\&quot;\&quot;,\&quot;name\&quot;:\&quot;精选1号\&quot;,\&quot;alpha\&quot;:0.20768834698239327,\&quot;asset_value_percent\&quot;:100.33949811968527,\&quot;m3_r\&quot;:-3.8700096095046765,\&quot;first\&quot;:true,\&quot;var_v\&quot;:-1.5741726171778108},{\&quot;m1_r\&quot;:-4.664648631069013,\&quot;total_r\&quot;:0,\&quot;risk_open\&quot;:0,\&quot;clean_value\&quot;:7.193517239E7,\&quot;date\&quot;:\&quot;2014-03-19\&quot;,\&quot;beta\&quot;:0.7419909775015263,\&quot;fluctuate_rate\&quot;:20.674331041913074,\&quot;id\&quot;:\&quot;\&quot;,\&quot;name\&quot;:\&quot;股票类\&quot;,\&quot;alpha\&quot;:0.23475274396091805,\&quot;asset_value_percent\&quot;:77.66353854254997,\&quot;m3_r\&quot;:-4.664648631069013,\&quot;var_v\&quot;:-2.1507392499164677,\&quot;parent_id\&quot;:\&quot;\&quot;},{\&quot;m1_r\&quot;:-7.13812165740787,\&quot;total_r\&quot;:0,\&quot;risk_open\&quot;:0,\&quot;clean_value\&quot;:2.9867088030000005E7,\&quot;date\&quot;:\&quot;2014-03-19\&quot;,\&quot;beta\&quot;:0.36017139520048036,\&quot;fluctuate_rate\&quot;:33.385689274495284,\&quot;id\&quot;:\&quot;\&quot;,\&quot;name\&quot;:\&quot;电子\&quot;,\&quot;alpha\&quot;:-0.019257766129583284,\&quot;asset_value_percent\&quot;:32.245474158258816,\&quot;m3_r\&quot;:-7.13812165740787,\&quot;var_v\&quot;:-3.4730948325536715,\&quot;parent_id\&quot;:\&quot;\&quot;},{\&quot;m1_r\&quot;:-17.649086521889,\&quot;total_r\&quot;:0,\&quot;last\&quot;:true,\&quot;risk_open\&quot;:0,\&quot;clean_value\&quot;:1632624,\&quot;date\&quot;:\&quot;2014-03-19\&quot;,\&quot;beta\&quot;:1.278921041845785,\&quot;fluctuate_rate\&quot;:44.936720130603824,\&quot;id\&quot;:\&quot;\&quot;,\&quot;name\&quot;:\&quot;勤上光电-002638\&quot;,\&quot;alpha\&quot;:-0.05940793332278983,\&quot;asset_value_percent\&quot;:1.7626336705230228,\&quot;m3_r\&quot;:-17.649086521889,\&quot;var_v\&quot;:-4.1170182902256105,\&quot;parent_id\&quot;:\&quot;\&quot;},{\&quot;m1_r\&quot;:-16.000740775035883,\&quot;total_r\&quot;:0,\&quot;last\&quot;:true,\&quot;risk_open\&quot;:0,\&quot;clean_value\&quot;:5897500,\&quot;date\&quot;:\&quot;2014-03-19\&quot;,\&quot;beta\&quot;:0.9871105418615234,\&quot;fluctuate_rate\&quot;:50.79775272176079,\&quot;id\&quot;:\&quot;\&quot;,\&quot;name\&quot;:\&quot;三安光电-600703\&quot;,\&quot;alpha\&quot;:0.06183820494709343,\&quot;asset_value_percent\&quot;:6.367131728989362,\&quot;m3_r\&quot;:-17.234615209160165,\&quot;var_v\&quot;:-5.195667417955696,\&quot;parent_id\&quot;:\&quot;\&quot;},{\&quot;m1_r\&quot;:-19.75953079178886,\&quot;total_r\&quot;:0,\&quot;last\&quot;:true,\&quot;risk_open\&quot;:0,\&quot;clean_value\&quot;:1831821.06,\&quot;date\&quot;:\&quot;2014-03-19\&quot;,\&quot;beta\&quot;:1.2683225692741966,\&quot;fluctuate_rate\&quot;:48.82972644440609,\&quot;id\&quot;:\&quot;\&quot;,\&quot;name\&quot;:\&quot;歌尔声学-002241\&quot;,\&quot;alpha\&quot;:-0.18701961403979403,\&quot;asset_value_percent\&quot;:1.9776932586616236,\&quot;m3_r\&quot;:-23.38793224135517,\&quot;var_v\&quot;:-4.995644509463258,\&quot;parent_id\&quot;:\&quot;\&quot;},{\&quot;m1_r\&quot;:-16.44859813084113,\&quot;total_r\&quot;:0,\&quot;last\&quot;:true,\&quot;risk_open\&quot;:0,\&quot;clean_value\&quot;:2998860,\&quot;date\&quot;:\&quot;2014-03-19\&quot;,\&quot;beta\&quot;:0.1975130821000642,\&quot;fluctuate_rate\&quot;:55.19893832608594,\&quot;id\&quot;:\&quot;\&quot;,\&quot;name\&quot;:\&quot;佛山照明-000541\&quot;,\&quot;alpha\&quot;:0.19568398744342597,\&quot;asset_value_percent\&quot;:3.2376662410847032,\&quot;m3_r\&quot;:-16.44859813084113,\&quot;var_v\&quot;:-5.100149523476594,\&quot;parent_id\&quot;:\&quot;\&quot;},{\&quot;m1_r\&quot;:-28.288605367355913,\&quot;total_r\&quot;:0,\&quot;last\&quot;:true,\&quot;risk_open\&quot;:0,\&quot;clean_value\&quot;:1961400,\&quot;date\&quot;:\&quot;2014-03-19\&quot;,\&quot;beta\&quot;:1.9051691888872204,\&quot;fluctuate_rate\&quot;:57.5340959183834,\&quot;id\&quot;:\&quot;\&quot;,\&quot;name\&quot;:\&quot;安洁科技-002635\&quot;,\&quot;alpha\&quot;:-0.15426044869198433,\&quot;asset_value_percent\&quot;:2.117590872952901,\&quot;m3_r\&quot;:-28.288605367355913,\&quot;var_v\&quot;:-5.266126079458505,\&quot;parent_id\&quot;:\&quot;\&quot;},{\&quot;m1_r\&quot;:-16.469228546662805,\&quot;total_r\&quot;:0,\&quot;last\&quot;:true,\&quot;risk_open\&quot;:0,\&quot;clean_value\&quot;:4670295,\&quot;date\&quot;:\&quot;2014-03-19\&quot;,\&quot;beta\&quot;:1.2216821322356712,\&quot;fluctuate_rate\&quot;:45.00439568828328,\&quot;id\&quot;:\&quot;\&quot;,\&quot;name\&quot;:\&quot;大族激光-002008\&quot;,\&quot;alpha\&quot;:-0.12557922252770273,\&quot;asset_value_percent\&quot;:5.042201522380732,\&quot;m3_r\&quot;:-16.6658659620466,\&quot;var_v\&quot;:-4.603500697952904,\&quot;parent_id\&quot;:\&quot;\&quot;},{\&quot;m1_r\&quot;:-19.683138438325177,\&quot;total_r\&quot;:0,\&quot;last\&quot;:true,\&quot;risk_open\&quot;:0,\&quot;clean_value\&quot;:2630100.6,\&quot;date\&quot;:\&quot;2014-03-19\&quot;,\&quot;beta\&quot;:1.2400588560013355,\&quot;fluctuate_rate\&quot;:57.57496412075058,\&quot;id\&quot;:\&quot;\&quot;,\&quot;name\&quot;:\&quot;阳光照明-600261\&quot;,\&quot;alpha\&quot;:0.07402885317054869,\&quot;asset_value_percent\&quot;:2.8395416669256393,\&quot;m3_r\&quot;:-24.34621944286527,\&quot;var_v\&quot;:-5.074034719557775,\&quot;parent_id\&quot;:\&quot;\&quot;},{\&quot;m1_r\&quot;:-19.337294793030512,\&quot;total_r\&quot;:0,\&quot;last\&quot;:true,\&quot;risk_open\&quot;:0,\&quot;clean_value\&quot;:5290237.37,\&quot;date\&quot;:\&quot;2014-03-19\&quot;,\&quot;beta\&quot;:1.0216426804740424,\&quot;fluctuate_rate\&quot;:48.341139990250966,\&quot;id\&quot;:\&quot;\&quot;,\&quot;name\&quot;:\&quot;德豪润达-002005\&quot;,\&quot;alpha\&quot;:-0.19753890206137625,\&quot;asset_value_percent\&quot;:5.71151135437257,\&quot;m3_r\&quot;:-20.37975941942539,\&quot;var_v\&quot;:-4.944962495383801,\&quot;parent_id\&quot;:\&quot;\&quot;},{\&quot;m1_r\&quot;:-21.704180064308687,\&quot;total_r\&quot;:0,\&quot;last\&quot;:true,\&quot;risk_open\&quot;:0,\&quot;clean_value\&quot;:2954250,\&quot;date\&quot;:\&quot;2014-03-19\&quot;,\&quot;beta\&quot;:1.4984506143148166,\&quot;fluctuate_rate\&quot;:45.87139509184241,\&quot;id\&quot;:\&quot;\&quot;,\&quot;name\&quot;:\&quot;长盈精密-300115\&quot;,\&quot;alpha\&quot;:-0.18830272414049407,\&quot;asset_value_percent\&quot;:3.189503842368261,\&quot;m3_r\&quot;:-25.306748466257666,\&quot;var_v\&quot;:-4.692194649826352,\&quot;parent_id\&quot;:\&quot;\&quot;},{\&quot;m1_r\&quot;:-5.313550703302694,\&quot;total_r\&quot;:0,\&quot;risk_open\&quot;:0,\&quot;clean_value\&quot;:1.03649238E7,\&quot;date\&quot;:\&quot;2014-03-19\&quot;,\&quot;beta\&quot;:0.12171836362924161,\&quot;fluctuate_rate\&quot;:44.782083211767535,\&quot;id\&quot;:\&quot;\&quot;,\&quot;name\&quot;:\&quot;化工\&quot;,\&quot;alpha\&quot;:0.10586556783606993,\&quot;asset_value_percent\&quot;:11.190306942863414,\&quot;m3_r\&quot;:-6.552351476112051,\&quot;var_v\&quot;:-4.658655405164752,\&quot;parent_id\&quot;:\&quot;\&quot;},{\&quot;m1_r\&quot;:-11.965960402917686,\&quot;total_r\&quot;:0,\&quot;last\&quot;:true,\&quot;risk_open\&quot;:0,\&quot;clean_value\&quot;:1.03649238E7,\&quot;date\&quot;:\&quot;2014-03-19\&quot;,\&quot;beta\&quot;:1.087712466250688,\&quot;fluctuate_rate\&quot;:45.48825016023912,\&quot;id\&quot;:\&quot;\&quot;,\&quot;name\&quot;:\&quot;浙江龙盛-600352\&quot;,\&quot;alpha\&quot;:0.9460470421107205,\&quot;asset_value_percent\&quot;:11.190306942863414,\&quot;m3_r\&quot;:-11.965960402917686,\&quot;var_v\&quot;:-4.658655405164752,\&quot;parent_id\&quot;:\&quot;\&quot;},{\&quot;m1_r\&quot;:-5.136173541349454,\&quot;total_r\&quot;:0,\&quot;risk_open\&quot;:0,\&quot;clean_value\&quot;:6982221.41,\&quot;date\&quot;:\&quot;2014-03-19\&quot;,\&quot;beta\&quot;:0.0718713837246722,\&quot;fluctuate_rate\&quot;:25.352182520384407,\&quot;id\&quot;:\&quot;\&quot;,\&quot;name\&quot;:\&quot;食品饮料\&quot;,\&quot;alpha\&quot;:0.03232268872225268,\&quot;asset_value_percent\&quot;:7.538232043821931,\&quot;m3_r\&quot;:-5.136173541349454,\&quot;var_v\&quot;:-2.6373735579205206,\&quot;parent_id\&quot;:\&quot;\&quot;},{\&quot;m1_r\&quot;:-16.823406478578896,\&quot;total_r\&quot;:0,\&quot;last\&quot;:true,\&quot;risk_open\&quot;:0,\&quot;clean_value\&quot;:1985472.54,\&quot;date\&quot;:\&quot;2014-03-19\&quot;,\&quot;beta\&quot;:0.488389981916587,\&quot;fluctuate_rate\&quot;:60.1395276491756,\&quot;id\&quot;:\&quot;\&quot;,\&quot;name\&quot;:\&quot;惠泉啤酒-600573\&quot;,\&quot;alpha\&quot;:0.49022276822173305,\&quot;asset_value_percent\&quot;:2.143580365658516,\&quot;m3_r\&quot;:-16.823406478578896,\&quot;var_v\&quot;:-6.143281582052351,\&quot;parent_id\&quot;:\&quot;\&quot;},{\&quot;m1_r\&quot;:-12.35706381409073,\&quot;total_r\&quot;:0,\&quot;last\&quot;:true,\&quot;risk_open\&quot;:0,\&quot;clean_value\&quot;:2096748.87,\&quot;date\&quot;:\&quot;2014-03-19\&quot;,\&quot;beta\&quot;:1.2612819881761856,\&quot;fluctuate_rate\&quot;:37.320671309272434,\&quot;id\&quot;:\&quot;\&quot;,\&quot;name\&quot;:\&quot;上海梅林-600073\&quot;,\&quot;alpha\&quot;:0.25669614984714206,\&quot;asset_value_percent\&quot;:2.263717890275471,\&quot;m3_r\&quot;:-12.550607287449388,\&quot;var_v\&quot;:-3.8156976526313056,\&quot;parent_id\&quot;:\&quot;\&quot;},{\&quot;m1_r\&quot;:-9.184549356223181,\&quot;total_r\&quot;:0,\&quot;last\&quot;:true,\&quot;risk_open\&quot;:0,\&quot;clean_value\&quot;:2900000,\&quot;date\&quot;:\&quot;2014-03-19\&quot;,\&quot;beta\&quot;:1.0492232725706656,\&quot;fluctuate_rate\&quot;:36.37680229054522,\&quot;id\&quot;:\&quot;\&quot;,\&quot;name\&quot;:\&quot;得利斯-002330\&quot;,\&quot;alpha\&quot;:0.5111412163628495,\&quot;asset_value_percent\&quot;:3.1309337878879435,\&quot;m3_r\&quot;:-9.184549356223181,\&quot;var_v\&quot;:-3.5821840529548004,\&quot;parent_id\&quot;:\&quot;\&quot;},{\&quot;m1_r\&quot;:-4.695616029586047,\&quot;total_r\&quot;:0,\&quot;risk_open\&quot;:0,\&quot;clean_value\&quot;:6912600,\&quot;date\&quot;:\&quot;2014-03-19\&quot;,\&quot;beta\&quot;:0.06194514171299472,\&quot;fluctuate_rate\&quot;:18.84126084658213,\&quot;id\&quot;:\&quot;\&quot;,\&quot;name\&quot;:\&quot;计算机\&quot;,\&quot;alpha\&quot;:0.001391558179865894,\&quot;asset_value_percent\&quot;:7.463066517984207,\&quot;m3_r\&quot;:-4.695616029586047,\&quot;var_v\&quot;:-1.9600459690089618,\&quot;parent_id\&quot;:\&quot;\&quot;},{\&quot;m1_r\&quot;:-13.109812365426022,\&quot;total_r\&quot;:0,\&quot;last\&quot;:true,\&quot;risk_open\&quot;:0,\&quot;clean_value\&quot;:2676600,\&quot;date\&quot;:\&quot;2014-03-19\&quot;,\&quot;beta\&quot;:1.1215839063797153,\&quot;fluctuate_rate\&quot;:57.711873422770154,\&quot;id\&quot;:\&quot;\&quot;,\&quot;name\&quot;:\&quot;神州泰岳-300002\&quot;,\&quot;alpha\&quot;:-0.2620972210328936,\&quot;asset_value_percent\&quot;:2.889743922986507,\&quot;m3_r\&quot;:-21.755027422303463,\&quot;var_v\&quot;:-5.138640892655736,\&quot;parent_id\&quot;:\&quot;\&quot;},{\&quot;m1_r\&quot;:-11.303339293480896,\&quot;total_r\&quot;:0,\&quot;last\&quot;:true,\&quot;risk_open\&quot;:0,\&quot;clean_value\&quot;:4236000,\&quot;date\&quot;:\&quot;2014-03-19\&quot;,\&quot;beta\&quot;:0.6457939129309789,\&quot;fluctuate_rate\&quot;:45.168196087580014,\&quot;id\&quot;:\&quot;\&quot;,\&quot;name\&quot;:\&quot;航天信息-600271\&quot;,\&quot;alpha\&quot;:0.19603901782014924,\&quot;asset_value_percent\&quot;:4.573322594997699,\&quot;m3_r\&quot;:-11.303339293480896,\&quot;var_v\&quot;:-3.078839213461736,\&quot;parent_id\&quot;:\&quot;\&quot;},{\&quot;m1_r\&quot;:-5.411879340284409,\&quot;total_r\&quot;:0,\&quot;risk_open\&quot;:0,\&quot;clean_value\&quot;:6863738,\&quot;date\&quot;:\&quot;2014-03-19\&quot;,\&quot;beta\&quot;:0.09410365326021985,\&quot;fluctuate_rate\&quot;:39.57229051966683,\&quot;id\&quot;:\&quot;\&quot;,\&quot;name\&quot;:\&quot;医药生物\&quot;,\&quot;alpha\&quot;:0.06086491573239658,\&quot;asset_value_percent\&quot;:7.410313522555316,\&quot;m3_r\&quot;:-5.411879340284409,\&quot;var_v\&quot;:-4.116683546239147,\&quot;parent_id\&quot;:\&quot;\&quot;},{\&quot;m1_r\&quot;:-16.22060016220601,\&quot;total_r\&quot;:0,\&quot;last\&quot;:true,\&quot;risk_open\&quot;:0,\&quot;clean_value\&quot;:1826000,\&quot;date\&quot;:\&quot;2014-03-19\&quot;,\&quot;beta\&quot;:1.201051730447929,\&quot;fluctuate_rate\&quot;:76.02525450144185,\&quot;id\&quot;:\&quot;\&quot;,\&quot;name\&quot;:\&quot;运盛实业-600767\&quot;,\&quot;alpha\&quot;:1.1843376510386938,\&quot;asset_value_percent\&quot;:1.9714086540287536,\&quot;m3_r\&quot;:-16.22060016220601,\&quot;var_v\&quot;:-8.048281016104857,\&quot;parent_id\&quot;:\&quot;\&quot;},{\&quot;m1_r\&quot;:-8.999699006722183,\&quot;total_r\&quot;:0,\&quot;last\&quot;:true,\&quot;risk_open\&quot;:0,\&quot;clean_value\&quot;:5037738,\&quot;date\&quot;:\&quot;2014-03-19\&quot;,\&quot;beta\&quot;:1.294856542064987,\&quot;fluctuate_rate\&quot;:49.91975790998846,\&quot;id\&quot;:\&quot;\&quot;,\&quot;name\&quot;:\&quot;中国医药-600056\&quot;,\&quot;alpha\&quot;:0.6897855670173262,\&quot;asset_value_percent\&quot;:5.4389048685265635,\&quot;m3_r\&quot;:-8.999699006722183,\&quot;var_v\&quot;:-5.216627852750009,\&quot;parent_id\&quot;:\&quot;\&quot;},{\&quot;m1_r\&quot;:-5.789473684210522,\&quot;total_r\&quot;:0,\&quot;risk_open\&quot;:0,\&quot;clean_value\&quot;:4902467.15,\&quot;date\&quot;:\&quot;2014-03-19\&quot;,\&quot;beta\&quot;:0.01521571009205197,\&quot;fluctuate_rate\&quot;:25.592666802085645,\&quot;id\&quot;:\&quot;\&quot;,\&quot;name\&quot;:\&quot;轻工制造\&quot;,\&quot;alpha\&quot;:-0.013569198680307475,\&quot;asset_value_percent\&quot;:5.2928620841192116,\&quot;m3_r\&quot;:-5.789473684210522,\&quot;var_v\&quot;:-2.6623910050434416,\&quot;parent_id\&quot;:\&quot;\&quot;},{\&quot;m1_r\&quot;:-15.241765942536778,\&quot;total_r\&quot;:0,\&quot;last\&quot;:true,\&quot;risk_open\&quot;:0,\&quot;clean_value\&quot;:4902467.15,\&quot;date\&quot;:\&quot;2014-03-19\&quot;,\&quot;beta\&quot;:0.287476035653856,\&quot;fluctuate_rate\&quot;:50.39822078689903,\&quot;id\&quot;:\&quot;\&quot;,\&quot;name\&quot;:\&quot;宜华木业-600978\&quot;,\&quot;alpha\&quot;:-0.2563678868758118,\&quot;asset_value_percent\&quot;:5.2928620841192116,\&quot;m3_r\&quot;:-19.42038640906062,\&quot;var_v\&quot;:-2.9076500579977784,\&quot;parent_id\&quot;:\&quot;\&quot;},{\&quot;m1_r\&quot;:-9.372797744890772,\&quot;total_r\&quot;:0,\&quot;risk_open\&quot;:0,\&quot;clean_value\&quot;:3834000,\&quot;date\&quot;:\&quot;2014-03-19\&quot;,\&quot;beta\&quot;:-0.02695607112196601,\&quot;fluctuate_rate\&quot;:75.48019233681087,\&quot;id\&quot;:\&quot;\&quot;,\&quot;name\&quot;:\&quot;钢铁\&quot;,\&quot;alpha\&quot;:0.04325001942539049,\&quot;asset_value_percent\&quot;:4.139310394055991,\&quot;m3_r\&quot;:-9.372797744890772,\&quot;var_v\&quot;:-7.8521627578137885,\&quot;parent_id\&quot;:\&quot;\&quot;},{\&quot;m1_r\&quot;:-20.52001019627835,\&quot;total_r\&quot;:0,\&quot;last\&quot;:true,\&quot;risk_open\&quot;:0,\&quot;clean_value\&quot;:3834000,\&quot;date\&quot;:\&quot;2014-03-19\&quot;,\&quot;beta\&quot;:-0.6512213039320428,\&quot;fluctuate_rate\&quot;:76.68916467511065,\&quot;id\&quot;:\&quot;\&quot;,\&quot;name\&quot;:\&quot;物产中拓-000906\&quot;,\&quot;alpha\&quot;:1.0448605035152012,\&quot;asset_value_percent\&quot;:4.139310394055991,\&quot;m3_r\&quot;:-20.52001019627835,\&quot;var_v\&quot;:-7.8521627578137885,\&quot;parent_id\&quot;:\&quot;\&quot;},{\&quot;m1_r\&quot;:-5.902951475737872,\&quot;total_r\&quot;:0,\&quot;risk_open\&quot;:0,\&quot;clean_value\&quot;:2117000,\&quot;date\&quot;:\&quot;2014-03-19\&quot;,\&quot;beta\&quot;:0.04341510295656488,\&quot;fluctuate_rate\&quot;:38.26155097235081,\&quot;id\&quot;:\&quot;\&quot;,\&quot;name\&quot;:\&quot;汽车\&quot;,\&quot;alpha\&quot;:0.02352036665351758,\&quot;asset_value_percent\&quot;:2.285581665158199,\&quot;m3_r\&quot;:-9.990958408679928,\&quot;var_v\&quot;:-3.9803280344155616,\&quot;parent_id\&quot;:\&quot;\&quot;},{\&quot;m1_r\&quot;:-23.49514563106796,\&quot;total_r\&quot;:0,\&quot;last\&quot;:true,\&quot;risk_open\&quot;:0,\&quot;clean_value\&quot;:2117000,\&quot;date\&quot;:\&quot;2014-03-19\&quot;,\&quot;beta\&quot;:1.8995209673927738,\&quot;fluctuate_rate\&quot;:70.93135654731348,\&quot;id\&quot;:\&quot;\&quot;,\&quot;name\&quot;:\&quot;星宇股份-601799\&quot;,\&quot;alpha\&quot;:1.0290757496030927,\&quot;asset_value_percent\&quot;:2.285581665158199,\&quot;m3_r\&quot;:-23.49514563106796,\&quot;var_v\&quot;:-6.222564824273399,\&quot;parent_id\&quot;:\&quot;\&quot;},{\&quot;m1_r\&quot;:-7.3002754820936655,\&quot;total_r\&quot;:0,\&quot;risk_open\&quot;:0,\&quot;clean_value\&quot;:91134,\&quot;date\&quot;:\&quot;2014-03-19\&quot;,\&quot;beta\&quot;:5.062980472668117E-4,\&quot;fluctuate_rate\&quot;:4.489816871518305,\&quot;id\&quot;:\&quot;\&quot;,\&quot;name\&quot;:\&quot;农林牧渔\&quot;,\&quot;alpha\&quot;:3.645922213156178E-4,\&quot;asset_value_percent\&quot;:0.0983912137328896,\&quot;m3_r\&quot;:-7.3002754820936655,\&quot;var_v\&quot;:-0.46707317160275275,\&quot;parent_id\&quot;:\&quot;\&quot;},{\&quot;m1_r\&quot;:-12.307692307692308,\&quot;total_r\&quot;:0,\&quot;last\&quot;:true,\&quot;risk_open\&quot;:0,\&quot;clean_value\&quot;:91134,\&quot;date\&quot;:\&quot;2014-03-19\&quot;,\&quot;beta\&quot;:0.5145764830600617,\&quot;fluctuate_rate\&quot;:43.281624182773385,\&quot;id\&quot;:\&quot;\&quot;,\&quot;name\&quot;:\&quot;民和股份-002234\&quot;,\&quot;alpha\&quot;:0.37055363734551044,\&quot;asset_value_percent\&quot;:0.0983912137328896,\&quot;m3_r\&quot;:-16.534472239170228,\&quot;var_v\&quot;:-1.5014301822554261,\&quot;parent_id\&quot;:\&quot;\&quot;},{\&quot;m1_r\&quot;:-0.5633111016281056,\&quot;total_r\&quot;:-1.6460442327173364,\&quot;risk_open\&quot;:0,\&quot;clean_value\&quot;:155927.62,\&quot;date\&quot;:\&quot;2014-03-19\&quot;,\&quot;beta\&quot;:0,\&quot;fluctuate_rate\&quot;:5.965789618409539,\&quot;id\&quot;:\&quot;\&quot;,\&quot;name\&quot;:\&quot;债券类\&quot;,\&quot;alpha\&quot;:0,\&quot;asset_value_percent\&quot;:0.16834450135274204,\&quot;m3_r\&quot;:-1.6460442327173364,\&quot;var_v\&quot;:-0.6206178020002477,\&quot;parent_id\&quot;:\&quot;\&quot;},{\&quot;m1_r\&quot;:0,\&quot;total_r\&quot;:0,\&quot;last\&quot;:true,\&quot;risk_open\&quot;:0,\&quot;clean_value\&quot;:155927.62,\&quot;date\&quot;:\&quot;2014-03-19\&quot;,\&quot;beta\&quot;:0,\&quot;fluctuate_rate\&quot;:null,\&quot;id\&quot;:\&quot;\&quot;,\&quot;name\&quot;:\&quot;深燃转债-113006\&quot;,\&quot;alpha\&quot;:0,\&quot;asset_value_percent\&quot;:0.16834450135274204,\&quot;m3_r\&quot;:0,\&quot;var_v\&quot;:-0.6206178020002477,\&quot;parent_id\&quot;:\&quot;\&quot;},{\&quot;m1_r\&quot;:0,\&quot;total_r\&quot;:0,\&quot;risk_open\&quot;:0,\&quot;clean_value\&quot;:2.0847481339999992E7,\&quot;date\&quot;:\&quot;2014-03-19\&quot;,\&quot;beta\&quot;:0,\&quot;fluctuate_rate\&quot;:0,\&quot;id\&quot;:\&quot;\&quot;,\&quot;name\&quot;:\&quot;其他类\&quot;,\&quot;alpha\&quot;:0,\&quot;asset_value_percent\&quot;:22.50761507578255,\&quot;m3_r\&quot;:0,\&quot;var_v\&quot;:0,\&quot;parent_id\&quot;:\&quot;\&quot;},{\&quot;m1_r\&quot;:0,\&quot;total_r\&quot;:0,\&quot;last\&quot;:true,\&quot;risk_open\&quot;:0,\&quot;clean_value\&quot;:1179817.72,\&quot;date\&quot;:\&quot;2014-03-19\&quot;,\&quot;beta\&quot;:0,\&quot;fluctuate_rate\&quot;:0,\&quot;id\&quot;:\&quot;\&quot;,\&quot;name\&quot;:\&quot;银行存款\&quot;,\&quot;alpha\&quot;:0,\&quot;asset_value_percent\&quot;:1.2737693665851437,\&quot;m3_r\&quot;:0,\&quot;var_v\&quot;:0,\&quot;parent_id\&quot;:\&quot;\&quot;},{\&quot;m1_r\&quot;:0,\&quot;total_r\&quot;:0,\&quot;last\&quot;:true,\&quot;risk_open\&quot;:0,\&quot;clean_value\&quot;:5485912.56,\&quot;date\&quot;:\&quot;2014-03-19\&quot;,\&quot;beta\&quot;:0,\&quot;fluctuate_rate\&quot;:0,\&quot;id\&quot;:\&quot;\&quot;,\&quot;name\&quot;:\&quot;存出保证金\&quot;,\&quot;alpha\&quot;:0,\&quot;asset_value_percent\&quot;:5.922768617759601,\&quot;m3_r\&quot;:0,\&quot;var_v\&quot;:0,\&quot;parent_id\&quot;:\&quot;\&quot;},{\&quot;m1_r\&quot;:0,\&quot;total_r\&quot;:0,\&quot;last\&quot;:true,\&quot;risk_open\&quot;:0,\&quot;clean_value\&quot;:1.413224038E7,\&quot;date\&quot;:\&quot;2014-03-19\&quot;,\&quot;beta\&quot;:0,\&quot;fluctuate_rate\&quot;:0,\&quot;id\&quot;:\&quot;\&quot;,\&quot;name\&quot;:\&quot;清算备付金\&quot;,\&quot;alpha\&quot;:0,\&quot;asset_value_percent\&quot;:15.25762376010219,\&quot;m3_r\&quot;:0,\&quot;var_v\&quot;:0,\&quot;parent_id\&quot;:\&quot;\&quot;},{\&quot;m1_r\&quot;:0,\&quot;total_r\&quot;:0,\&quot;last\&quot;:true,\&quot;risk_open\&quot;:0,\&quot;clean_value\&quot;:49510.67999999225,\&quot;date\&quot;:\&quot;2014-03-19\&quot;,\&quot;beta\&quot;:0,\&quot;fluctuate_rate\&quot;:0,\&quot;id\&quot;:\&quot;\&quot;,\&quot;name\&quot;:\&quot;其他资产\&quot;,\&quot;alpha\&quot;:0,\&quot;asset_value_percent\&quot;:0.05345333133561503,\&quot;m3_r\&quot;:0,\&quot;var_v\&quot;:0,\&quot;parent_id\&quot;:\&quot;\&quot;},{\&quot;m1_r\&quot;:0,\&quot;total_r\&quot;:0,\&quot;last\&quot;:true,\&quot;risk_open\&quot;:0,\&quot;clean_value\&quot;:-314457.16,\&quot;date\&quot;:\&quot;2014-03-19\&quot;,\&quot;beta\&quot;:0,\&quot;fluctuate_rate\&quot;:0,\&quot;id\&quot;:\&quot;\&quot;,\&quot;name\&quot;:\&quot;其他负债\&quot;,\&quot;alpha\&quot;:0,\&quot;asset_value_percent\&quot;:-0.3394981196852707,\&quot;m3_r\&quot;:0,\&quot;var_v\&quot;:0,\&quot;parent_id\&quot;:\&quot;\&quot;},{\&quot;m1_r\&quot;:-3.8700096095046765,\&quot;total_r\&quot;:-3.8700096095046765,\&quot;risk_open\&quot;:33.482870279464855,\&quot;clean_value\&quot;:9.528462854000002E7,\&quot;date\&quot;:\&quot;2014-03-20\&quot;,\&quot;beta\&quot;:0.40876117519969873,\&quot;fluctuate_rate\&quot;:17.277862951780264,\&quot;id\&quot;:\&quot;\&quot;,\&quot;name\&quot;:\&quot;精选1号\&quot;,\&quot;alpha\&quot;:0.17990361055544546,\&quot;asset_value_percent\&quot;:104.67941167244024,\&quot;m3_r\&quot;:-3.8700096095046765,\&quot;first\&quot;:true,\&quot;var_v\&quot;:-1.687809420754519},{\&quot;m1_r\&quot;:-4.664648631069013,\&quot;total_r\&quot;:0,\&quot;risk_open\&quot;:0,\&quot;clean_value\&quot;:7.004904154E7,\&quot;date\&quot;:\&quot;2014-03-20\&quot;,\&quot;beta\&quot;:0.7906625634734507,\&quot;fluctuate_rate\&quot;:21.40421662468272,\&quot;id\&quot;:\&quot;\&quot;,\&quot;name\&quot;:\&quot;股票类\&quot;,\&quot;alpha\&quot;:0.2029446041063075,\&quot;asset_value_percent\&quot;:76.95567027946485,\&quot;m3_r\&quot;:-4.664648631069013,\&quot;var_v\&quot;:-2.2266688443313196,\&quot;parent_id\&quot;:\&quot;\&quot;},{\&quot;m1_r\&quot;:-7.13812165740787,\&quot;total_r\&quot;:0,\&quot;risk_open\&quot;:0,\&quot;clean_value\&quot;:2.536522736E7,\&quot;date\&quot;:\&quot;2014-03-20\&quot;,\&quot;beta\&quot;:0.33377022674791756,\&quot;fluctuate_rate\&quot;:37.56825466964286,\&quot;id\&quot;:\&quot;\&quot;,\&quot;name\&quot;:\&quot;电子\&quot;,\&quot;alpha\&quot;:-0.02588031851459764,\&quot;asset_value_percent\&quot;:27.86616390982557,\&quot;m3_r\&quot;:-7.13812165740787,\&quot;var_v\&quot;:-3.9082048026150713,\&quot;parent_id\&quot;:\&quot;\&quot;},{\&quot;m1_r\&quot;:-16.000740775035883,\&quot;total_r\&quot;:0,\&quot;last\&quot;:true,\&quot;risk_open\&quot;:0,\&quot;clean_value\&quot;:6934700,\&quot;date\&quot;:\&quot;2014-03-20\&quot;,\&quot;beta\&quot;:1.0630499993630478,\&quot;fluctuate_rate\&quot;:52.23274626032953,\&quot;id\&quot;:\&quot;\&quot;,\&quot;name\&quot;:\&quot;三安光电-600703\&quot;,\&quot;alpha\&quot;:0.01784984798838048,\&quot;asset_value_percent\&quot;:7.618440951576293,\&quot;m3_r\&quot;:-17.234615209160165,\&quot;var_v\&quot;:-5.3426189702946045,\&quot;parent_id\&quot;:\&quot;\&quot;},{\&quot;m1_r\&quot;:-19.75953079178886,\&quot;total_r\&quot;:0,\&quot;last\&quot;:true,\&quot;risk_open\&quot;:0,\&quot;clean_value\&quot;:1783000.8,\&quot;date\&quot;:\&quot;2014-03-20\&quot;,\&quot;beta\&quot;:1.2739734128877205,\&quot;fluctuate_rate\&quot;:49.045805453176605,\&quot;id\&quot;:\&quot;\&quot;,\&quot;name\&quot;:\&quot;歌尔声学-002241\&quot;,\&quot;alpha\&quot;:-0.18746677360619196,\&quot;asset_value_percent\&quot;:1.9587994161843036,\&quot;m3_r\&quot;:-23.38793224135517,\&quot;var_v\&quot;:-5.01795805052707,\&quot;parent_id\&quot;:\&quot;\&quot;},{\&quot;m1_r\&quot;:-16.469228546662805,\&quot;total_r\&quot;:0,\&quot;last\&quot;:true,\&quot;risk_open\&quot;:0,\&quot;clean_value\&quot;:4571973,\&quot;date\&quot;:\&quot;2014-03-20\&quot;,\&quot;beta\&quot;:1.1920302267744114,\&quot;fluctuate_rate\&quot;:44.66705363408538,\&quot;id\&quot;:\&quot;\&quot;,\&quot;name\&quot;:\&quot;大族激光-002008\&quot;,\&quot;alpha\&quot;:-0.08527970986546991,\&quot;asset_value_percent\&quot;:5.022756043188763,\&quot;m3_r\&quot;:-16.6658659620466,\&quot;var_v\&quot;:-4.5689624331516026,\&quot;parent_id\&quot;:\&quot;\&quot;},{\&quot;m1_r\&quot;:-19.337294793030512,\&quot;total_r\&quot;:0,\&quot;last\&quot;:true,\&quot;risk_open\&quot;:0,\&quot;clean_value\&quot;:5733738.96,\&quot;date\&quot;:\&quot;2014-03-20\&quot;,\&quot;beta\&quot;:1.0527853715114868,\&quot;fluctuate_rate\&quot;:47.683234306782005,\&quot;id\&quot;:\&quot;\&quot;,\&quot;name\&quot;:\&quot;德豪润达-002005\&quot;,\&quot;alpha\&quot;:-0.15857100197181673,\&quot;asset_value_percent\&quot;:6.2990686977825225,\&quot;m3_r\&quot;:-20.37975941942539,\&quot;var_v\&quot;:-4.877570582042848,\&quot;parent_id\&quot;:\&quot;\&quot;},{\&quot;m1_r\&quot;:-21.704180064308687,\&quot;total_r\&quot;:0,\&quot;last\&quot;:true,\&quot;risk_open\&quot;:0,\&quot;clean_value\&quot;:1878765,\&quot;date\&quot;:\&quot;2014-03-20\&quot;,\&quot;beta\&quot;:1.6354880430716667,\&quot;fluctuate_rate\&quot;:47.65509721585353,\&quot;id\&quot;:\&quot;\&quot;,\&quot;name\&quot;:\&quot;长盈精密-300115\&quot;,\&quot;alpha\&quot;:-0.33306500328876243,\&quot;asset_value_percent\&quot;:2.064005683647199,\&quot;m3_r\&quot;:-25.306748466257666,\&quot;var_v\&quot;:-4.876521486581082,\&quot;parent_id\&quot;:\&quot;\&quot;},{\&quot;m1_r\&quot;:-16.44859813084113,\&quot;total_r\&quot;:0,\&quot;last\&quot;:true,\&quot;risk_open\&quot;:0,\&quot;clean_value\&quot;:350803.2,\&quot;date\&quot;:\&quot;2014-03-20\&quot;,\&quot;beta\&quot;:0.2746111623184431,\&quot;fluctuate_rate\&quot;:55.97455221991221,\&quot;id\&quot;:\&quot;\&quot;,\&quot;name\&quot;:\&quot;佛山照明-000541\&quot;,\&quot;alpha\&quot;:0.1428924987437939,\&quot;asset_value_percent\&quot;:0.3853913600911371,\&quot;m3_r\&quot;:-16.44859813084113,\&quot;var_v\&quot;:-5.164710669776959,\&quot;parent_id\&quot;:\&quot;\&quot;},{\&quot;m1_r\&quot;:-28.288605367355913,\&quot;total_r\&quot;:0,\&quot;last\&quot;:true,\&quot;risk_open\&quot;:0,\&quot;clean_value\&quot;:841811.7,\&quot;date\&quot;:\&quot;2014-03-20\&quot;,\&quot;beta\&quot;:1.8851247145512604,\&quot;fluctuate_rate\&quot;:57.54607220110199,\&quot;id\&quot;:\&quot;\&quot;,\&quot;name\&quot;:\&quot;安洁科技-002635\&quot;,\&quot;alpha\&quot;:-0.16158797450418383,\&quot;asset_value_percent\&quot;:0.924811848933055,\&quot;m3_r\&quot;:-28.288605367355913,\&quot;var_v\&quot;:-5.005138243782739,\&quot;parent_id\&quot;:\&quot;\&quot;},{\&quot;m1_r\&quot;:-19.683138438325177,\&quot;total_r\&quot;:0,\&quot;last\&quot;:true,\&quot;risk_open\&quot;:0,\&quot;clean_value\&quot;:3270434.7,\&quot;date\&quot;:\&quot;2014-03-20\&quot;,\&quot;beta\&quot;:1.3746764614789952,\&quot;fluctuate_rate\&quot;:59.9928959076263,\&quot;id\&quot;:\&quot;\&quot;,\&quot;name\&quot;:\&quot;阳光照明-600261\&quot;,\&quot;alpha\&quot;:-0.04113798351792235,\&quot;asset_value_percent\&quot;:3.5928899084223005,\&quot;m3_r\&quot;:-24.34621944286527,\&quot;var_v\&quot;:-5.300403530551675,\&quot;parent_id\&quot;:\&quot;\&quot;},{\&quot;m1_r\&quot;:-5.313550703302694,\&quot;total_r\&quot;:0,\&quot;risk_open\&quot;:0,\&quot;clean_value\&quot;:1.38559849E7,\&quot;date\&quot;:\&quot;2014-03-20\&quot;,\&quot;beta\&quot;:0.1541216428384492,\&quot;fluctuate_rate\&quot;:32.819212860411746,\&quot;id\&quot;:\&quot;\&quot;,\&quot;name\&quot;:\&quot;化工\&quot;,\&quot;alpha\&quot;:0.12694183237944037,\&quot;asset_value_percent\&quot;:15.222144113888522,\&quot;m3_r\&quot;:-6.552351476112051,\&quot;var_v\&quot;:-3.4141646037858595,\&quot;parent_id\&quot;:\&quot;\&quot;},{\&quot;m1_r\&quot;:-16.464891041162222,\&quot;total_r\&quot;:0,\&quot;last\&quot;:true,\&quot;risk_open\&quot;:0,\&quot;clean_value\&quot;:2094561.1,\&quot;date\&quot;:\&quot;2014-03-20\&quot;,\&quot;beta\&quot;:1.1808112632366043,\&quot;fluctuate_rate\&quot;:43.59301672164055,\&quot;id\&quot;:\&quot;\&quot;,\&quot;name\&quot;:\&quot;华峰超纤-300180\&quot;,\&quot;alpha\&quot;:0.3592307354399966,\&quot;asset_value_percent\&quot;:2.301078642164576,\&quot;m3_r\&quot;:-16.464891041162222,\&quot;var_v\&quot;:0,\&quot;parent_id\&quot;:\&quot;\&quot;},{\&quot;m1_r\&quot;:-11.965960402917686,\&quot;total_r\&quot;:0,\&quot;last\&quot;:true,\&quot;risk_open\&quot;:0,\&quot;clean_value\&quot;:1.03649238E7,\&quot;date\&quot;:\&quot;2014-03-20\&quot;,\&quot;beta\&quot;:1.0153495515695898,\&quot;fluctuate_rate\&quot;:44.55277535481897,\&quot;id\&quot;:\&quot;\&quot;,\&quot;name\&quot;:\&quot;浙江龙盛-600352\&quot;,\&quot;alpha\&quot;:1.0308206702193532,\&quot;asset_value_percent\&quot;:11.386874693625934,\&quot;m3_r\&quot;:-11.965960402917686,\&quot;var_v\&quot;:-4.56410622103863,\&quot;parent_id\&quot;:\&quot;\&quot;},{\&quot;m1_r\&quot;:-11.710573800072178,\&quot;total_r\&quot;:0,\&quot;last\&quot;:true,\&quot;risk_open\&quot;:0,\&quot;clean_value\&quot;:1396500,\&quot;date\&quot;:\&quot;2014-03-20\&quot;,\&quot;beta\&quot;:0.7387390198216841,\&quot;fluctuate_rate\&quot;:47.05589358265681,\&quot;id\&quot;:\&quot;\&quot;,\&quot;name\&quot;:\&quot;华峰氨纶-002064\&quot;,\&quot;alpha\&quot;:0.08456527276715406,\&quot;asset_value_percent\&quot;:1.534190778098013,\&quot;m3_r\&quot;:-11.710573800072178,\&quot;var_v\&quot;:0,\&quot;parent_id\&quot;:\&quot;\&quot;},{\&quot;m1_r\&quot;:-5.136173541349454,\&quot;total_r\&quot;:0,\&quot;risk_open\&quot;:0,\&quot;clean_value\&quot;:8678565.26,\&quot;date\&quot;:\&quot;2014-03-20\&quot;,\&quot;beta\&quot;:0.08176957519120989,\&quot;fluctuate_rate\&quot;:21.05716562948834,\&quot;id\&quot;:\&quot;\&quot;,\&quot;name\&quot;:\&quot;食品饮料\&quot;,\&quot;alpha\&quot;:0.029599691183486862,\&quot;asset_value_percent\&quot;:9.534246179028848,\&quot;m3_r\&quot;:-5.136173541349454,\&quot;var_v\&quot;:-2.190565320808652,\&quot;parent_id\&quot;:\&quot;\&quot;},{\&quot;m1_r\&quot;:-12.35706381409073,\&quot;total_r\&quot;:0,\&quot;last\&quot;:true,\&quot;risk_open\&quot;:0,\&quot;clean_value\&quot;:2043247.38,\&quot;date\&quot;:\&quot;2014-03-20\&quot;,\&quot;beta\&quot;:1.3075508419903512,\&quot;fluctuate_rate\&quot;:38.07098656792773,\&quot;id\&quot;:\&quot;\&quot;,\&quot;name\&quot;:\&quot;上海梅林-600073\&quot;,\&quot;alpha\&quot;:0.2070885592686059,\&quot;asset_value_percent\&quot;:2.2447055408298793,\&quot;m3_r\&quot;:-12.550607287449388,\&quot;var_v\&quot;:-3.8922505108819387,\&quot;parent_id\&quot;:\&quot;\&quot;},{\&quot;m1_r\&quot;:-9.184549356223181,\&quot;total_r\&quot;:0,\&quot;last\&quot;:true,\&quot;risk_open\&quot;:0,\&quot;clean_value\&quot;:2915000,\&quot;date\&quot;:\&quot;2014-03-20\&quot;,\&quot;beta\&quot;:0.9810875939069932,\&quot;fluctuate_rate\&quot;:36.040687919427754,\&quot;id\&quot;:\&quot;\&quot;,\&quot;name\&quot;:\&quot;得利斯-002330\&quot;,\&quot;alpha\&quot;:0.576153838736886,\&quot;asset_value_percent\&quot;:3.202410396101474,\&quot;m3_r\&quot;:-9.184549356223181,\&quot;var_v\&quot;:-3.4302980969131416,\&quot;parent_id\&quot;:\&quot;\&quot;},{\&quot;m1_r\&quot;:-7.818430241384555,\&quot;total_r\&quot;:0,\&quot;last\&quot;:true,\&quot;risk_open\&quot;:0,\&quot;clean_value\&quot;:1776582,\&quot;date\&quot;:\&quot;2014-03-20\&quot;,\&quot;beta\&quot;:0.48830953271735345,\&quot;fluctuate_rate\&quot;:28.517571550353264,\&quot;id\&quot;:\&quot;\&quot;,\&quot;name\&quot;:\&quot;青岛啤酒-600600\&quot;,\&quot;alpha\&quot;:-0.16302408354863265,\&quot;asset_value_percent\&quot;:1.9517477414499995,\&quot;m3_r\&quot;:-11.718522826403033,\&quot;var_v\&quot;:-2.390342863659697,\&quot;parent_id\&quot;:\&quot;\&quot;},{\&quot;m1_r\&quot;:-16.823406478578896,\&quot;total_r\&quot;:0,\&quot;last\&quot;:true,\&quot;risk_open\&quot;:0,\&quot;clean_value\&quot;:1943735.88,\&quot;date\&quot;:\&quot;2014-03-20\&quot;,\&quot;beta\&quot;:0.5371350383442526,\&quot;fluctuate_rate\&quot;:60.52240826166335,\&quot;id\&quot;:\&quot;\&quot;,\&quot;name\&quot;:\&quot;惠泉啤酒-600573\&quot;,\&quot;alpha\&quot;:0.4534162500468226,\&quot;asset_value_percent\&quot;:2.1353825006474945,\&quot;m3_r\&quot;:-16.823406478578896,\&quot;var_v\&quot;:-6.182545250649084,\&quot;parent_id\&quot;:\&quot;\&quot;},{\&quot;m1_r\&quot;:-5.411879340284409,\&quot;total_r\&quot;:0,\&quot;risk_open\&quot;:0,\&quot;clean_value\&quot;:6559159,\&quot;date\&quot;:\&quot;2014-03-20\&quot;,\&quot;beta\&quot;:0.0994999251428347,\&quot;fluctuate_rate\&quot;:38.67412811876319,\&quot;id\&quot;:\&quot;\&quot;,\&quot;name\&quot;:\&quot;医药生物\&quot;,\&quot;alpha\&quot;:0.05557807632338965,\&quot;asset_value_percent\&quot;:7.205872717421114,\&quot;m3_r\&quot;:-5.411879340284409,\&quot;var_v\&quot;:-4.023248207291227,\&quot;parent_id\&quot;:\&quot;\&quot;},{\&quot;m1_r\&quot;:-8.999699006722183,\&quot;total_r\&quot;:0,\&quot;last\&quot;:true,\&quot;risk_open\&quot;:0,\&quot;clean_value\&quot;:3867959,\&quot;date\&quot;:\&quot;2014-03-20\&quot;,\&quot;beta\&quot;:1.321855700471882,\&quot;fluctuate_rate\&quot;:50.18613839007857,\&quot;id\&quot;:\&quot;\&quot;,\&quot;name\&quot;:\&quot;中国医药-600056\&quot;,\&quot;alpha\&quot;:0.6522559615909989,\&quot;asset_value_percent\&quot;:4.249328340752748,\&quot;m3_r\&quot;:-8.999699006722183,\&quot;var_v\&quot;:-5.149538833930915,\&quot;parent_id\&quot;:\&quot;\&quot;},{\&quot;m1_r\&quot;:-16.22060016220601,\&quot;total_r\&quot;:0,\&quot;last\&quot;:true,\&quot;risk_open\&quot;:0,\&quot;clean_value\&quot;:2691200,\&quot;date\&quot;:\&quot;2014-03-20\&quot;,\&quot;beta\&quot;:1.4655601512619396,\&quot;fluctuate_rate\&quot;:80.22555726734504,\&quot;id\&quot;:\&quot;\&quot;,\&quot;name\&quot;:\&quot;运盛实业-600767\&quot;,\&quot;alpha\&quot;:0.9423697176042488,\&quot;asset_value_percent\&quot;:2.956544376668366,\&quot;m3_r\&quot;:-16.22060016220601,\&quot;var_v\&quot;:-8.608485250265424,\&quot;parent_id\&quot;:\&quot;\&quot;},{\&quot;m1_r\&quot;:-5.369904232850153,\&quot;total_r\&quot;:0,\&quot;risk_open\&quot;:0,\&quot;clean_value\&quot;:6541400,\&quot;date\&quot;:\&quot;2014-03-20\&quot;,\&quot;beta\&quot;:0.06800991018008784,\&quot;fluctuate_rate\&quot;:23.477500207379727,\&quot;id\&quot;:\&quot;\&quot;,\&quot;name\&quot;:\&quot;计算机\&quot;,\&quot;alpha\&quot;:-0.005360719034085326,\&quot;asset_value_percent\&quot;:7.186362732438484,\&quot;m3_r\&quot;:-5.369904232850153,\&quot;var_v\&quot;:-2.442351391373542,\&quot;parent_id\&quot;:\&quot;\&quot;},{\&quot;m1_r\&quot;:-13.109812365426022,\&quot;total_r\&quot;:0,\&quot;last\&quot;:true,\&quot;risk_open\&quot;:0,\&quot;clean_value\&quot;:2489400,\&quot;date\&quot;:\&quot;2014-03-20\&quot;,\&quot;beta\&quot;:1.2654815075330377,\&quot;fluctuate_rate\&quot;:60.54421125983202,\&quot;id\&quot;:\&quot;\&quot;,\&quot;name\&quot;:\&quot;神州泰岳-300002\&quot;,\&quot;alpha\&quot;:-0.3770340845954566,\&quot;asset_value_percent\&quot;:2.7348474923001747,\&quot;m3_r\&quot;:-21.755027422303463,\&quot;var_v\&quot;:-5.4321637720216875,\&quot;parent_id\&quot;:\&quot;\&quot;},{\&quot;m1_r\&quot;:-11.970231479244198,\&quot;total_r\&quot;:0,\&quot;last\&quot;:true,\&quot;risk_open\&quot;:0,\&quot;clean_value\&quot;:4052000,\&quot;date\&quot;:\&quot;2014-03-20\&quot;,\&quot;beta\&quot;:0.7503270033679666,\&quot;fluctuate_rate\&quot;:46.87234830108459,\&quot;id\&quot;:\&quot;\&quot;,\&quot;name\&quot;:\&quot;航天信息-600271\&quot;,\&quot;alpha\&quot;:0.11121130461268784,\&quot;asset_value_percent\&quot;:4.45151524013831,\&quot;m3_r\&quot;:-11.970231479244198,\&quot;var_v\&quot;:-3.345924252649942,\&quot;parent_id\&quot;:\&quot;\&quot;},{\&quot;m1_r\&quot;:-5.789473684210522,\&quot;total_r\&quot;:0,\&quot;risk_open\&quot;:0,\&quot;clean_value\&quot;:4911630.64,\&quot;date\&quot;:\&quot;2014-03-20\&quot;,\&quot;beta\&quot;:0.014773488814936994,\&quot;fluctuate_rate\&quot;:25.6153673141027,\&quot;id\&quot;:\&quot;\&quot;,\&quot;name\&quot;:\&quot;轻工制造\&quot;,\&quot;alpha\&quot;:-0.013623284002855406,\&quot;asset_value_percent\&quot;:5.395902923961075,\&quot;m3_r\&quot;:-5.789473684210522,\&quot;var_v\&quot;:-2.664752526782128,\&quot;parent_id\&quot;:\&quot;\&quot;},{\&quot;m1_r\&quot;:-15.241765942536778,\&quot;total_r\&quot;:0,\&quot;last\&quot;:true,\&quot;risk_open\&quot;:0,\&quot;clean_value\&quot;:4911630.64,\&quot;date\&quot;:\&quot;2014-03-20\&quot;,\&quot;beta\&quot;:0.2737908561944983,\&quot;fluctuate_rate\&quot;:50.40260920178531,\&quot;id\&quot;:\&quot;\&quot;,\&quot;name\&quot;:\&quot;宜华木业-600978\&quot;,\&quot;alpha\&quot;:-0.25247459405468137,\&quot;asset_value_percent\&quot;:5.395902923961075,\&quot;m3_r\&quot;:-19.42038640906062,\&quot;var_v\&quot;:-2.856006085263922,\&quot;parent_id\&quot;:\&quot;\&quot;},{\&quot;m1_r\&quot;:-9.372797744890772,\&quot;total_r\&quot;:0,\&quot;risk_open\&quot;:0,\&quot;clean_value\&quot;:2047234.38,\&quot;date\&quot;:\&quot;2014-03-20\&quot;,\&quot;beta\&quot;:-0.009680888604174836,\&quot;fluctuate_rate\&quot;:78.05482834837164,\&quot;id\&quot;:\&quot;\&quot;,\&quot;name\&quot;:\&quot;钢铁\&quot;,\&quot;alpha\&quot;:0.019687150975868414,\&quot;asset_value_percent\&quot;:2.2490856472618717,\&quot;m3_r\&quot;:-9.372797744890772,\&quot;var_v\&quot;:-8.120000721377698,\&quot;parent_id\&quot;:\&quot;\&quot;},{\&quot;m1_r\&quot;:-20.52001019627835,\&quot;total_r\&quot;:0,\&quot;last\&quot;:true,\&quot;risk_open\&quot;:0,\&quot;clean_value\&quot;:2047234.38,\&quot;date\&quot;:\&quot;2014-03-20\&quot;,\&quot;beta\&quot;:-0.4304366361485941,\&quot;fluctuate_rate\&quot;:79.31488418502425,\&quot;id\&quot;:\&quot;\&quot;,\&quot;name\&quot;:\&quot;物产中拓-000906\&quot;,\&quot;alpha\&quot;:0.8753402076900162,\&quot;asset_value_percent\&quot;:2.2490856472618717,\&quot;m3_r\&quot;:-20.52001019627835,\&quot;var_v\&quot;:-8.120000721377698,\&quot;parent_id\&quot;:\&quot;\&quot;},{\&quot;m1_r\&quot;:-5.902951475737872,\&quot;total_r\&quot;:0,\&quot;risk_open\&quot;:0,\&quot;clean_value\&quot;:2002000,\&quot;date\&quot;:\&quot;2014-03-20\&quot;,\&quot;beta\&quot;:0.047764916818164506,\&quot;fluctuate_rate\&quot;:41.58527336281463,\&quot;id\&quot;:\&quot;\&quot;,\&quot;name\&quot;:\&quot;汽车\&quot;,\&quot;alpha\&quot;:0.01578075625765135,\&quot;asset_value_percent\&quot;:2.1993912909074274,\&quot;m3_r\&quot;:-9.990958408679928,\&quot;var_v\&quot;:-4.326093040620823,\&quot;parent_id\&quot;:\&quot;\&quot;},{\&quot;m1_r\&quot;:-23.49514563106796,\&quot;total_r\&quot;:0,\&quot;last\&quot;:true,\&quot;risk_open\&quot;:0,\&quot;clean_value\&quot;:2002000,\&quot;date\&quot;:\&quot;2014-03-20\&quot;,\&quot;beta\&quot;:2.1717334707848917,\&quot;fluctuate_rate\&quot;:71.1750644385317,\&quot;id\&quot;:\&quot;\&quot;,\&quot;name\&quot;:\&quot;星宇股份-601799\&quot;,\&quot;alpha\&quot;:0.7175056263472113,\&quot;asset_value_percent\&quot;:2.1993912909074274,\&quot;m3_r\&quot;:-23.49514563106796,\&quot;var_v\&quot;:-6.562102676703684,\&quot;parent_id\&quot;:\&quot;\&quot;},{\&quot;m1_r\&quot;:-7.3002754820936655,\&quot;total_r\&quot;:0,\&quot;risk_open\&quot;:0,\&quot;clean_value\&quot;:87840,\&quot;date\&quot;:\&quot;2014-03-20\&quot;,\&quot;beta\&quot;:6.337663440246706E-4,\&quot;fluctuate_rate\&quot;:11.065415236059,\&quot;id\&quot;:\&quot;\&quot;,\&quot;name\&quot;:\&quot;农林牧渔\&quot;,\&quot;alpha\&quot;:2.2141853800926211E-4,\&quot;asset_value_percent\&quot;:0.09650076473192229,\&quot;m3_r\&quot;:-7.3002754820936655,\&quot;var_v\&quot;:-1.1511290409623622,\&quot;parent_id\&quot;:\&quot;\&quot;},{\&quot;m1_r\&quot;:-12.307692307692308,\&quot;total_r\&quot;:0,\&quot;last\&quot;:true,\&quot;risk_open\&quot;:0,\&quot;clean_value\&quot;:87840,\&quot;date\&quot;:\&quot;2014-03-20\&quot;,\&quot;beta\&quot;:0.6567474835927614,\&quot;fluctuate_rate\&quot;:44.515202479629224,\&quot;id\&quot;:\&quot;\&quot;,\&quot;name\&quot;:\&quot;民和股份-002234\&quot;,\&quot;alpha\&quot;:0.22944744388747546,\&quot;asset_value_percent\&quot;:0.09650076473192229,\&quot;m3_r\&quot;:-16.534472239170228,\&quot;var_v\&quot;:-2.8196405054432208,\&quot;parent_id\&quot;:\&quot;\&quot;},{\&quot;m1_r\&quot;:-0.5633111016281056,\&quot;total_r\&quot;:-1.6460442327173364,\&quot;risk_open\&quot;:0,\&quot;clean_value\&quot;:155431.15999999997,\&quot;date\&quot;:\&quot;2014-03-20\&quot;,\&quot;beta\&quot;:0,\&quot;fluctuate_rate\&quot;:6.060114405293136,\&quot;id\&quot;:\&quot;\&quot;,\&quot;name\&quot;:\&quot;债券类\&quot;,\&quot;alpha\&quot;:0,\&quot;asset_value_percent\&quot;:0.1707562136062132,\&quot;m3_r\&quot;:-1.6460442327173364,\&quot;var_v\&quot;:-0.6304303575300632,\&quot;parent_id\&quot;:\&quot;\&quot;},{\&quot;m1_r\&quot;:0,\&quot;total_r\&quot;:0,\&quot;last\&quot;:true,\&quot;risk_open\&quot;:0,\&quot;clean_value\&quot;:155431.15999999997,\&quot;date\&quot;:\&quot;2014-03-20\&quot;,\&quot;beta\&quot;:0,\&quot;fluctuate_rate\&quot;:null,\&quot;id\&quot;:\&quot;\&quot;,\&quot;name\&quot;:\&quot;深燃转债-113006\&quot;,\&quot;alpha\&quot;:0,\&quot;asset_value_percent\&quot;:0.1707562136062132,\&quot;m3_r\&quot;:0,\&quot;var_v\&quot;:-0.6304303575300632,\&quot;parent_id\&quot;:\&quot;\&quot;},{\&quot;m1_r\&quot;:0,\&quot;total_r\&quot;:0,\&quot;risk_open\&quot;:0,\&quot;clean_value\&quot;:2.5080155840000004E7,\&quot;date\&quot;:\&quot;2014-03-20\&quot;,\&quot;beta\&quot;:0,\&quot;fluctuate_rate\&quot;:0,\&quot;id\&quot;:\&quot;\&quot;,\&quot;name\&quot;:\&quot;其他类\&quot;,\&quot;alpha\&quot;:0,\&quot;asset_value_percent\&quot;:27.55298517936916,\&quot;m3_r\&quot;:0,\&quot;var_v\&quot;:0,\&quot;parent_id\&quot;:\&quot;\&quot;},{\&quot;m1_r\&quot;:0,\&quot;total_r\&quot;:0,\&quot;last\&quot;:true,\&quot;risk_open\&quot;:0,\&quot;clean_value\&quot;:1179817.72,\&quot;date\&quot;:\&quot;2014-03-20\&quot;,\&quot;beta\&quot;:0,\&quot;fluctuate_rate\&quot;:0,\&quot;id\&quot;:\&quot;\&quot;,\&quot;name\&quot;:\&quot;银行存款\&quot;,\&quot;alpha\&quot;:0,\&quot;asset_value_percent\&quot;:1.2961442648482806,\&quot;m3_r\&quot;:0,\&quot;var_v\&quot;:0,\&quot;parent_id\&quot;:\&quot;\&quot;},{\&quot;m1_r\&quot;:0,\&quot;total_r\&quot;:0,\&quot;last\&quot;:true,\&quot;risk_open\&quot;:0,\&quot;clean_value\&quot;:4953544.56,\&quot;date\&quot;:\&quot;2014-03-20\&quot;,\&quot;beta\&quot;:0,\&quot;fluctuate_rate\&quot;:0,\&quot;id\&quot;:\&quot;\&quot;,\&quot;name\&quot;:\&quot;存出保证金\&quot;,\&quot;alpha\&quot;:0,\&quot;asset_value_percent\&quot;:5.441949432760172,\&quot;m3_r\&quot;:0,\&quot;var_v\&quot;:0,\&quot;parent_id\&quot;:\&quot;\&quot;},{\&quot;m1_r\&quot;:0,\&quot;total_r\&quot;:0,\&quot;last\&quot;:true,\&quot;risk_open\&quot;:0,\&quot;clean_value\&quot;:1.53129558E7,\&quot;date\&quot;:\&quot;2014-03-20\&quot;,\&quot;beta\&quot;:0,\&quot;fluctuate_rate\&quot;:0,\&quot;id\&quot;:\&quot;\&quot;,\&quot;name\&quot;:\&quot;清算备付金\&quot;,\&quot;alpha\&quot;:0,\&quot;asset_value_percent\&quot;:16.82276804424095,\&quot;m3_r\&quot;:0,\&quot;var_v\&quot;:0,\&quot;parent_id\&quot;:\&quot;\&quot;},{\&quot;m1_r\&quot;:0,\&quot;total_r\&quot;:0,\&quot;last\&quot;:true,\&quot;risk_open\&quot;:0,\&quot;clean_value\&quot;:3633837.760000005,\&quot;date\&quot;:\&quot;2014-03-20\&quot;,\&quot;beta\&quot;:0,\&quot;fluctuate_rate\&quot;:0,\&quot;id\&quot;:\&quot;\&quot;,\&quot;name\&quot;:\&quot;其他资产\&quot;,\&quot;alpha\&quot;:0,\&quot;asset_value_percent\&quot;:3.992123437519763,\&quot;m3_r\&quot;:0,\&quot;var_v\&quot;:0,\&quot;parent_id\&quot;:\&quot;\&quot;},{\&quot;m1_r\&quot;:0,\&quot;total_r\&quot;:0,\&quot;last\&quot;:true,\&quot;risk_open\&quot;:0,\&quot;clean_value\&quot;:-4259443.15,\&quot;date\&quot;:\&quot;2014-03-20\&quot;,\&quot;beta\&quot;:0,\&quot;fluctuate_rate\&quot;:0,\&quot;id\&quot;:\&quot;\&quot;,\&quot;name\&quot;:\&quot;其他负债\&quot;,\&quot;alpha\&quot;:0,\&quot;asset_value_percent\&quot;:-4.67941167244021,\&quot;m3_r\&quot;:0,\&quot;var_v\&quot;:0,\&quot;parent_id\&quot;:\&quot;\&quot;},{\&quot;m1_r\&quot;:-4.04472787629947,\&quot;total_r\&quot;:-4.04472787629947,\&quot;risk_open\&quot;:-1.3197820926275625,\&quot;clean_value\&quot;:8.987608462E7,\&quot;date\&quot;:\&quot;2014-03-21\&quot;,\&quot;beta\&quot;:0.20021494093778708,\&quot;fluctuate_rate\&quot;:17.22163378156691,\&quot;id\&quot;:\&quot;\&quot;,\&quot;name\&quot;:\&quot;精选1号\&quot;,\&quot;alpha\&quot;:0.014780974568255764,\&quot;asset_value_percent\&quot;:100.38322964001158,\&quot;m3_r\&quot;:-4.04472787629947,\&quot;first\&quot;:true,\&quot;var_v\&quot;:-1.7912824652008597},{\&quot;m1_r\&quot;:-4.664648631069013,\&quot;total_r\&quot;:0,\&quot;risk_open\&quot;:0,\&quot;clean_value\&quot;:6.909726296E7,\&quot;date\&quot;:\&quot;2014-03-21\&quot;,\&quot;beta\&quot;:0.6514606791476325,\&quot;fluctuate_rate\&quot;:21.457209999357218,\&quot;id\&quot;:\&quot;\&quot;,\&quot;name\&quot;:\&quot;股票类\&quot;,\&quot;alpha\&quot;:0.04412498570899502,\&quot;asset_value_percent\&quot;:77.17521790737244,\&quot;m3_r\&quot;:-4.664648631069013,\&quot;var_v\&quot;:-2.232181715856251,\&quot;parent_id\&quot;:\&quot;\&quot;},{\&quot;m1_r\&quot;:-7.13812165740787,\&quot;total_r\&quot;:0,\&quot;risk_open\&quot;:0,\&quot;clean_value\&quot;:2.654955992E7,\&quot;date\&quot;:\&quot;2014-03-21\&quot;,\&quot;beta\&quot;:0.2865206641002604,\&quot;fluctuate_rate\&quot;:35.55782935421285,\&quot;id\&quot;:\&quot;\&quot;,\&quot;name\&quot;:\&quot;电子\&quot;,\&quot;alpha\&quot;:-0.11415151405442284,\&quot;asset_value_percent\&quot;:29.65338979283416,\&quot;m3_r\&quot;:-7.13812165740787,\&quot;var_v\&quot;:-3.6990613664305982,\&quot;parent_id\&quot;:\&quot;\&quot;},{\&quot;m1_r\&quot;:-16.000740775035883,\&quot;total_r\&quot;:0,\&quot;last\&quot;:true,\&quot;risk_open\&quot;:0,\&quot;clean_value\&quot;:7111400,\&quot;date\&quot;:\&quot;2014-03-21\&quot;,\&quot;beta\&quot;:0.9058026635062686,\&quot;fluctuate_rate\&quot;:43.90905612776588,\&quot;id\&quot;:\&quot;\&quot;,\&quot;name\&quot;:\&quot;三安光电-600703\&quot;,\&quot;alpha\&quot;:-0.33970281909890526,\&quot;asset_value_percent\&quot;:7.942772566030573,\&quot;m3_r\&quot;:-17.234615209160165,\&quot;var_v\&quot;:-4.492725789571552,\&quot;parent_id\&quot;:\&quot;\&quot;},{\&quot;m1_r\&quot;:-18.62360218891268,\&quot;total_r\&quot;:0,\&quot;last\&quot;:true,\&quot;risk_open\&quot;:0,\&quot;clean_value\&quot;:1838896.46,\&quot;date\&quot;:\&quot;2014-03-21\&quot;,\&quot;beta\&quot;:1.1587371216918316,\&quot;fluctuate_rate\&quot;:46.90020510883572,\&quot;id\&quot;:\&quot;\&quot;,\&quot;name\&quot;:\&quot;歌尔声学-002241\&quot;,\&quot;alpha\&quot;:-0.4051912445477208,\&quot;asset_value_percent\&quot;:2.0538763610904653,\&quot;m3_r\&quot;:-23.38793224135517,\&quot;var_v\&quot;:-4.799484280676467,\&quot;parent_id\&quot;:\&quot;\&quot;},{\&quot;m1_r\&quot;:-16.21515315403903,\&quot;total_r\&quot;:0,\&quot;last\&quot;:true,\&quot;risk_open\&quot;:0,\&quot;clean_value\&quot;:4552308.6,\&quot;date\&quot;:\&quot;2014-03-21\&quot;,\&quot;beta\&quot;:0.8765272781543703,\&quot;fluctuate_rate\&quot;:42.333356924847045,\&quot;id\&quot;:\&quot;\&quot;,\&quot;name\&quot;:\&quot;大族激光-002008\&quot;,\&quot;alpha\&quot;:-0.39064732252381734,\&quot;asset_value_percent\&quot;:5.08450542230574,\&quot;m3_r\&quot;:-18.131155416766752,\&quot;var_v\&quot;:-4.331582200310105,\&quot;parent_id\&quot;:\&quot;\&quot;},{\&quot;m1_r\&quot;:-19.337294793030512,\&quot;total_r\&quot;:0,\&quot;last\&quot;:true,\&quot;risk_open\&quot;:0,\&quot;clean_value\&quot;:5832963.12,\&quot;date\&quot;:\&quot;2014-03-21\&quot;,\&quot;beta\&quot;:0.9289944045075674,\&quot;fluctuate_rate\&quot;:47.58293379173328,\&quot;id\&quot;:\&quot;\&quot;,\&quot;name\&quot;:\&quot;德豪润达-002005\&quot;,\&quot;alpha\&quot;:-0.28073461767441604,\&quot;asset_value_percent\&quot;:6.514877443007578,\&quot;m3_r\&quot;:-20.37975941942539,\&quot;var_v\&quot;:-4.867365878322796,\&quot;parent_id\&quot;:\&quot;\&quot;},{\&quot;m1_r\&quot;:-19.949822649018078,\&quot;total_r\&quot;:0,\&quot;last\&quot;:true,\&quot;risk_open\&quot;:0,\&quot;clean_value\&quot;:1887291,\&quot;date\&quot;:\&quot;2014-03-21\&quot;,\&quot;beta\&quot;:1.3272578138992568,\&quot;fluctuate_rate\&quot;:47.51673709478427,\&quot;id\&quot;:\&quot;\&quot;,\&quot;name\&quot;:\&quot;长盈精密-300115\&quot;,\&quot;alpha\&quot;:-0.5370249469734854,\&quot;asset_value_percent\&quot;:2.107928562437271,\&quot;m3_r\&quot;:-25.306748466257666,\&quot;var_v\&quot;:-4.862760412272269,\&quot;parent_id\&quot;:\&quot;\&quot;},{\&quot;m1_r\&quot;:-16.44859813084113,\&quot;total_r\&quot;:0,\&quot;last\&quot;:true,\&quot;risk_open\&quot;:0,\&quot;clean_value\&quot;:352630.3,\&quot;date\&quot;:\&quot;2014-03-21\&quot;,\&quot;beta\&quot;:0.19732163182157786,\&quot;fluctuate_rate\&quot;:54.257566620033785,\&quot;id\&quot;:\&quot;\&quot;,\&quot;name\&quot;:\&quot;佛山照明-000541\&quot;,\&quot;alpha\&quot;:-0.030585619379794305,\&quot;asset_value_percent\&quot;:0.3938552567414476,\&quot;m3_r\&quot;:-16.44859813084113,\&quot;var_v\&quot;:-5.05597266313134,\&quot;parent_id\&quot;:\&quot;\&quot;},{\&quot;m1_r\&quot;:-26.29992464204973,\&quot;total_r\&quot;:0,\&quot;last\&quot;:true,\&quot;risk_open\&quot;:0,\&quot;clean_value\&quot;:816310.14,\&quot;date\&quot;:\&quot;2014-03-21\&quot;,\&quot;beta\&quot;:1.2575165109932844,\&quot;fluctuate_rate\&quot;:55.26333705879396,\&quot;id\&quot;:\&quot;\&quot;,\&quot;name\&quot;:\&quot;安洁科技-002635\&quot;,\&quot;alpha\&quot;:-0.6740299669581076,\&quot;asset_value_percent\&quot;:0.911742524026855,\&quot;m3_r\&quot;:-28.288605367355913,\&quot;var_v\&quot;:-4.923058284906295,\&quot;parent_id\&quot;:\&quot;\&quot;},{\&quot;m1_r\&quot;:-19.683138438325177,\&quot;total_r\&quot;:0,\&quot;last\&quot;:true,\&quot;risk_open\&quot;:0,\&quot;clean_value\&quot;:4157760.3,\&quot;date\&quot;:\&quot;2014-03-21\&quot;,\&quot;beta\&quot;:0.9790567213108868,\&quot;fluctuate_rate\&quot;:54.350469412575876,\&quot;id\&quot;:\&quot;\&quot;,\&quot;name\&quot;:\&quot;阳光照明-600261\&quot;,\&quot;alpha\&quot;:-0.4976403652140204,\&quot;asset_value_percent\&quot;:4.643831657194229,\&quot;m3_r\&quot;:-24.34621944286527,\&quot;var_v\&quot;:-5.204958600406037,\&quot;parent_id\&quot;:\&quot;\&quot;},{\&quot;m1_r\&quot;:-5.313550703302694,\&quot;total_r\&quot;:0,\&quot;risk_open\&quot;:0,\&quot;clean_value\&quot;:1.33038408E7,\&quot;date\&quot;:\&quot;2014-03-21\&quot;,\&quot;beta\&quot;:0.11121697583889023,\&quot;fluctuate_rate\&quot;:33.63096426454192,\&quot;id\&quot;:\&quot;\&quot;,\&quot;name\&quot;:\&quot;化工\&quot;,\&quot;alpha\&quot;:0.09641731504336956,\&quot;asset_value_percent\&quot;:14.859153152554805,\&quot;m3_r\&quot;:-6.552351476112051,\&quot;var_v\&quot;:-3.4986106544221873,\&quot;parent_id\&quot;:\&quot;\&quot;},{\&quot;m1_r\&quot;:-15.802318486882239,\&quot;total_r\&quot;:0,\&quot;last\&quot;:true,\&quot;risk_open\&quot;:0,\&quot;clean_value\&quot;:1519917,\&quot;date\&quot;:\&quot;2014-03-21\&quot;,\&quot;beta\&quot;:1.060086668511455,\&quot;fluctuate_rate\&quot;:44.01925477703812,\&quot;id\&quot;:\&quot;\&quot;,\&quot;name\&quot;:\&quot;华峰超纤-300180\&quot;,\&quot;alpha\&quot;:0.27393659419976213,\&quot;asset_value_percent\&quot;:1.6976059636982157,\&quot;m3_r\&quot;:-16.464891041162222,\&quot;var_v\&quot;:-2.4191070555705734,\&quot;parent_id\&quot;:\&quot;\&quot;},{\&quot;m1_r\&quot;:-11.965960402917686,\&quot;total_r\&quot;:0,\&quot;last\&quot;:true,\&quot;risk_open\&quot;:0,\&quot;clean_value\&quot;:1.03649238E7,\&quot;date\&quot;:\&quot;2014-03-21\&quot;,\&quot;beta\&quot;:0.7141585534409244,\&quot;fluctuate_rate\&quot;:43.90358056706522,\&quot;id\&quot;:\&quot;\&quot;,\&quot;name\&quot;:\&quot;浙江龙盛-600352\&quot;,\&quot;alpha\&quot;:0.7912810738385855,\&quot;asset_value_percent\&quot;:11.576656130668695,\&quot;m3_r\&quot;:-11.965960402917686,\&quot;var_v\&quot;:-4.495726177118599,\&quot;parent_id\&quot;:\&quot;\&quot;},{\&quot;m1_r\&quot;:-11.710573800072178,\&quot;total_r\&quot;:0,\&quot;last\&quot;:true,\&quot;risk_open\&quot;:0,\&quot;clean_value\&quot;:1419000,\&quot;date\&quot;:\&quot;2014-03-21\&quot;,\&quot;beta\&quot;:0.6653581216057463,\&quot;fluctuate_rate\&quot;:47.0956434454609,\&quot;id\&quot;:\&quot;\&quot;,\&quot;name\&quot;:\&quot;华峰氨纶-002064\&quot;,\&quot;alpha\&quot;:0.010288539220693907,\&quot;asset_value_percent\&quot;:1.5848910581878932,\&quot;m3_r\&quot;:-11.710573800072178,\&quot;var_v\&quot;:-1.530055730842997,\&quot;parent_id\&quot;:\&quot;\&quot;},{\&quot;m1_r\&quot;:-5.136173541349454,\&quot;total_r\&quot;:0,\&quot;risk_open\&quot;:0,\&quot;clean_value\&quot;:8884213.100000001,\&quot;date\&quot;:\&quot;2014-03-21\&quot;,\&quot;beta\&quot;:0.07934859185575158,\&quot;fluctuate_rate\&quot;:22.016908963060285,\&quot;id\&quot;:\&quot;\&quot;,\&quot;name\&quot;:\&quot;食品饮料\&quot;,\&quot;alpha\&quot;:0.026490924000758385,\&quot;asset_value_percent\&quot;:9.92283995858051,\&quot;m3_r\&quot;:-5.136173541349454,\&quot;var_v\&quot;:-2.29040689020087,\&quot;parent_id\&quot;:\&quot;\&quot;},{\&quot;m1_r\&quot;:-11.672862453531586,\&quot;total_r\&quot;:0,\&quot;last\&quot;:true,\&quot;risk_open\&quot;:0,\&quot;clean_value\&quot;:2099296.56,\&quot;date\&quot;:\&quot;2014-03-21\&quot;,\&quot;beta\&quot;:1.1846339773107135,\&quot;fluctuate_rate\&quot;:38.82760436387934,\&quot;id\&quot;:\&quot;\&quot;,\&quot;name\&quot;:\&quot;上海梅林-600073\&quot;,\&quot;alpha\&quot;:0.13083932786925134,\&quot;asset_value_percent\&quot;:2.3447190602033854,\&quot;m3_r\&quot;:-12.550607287449388,\&quot;var_v\&quot;:-3.96949785280683,\&quot;parent_id\&quot;:\&quot;\&quot;},{\&quot;m1_r\&quot;:-9.184549356223181,\&quot;total_r\&quot;:0,\&quot;last\&quot;:true,\&quot;risk_open\&quot;:0,\&quot;clean_value\&quot;:3005000,\&quot;date\&quot;:\&quot;2014-03-21\&quot;,\&quot;beta\&quot;:0.915991129570967,\&quot;fluctuate_rate\&quot;:36.59609530101033,\&quot;id\&quot;:\&quot;\&quot;,\&quot;name\&quot;:\&quot;得利斯-002330\&quot;,\&quot;alpha\&quot;:0.5119951203358899,\&quot;asset_value_percent\&quot;:3.3563055883401116,\&quot;m3_r\&quot;:-9.184549356223181,\&quot;var_v\&quot;:-3.5032374813700287,\&quot;parent_id\&quot;:\&quot;\&quot;},{\&quot;m1_r\&quot;:-16.823406478578896,\&quot;total_r\&quot;:0,\&quot;last\&quot;:true,\&quot;risk_open\&quot;:0,\&quot;clean_value\&quot;:1985472.54,\&quot;date\&quot;:\&quot;2014-03-21\&quot;,\&quot;beta\&quot;:0.5252160400044729,\&quot;fluctuate_rate\&quot;:60.72318334580773,\&quot;id\&quot;:\&quot;\&quot;,\&quot;name\&quot;:\&quot;惠泉啤酒-600573\&quot;,\&quot;alpha\&quot;:0.4402091641949123,\&quot;asset_value_percent\&quot;:2.2175882134768172,\&quot;m3_r\&quot;:-16.823406478578896,\&quot;var_v\&quot;:-6.203987965368101,\&quot;parent_id\&quot;:\&quot;\&quot;},{\&quot;m1_r\&quot;:-7.818430241384555,\&quot;total_r\&quot;:0,\&quot;last\&quot;:true,\&quot;risk_open\&quot;:0,\&quot;clean_value\&quot;:1794444,\&quot;date\&quot;:\&quot;2014-03-21\&quot;,\&quot;beta\&quot;:0.458114888424627,\&quot;fluctuate_rate\&quot;:28.744928001826658,\&quot;id\&quot;:\&quot;\&quot;,\&quot;name\&quot;:\&quot;青岛啤酒-600600\&quot;,\&quot;alpha\&quot;:-0.17578038136365814,\&quot;asset_value_percent\&quot;:2.0042270965601943,\&quot;m3_r\&quot;:-11.718522826403033,\&quot;var_v\&quot;:-2.3559887979856744,\&quot;parent_id\&quot;:\&quot;\&quot;},{\&quot;m1_r\&quot;:-5.411879340284409,\&quot;total_r\&quot;:0,\&quot;risk_open\&quot;:0,\&quot;clean_value\&quot;:6707753,\&quot;date\&quot;:\&quot;2014-03-21\&quot;,\&quot;beta\&quot;:0.08718586052646887,\&quot;fluctuate_rate\&quot;:39.261439989689435,\&quot;id\&quot;:\&quot;\&quot;,\&quot;name\&quot;:\&quot;医药生物\&quot;,\&quot;alpha\&quot;:0.04407525743481101,\&quot;asset_value_percent\&quot;:7.491936399036655,\&quot;m3_r\&quot;:-5.411879340284409,\&quot;var_v\&quot;:-4.084345937137099,\&quot;parent_id\&quot;:\&quot;\&quot;},{\&quot;m1_r\&quot;:-8.999699006722183,\&quot;total_r\&quot;:0,\&quot;last\&quot;:true,\&quot;risk_open\&quot;:0,\&quot;clean_value\&quot;:4032553,\&quot;date\&quot;:\&quot;2014-03-21\&quot;,\&quot;beta\&quot;:1.266225608359896,\&quot;fluctuate_rate\&quot;:51.38208077159998,\&quot;id\&quot;:\&quot;\&quot;,\&quot;name\&quot;:\&quot;中国医药-600056\&quot;,\&quot;alpha\&quot;:0.6281152570007172,\&quot;asset_value_percent\&quot;:4.503986745150644,\&quot;m3_r\&quot;:-8.999699006722183,\&quot;var_v\&quot;:-5.196691679798963,\&quot;parent_id\&quot;:\&quot;\&quot;},{\&quot;m1_r\&quot;:-16.22060016220601,\&quot;total_r\&quot;:0,\&quot;last\&quot;:true,\&quot;risk_open\&quot;:0,\&quot;clean_value\&quot;:2675200,\&quot;date\&quot;:\&quot;2014-03-21\&quot;,\&quot;beta\&quot;:1.0092280813037575,\&quot;fluctuate_rate\&quot;:78.419768483721,\&quot;id\&quot;:\&quot;\&quot;,\&quot;name\&quot;:\&quot;运盛实业-600767\&quot;,\&quot;alpha\&quot;:0.5282896749849987,\&quot;asset_value_percent\&quot;:2.987949653886012,\&quot;m3_r\&quot;:-16.22060016220601,\&quot;var_v\&quot;:-8.242723855281458,\&quot;parent_id\&quot;:\&quot;\&quot;},{\&quot;m1_r\&quot;:-5.789473684210522,\&quot;total_r\&quot;:0,\&quot;risk_open\&quot;:0,\&quot;clean_value\&quot;:5012429.03,\&quot;date\&quot;:\&quot;2014-03-21\&quot;,\&quot;beta\&quot;:0.01863862713128538,\&quot;fluctuate_rate\&quot;:26.449490818695644,\&quot;id\&quot;:\&quot;\&quot;,\&quot;name\&quot;:\&quot;轻工制造\&quot;,\&quot;alpha\&quot;:-0.01667635777752543,\&quot;asset_value_percent\&quot;:5.5984171595830965,\&quot;m3_r\&quot;:-5.789473684210522,\&quot;var_v\&quot;:-2.7515259346843712,\&quot;parent_id\&quot;:\&quot;\&quot;},{\&quot;m1_r\&quot;:-15.241765942536778,\&quot;total_r\&quot;:0,\&quot;last\&quot;:true,\&quot;risk_open\&quot;:0,\&quot;clean_value\&quot;:5012429.03,\&quot;date\&quot;:\&quot;2014-03-21\&quot;,\&quot;beta\&quot;:0.3329267291091499,\&quot;fluctuate_rate\&quot;:50.08902703459451,\&quot;id\&quot;:\&quot;\&quot;,\&quot;name\&quot;:\&quot;宜华木业-600978\&quot;,\&quot;alpha\&quot;:-0.2978762979278823,\&quot;asset_value_percent\&quot;:5.5984171595830965,\&quot;m3_r\&quot;:-19.42038640906062,\&quot;var_v\&quot;:-2.8978202075961446,\&quot;parent_id\&quot;:\&quot;\&quot;},{\&quot;m1_r\&quot;:-5.369904232850153,\&quot;total_r\&quot;:0,\&quot;risk_open\&quot;:0,\&quot;clean_value\&quot;:4499500,\&quot;date\&quot;:\&quot;2014-03-21\&quot;,\&quot;beta\&quot;:0.039357863141194716,\&quot;fluctuate_rate\&quot;:26.187769022059754,\&quot;id\&quot;:\&quot;\&quot;,\&quot;name\&quot;:\&quot;计算机\&quot;,\&quot;alpha\&quot;:-0.017553522752792393,\&quot;asset_value_percent\&quot;:5.025523126368164,\&quot;m3_r\&quot;:-5.369904232850153,\&quot;var_v\&quot;:-2.724299160601945,\&quot;parent_id\&quot;:\&quot;\&quot;},{\&quot;m1_r\&quot;:-14.895448954489543,\&quot;total_r\&quot;:0,\&quot;last\&quot;:true,\&quot;risk_open\&quot;:0,\&quot;clean_value\&quot;:2443500,\&quot;date\&quot;:\&quot;2014-03-21\&quot;,\&quot;beta\&quot;:0.8926881522132649,\&quot;fluctuate_rate\&quot;:60.398708463287875,\&quot;id\&quot;:\&quot;\&quot;,\&quot;name\&quot;:\&quot;神州泰岳-300002\&quot;,\&quot;alpha\&quot;:-0.6320488805611412,\&quot;asset_value_percent\&quot;:2.7291622978732324,\&quot;m3_r\&quot;:-23.339427178549666,\&quot;var_v\&quot;:-5.3401016057804425,\&quot;parent_id\&quot;:\&quot;\&quot;},{\&quot;m1_r\&quot;:-15.792780167206299,\&quot;total_r\&quot;:0,\&quot;last\&quot;:true,\&quot;risk_open\&quot;:0,\&quot;clean_value\&quot;:2056000,\&quot;date\&quot;:\&quot;2014-03-21\&quot;,\&quot;beta\&quot;:0.6529877390060247,\&quot;fluctuate_rate\&quot;:46.36057171185128,\&quot;id\&quot;:\&quot;\&quot;,\&quot;name\&quot;:\&quot;航天信息-600271\&quot;,\&quot;alpha\&quot;:-0.013233242642754842,\&quot;asset_value_percent\&quot;:2.2963608284949317,\&quot;m3_r\&quot;:-15.792780167206299,\&quot;var_v\&quot;:-3.360185256865975,\&quot;parent_id\&quot;:\&quot;\&quot;},{\&quot;m1_r\&quot;:-5.902951475737872,\&quot;total_r\&quot;:0,\&quot;risk_open\&quot;:0,\&quot;clean_value\&quot;:2060000,\&quot;date\&quot;:\&quot;2014-03-21\&quot;,\&quot;beta\&quot;:0.041058696068800284,\&quot;fluctuate_rate\&quot;:42.318592438303114,\&quot;id\&quot;:\&quot;\&quot;,\&quot;name\&quot;:\&quot;汽车\&quot;,\&quot;alpha\&quot;:0.0072223627735349735,\&quot;asset_value_percent\&quot;:2.3008284565659336,\&quot;m3_r\&quot;:-9.990958408679928,\&quot;var_v\&quot;:-4.402379819388568,\&quot;parent_id\&quot;:\&quot;\&quot;},{\&quot;m1_r\&quot;:-23.376118241929213,\&quot;total_r\&quot;:0,\&quot;last\&quot;:true,\&quot;risk_open\&quot;:0,\&quot;clean_value\&quot;:2060000,\&quot;date\&quot;:\&quot;2014-03-21\&quot;,\&quot;beta\&quot;:1.7845179179538577,\&quot;fluctuate_rate\&quot;:68.21368944110539,\&quot;id\&quot;:\&quot;\&quot;,\&quot;name\&quot;:\&quot;星宇股份-601799\&quot;,\&quot;alpha\&quot;:0.31390270547655696,\&quot;asset_value_percent\&quot;:2.3008284565659336,\&quot;m3_r\&quot;:-23.49514563106796,\&quot;var_v\&quot;:-6.420162033133719,\&quot;parent_id\&quot;:\&quot;\&quot;},{\&quot;m1_r\&quot;:-9.372797744890772,\&quot;total_r\&quot;:0,\&quot;risk_open\&quot;:0,\&quot;clean_value\&quot;:1991029.11,\&quot;date\&quot;:\&quot;2014-03-21\&quot;,\&quot;beta\&quot;:-0.012432318566432163,\&quot;fluctuate_rate\&quot;:78.71082024181509,\&quot;id\&quot;:\&quot;\&quot;,\&quot;name\&quot;:\&quot;钢铁\&quot;,\&quot;alpha\&quot;:0.01815841398878818,\&quot;asset_value_percent\&quot;:2.223794385504439,\&quot;m3_r\&quot;:-9.372797744890772,\&quot;var_v\&quot;:-8.188243196067475,\&quot;parent_id\&quot;:\&quot;\&quot;},{\&quot;m1_r\&quot;:-22.686719347438178,\&quot;total_r\&quot;:0,\&quot;last\&quot;:true,\&quot;risk_open\&quot;:0,\&quot;clean_value\&quot;:1991029.11,\&quot;date\&quot;:\&quot;2014-03-21\&quot;,\&quot;beta\&quot;:-0.5590588162049007,\&quot;fluctuate_rate\&quot;:80.00064655888039,\&quot;id\&quot;:\&quot;\&quot;,\&quot;name\&quot;:\&quot;物产中拓-000906\&quot;,\&quot;alpha\&quot;:0.8165509413618374,\&quot;asset_value_percent\&quot;:2.223794385504439,\&quot;m3_r\&quot;:-22.686719347438178,\&quot;var_v\&quot;:-8.188243196067475,\&quot;parent_id\&quot;:\&quot;\&quot;},{\&quot;m1_r\&quot;:-7.3002754820936655,\&quot;total_r\&quot;:0,\&quot;risk_open\&quot;:0,\&quot;clean_value\&quot;:88938,\&quot;date\&quot;:\&quot;2014-03-21\&quot;,\&quot;beta\&quot;:5.657190514133226E-4,\&quot;fluctuate_rate\&quot;:11.770123640612166,\&quot;id\&quot;:\&quot;\&quot;,\&quot;name\&quot;:\&quot;农林牧渔\&quot;,\&quot;alpha\&quot;:1.4210705247353828E-4,\&quot;asset_value_percent\&quot;:0.09933547634468981,\&quot;m3_r\&quot;:-7.3002754820936655,\&quot;var_v\&quot;:-1.2244394674204584,\&quot;parent_id\&quot;:\&quot;\&quot;},{\&quot;m1_r\&quot;:-11.570782159017456,\&quot;total_r\&quot;:0,\&quot;last\&quot;:true,\&quot;risk_open\&quot;:0,\&quot;clean_value\&quot;:88938,\&quot;date\&quot;:\&quot;2014-03-21\&quot;,\&quot;beta\&quot;:0.5695035371354157,\&quot;fluctuate_rate\&quot;:44.39720987022372,\&quot;id\&quot;:\&quot;\&quot;,\&quot;name\&quot;:\&quot;民和股份-002234\&quot;,\&quot;alpha\&quot;:0.14305770476242843,\&quot;asset_value_percent\&quot;:0.09933547634468981,\&quot;m3_r\&quot;:-16.534472239170228,\&quot;var_v\&quot;:-3.0786700485145255,\&quot;parent_id\&quot;:\&quot;\&quot;},{\&quot;m1_r\&quot;:-0.5633111016281056,\&quot;total_r\&quot;:-1.6460442327173364,\&quot;risk_open\&quot;:0,\&quot;clean_value\&quot;:155916.81,\&quot;date\&quot;:\&quot;2014-03-21\&quot;,\&quot;beta\&quot;:0,\&quot;fluctuate_rate\&quot;:6.099545733099729,\&quot;id\&quot;:\&quot;\&quot;,\&quot;name\&quot;:\&quot;债券类\&quot;,\&quot;alpha\&quot;:0,\&quot;asset_value_percent\&quot;:0.17414457927426402,\&quot;m3_r\&quot;:-1.6460442327173364,\&quot;var_v\&quot;:-0.6345323768030464,\&quot;parent_id\&quot;:\&quot;\&quot;},{\&quot;m1_r\&quot;:0,\&quot;total_r\&quot;:0,\&quot;last\&quot;:true,\&quot;risk_open\&quot;:0,\&quot;clean_value\&quot;:155916.81,\&quot;date\&quot;:\&quot;2014-03-21\&quot;,\&quot;beta\&quot;:0,\&quot;fluctuate_rate\&quot;:null,\&quot;id\&quot;:\&quot;\&quot;,\&quot;name\&quot;:\&quot;深燃转债-113006\&quot;,\&quot;alpha\&quot;:0,\&quot;asset_value_percent\&quot;:0.17414457927426402,\&quot;m3_r\&quot;:0,\&quot;var_v\&quot;:-0.6345323768030464,\&quot;parent_id\&quot;:\&quot;\&quot;},{\&quot;m1_r\&quot;:0,\&quot;total_r\&quot;:0,\&quot;risk_open\&quot;:0,\&quot;clean_value\&quot;:2.062290485000001E7,\&quot;date\&quot;:\&quot;2014-03-21\&quot;,\&quot;beta\&quot;:0,\&quot;fluctuate_rate\&quot;:0,\&quot;id\&quot;:\&quot;\&quot;,\&quot;name\&quot;:\&quot;其他类\&quot;,\&quot;alpha\&quot;:0,\&quot;asset_value_percent\&quot;:23.033867153364866,\&quot;m3_r\&quot;:0,\&quot;var_v\&quot;:0,\&quot;parent_id\&quot;:\&quot;\&quot;},{\&quot;m1_r\&quot;:0,\&quot;total_r\&quot;:0,\&quot;last\&quot;:true,\&quot;risk_open\&quot;:0,\&quot;clean_value\&quot;:856446.89,\&quot;date\&quot;:\&quot;2014-03-21\&quot;,\&quot;beta\&quot;:0,\&quot;fluctuate_rate\&quot;:0,\&quot;id\&quot;:\&quot;\&quot;,\&quot;name\&quot;:\&quot;银行存款\&quot;,\&quot;alpha\&quot;:0,\&quot;asset_value_percent\&quot;:0.9565715417715503,\&quot;m3_r\&quot;:0,\&quot;var_v\&quot;:0,\&quot;parent_id\&quot;:\&quot;\&quot;},{\&quot;m1_r\&quot;:0,\&quot;total_r\&quot;:0,\&quot;last\&quot;:true,\&quot;risk_open\&quot;:0,\&quot;clean_value\&quot;:8638461.36,\&quot;date\&quot;:\&quot;2014-03-21\&quot;,\&quot;beta\&quot;:0,\&quot;fluctuate_rate\&quot;:0,\&quot;id\&quot;:\&quot;\&quot;,\&quot;name\&quot;:\&quot;存出保证金\&quot;,\&quot;alpha\&quot;:0,\&quot;asset_value_percent\&quot;:9.648358115550124,\&quot;m3_r\&quot;:0,\&quot;var_v\&quot;:0,\&quot;parent_id\&quot;:\&quot;\&quot;},{\&quot;m1_r\&quot;:0,\&quot;total_r\&quot;:0,\&quot;last\&quot;:true,\&quot;risk_open\&quot;:0,\&quot;clean_value\&quot;:9393177.11,\&quot;date\&quot;:\&quot;2014-03-21\&quot;,\&quot;beta\&quot;:0,\&quot;fluctuate_rate\&quot;:0,\&quot;id\&quot;:\&quot;\&quot;,\&quot;name\&quot;:\&quot;清算备付金\&quot;,\&quot;alpha\&quot;:0,\&quot;asset_value_percent\&quot;:10.49130543313192,\&quot;m3_r\&quot;:0,\&quot;var_v\&quot;:0,\&quot;parent_id\&quot;:\&quot;\&quot;},{\&quot;m1_r\&quot;:0,\&quot;total_r\&quot;:0,\&quot;last\&quot;:true,\&quot;risk_open\&quot;:0,\&quot;clean_value\&quot;:1734819.49000001,\&quot;date\&quot;:\&quot;2014-03-21\&quot;,\&quot;beta\&quot;:0,\&quot;fluctuate_rate\&quot;:0,\&quot;id\&quot;:\&quot;\&quot;,\&quot;name\&quot;:\&quot;其他资产\&quot;,\&quot;alpha\&quot;:0,\&quot;asset_value_percent\&quot;:1.9376320629112733,\&quot;m3_r\&quot;:0,\&quot;var_v\&quot;:0,\&quot;parent_id\&quot;:\&quot;\&quot;},{\&quot;m1_r\&quot;:0,\&quot;total_r\&quot;:0,\&quot;last\&quot;:true,\&quot;risk_open\&quot;:0,\&quot;clean_value\&quot;:-343116.87,\&quot;date\&quot;:\&quot;2014-03-21\&quot;,\&quot;beta\&quot;:0,\&quot;fluctuate_rate\&quot;:0,\&quot;id\&quot;:\&quot;\&quot;,\&quot;name\&quot;:\&quot;其他负债\&quot;,\&quot;alpha\&quot;:0,\&quot;asset_value_percent\&quot;:-0.3832296400115699,\&quot;m3_r\&quot;:0,\&quot;var_v\&quot;:0,\&quot;parent_id\&quot;:\&quot;\&quot;},{\&quot;m1_r\&quot;:-3.8700096095046765,\&quot;total_r\&quot;:-3.8700096095046765,\&quot;risk_open\&quot;:32.08370848318596,\&quot;clean_value\&quot;:9.700876359999998E7,\&quot;date\&quot;:\&quot;2014-03-18\&quot;,\&quot;beta\&quot;:0.3667182010932133,\&quot;fluctuate_rate\&quot;:16.501945142297338,\&quot;id\&quot;:\&quot;\&quot;,\&quot;name\&quot;:\&quot;汇总\&quot;,\&quot;alpha\&quot;:0.20752940966255579,\&quot;asset_value_percent\&quot;:104.35480642333627,\&quot;m3_r\&quot;:-3.8700096095046765,\&quot;first\&quot;:true,\&quot;var_v\&quot;:-1.5523587229461118},{\&quot;m1_r\&quot;:-4.664648631069013,\&quot;total_r\&quot;:0,\&quot;risk_open\&quot;:0,\&quot;clean_value\&quot;:7.239291458E7,\&quot;date\&quot;:\&quot;2014-03-18\&quot;,\&quot;beta\&quot;:0.7466221462332375,\&quot;fluctuate_rate\&quot;:20.61068453569669,\&quot;id\&quot;:\&quot;\&quot;,\&quot;name\&quot;:\&quot;股票类\&quot;,\&quot;alpha\&quot;:0.24510627206463492,\&quot;asset_value_percent\&quot;:77.87490848318596,\&quot;m3_r\&quot;:-4.664648631069013,\&quot;var_v\&quot;:-2.1441181389957755,\&quot;parent_id\&quot;:\&quot;\&quot;},{\&quot;m1_r\&quot;:-7.13812165740787,\&quot;total_r\&quot;:0,\&quot;risk_open\&quot;:0,\&quot;clean_value\&quot;:3.0530968509999998E7,\&quot;date\&quot;:\&quot;2014-03-18\&quot;,\&quot;beta\&quot;:0.36111136291115603,\&quot;fluctuate_rate\&quot;:32.873843709763385,\&quot;id\&quot;:\&quot;\&quot;,\&quot;name\&quot;:\&quot;电子\&quot;,\&quot;alpha\&quot;:-0.007223269928414407,\&quot;asset_value_percent\&quot;:32.84294315836458,\&quot;m3_r\&quot;:-7.13812165740787,\&quot;var_v\&quot;:-3.419847820897874,\&quot;parent_id\&quot;:\&quot;\&quot;},{\&quot;m1_r\&quot;:-17.649086521889,\&quot;total_r\&quot;:0,\&quot;last\&quot;:true,\&quot;risk_open\&quot;:0,\&quot;clean_value\&quot;:1646184,\&quot;date\&quot;:\&quot;2014-03-18\&quot;,\&quot;beta\&quot;:1.2873926167090513,\&quot;fluctuate_rate\&quot;:44.99845263461974,\&quot;id\&quot;:\&quot;\&quot;,\&quot;name\&quot;:\&quot;勤上光电-002638\&quot;,\&quot;alpha\&quot;:-0.05550604842273661,\&quot;asset_value_percent\&quot;:1.7708422031387838,\&quot;m3_r\&quot;:-17.649086521889,\&quot;var_v\&quot;:-4.119080015606117,\&quot;parent_id\&quot;:\&quot;\&quot;},{\&quot;m1_r\&quot;:-16.000740775035883,\&quot;total_r\&quot;:0,\&quot;last\&quot;:true,\&quot;risk_open\&quot;:0,\&quot;clean_value\&quot;:5927500,\&quot;date\&quot;:\&quot;2014-03-18\&quot;,\&quot;beta\&quot;:0.9830510486061884,\&quot;fluctuate_rate\&quot;:50.78629235453445,\&quot;id\&quot;:\&quot;\&quot;,\&quot;name\&quot;:\&quot;三安光电-600703\&quot;,\&quot;alpha\&quot;:0.030410767848467118,\&quot;asset_value_percent\&quot;:6.376363249251081,\&quot;m3_r\&quot;:-17.234615209160165,\&quot;var_v\&quot;:-5.194474994059902,\&quot;parent_id\&quot;:\&quot;\&quot;},{\&quot;m1_r\&quot;:-16.44859813084113,\&quot;total_r\&quot;:0,\&quot;last\&quot;:true,\&quot;risk_open\&quot;:0,\&quot;clean_value\&quot;:3056240,\&quot;date\&quot;:\&quot;2014-03-18\&quot;,\&quot;beta\&quot;:0.15667575201559647,\&quot;fluctuate_rate\&quot;:54.91489851633643,\&quot;id\&quot;:\&quot;\&quot;,\&quot;name\&quot;:\&quot;佛山照明-000541\&quot;,\&quot;alpha\&quot;:0.2253598352795983,\&quot;asset_value_percent\&quot;:3.28767548155059,\&quot;m3_r\&quot;:-16.44859813084113,\&quot;var_v\&quot;:-5.136059094795764,\&quot;parent_id\&quot;:\&quot;\&quot;},{\&quot;m1_r\&quot;:-19.75953079178886,\&quot;total_r\&quot;:0,\&quot;last\&quot;:true,\&quot;risk_open\&quot;:0,\&quot;clean_value\&quot;:1955640.56,\&quot;date\&quot;:\&quot;2014-03-18\&quot;,\&quot;beta\&quot;:1.1639903570366794,\&quot;fluctuate_rate\&quot;:45.68984217633276,\&quot;id\&quot;:\&quot;\&quot;,\&quot;name\&quot;:\&quot;歌尔声学-002241\&quot;,\&quot;alpha\&quot;:-0.09308750558649206,\&quot;asset_value_percent\&quot;:2.103732534041131,\&quot;m3_r\&quot;:-23.38793224135517,\&quot;var_v\&quot;:-4.673626885890354,\&quot;parent_id\&quot;:\&quot;\&quot;},{\&quot;m1_r\&quot;:-28.288605367355913,\&quot;total_r\&quot;:0,\&quot;last\&quot;:true,\&quot;risk_open\&quot;:0,\&quot;clean_value\&quot;:2078400,\&quot;date\&quot;:\&quot;2014-03-18\&quot;,\&quot;beta\&quot;:1.8309076325381124,\&quot;fluctuate_rate\&quot;:55.42261928791161,\&quot;id\&quot;:\&quot;\&quot;,\&quot;name\&quot;:\&quot;安洁科技-002635\&quot;,\&quot;alpha\&quot;:-0.06371700922329412,\&quot;asset_value_percent\&quot;:2.235788001222007,\&quot;m3_r\&quot;:-28.288605367355913,\&quot;var_v\&quot;:-4.5855829230102385,\&quot;parent_id\&quot;:\&quot;\&quot;},{\&quot;m1_r\&quot;:-16.469228546662805,\&quot;total_r\&quot;:0,\&quot;last\&quot;:true,\&quot;risk_open\&quot;:0,\&quot;clean_value\&quot;:4814500.6,\&quot;date\&quot;:\&quot;2014-03-18\&quot;,\&quot;beta\&quot;:1.2019229143687369,\&quot;fluctuate_rate\&quot;:44.49761383591027,\&quot;id\&quot;:\&quot;\&quot;,\&quot;name\&quot;:\&quot;大族激光-002008\&quot;,\&quot;alpha\&quot;:-0.03287484172202393,\&quot;asset_value_percent\&quot;:5.1790813478426445,\&quot;m3_r\&quot;:-16.6658659620466,\&quot;var_v\&quot;:-4.551201630658422,\&quot;parent_id\&quot;:\&quot;\&quot;},{\&quot;m1_r\&quot;:-19.683138438325177,\&quot;total_r\&quot;:0,\&quot;last\&quot;:true,\&quot;risk_open\&quot;:0,\&quot;clean_value\&quot;:2657916,\&quot;date\&quot;:\&quot;2014-03-18\&quot;,\&quot;beta\&quot;:1.242294721781231,\&quot;fluctuate_rate\&quot;:57.57791776143681,\&quot;id\&quot;:\&quot;\&quot;,\&quot;name\&quot;:\&quot;阳光照明-600261\&quot;,\&quot;alpha\&quot;:0.09078823538154858,\&quot;asset_value_percent\&quot;:2.8591881741031524,\&quot;m3_r\&quot;:-24.34621944286527,\&quot;var_v\&quot;:-5.166841968934775,\&quot;parent_id\&quot;:\&quot;\&quot;},{\&quot;m1_r\&quot;:-19.337294793030512,\&quot;total_r\&quot;:0,\&quot;last\&quot;:true,\&quot;risk_open\&quot;:0,\&quot;clean_value\&quot;:5448518.35,\&quot;date\&quot;:\&quot;2014-03-18\&quot;,\&quot;beta\&quot;:1.0208497010198065,\&quot;fluctuate_rate\&quot;:48.57024600749923,\&quot;id\&quot;:\&quot;\&quot;,\&quot;name\&quot;:\&quot;德豪润达-002005\&quot;,\&quot;alpha\&quot;:-0.046092335662122584,\&quot;asset_value_percent\&quot;:5.86111044619319,\&quot;m3_r\&quot;:-20.37975941942539,\&quot;var_v\&quot;:-4.9675097541703535,\&quot;parent_id\&quot;:\&quot;\&quot;},{\&quot;m1_r\&quot;:-21.704180064308687,\&quot;total_r\&quot;:0,\&quot;last\&quot;:true,\&quot;risk_open\&quot;:0,\&quot;clean_value\&quot;:2946069,\&quot;date\&quot;:\&quot;2014-03-18\&quot;,\&quot;beta\&quot;:1.497433218440995,\&quot;fluctuate_rate\&quot;:46.09393857423387,\&quot;id\&quot;:\&quot;\&quot;,\&quot;name\&quot;:\&quot;长盈精密-300115\&quot;,\&quot;alpha\&quot;:-0.3280781163547086,\&quot;asset_value_percent\&quot;:3.1691617210219967,\&quot;m3_r\&quot;:-25.306748466257666,\&quot;var_v\&quot;:-4.715618327870373,\&quot;parent_id\&quot;:\&quot;\&quot;},{\&quot;m1_r\&quot;:-5.313550703302694,\&quot;total_r\&quot;:0,\&quot;risk_open\&quot;:0,\&quot;clean_value\&quot;:1.02053567E7,\&quot;date\&quot;:\&quot;2014-03-18\&quot;,\&quot;beta\&quot;:0.12032575455252639,\&quot;fluctuate_rate\&quot;:44.777122283918196,\&quot;id\&quot;:\&quot;\&quot;,\&quot;name\&quot;:\&quot;化工\&quot;,\&quot;alpha\&quot;:0.09327372054071699,\&quot;asset_value_percent\&quot;:10.978163037938133,\&quot;m3_r\&quot;:-6.552351476112051,\&quot;var_v\&quot;:-4.6581393225780925,\&quot;parent_id\&quot;:\&quot;\&quot;},{\&quot;m1_r\&quot;:-11.965960402917686,\&quot;total_r\&quot;:0,\&quot;last\&quot;:true,\&quot;risk_open\&quot;:0,\&quot;clean_value\&quot;:1.02053567E7,\&quot;date\&quot;:\&quot;2014-03-18\&quot;,\&quot;beta\&quot;:1.096046343424732,\&quot;fluctuate_rate\&quot;:45.49177848529223,\&quot;id\&quot;:\&quot;\&quot;,\&quot;name\&quot;:\&quot;浙江龙盛-600352\&quot;,\&quot;alpha\&quot;:0.8496295802711564,\&quot;asset_value_percent\&quot;:10.978163037938133,\&quot;m3_r\&quot;:-11.965960402917686,\&quot;var_v\&quot;:-4.6581393225780925,\&quot;parent_id\&quot;:\&quot;\&quot;},{\&quot;m1_r\&quot;:-4.695616029586047,\&quot;total_r\&quot;:0,\&quot;risk_open\&quot;:0,\&quot;clean_value\&quot;:6993300,\&quot;date\&quot;:\&quot;2014-03-18\&quot;,\&quot;beta\&quot;:0.06616345707390606,\&quot;fluctuate_rate\&quot;:19.775481948323574,\&quot;id\&quot;:\&quot;\&quot;,\&quot;name\&quot;:\&quot;计算机\&quot;,\&quot;alpha\&quot;:0.01629673943652076,\&quot;asset_value_percent\&quot;:7.522871549723758,\&quot;m3_r\&quot;:-4.695616029586047,\&quot;var_v\&quot;:-2.0572324747073636,\&quot;parent_id\&quot;:\&quot;\&quot;},{\&quot;m1_r\&quot;:-13.109812365426022,\&quot;total_r\&quot;:0,\&quot;last\&quot;:true,\&quot;risk_open\&quot;:0,\&quot;clean_value\&quot;:2697300,\&quot;date\&quot;:\&quot;2014-03-18\&quot;,\&quot;beta\&quot;:1.1823446544940013,\&quot;fluctuate_rate\&quot;:59.80112555511382,\&quot;id\&quot;:\&quot;\&quot;,\&quot;name\&quot;:\&quot;神州泰岳-300002\&quot;,\&quot;alpha\&quot;:-0.10583633839562148,\&quot;asset_value_percent\&quot;:2.9015545495073707,\&quot;m3_r\&quot;:-21.755027422303463,\&quot;var_v\&quot;:-5.244223411016907,\&quot;parent_id\&quot;:\&quot;\&quot;},{\&quot;m1_r\&quot;:-11.303339293480896,\&quot;total_r\&quot;:0,\&quot;last\&quot;:true,\&quot;risk_open\&quot;:0,\&quot;clean_value\&quot;:4296000,\&quot;date\&quot;:\&quot;2014-03-18\&quot;,\&quot;beta\&quot;:0.6893507188337541,\&quot;fluctuate_rate\&quot;:47.91182740433298,\&quot;id\&quot;:\&quot;\&quot;,\&quot;name\&quot;:\&quot;航天信息-600271\&quot;,\&quot;alpha\&quot;:0.41909348628029763,\&quot;asset_value_percent\&quot;:4.621317000216388,\&quot;m3_r\&quot;:-11.303339293480896,\&quot;var_v\&quot;:-3.162810963501541,\&quot;parent_id\&quot;:\&quot;\&quot;},{\&quot;m1_r\&quot;:-5.411879340284409,\&quot;total_r\&quot;:0,\&quot;risk_open\&quot;:0,\&quot;clean_value\&quot;:6818726,\&quot;date\&quot;:\&quot;2014-03-18\&quot;,\&quot;beta\&quot;:0.09184916632693071,\&quot;fluctuate_rate\&quot;:39.58464057939267,\&quot;id\&quot;:\&quot;\&quot;,\&quot;name\&quot;:\&quot;医药生物\&quot;,\&quot;alpha\&quot;:0.050946517397570126,\&quot;asset_value_percent\&quot;:7.335077836037591,\&quot;m3_r\&quot;:-5.411879340284409,\&quot;var_v\&quot;:-4.117968316137498,\&quot;parent_id\&quot;:\&quot;\&quot;},{\&quot;m1_r\&quot;:-16.22060016220601,\&quot;total_r\&quot;:0,\&quot;last\&quot;:true,\&quot;risk_open\&quot;:0,\&quot;clean_value\&quot;:1808000,\&quot;date\&quot;:\&quot;2014-03-18\&quot;,\&quot;beta\&quot;:1.172648555853117,\&quot;fluctuate_rate\&quot;:76.53964288606561,\&quot;id\&quot;:\&quot;\&quot;,\&quot;name\&quot;:\&quot;运盛实业-600767\&quot;,\&quot;alpha\&quot;:1.0320726894541044,\&quot;asset_value_percent\&quot;:1.9449118101469345,\&quot;m3_r\&quot;:-16.22060016220601,\&quot;var_v\&quot;:-8.474997082407485,\&quot;parent_id\&quot;:\&quot;\&quot;},{\&quot;m1_r\&quot;:-8.999699006722183,\&quot;total_r\&quot;:0,\&quot;last\&quot;:true,\&quot;risk_open\&quot;:0,\&quot;clean_value\&quot;:5010726,\&quot;date\&quot;:\&quot;2014-03-18\&quot;,\&quot;beta\&quot;:1.2808916412035307,\&quot;fluctuate_rate\&quot;:50.21792706590227,\&quot;id\&quot;:\&quot;\&quot;,\&quot;name\&quot;:\&quot;中国医药-600056\&quot;,\&quot;alpha\&quot;:0.5727766755751216,\&quot;asset_value_percent\&quot;:5.390166025890657,\&quot;m3_r\&quot;:-8.999699006722183,\&quot;var_v\&quot;:-5.311987529695158,\&quot;parent_id\&quot;:\&quot;\&quot;},{\&quot;m1_r\&quot;:-5.136173541349454,\&quot;total_r\&quot;:0,\&quot;risk_open\&quot;:0,\&quot;clean_value\&quot;:6795334.73,\&quot;date\&quot;:\&quot;2014-03-18\&quot;,\&quot;beta\&quot;:0.07288680498857111,\&quot;fluctuate_rate\&quot;:24.208211026828995,\&quot;id\&quot;:\&quot;\&quot;,\&quot;name\&quot;:\&quot;食品饮料\&quot;,\&quot;alpha\&quot;:0.021734940692043653,\&quot;asset_value_percent\&quot;:7.309915249047916,\&quot;m3_r\&quot;:-5.136173541349454,\&quot;var_v\&quot;:-2.518366834704797,\&quot;parent_id\&quot;:\&quot;\&quot;},{\&quot;m1_r\&quot;:-16.823406478578896,\&quot;total_r\&quot;:0,\&quot;last\&quot;:true,\&quot;risk_open\&quot;:0,\&quot;clean_value\&quot;:1910942.79,\&quot;date\&quot;:\&quot;2014-03-18\&quot;,\&quot;beta\&quot;:0.5420951943949447,\&quot;fluctuate_rate\&quot;:59.25116676315657,\&quot;id\&quot;:\&quot;\&quot;,\&quot;name\&quot;:\&quot;惠泉啤酒-600573\&quot;,\&quot;alpha\&quot;:0.3484562672509403,\&quot;asset_value_percent\&quot;:2.055650000434808,\&quot;m3_r\&quot;:-16.823406478578896,\&quot;var_v\&quot;:-6.05017438139706,\&quot;parent_id\&quot;:\&quot;\&quot;},{\&quot;m1_r\&quot;:-12.35706381409073,\&quot;total_r\&quot;:0,\&quot;last\&quot;:true,\&quot;risk_open\&quot;:0,\&quot;clean_value\&quot;:2104391.94,\&quot;date\&quot;:\&quot;2014-03-18\&quot;,\&quot;beta\&quot;:1.2490056427650498,\&quot;fluctuate_rate\&quot;:37.42155792693686,\&quot;id\&quot;:\&quot;\&quot;,\&quot;name\&quot;:\&quot;上海梅林-600073\&quot;,\&quot;alpha\&quot;:0.18597387910277768,\&quot;asset_value_percent\&quot;:2.263748195400453,\&quot;m3_r\&quot;:-12.550607287449388,\&quot;var_v\&quot;:-3.8259729237693336,\&quot;parent_id\&quot;:\&quot;\&quot;},{\&quot;m1_r\&quot;:-9.184549356223181,\&quot;total_r\&quot;:0,\&quot;last\&quot;:true,\&quot;risk_open\&quot;:0,\&quot;clean_value\&quot;:2780000,\&quot;date\&quot;:\&quot;2014-03-18\&quot;,\&quot;beta\&quot;:1.1191670814294727,\&quot;fluctuate_rate\&quot;:34.36992108032278,\&quot;id\&quot;:\&quot;\&quot;,\&quot;name\&quot;:\&quot;得利斯-002330\&quot;,\&quot;alpha\&quot;:0.3464925601928143,\&quot;asset_value_percent\&quot;:2.9905170532126535,\&quot;m3_r\&quot;:-9.184549356223181,\&quot;var_v\&quot;:-3.0868681244219016,\&quot;parent_id\&quot;:\&quot;\&quot;},{\&quot;m1_r\&quot;:-5.789473684210522,\&quot;total_r\&quot;:0,\&quot;risk_open\&quot;:0,\&quot;clean_value\&quot;:4911630.64,\&quot;date\&quot;:\&quot;2014-03-18\&quot;,\&quot;beta\&quot;:0.017699174716027617,\&quot;fluctuate_rate\&quot;:25.6039885062723,\&quot;id\&quot;:\&quot;\&quot;,\&quot;name\&quot;:\&quot;轻工制造\&quot;,\&quot;alpha\&quot;:-0.007003531490822719,\&quot;asset_value_percent\&quot;:5.283566614389129,\&quot;m3_r\&quot;:-5.789473684210522,\&quot;var_v\&quot;:-2.6635687956825107,\&quot;parent_id\&quot;:\&quot;\&quot;},{\&quot;m1_r\&quot;:-15.241765942536778,\&quot;total_r\&quot;:0,\&quot;last\&quot;:true,\&quot;risk_open\&quot;:0,\&quot;clean_value\&quot;:4911630.64,\&quot;date\&quot;:\&quot;2014-03-18\&quot;,\&quot;beta\&quot;:0.3349853613622688,\&quot;fluctuate_rate\&quot;:51.69745043557687,\&quot;id\&quot;:\&quot;\&quot;,\&quot;name\&quot;:\&quot;宜华木业-600978\&quot;,\&quot;alpha\&quot;:-0.1325531028935924,\&quot;asset_value_percent\&quot;:5.283566614389129,\&quot;m3_r\&quot;:-19.42038640906062,\&quot;var_v\&quot;:-2.9671604547581767,\&quot;parent_id\&quot;:\&quot;\&quot;},{\&quot;m1_r\&quot;:-9.372797744890772,\&quot;total_r\&quot;:0,\&quot;risk_open\&quot;:0,\&quot;clean_value\&quot;:3873000,\&quot;date\&quot;:\&quot;2014-03-18\&quot;,\&quot;beta\&quot;:-0.02924977124892555,\&quot;fluctuate_rate\&quot;:75.29869575615662,\&quot;id\&quot;:\&quot;\&quot;,\&quot;name\&quot;:\&quot;钢铁\&quot;,\&quot;alpha\&quot;:0.0457425631859529,\&quot;asset_value_percent\&quot;:4.166285088882233,\&quot;m3_r\&quot;:-9.372797744890772,\&quot;var_v\&quot;:-7.833281768680578,\&quot;parent_id\&quot;:\&quot;\&quot;},{\&quot;m1_r\&quot;:-20.52001019627835,\&quot;total_r\&quot;:0,\&quot;last\&quot;:true,\&quot;risk_open\&quot;:0,\&quot;clean_value\&quot;:3873000,\&quot;date\&quot;:\&quot;2014-03-18\&quot;,\&quot;beta\&quot;:-0.7020588035844885,\&quot;fluctuate_rate\&quot;:76.49868495591728,\&quot;id\&quot;:\&quot;\&quot;,\&quot;name\&quot;:\&quot;物产中拓-000906\&quot;,\&quot;alpha\&quot;:1.0979220627032296,\&quot;asset_value_percent\&quot;:4.166285088882233,\&quot;m3_r\&quot;:-20.52001019627835,\&quot;var_v\&quot;:-7.833281768680578,\&quot;parent_id\&quot;:\&quot;\&quot;},{\&quot;m1_r\&quot;:-5.902951475737872,\&quot;total_r\&quot;:0,\&quot;risk_open\&quot;:0,\&quot;clean_value\&quot;:2172000,\&quot;date\&quot;:\&quot;2014-03-18\&quot;,\&quot;beta\&quot;:0.04534993141705713,\&quot;fluctuate_rate\&quot;:37.36320503514759,\&quot;id\&quot;:\&quot;\&quot;,\&quot;name\&quot;:\&quot;汽车\&quot;,\&quot;alpha\&quot;:0.03092597164760524,\&quot;asset_value_percent\&quot;:2.336475913517224,\&quot;m3_r\&quot;:-9.990958408679928,\&quot;var_v\&quot;:-3.886873602287672,\&quot;parent_id\&quot;:\&quot;\&quot;},{\&quot;m1_r\&quot;:-23.49514563106796,\&quot;total_r\&quot;:0,\&quot;last\&quot;:true,\&quot;risk_open\&quot;:0,\&quot;clean_value\&quot;:2172000,\&quot;date\&quot;:\&quot;2014-03-18\&quot;,\&quot;beta\&quot;:1.9409543729808632,\&quot;fluctuate_rate\&quot;:73.54172710588351,\&quot;id\&quot;:\&quot;\&quot;,\&quot;name\&quot;:\&quot;星宇股份-601799\&quot;,\&quot;alpha\&quot;:1.3236161121408991,\&quot;asset_value_percent\&quot;:2.336475913517224,\&quot;m3_r\&quot;:-23.49514563106796,\&quot;var_v\&quot;:-6.278419592982737,\&quot;parent_id\&quot;:\&quot;\&quot;},{\&quot;m1_r\&quot;:-7.3002754820936655,\&quot;total_r\&quot;:0,\&quot;risk_open\&quot;:0,\&quot;clean_value\&quot;:92598,\&quot;date\&quot;:\&quot;2014-03-18\&quot;,\&quot;beta\&quot;:4.862654959879331E-4,\&quot;fluctuate_rate\&quot;:0,\&quot;id\&quot;:\&quot;\&quot;,\&quot;name\&quot;:\&quot;农林牧渔\&quot;,\&quot;alpha\&quot;:4.126205834624554E-4,\&quot;asset_value_percent\&quot;:0.0996100352853904,\&quot;m3_r\&quot;:-7.3002754820936655,\&quot;var_v\&quot;:0,\&quot;parent_id\&quot;:\&quot;\&quot;},{\&quot;m1_r\&quot;:-12.307692307692308,\&quot;total_r\&quot;:0,\&quot;last\&quot;:true,\&quot;risk_open\&quot;:0,\&quot;clean_value\&quot;:92598,\&quot;date\&quot;:\&quot;2014-03-18\&quot;,\&quot;beta\&quot;:0.4881691835513812,\&quot;fluctuate_rate\&quot;:42.918600222843786,\&quot;id\&quot;:\&quot;\&quot;,\&quot;name\&quot;:\&quot;民和股份-002234\&quot;,\&quot;alpha\&quot;:0.41423595753205567,\&quot;asset_value_percent\&quot;:0.0996100352853904,\&quot;m3_r\&quot;:-16.534472239170228,\&quot;var_v\&quot;:0,\&quot;parent_id\&quot;:\&quot;\&quot;},{\&quot;m1_r\&quot;:-0.5633111016281056,\&quot;total_r\&quot;:-1.6460442327173364,\&quot;risk_open\&quot;:0,\&quot;clean_value\&quot;:156150.37,\&quot;date\&quot;:\&quot;2014-03-18\&quot;,\&quot;beta\&quot;:0,\&quot;fluctuate_rate\&quot;:5.9459982164662915,\&quot;id\&quot;:\&quot;\&quot;,\&quot;name\&quot;:\&quot;债券类\&quot;,\&quot;alpha\&quot;:0,\&quot;asset_value_percent\&quot;:0.16797494401095883,\&quot;m3_r\&quot;:-1.6460442327173364,\&quot;var_v\&quot;:-0.6185589133772534,\&quot;parent_id\&quot;:\&quot;\&quot;},{\&quot;m1_r\&quot;:0,\&quot;total_r\&quot;:0,\&quot;last\&quot;:true,\&quot;risk_open\&quot;:0,\&quot;clean_value\&quot;:156150.37,\&quot;date\&quot;:\&quot;2014-03-18\&quot;,\&quot;beta\&quot;:0,\&quot;fluctuate_rate\&quot;:null,\&quot;id\&quot;:\&quot;\&quot;,\&quot;name\&quot;:\&quot;深燃转债-113006\&quot;,\&quot;alpha\&quot;:0,\&quot;asset_value_percent\&quot;:0.16797494401095883,\&quot;m3_r\&quot;:0,\&quot;var_v\&quot;:-0.6185589133772534,\&quot;parent_id\&quot;:\&quot;\&quot;},{\&quot;m1_r\&quot;:0,\&quot;total_r\&quot;:0,\&quot;risk_open\&quot;:0,\&quot;clean_value\&quot;:2.4459698650000002E7,\&quot;date\&quot;:\&quot;2014-03-18\&quot;,\&quot;beta\&quot;:0,\&quot;fluctuate_rate\&quot;:0,\&quot;id\&quot;:\&quot;\&quot;,\&quot;name\&quot;:\&quot;其他类\&quot;,\&quot;alpha\&quot;:0,\&quot;asset_value_percent\&quot;:26.311922996139398,\&quot;m3_r\&quot;:0,\&quot;var_v\&quot;:0,\&quot;parent_id\&quot;:\&quot;\&quot;},{\&quot;m1_r\&quot;:0,\&quot;total_r\&quot;:0,\&quot;last\&quot;:true,\&quot;risk_open\&quot;:0,\&quot;clean_value\&quot;:1683069.82,\&quot;date\&quot;:\&quot;2014-03-18\&quot;,\&quot;beta\&quot;:0,\&quot;fluctuate_rate\&quot;:0,\&quot;id\&quot;:\&quot;\&quot;,\&quot;name\&quot;:\&quot;银行存款\&quot;,\&quot;alpha\&quot;:0,\&quot;asset_value_percent\&quot;:1.810521222466745,\&quot;m3_r\&quot;:0,\&quot;var_v\&quot;:0,\&quot;parent_id\&quot;:\&quot;\&quot;},{\&quot;m1_r\&quot;:0,\&quot;total_r\&quot;:0,\&quot;last\&quot;:true,\&quot;risk_open\&quot;:0,\&quot;clean_value\&quot;:5313134.16,\&quot;date\&quot;:\&quot;2014-03-18\&quot;,\&quot;beta\&quot;:0,\&quot;fluctuate_rate\&quot;:0,\&quot;id\&quot;:\&quot;\&quot;,\&quot;name\&quot;:\&quot;存出保证金\&quot;,\&quot;alpha\&quot;:0,\&quot;asset_value_percent\&quot;:5.715474212764995,\&quot;m3_r\&quot;:0,\&quot;var_v\&quot;:0,\&quot;parent_id\&quot;:\&quot;\&quot;},{\&quot;m1_r\&quot;:0,\&quot;total_r\&quot;:0,\&quot;last\&quot;:true,\&quot;risk_open\&quot;:0,\&quot;clean_value\&quot;:1.417945539E7,\&quot;date\&quot;:\&quot;2014-03-18\&quot;,\&quot;beta\&quot;:0,\&quot;fluctuate_rate\&quot;:0,\&quot;id\&quot;:\&quot;\&quot;,\&quot;name\&quot;:\&quot;清算备付金\&quot;,\&quot;alpha\&quot;:0,\&quot;asset_value_percent\&quot;:15.253202571605426,\&quot;m3_r\&quot;:0,\&quot;var_v\&quot;:0,\&quot;parent_id\&quot;:\&quot;\&quot;},{\&quot;m1_r\&quot;:0,\&quot;total_r\&quot;:0,\&quot;last\&quot;:true,\&quot;risk_open\&quot;:0,\&quot;clean_value\&quot;:3284039.280000001,\&quot;date\&quot;:\&quot;2014-03-18\&quot;,\&quot;beta\&quot;:0,\&quot;fluctuate_rate\&quot;:0,\&quot;id\&quot;:\&quot;\&quot;,\&quot;name\&quot;:\&quot;其他资产\&quot;,\&quot;alpha\&quot;:0,\&quot;asset_value_percent\&quot;:3.5327249893022334,\&quot;m3_r\&quot;:0,\&quot;var_v\&quot;:0,\&quot;parent_id\&quot;:\&quot;\&quot;},{\&quot;m1_r\&quot;:0,\&quot;total_r\&quot;:0,\&quot;last\&quot;:true,\&quot;risk_open\&quot;:0,\&quot;clean_value\&quot;:-4048250.4,\&quot;date\&quot;:\&quot;2014-03-18\&quot;,\&quot;beta\&quot;:0,\&quot;fluctuate_rate\&quot;:0,\&quot;id\&quot;:\&quot;\&quot;,\&quot;name\&quot;:\&quot;其他负债\&quot;,\&quot;alpha\&quot;:0,\&quot;asset_value_percent\&quot;:-4.354806423336312,\&quot;m3_r\&quot;:0,\&quot;var_v\&quot;:0,\&quot;parent_id\&quot;:\&quot;\&quot;},{\&quot;m1_r\&quot;:-3.8700096095046765,\&quot;total_r\&quot;:-3.8700096095046765,\&quot;risk_open\&quot;:30.15153854254997,\&quot;clean_value\&quot;:9.293858135E7,\&quot;date\&quot;:\&quot;2014-03-19\&quot;,\&quot;beta\&quot;:0.3733103092035551,\&quot;fluctuate_rate\&quot;:16.566411455019693,\&quot;id\&quot;:\&quot;\&quot;,\&quot;name\&quot;:\&quot;汇总\&quot;,\&quot;alpha\&quot;:0.20768834698239327,\&quot;asset_value_percent\&quot;:100.33949811968527,\&quot;m3_r\&quot;:-3.8700096095046765,\&quot;first\&quot;:true,\&quot;var_v\&quot;:-1.5741726171778108},{\&quot;m1_r\&quot;:-4.664648631069013,\&quot;total_r\&quot;:0,\&quot;risk_open\&quot;:0,\&quot;clean_value\&quot;:7.193517239E7,\&quot;date\&quot;:\&quot;2014-03-19\&quot;,\&quot;beta\&quot;:0.7419909775015263,\&quot;fluctuate_rate\&quot;:20.674331041913074,\&quot;id\&quot;:\&quot;\&quot;,\&quot;name\&quot;:\&quot;股票类\&quot;,\&quot;alpha\&quot;:0.23475274396091805,\&quot;asset_value_percent\&quot;:77.66353854254997,\&quot;m3_r\&quot;:-4.664648631069013,\&quot;var_v\&quot;:-2.1507392499164677,\&quot;parent_id\&quot;:\&quot;\&quot;},{\&quot;m1_r\&quot;:-7.13812165740787,\&quot;total_r\&quot;:0,\&quot;risk_open\&quot;:0,\&quot;clean_value\&quot;:2.9867088030000005E7,\&quot;date\&quot;:\&quot;2014-03-19\&quot;,\&quot;beta\&quot;:0.36017139520048036,\&quot;fluctuate_rate\&quot;:33.385689274495284,\&quot;id\&quot;:\&quot;\&quot;,\&quot;name\&quot;:\&quot;电子\&quot;,\&quot;alpha\&quot;:-0.019257766129583284,\&quot;asset_value_percent\&quot;:32.245474158258816,\&quot;m3_r\&quot;:-7.13812165740787,\&quot;var_v\&quot;:-3.4730948325536715,\&quot;parent_id\&quot;:\&quot;\&quot;},{\&quot;m1_r\&quot;:-17.649086521889,\&quot;total_r\&quot;:0,\&quot;last\&quot;:true,\&quot;risk_open\&quot;:0,\&quot;clean_value\&quot;:1632624,\&quot;date\&quot;:\&quot;2014-03-19\&quot;,\&quot;beta\&quot;:1.278921041845785,\&quot;fluctuate_rate\&quot;:44.936720130603824,\&quot;id\&quot;:\&quot;\&quot;,\&quot;name\&quot;:\&quot;勤上光电-002638\&quot;,\&quot;alpha\&quot;:-0.05940793332278983,\&quot;asset_value_percent\&quot;:1.7626336705230228,\&quot;m3_r\&quot;:-17.649086521889,\&quot;var_v\&quot;:-4.1170182902256105,\&quot;parent_id\&quot;:\&quot;\&quot;},{\&quot;m1_r\&quot;:-16.000740775035883,\&quot;total_r\&quot;:0,\&quot;last\&quot;:true,\&quot;risk_open\&quot;:0,\&quot;clean_value\&quot;:5897500,\&quot;date\&quot;:\&quot;2014-03-19\&quot;,\&quot;beta\&quot;:0.9871105418615234,\&quot;fluctuate_rate\&quot;:50.79775272176079,\&quot;id\&quot;:\&quot;\&quot;,\&quot;name\&quot;:\&quot;三安光电-600703\&quot;,\&quot;alpha\&quot;:0.06183820494709343,\&quot;asset_value_percent\&quot;:6.367131728989362,\&quot;m3_r\&quot;:-17.234615209160165,\&quot;var_v\&quot;:-5.195667417955696,\&quot;parent_id\&quot;:\&quot;\&quot;},{\&quot;m1_r\&quot;:-19.75953079178886,\&quot;total_r\&quot;:0,\&quot;last\&quot;:true,\&quot;risk_open\&quot;:0,\&quot;clean_value\&quot;:1831821.06,\&quot;date\&quot;:\&quot;2014-03-19\&quot;,\&quot;beta\&quot;:1.2683225692741966,\&quot;fluctuate_rate\&quot;:48.82972644440609,\&quot;id\&quot;:\&quot;\&quot;,\&quot;name\&quot;:\&quot;歌尔声学-002241\&quot;,\&quot;alpha\&quot;:-0.18701961403979403,\&quot;asset_value_percent\&quot;:1.9776932586616236,\&quot;m3_r\&quot;:-23.38793224135517,\&quot;var_v\&quot;:-4.995644509463258,\&quot;parent_id\&quot;:\&quot;\&quot;},{\&quot;m1_r\&quot;:-16.44859813084113,\&quot;total_r\&quot;:0,\&quot;last\&quot;:true,\&quot;risk_open\&quot;:0,\&quot;clean_value\&quot;:2998860,\&quot;date\&quot;:\&quot;2014-03-19\&quot;,\&quot;beta\&quot;:0.1975130821000642,\&quot;fluctuate_rate\&quot;:55.19893832608594,\&quot;id\&quot;:\&quot;\&quot;,\&quot;name\&quot;:\&quot;佛山照明-000541\&quot;,\&quot;alpha\&quot;:0.19568398744342597,\&quot;asset_value_percent\&quot;:3.2376662410847032,\&quot;m3_r\&quot;:-16.44859813084113,\&quot;var_v\&quot;:-5.100149523476594,\&quot;parent_id\&quot;:\&quot;\&quot;},{\&quot;m1_r\&quot;:-28.288605367355913,\&quot;total_r\&quot;:0,\&quot;last\&quot;:true,\&quot;risk_open\&quot;:0,\&quot;clean_value\&quot;:1961400,\&quot;date\&quot;:\&quot;2014-03-19\&quot;,\&quot;beta\&quot;:1.9051691888872204,\&quot;fluctuate_rate\&quot;:57.5340959183834,\&quot;id\&quot;:\&quot;\&quot;,\&quot;name\&quot;:\&quot;安洁科技-002635\&quot;,\&quot;alpha\&quot;:-0.15426044869198433,\&quot;asset_value_percent\&quot;:2.117590872952901,\&quot;m3_r\&quot;:-28.288605367355913,\&quot;var_v\&quot;:-5.266126079458505,\&quot;parent_id\&quot;:\&quot;\&quot;},{\&quot;m1_r\&quot;:-16.469228546662805,\&quot;total_r\&quot;:0,\&quot;last\&quot;:true,\&quot;risk_open\&quot;:0,\&quot;clean_value\&quot;:4670295,\&quot;date\&quot;:\&quot;2014-03-19\&quot;,\&quot;beta\&quot;:1.2216821322356712,\&quot;fluctuate_rate\&quot;:45.00439568828328,\&quot;id\&quot;:\&quot;\&quot;,\&quot;name\&quot;:\&quot;大族激光-002008\&quot;,\&quot;alpha\&quot;:-0.12557922252770273,\&quot;asset_value_percent\&quot;:5.042201522380732,\&quot;m3_r\&quot;:-16.6658659620466,\&quot;var_v\&quot;:-4.603500697952904,\&quot;parent_id\&quot;:\&quot;\&quot;},{\&quot;m1_r\&quot;:-19.683138438325177,\&quot;total_r\&quot;:0,\&quot;last\&quot;:true,\&quot;risk_open\&quot;:0,\&quot;clean_value\&quot;:2630100.6,\&quot;date\&quot;:\&quot;2014-03-19\&quot;,\&quot;beta\&quot;:1.2400588560013355,\&quot;fluctuate_rate\&quot;:57.57496412075058,\&quot;id\&quot;:\&quot;\&quot;,\&quot;name\&quot;:\&quot;阳光照明-600261\&quot;,\&quot;alpha\&quot;:0.07402885317054869,\&quot;asset_value_percent\&quot;:2.8395416669256393,\&quot;m3_r\&quot;:-24.34621944286527,\&quot;var_v\&quot;:-5.074034719557775,\&quot;parent_id\&quot;:\&quot;\&quot;},{\&quot;m1_r\&quot;:-19.337294793030512,\&quot;total_r\&quot;:0,\&quot;last\&quot;:true,\&quot;risk_open\&quot;:0,\&quot;clean_value\&quot;:5290237.37,\&quot;date\&quot;:\&quot;2014-03-19\&quot;,\&quot;beta\&quot;:1.0216426804740424,\&quot;fluctuate_rate\&quot;:48.341139990250966,\&quot;id\&quot;:\&quot;\&quot;,\&quot;name\&quot;:\&quot;德豪润达-002005\&quot;,\&quot;alpha\&quot;:-0.19753890206137625,\&quot;asset_value_percent\&quot;:5.71151135437257,\&quot;m3_r\&quot;:-20.37975941942539,\&quot;var_v\&quot;:-4.944962495383801,\&quot;parent_id\&quot;:\&quot;\&quot;},{\&quot;m1_r\&quot;:-21.704180064308687,\&quot;total_r\&quot;:0,\&quot;last\&quot;:true,\&quot;risk_open\&quot;:0,\&quot;clean_value\&quot;:2954250,\&quot;date\&quot;:\&quot;2014-03-19\&quot;,\&quot;beta\&quot;:1.4984506143148166,\&quot;fluctuate_rate\&quot;:45.87139509184241,\&quot;id\&quot;:\&quot;\&quot;,\&quot;name\&quot;:\&quot;长盈精密-300115\&quot;,\&quot;alpha\&quot;:-0.18830272414049407,\&quot;asset_value_percent\&quot;:3.189503842368261,\&quot;m3_r\&quot;:-25.306748466257666,\&quot;var_v\&quot;:-4.692194649826352,\&quot;parent_id\&quot;:\&quot;\&quot;},{\&quot;m1_r\&quot;:-5.313550703302694,\&quot;total_r\&quot;:0,\&quot;risk_open\&quot;:0,\&quot;clean_value\&quot;:1.03649238E7,\&quot;date\&quot;:\&quot;2014-03-19\&quot;,\&quot;beta\&quot;:0.12171836362924161,\&quot;fluctuate_rate\&quot;:44.782083211767535,\&quot;id\&quot;:\&quot;\&quot;,\&quot;name\&quot;:\&quot;化工\&quot;,\&quot;alpha\&quot;:0.10586556783606993,\&quot;asset_value_percent\&quot;:11.190306942863414,\&quot;m3_r\&quot;:-6.552351476112051,\&quot;var_v\&quot;:-4.658655405164752,\&quot;parent_id\&quot;:\&quot;\&quot;},{\&quot;m1_r\&quot;:-11.965960402917686,\&quot;total_r\&quot;:0,\&quot;last\&quot;:true,\&quot;risk_open\&quot;:0,\&quot;clean_value\&quot;:1.03649238E7,\&quot;date\&quot;:\&quot;2014-03-19\&quot;,\&quot;beta\&quot;:1.087712466250688,\&quot;fluctuate_rate\&quot;:45.48825016023912,\&quot;id\&quot;:\&quot;\&quot;,\&quot;name\&quot;:\&quot;浙江龙盛-600352\&quot;,\&quot;alpha\&quot;:0.9460470421107205,\&quot;asset_value_percent\&quot;:11.190306942863414,\&quot;m3_r\&quot;:-11.965960402917686,\&quot;var_v\&quot;:-4.658655405164752,\&quot;parent_id\&quot;:\&quot;\&quot;},{\&quot;m1_r\&quot;:-5.136173541349454,\&quot;total_r\&quot;:0,\&quot;risk_open\&quot;:0,\&quot;clean_value\&quot;:6982221.41,\&quot;date\&quot;:\&quot;2014-03-19\&quot;,\&quot;beta\&quot;:0.0718713837246722,\&quot;fluctuate_rate\&quot;:25.352182520384407,\&quot;id\&quot;:\&quot;\&quot;,\&quot;name\&quot;:\&quot;食品饮料\&quot;,\&quot;alpha\&quot;:0.03232268872225268,\&quot;asset_value_percent\&quot;:7.538232043821931,\&quot;m3_r\&quot;:-5.136173541349454,\&quot;var_v\&quot;:-2.6373735579205206,\&quot;parent_id\&quot;:\&quot;\&quot;},{\&quot;m1_r\&quot;:-16.823406478578896,\&quot;total_r\&quot;:0,\&quot;last\&quot;:true,\&quot;risk_open\&quot;:0,\&quot;clean_value\&quot;:1985472.54,\&quot;date\&quot;:\&quot;2014-03-19\&quot;,\&quot;beta\&quot;:0.488389981916587,\&quot;fluctuate_rate\&quot;:60.1395276491756,\&quot;id\&quot;:\&quot;\&quot;,\&quot;name\&quot;:\&quot;惠泉啤酒-600573\&quot;,\&quot;alpha\&quot;:0.49022276822173305,\&quot;asset_value_percent\&quot;:2.143580365658516,\&quot;m3_r\&quot;:-16.823406478578896,\&quot;var_v\&quot;:-6.143281582052351,\&quot;parent_id\&quot;:\&quot;\&quot;},{\&quot;m1_r\&quot;:-12.35706381409073,\&quot;total_r\&quot;:0,\&quot;last\&quot;:true,\&quot;risk_open\&quot;:0,\&quot;clean_value\&quot;:2096748.87,\&quot;date\&quot;:\&quot;2014-03-19\&quot;,\&quot;beta\&quot;:1.2612819881761856,\&quot;fluctuate_rate\&quot;:37.320671309272434,\&quot;id\&quot;:\&quot;\&quot;,\&quot;name\&quot;:\&quot;上海梅林-600073\&quot;,\&quot;alpha\&quot;:0.25669614984714206,\&quot;asset_value_percent\&quot;:2.263717890275471,\&quot;m3_r\&quot;:-12.550607287449388,\&quot;var_v\&quot;:-3.8156976526313056,\&quot;parent_id\&quot;:\&quot;\&quot;},{\&quot;m1_r\&quot;:-9.184549356223181,\&quot;total_r\&quot;:0,\&quot;last\&quot;:true,\&quot;risk_open\&quot;:0,\&quot;clean_value\&quot;:2900000,\&quot;date\&quot;:\&quot;2014-03-19\&quot;,\&quot;beta\&quot;:1.0492232725706656,\&quot;fluctuate_rate\&quot;:36.37680229054522,\&quot;id\&quot;:\&quot;\&quot;,\&quot;name\&quot;:\&quot;得利斯-002330\&quot;,\&quot;alpha\&quot;:0.5111412163628495,\&quot;asset_value_percent\&quot;:3.1309337878879435,\&quot;m3_r\&quot;:-9.184549356223181,\&quot;var_v\&quot;:-3.5821840529548004,\&quot;parent_id\&quot;:\&quot;\&quot;},{\&quot;m1_r\&quot;:-4.695616029586047,\&quot;total_r\&quot;:0,\&quot;risk_open\&quot;:0,\&quot;clean_value\&quot;:6912600,\&quot;date\&quot;:\&quot;2014-03-19\&quot;,\&quot;beta\&quot;:0.06194514171299472,\&quot;fluctuate_rate\&quot;:18.84126084658213,\&quot;id\&quot;:\&quot;\&quot;,\&quot;name\&quot;:\&quot;计算机\&quot;,\&quot;alpha\&quot;:0.001391558179865894,\&quot;asset_value_percent\&quot;:7.463066517984207,\&quot;m3_r\&quot;:-4.695616029586047,\&quot;var_v\&quot;:-1.9600459690089618,\&quot;parent_id\&quot;:\&quot;\&quot;},{\&quot;m1_r\&quot;:-13.109812365426022,\&quot;total_r\&quot;:0,\&quot;last\&quot;:true,\&quot;risk_open\&quot;:0,\&quot;clean_value\&quot;:2676600,\&quot;date\&quot;:\&quot;2014-03-19\&quot;,\&quot;beta\&quot;:1.1215839063797153,\&quot;fluctuate_rate\&quot;:57.711873422770154,\&quot;id\&quot;:\&quot;\&quot;,\&quot;name\&quot;:\&quot;神州泰岳-300002\&quot;,\&quot;alpha\&quot;:-0.2620972210328936,\&quot;asset_value_percent\&quot;:2.889743922986507,\&quot;m3_r\&quot;:-21.755027422303463,\&quot;var_v\&quot;:-5.138640892655736,\&quot;parent_id\&quot;:\&quot;\&quot;},{\&quot;m1_r\&quot;:-11.303339293480896,\&quot;total_r\&quot;:0,\&quot;last\&quot;:true,\&quot;risk_open\&quot;:0,\&quot;clean_value\&quot;:4236000,\&quot;date\&quot;:\&quot;2014-03-19\&quot;,\&quot;beta\&quot;:0.6457939129309789,\&quot;fluctuate_rate\&quot;:45.168196087580014,\&quot;id\&quot;:\&quot;\&quot;,\&quot;name\&quot;:\&quot;航天信息-600271\&quot;,\&quot;alpha\&quot;:0.19603901782014924,\&quot;asset_value_percent\&quot;:4.573322594997699,\&quot;m3_r\&quot;:-11.303339293480896,\&quot;var_v\&quot;:-3.078839213461736,\&quot;parent_id\&quot;:\&quot;\&quot;},{\&quot;m1_r\&quot;:-5.411879340284409,\&quot;total_r\&quot;:0,\&quot;risk_open\&quot;:0,\&quot;clean_value\&quot;:6863738,\&quot;date\&quot;:\&quot;2014-03-19\&quot;,\&quot;beta\&quot;:0.09410365326021985,\&quot;fluctuate_rate\&quot;:39.57229051966683,\&quot;id\&quot;:\&quot;\&quot;,\&quot;name\&quot;:\&quot;医药生物\&quot;,\&quot;alpha\&quot;:0.06086491573239658,\&quot;asset_value_percent\&quot;:7.410313522555316,\&quot;m3_r\&quot;:-5.411879340284409,\&quot;var_v\&quot;:-4.116683546239147,\&quot;parent_id\&quot;:\&quot;\&quot;},{\&quot;m1_r\&quot;:-16.22060016220601,\&quot;total_r\&quot;:0,\&quot;last\&quot;:true,\&quot;risk_open\&quot;:0,\&quot;clean_value\&quot;:1826000,\&quot;date\&quot;:\&quot;2014-03-19\&quot;,\&quot;beta\&quot;:1.201051730447929,\&quot;fluctuate_rate\&quot;:76.02525450144185,\&quot;id\&quot;:\&quot;\&quot;,\&quot;name\&quot;:\&quot;运盛实业-600767\&quot;,\&quot;alpha\&quot;:1.1843376510386938,\&quot;asset_value_percent\&quot;:1.9714086540287536,\&quot;m3_r\&quot;:-16.22060016220601,\&quot;var_v\&quot;:-8.048281016104857,\&quot;parent_id\&quot;:\&quot;\&quot;},{\&quot;m1_r\&quot;:-8.999699006722183,\&quot;total_r\&quot;:0,\&quot;last\&quot;:true,\&quot;risk_open\&quot;:0,\&quot;clean_value\&quot;:5037738,\&quot;date\&quot;:\&quot;2014-03-19\&quot;,\&quot;beta\&quot;:1.294856542064987,\&quot;fluctuate_rate\&quot;:49.91975790998846,\&quot;id\&quot;:\&quot;\&quot;,\&quot;name\&quot;:\&quot;中国医药-600056\&quot;,\&quot;alpha\&quot;:0.6897855670173262,\&quot;asset_value_percent\&quot;:5.4389048685265635,\&quot;m3_r\&quot;:-8.999699006722183,\&quot;var_v\&quot;:-5.216627852750009,\&quot;parent_id\&quot;:\&quot;\&quot;},{\&quot;m1_r\&quot;:-5.789473684210522,\&quot;total_r\&quot;:0,\&quot;risk_open\&quot;:0,\&quot;clean_value\&quot;:4902467.15,\&quot;date\&quot;:\&quot;2014-03-19\&quot;,\&quot;beta\&quot;:0.01521571009205197,\&quot;fluctuate_rate\&quot;:25.592666802085645,\&quot;id\&quot;:\&quot;\&quot;,\&quot;name\&quot;:\&quot;轻工制造\&quot;,\&quot;alpha\&quot;:-0.013569198680307475,\&quot;asset_value_percent\&quot;:5.2928620841192116,\&quot;m3_r\&quot;:-5.789473684210522,\&quot;var_v\&quot;:-2.6623910050434416,\&quot;parent_id\&quot;:\&quot;\&quot;},{\&quot;m1_r\&quot;:-15.241765942536778,\&quot;total_r\&quot;:0,\&quot;last\&quot;:true,\&quot;risk_open\&quot;:0,\&quot;clean_value\&quot;:4902467.15,\&quot;date\&quot;:\&quot;2014-03-19\&quot;,\&quot;beta\&quot;:0.287476035653856,\&quot;fluctuate_rate\&quot;:50.39822078689903,\&quot;id\&quot;:\&quot;\&quot;,\&quot;name\&quot;:\&quot;宜华木业-600978\&quot;,\&quot;alpha\&quot;:-0.2563678868758118,\&quot;asset_value_percent\&quot;:5.2928620841192116,\&quot;m3_r\&quot;:-19.42038640906062,\&quot;var_v\&quot;:-2.9076500579977784,\&quot;parent_id\&quot;:\&quot;\&quot;},{\&quot;m1_r\&quot;:-9.372797744890772,\&quot;total_r\&quot;:0,\&quot;risk_open\&quot;:0,\&quot;clean_value\&quot;:3834000,\&quot;date\&quot;:\&quot;2014-03-19\&quot;,\&quot;beta\&quot;:-0.02695607112196601,\&quot;fluctuate_rate\&quot;:75.48019233681087,\&quot;id\&quot;:\&quot;\&quot;,\&quot;name\&quot;:\&quot;钢铁\&quot;,\&quot;alpha\&quot;:0.04325001942539049,\&quot;asset_value_percent\&quot;:4.139310394055991,\&quot;m3_r\&quot;:-9.372797744890772,\&quot;var_v\&quot;:-7.8521627578137885,\&quot;parent_id\&quot;:\&quot;\&quot;},{\&quot;m1_r\&quot;:-20.52001019627835,\&quot;total_r\&quot;:0,\&quot;last\&quot;:true,\&quot;risk_open\&quot;:0,\&quot;clean_value\&quot;:3834000,\&quot;date\&quot;:\&quot;2014-03-19\&quot;,\&quot;beta\&quot;:-0.6512213039320428,\&quot;fluctuate_rate\&quot;:76.68916467511065,\&quot;id\&quot;:\&quot;\&quot;,\&quot;name\&quot;:\&quot;物产中拓-000906\&quot;,\&quot;alpha\&quot;:1.0448605035152012,\&quot;asset_value_percent\&quot;:4.139310394055991,\&quot;m3_r\&quot;:-20.52001019627835,\&quot;var_v\&quot;:-7.8521627578137885,\&quot;parent_id\&quot;:\&quot;\&quot;},{\&quot;m1_r\&quot;:-5.902951475737872,\&quot;total_r\&quot;:0,\&quot;risk_open\&quot;:0,\&quot;clean_value\&quot;:2117000,\&quot;date\&quot;:\&quot;2014-03-19\&quot;,\&quot;beta\&quot;:0.04341510295656488,\&quot;fluctuate_rate\&quot;:38.26155097235081,\&quot;id\&quot;:\&quot;\&quot;,\&quot;name\&quot;:\&quot;汽车\&quot;,\&quot;alpha\&quot;:0.02352036665351758,\&quot;asset_value_percent\&quot;:2.285581665158199,\&quot;m3_r\&quot;:-9.990958408679928,\&quot;var_v\&quot;:-3.9803280344155616,\&quot;parent_id\&quot;:\&quot;\&quot;},{\&quot;m1_r\&quot;:-23.49514563106796,\&quot;total_r\&quot;:0,\&quot;last\&quot;:true,\&quot;risk_open\&quot;:0,\&quot;clean_value\&quot;:2117000,\&quot;date\&quot;:\&quot;2014-03-19\&quot;,\&quot;beta\&quot;:1.8995209673927738,\&quot;fluctuate_rate\&quot;:70.93135654731348,\&quot;id\&quot;:\&quot;\&quot;,\&quot;name\&quot;:\&quot;星宇股份-601799\&quot;,\&quot;alpha\&quot;:1.0290757496030927,\&quot;asset_value_percent\&quot;:2.285581665158199,\&quot;m3_r\&quot;:-23.49514563106796,\&quot;var_v\&quot;:-6.222564824273399,\&quot;parent_id\&quot;:\&quot;\&quot;},{\&quot;m1_r\&quot;:-7.3002754820936655,\&quot;total_r\&quot;:0,\&quot;risk_open\&quot;:0,\&quot;clean_value\&quot;:91134,\&quot;date\&quot;:\&quot;2014-03-19\&quot;,\&quot;beta\&quot;:5.062980472668117E-4,\&quot;fluctuate_rate\&quot;:4.489816871518305,\&quot;id\&quot;:\&quot;\&quot;,\&quot;name\&quot;:\&quot;农林牧渔\&quot;,\&quot;alpha\&quot;:3.645922213156178E-4,\&quot;asset_value_percent\&quot;:0.0983912137328896,\&quot;m3_r\&quot;:-7.3002754820936655,\&quot;var_v\&quot;:-0.46707317160275275,\&quot;parent_id\&quot;:\&quot;\&quot;},{\&quot;m1_r\&quot;:-12.307692307692308,\&quot;total_r\&quot;:0,\&quot;last\&quot;:true,\&quot;risk_open\&quot;:0,\&quot;clean_value\&quot;:91134,\&quot;date\&quot;:\&quot;2014-03-19\&quot;,\&quot;beta\&quot;:0.5145764830600617,\&quot;fluctuate_rate\&quot;:43.281624182773385,\&quot;id\&quot;:\&quot;\&quot;,\&quot;name\&quot;:\&quot;民和股份-002234\&quot;,\&quot;alpha\&quot;:0.37055363734551044,\&quot;asset_value_percent\&quot;:0.0983912137328896,\&quot;m3_r\&quot;:-16.534472239170228,\&quot;var_v\&quot;:-1.5014301822554261,\&quot;parent_id\&quot;:\&quot;\&quot;},{\&quot;m1_r\&quot;:-0.5633111016281056,\&quot;total_r\&quot;:-1.6460442327173364,\&quot;risk_open\&quot;:0,\&quot;clean_value\&quot;:155927.62,\&quot;date\&quot;:\&quot;2014-03-19\&quot;,\&quot;beta\&quot;:0,\&quot;fluctuate_rate\&quot;:5.965789618409539,\&quot;id\&quot;:\&quot;\&quot;,\&quot;name\&quot;:\&quot;债券类\&quot;,\&quot;alpha\&quot;:0,\&quot;asset_value_percent\&quot;:0.16834450135274204,\&quot;m3_r\&quot;:-1.6460442327173364,\&quot;var_v\&quot;:-0.6206178020002477,\&quot;parent_id\&quot;:\&quot;\&quot;},{\&quot;m1_r\&quot;:0,\&quot;total_r\&quot;:0,\&quot;last\&quot;:true,\&quot;risk_open\&quot;:0,\&quot;clean_value\&quot;:155927.62,\&quot;date\&quot;:\&quot;2014-03-19\&quot;,\&quot;beta\&quot;:0,\&quot;fluctuate_rate\&quot;:null,\&quot;id\&quot;:\&quot;\&quot;,\&quot;name\&quot;:\&quot;深燃转债-113006\&quot;,\&quot;alpha\&quot;:0,\&quot;asset_value_percent\&quot;:0.16834450135274204,\&quot;m3_r\&quot;:0,\&quot;var_v\&quot;:-0.6206178020002477,\&quot;parent_id\&quot;:\&quot;\&quot;},{\&quot;m1_r\&quot;:0,\&quot;total_r\&quot;:0,\&quot;risk_open\&quot;:0,\&quot;clean_value\&quot;:2.0847481339999992E7,\&quot;date\&quot;:\&quot;2014-03-19\&quot;,\&quot;beta\&quot;:0,\&quot;fluctuate_rate\&quot;:0,\&quot;id\&quot;:\&quot;\&quot;,\&quot;name\&quot;:\&quot;其他类\&quot;,\&quot;alpha\&quot;:0,\&quot;asset_value_percent\&quot;:22.50761507578255,\&quot;m3_r\&quot;:0,\&quot;var_v\&quot;:0,\&quot;parent_id\&quot;:\&quot;\&quot;},{\&quot;m1_r\&quot;:0,\&quot;total_r\&quot;:0,\&quot;last\&quot;:true,\&quot;risk_open\&quot;:0,\&quot;clean_value\&quot;:1179817.72,\&quot;date\&quot;:\&quot;2014-03-19\&quot;,\&quot;beta\&quot;:0,\&quot;fluctuate_rate\&quot;:0,\&quot;id\&quot;:\&quot;\&quot;,\&quot;name\&quot;:\&quot;银行存款\&quot;,\&quot;alpha\&quot;:0,\&quot;asset_value_percent\&quot;:1.2737693665851437,\&quot;m3_r\&quot;:0,\&quot;var_v\&quot;:0,\&quot;parent_id\&quot;:\&quot;\&quot;},{\&quot;m1_r\&quot;:0,\&quot;total_r\&quot;:0,\&quot;last\&quot;:true,\&quot;risk_open\&quot;:0,\&quot;clean_value\&quot;:5485912.56,\&quot;date\&quot;:\&quot;2014-03-19\&quot;,\&quot;beta\&quot;:0,\&quot;fluctuate_rate\&quot;:0,\&quot;id\&quot;:\&quot;\&quot;,\&quot;name\&quot;:\&quot;存出保证金\&quot;,\&quot;alpha\&quot;:0,\&quot;asset_value_percent\&quot;:5.922768617759601,\&quot;m3_r\&quot;:0,\&quot;var_v\&quot;:0,\&quot;parent_id\&quot;:\&quot;\&quot;},{\&quot;m1_r\&quot;:0,\&quot;total_r\&quot;:0,\&quot;last\&quot;:true,\&quot;risk_open\&quot;:0,\&quot;clean_value\&quot;:1.413224038E7,\&quot;date\&quot;:\&quot;2014-03-19\&quot;,\&quot;beta\&quot;:0,\&quot;fluctuate_rate\&quot;:0,\&quot;id\&quot;:\&quot;\&quot;,\&quot;name\&quot;:\&quot;清算备付金\&quot;,\&quot;alpha\&quot;:0,\&quot;asset_value_percent\&quot;:15.25762376010219,\&quot;m3_r\&quot;:0,\&quot;var_v\&quot;:0,\&quot;parent_id\&quot;:\&quot;\&quot;},{\&quot;m1_r\&quot;:0,\&quot;total_r\&quot;:0,\&quot;last\&quot;:true,\&quot;risk_open\&quot;:0,\&quot;clean_value\&quot;:49510.67999999225,\&quot;date\&quot;:\&quot;2014-03-19\&quot;,\&quot;beta\&quot;:0,\&quot;fluctuate_rate\&quot;:0,\&quot;id\&quot;:\&quot;\&quot;,\&quot;name\&quot;:\&quot;其他资产\&quot;,\&quot;alpha\&quot;:0,\&quot;asset_value_percent\&quot;:0.05345333133561503,\&quot;m3_r\&quot;:0,\&quot;var_v\&quot;:0,\&quot;parent_id\&quot;:\&quot;\&quot;},{\&quot;m1_r\&quot;:0,\&quot;total_r\&quot;:0,\&quot;last\&quot;:true,\&quot;risk_open\&quot;:0,\&quot;clean_value\&quot;:-314457.16,\&quot;date\&quot;:\&quot;2014-03-19\&quot;,\&quot;beta\&quot;:0,\&quot;fluctuate_rate\&quot;:0,\&quot;id\&quot;:\&quot;\&quot;,\&quot;name\&quot;:\&quot;其他负债\&quot;,\&quot;alpha\&quot;:0,\&quot;asset_value_percent\&quot;:-0.3394981196852707,\&quot;m3_r\&quot;:0,\&quot;var_v\&quot;:0,\&quot;parent_id\&quot;:\&quot;\&quot;},{\&quot;m1_r\&quot;:-3.8700096095046765,\&quot;total_r\&quot;:-3.8700096095046765,\&quot;risk_open\&quot;:33.482870279464855,\&quot;clean_value\&quot;:9.528462854000002E7,\&quot;date\&quot;:\&quot;2014-03-20\&quot;,\&quot;beta\&quot;:0.40876117519969873,\&quot;fluctuate_rate\&quot;:17.277862951780264,\&quot;id\&quot;:\&quot;\&quot;,\&quot;name\&quot;:\&quot;汇总\&quot;,\&quot;alpha\&quot;:0.17990361055544546,\&quot;asset_value_percent\&quot;:104.67941167244024,\&quot;m3_r\&quot;:-3.8700096095046765,\&quot;first\&quot;:true,\&quot;var_v\&quot;:-1.687809420754519},{\&quot;m1_r\&quot;:-4.664648631069013,\&quot;total_r\&quot;:0,\&quot;risk_open\&quot;:0,\&quot;clean_value\&quot;:7.004904154E7,\&quot;date\&quot;:\&quot;2014-03-20\&quot;,\&quot;beta\&quot;:0.7906625634734507,\&quot;fluctuate_rate\&quot;:21.40421662468272,\&quot;id\&quot;:\&quot;\&quot;,\&quot;name\&quot;:\&quot;股票类\&quot;,\&quot;alpha\&quot;:0.2029446041063075,\&quot;asset_value_percent\&quot;:76.95567027946485,\&quot;m3_r\&quot;:-4.664648631069013,\&quot;var_v\&quot;:-2.2266688443313196,\&quot;parent_id\&quot;:\&quot;\&quot;},{\&quot;m1_r\&quot;:-7.13812165740787,\&quot;total_r\&quot;:0,\&quot;risk_open\&quot;:0,\&quot;clean_value\&quot;:2.536522736E7,\&quot;date\&quot;:\&quot;2014-03-20\&quot;,\&quot;beta\&quot;:0.33377022674791756,\&quot;fluctuate_rate\&quot;:37.56825466964286,\&quot;id\&quot;:\&quot;\&quot;,\&quot;name\&quot;:\&quot;电子\&quot;,\&quot;alpha\&quot;:-0.02588031851459764,\&quot;asset_value_percent\&quot;:27.86616390982557,\&quot;m3_r\&quot;:-7.13812165740787,\&quot;var_v\&quot;:-3.9082048026150713,\&quot;parent_id\&quot;:\&quot;\&quot;},{\&quot;m1_r\&quot;:-16.000740775035883,\&quot;total_r\&quot;:0,\&quot;last\&quot;:true,\&quot;risk_open\&quot;:0,\&quot;clean_value\&quot;:6934700,\&quot;date\&quot;:\&quot;2014-03-20\&quot;,\&quot;beta\&quot;:1.0630499993630478,\&quot;fluctuate_rate\&quot;:52.23274626032953,\&quot;id\&quot;:\&quot;\&quot;,\&quot;name\&quot;:\&quot;三安光电-600703\&quot;,\&quot;alpha\&quot;:0.01784984798838048,\&quot;asset_value_percent\&quot;:7.618440951576293,\&quot;m3_r\&quot;:-17.234615209160165,\&quot;var_v\&quot;:-5.3426189702946045,\&quot;parent_id\&quot;:\&quot;\&quot;},{\&quot;m1_r\&quot;:-19.75953079178886,\&quot;total_r\&quot;:0,\&quot;last\&quot;:true,\&quot;risk_open\&quot;:0,\&quot;clean_value\&quot;:1783000.8,\&quot;date\&quot;:\&quot;2014-03-20\&quot;,\&quot;beta\&quot;:1.2739734128877205,\&quot;fluctuate_rate\&quot;:49.045805453176605,\&quot;id\&quot;:\&quot;\&quot;,\&quot;name\&quot;:\&quot;歌尔声学-002241\&quot;,\&quot;alpha\&quot;:-0.18746677360619196,\&quot;asset_value_percent\&quot;:1.9587994161843036,\&quot;m3_r\&quot;:-23.38793224135517,\&quot;var_v\&quot;:-5.01795805052707,\&quot;parent_id\&quot;:\&quot;\&quot;},{\&quot;m1_r\&quot;:-16.469228546662805,\&quot;total_r\&quot;:0,\&quot;last\&quot;:true,\&quot;risk_open\&quot;:0,\&quot;clean_value\&quot;:4571973,\&quot;date\&quot;:\&quot;2014-03-20\&quot;,\&quot;beta\&quot;:1.1920302267744114,\&quot;fluctuate_rate\&quot;:44.66705363408538,\&quot;id\&quot;:\&quot;\&quot;,\&quot;name\&quot;:\&quot;大族激光-002008\&quot;,\&quot;alpha\&quot;:-0.08527970986546991,\&quot;asset_value_percent\&quot;:5.022756043188763,\&quot;m3_r\&quot;:-16.6658659620466,\&quot;var_v\&quot;:-4.5689624331516026,\&quot;parent_id\&quot;:\&quot;\&quot;},{\&quot;m1_r\&quot;:-19.337294793030512,\&quot;total_r\&quot;:0,\&quot;last\&quot;:true,\&quot;risk_open\&quot;:0,\&quot;clean_value\&quot;:5733738.96,\&quot;date\&quot;:\&quot;2014-03-20\&quot;,\&quot;beta\&quot;:1.0527853715114868,\&quot;fluctuate_rate\&quot;:47.683234306782005,\&quot;id\&quot;:\&quot;\&quot;,\&quot;name\&quot;:\&quot;德豪润达-002005\&quot;,\&quot;alpha\&quot;:-0.15857100197181673,\&quot;asset_value_percent\&quot;:6.2990686977825225,\&quot;m3_r\&quot;:-20.37975941942539,\&quot;var_v\&quot;:-4.877570582042848,\&quot;parent_id\&quot;:\&quot;\&quot;},{\&quot;m1_r\&quot;:-21.704180064308687,\&quot;total_r\&quot;:0,\&quot;last\&quot;:true,\&quot;risk_open\&quot;:0,\&quot;clean_value\&quot;:1878765,\&quot;date\&quot;:\&quot;2014-03-20\&quot;,\&quot;beta\&quot;:1.6354880430716667,\&quot;fluctuate_rate\&quot;:47.65509721585353,\&quot;id\&quot;:\&quot;\&quot;,\&quot;name\&quot;:\&quot;长盈精密-300115\&quot;,\&quot;alpha\&quot;:-0.33306500328876243,\&quot;asset_value_percent\&quot;:2.064005683647199,\&quot;m3_r\&quot;:-25.306748466257666,\&quot;var_v\&quot;:-4.876521486581082,\&quot;parent_id\&quot;:\&quot;\&quot;},{\&quot;m1_r\&quot;:-16.44859813084113,\&quot;total_r\&quot;:0,\&quot;last\&quot;:true,\&quot;risk_open\&quot;:0,\&quot;clean_value\&quot;:350803.2,\&quot;date\&quot;:\&quot;2014-03-20\&quot;,\&quot;beta\&quot;:0.2746111623184431,\&quot;fluctuate_rate\&quot;:55.97455221991221,\&quot;id\&quot;:\&quot;\&quot;,\&quot;name\&quot;:\&quot;佛山照明-000541\&quot;,\&quot;alpha\&quot;:0.1428924987437939,\&quot;asset_value_percent\&quot;:0.3853913600911371,\&quot;m3_r\&quot;:-16.44859813084113,\&quot;var_v\&quot;:-5.164710669776959,\&quot;parent_id\&quot;:\&quot;\&quot;},{\&quot;m1_r\&quot;:-28.288605367355913,\&quot;total_r\&quot;:0,\&quot;last\&quot;:true,\&quot;risk_open\&quot;:0,\&quot;clean_value\&quot;:841811.7,\&quot;date\&quot;:\&quot;2014-03-20\&quot;,\&quot;beta\&quot;:1.8851247145512604,\&quot;fluctuate_rate\&quot;:57.54607220110199,\&quot;id\&quot;:\&quot;\&quot;,\&quot;name\&quot;:\&quot;安洁科技-002635\&quot;,\&quot;alpha\&quot;:-0.16158797450418383,\&quot;asset_value_percent\&quot;:0.924811848933055,\&quot;m3_r\&quot;:-28.288605367355913,\&quot;var_v\&quot;:-5.005138243782739,\&quot;parent_id\&quot;:\&quot;\&quot;},{\&quot;m1_r\&quot;:-19.683138438325177,\&quot;total_r\&quot;:0,\&quot;last\&quot;:true,\&quot;risk_open\&quot;:0,\&quot;clean_value\&quot;:3270434.7,\&quot;date\&quot;:\&quot;2014-03-20\&quot;,\&quot;beta\&quot;:1.3746764614789952,\&quot;fluctuate_rate\&quot;:59.9928959076263,\&quot;id\&quot;:\&quot;\&quot;,\&quot;name\&quot;:\&quot;阳光照明-600261\&quot;,\&quot;alpha\&quot;:-0.04113798351792235,\&quot;asset_value_percent\&quot;:3.5928899084223005,\&quot;m3_r\&quot;:-24.34621944286527,\&quot;var_v\&quot;:-5.300403530551675,\&quot;parent_id\&quot;:\&quot;\&quot;},{\&quot;m1_r\&quot;:-5.313550703302694,\&quot;total_r\&quot;:0,\&quot;risk_open\&quot;:0,\&quot;clean_value\&quot;:1.38559849E7,\&quot;date\&quot;:\&quot;2014-03-20\&quot;,\&quot;beta\&quot;:0.1541216428384492,\&quot;fluctuate_rate\&quot;:32.819212860411746,\&quot;id\&quot;:\&quot;\&quot;,\&quot;name\&quot;:\&quot;化工\&quot;,\&quot;alpha\&quot;:0.12694183237944037,\&quot;asset_value_percent\&quot;:15.222144113888522,\&quot;m3_r\&quot;:-6.552351476112051,\&quot;var_v\&quot;:-3.4141646037858595,\&quot;parent_id\&quot;:\&quot;\&quot;},{\&quot;m1_r\&quot;:-16.464891041162222,\&quot;total_r\&quot;:0,\&quot;last\&quot;:true,\&quot;risk_open\&quot;:0,\&quot;clean_value\&quot;:2094561.1,\&quot;date\&quot;:\&quot;2014-03-20\&quot;,\&quot;beta\&quot;:1.1808112632366043,\&quot;fluctuate_rate\&quot;:43.59301672164055,\&quot;id\&quot;:\&quot;\&quot;,\&quot;name\&quot;:\&quot;华峰超纤-300180\&quot;,\&quot;alpha\&quot;:0.3592307354399966,\&quot;asset_value_percent\&quot;:2.301078642164576,\&quot;m3_r\&quot;:-16.464891041162222,\&quot;var_v\&quot;:0,\&quot;parent_id\&quot;:\&quot;\&quot;},{\&quot;m1_r\&quot;:-11.965960402917686,\&quot;total_r\&quot;:0,\&quot;last\&quot;:true,\&quot;risk_open\&quot;:0,\&quot;clean_value\&quot;:1.03649238E7,\&quot;date\&quot;:\&quot;2014-03-20\&quot;,\&quot;beta\&quot;:1.0153495515695898,\&quot;fluctuate_rate\&quot;:44.55277535481897,\&quot;id\&quot;:\&quot;\&quot;,\&quot;name\&quot;:\&quot;浙江龙盛-600352\&quot;,\&quot;alpha\&quot;:1.0308206702193532,\&quot;asset_value_percent\&quot;:11.386874693625934,\&quot;m3_r\&quot;:-11.965960402917686,\&quot;var_v\&quot;:-4.56410622103863,\&quot;parent_id\&quot;:\&quot;\&quot;},{\&quot;m1_r\&quot;:-11.710573800072178,\&quot;total_r\&quot;:0,\&quot;last\&quot;:true,\&quot;risk_open\&quot;:0,\&quot;clean_value\&quot;:1396500,\&quot;date\&quot;:\&quot;2014-03-20\&quot;,\&quot;beta\&quot;:0.7387390198216841,\&quot;fluctuate_rate\&quot;:47.05589358265681,\&quot;id\&quot;:\&quot;\&quot;,\&quot;name\&quot;:\&quot;华峰氨纶-002064\&quot;,\&quot;alpha\&quot;:0.08456527276715406,\&quot;asset_value_percent\&quot;:1.534190778098013,\&quot;m3_r\&quot;:-11.710573800072178,\&quot;var_v\&quot;:0,\&quot;parent_id\&quot;:\&quot;\&quot;},{\&quot;m1_r\&quot;:-5.136173541349454,\&quot;total_r\&quot;:0,\&quot;risk_open\&quot;:0,\&quot;clean_value\&quot;:8678565.26,\&quot;date\&quot;:\&quot;2014-03-20\&quot;,\&quot;beta\&quot;:0.08176957519120989,\&quot;fluctuate_rate\&quot;:21.05716562948834,\&quot;id\&quot;:\&quot;\&quot;,\&quot;name\&quot;:\&quot;食品饮料\&quot;,\&quot;alpha\&quot;:0.029599691183486862,\&quot;asset_value_percent\&quot;:9.534246179028848,\&quot;m3_r\&quot;:-5.136173541349454,\&quot;var_v\&quot;:-2.190565320808652,\&quot;parent_id\&quot;:\&quot;\&quot;},{\&quot;m1_r\&quot;:-12.35706381409073,\&quot;total_r\&quot;:0,\&quot;last\&quot;:true,\&quot;risk_open\&quot;:0,\&quot;clean_value\&quot;:2043247.38,\&quot;date\&quot;:\&quot;2014-03-20\&quot;,\&quot;beta\&quot;:1.3075508419903512,\&quot;fluctuate_rate\&quot;:38.07098656792773,\&quot;id\&quot;:\&quot;\&quot;,\&quot;name\&quot;:\&quot;上海梅林-600073\&quot;,\&quot;alpha\&quot;:0.2070885592686059,\&quot;asset_value_percent\&quot;:2.2447055408298793,\&quot;m3_r\&quot;:-12.550607287449388,\&quot;var_v\&quot;:-3.8922505108819387,\&quot;parent_id\&quot;:\&quot;\&quot;},{\&quot;m1_r\&quot;:-9.184549356223181,\&quot;total_r\&quot;:0,\&quot;last\&quot;:true,\&quot;risk_open\&quot;:0,\&quot;clean_value\&quot;:2915000,\&quot;date\&quot;:\&quot;2014-03-20\&quot;,\&quot;beta\&quot;:0.9810875939069932,\&quot;fluctuate_rate\&quot;:36.040687919427754,\&quot;id\&quot;:\&quot;\&quot;,\&quot;name\&quot;:\&quot;得利斯-002330\&quot;,\&quot;alpha\&quot;:0.576153838736886,\&quot;asset_value_percent\&quot;:3.202410396101474,\&quot;m3_r\&quot;:-9.184549356223181,\&quot;var_v\&quot;:-3.4302980969131416,\&quot;parent_id\&quot;:\&quot;\&quot;},{\&quot;m1_r\&quot;:-7.818430241384555,\&quot;total_r\&quot;:0,\&quot;last\&quot;:true,\&quot;risk_open\&quot;:0,\&quot;clean_value\&quot;:1776582,\&quot;date\&quot;:\&quot;2014-03-20\&quot;,\&quot;beta\&quot;:0.48830953271735345,\&quot;fluctuate_rate\&quot;:28.517571550353264,\&quot;id\&quot;:\&quot;\&quot;,\&quot;name\&quot;:\&quot;青岛啤酒-600600\&quot;,\&quot;alpha\&quot;:-0.16302408354863265,\&quot;asset_value_percent\&quot;:1.9517477414499995,\&quot;m3_r\&quot;:-11.718522826403033,\&quot;var_v\&quot;:-2.390342863659697,\&quot;parent_id\&quot;:\&quot;\&quot;},{\&quot;m1_r\&quot;:-16.823406478578896,\&quot;total_r\&quot;:0,\&quot;last\&quot;:true,\&quot;risk_open\&quot;:0,\&quot;clean_value\&quot;:1943735.88,\&quot;date\&quot;:\&quot;2014-03-20\&quot;,\&quot;beta\&quot;:0.5371350383442526,\&quot;fluctuate_rate\&quot;:60.52240826166335,\&quot;id\&quot;:\&quot;\&quot;,\&quot;name\&quot;:\&quot;惠泉啤酒-600573\&quot;,\&quot;alpha\&quot;:0.4534162500468226,\&quot;asset_value_percent\&quot;:2.1353825006474945,\&quot;m3_r\&quot;:-16.823406478578896,\&quot;var_v\&quot;:-6.182545250649084,\&quot;parent_id\&quot;:\&quot;\&quot;},{\&quot;m1_r\&quot;:-5.411879340284409,\&quot;total_r\&quot;:0,\&quot;risk_open\&quot;:0,\&quot;clean_value\&quot;:6559159,\&quot;date\&quot;:\&quot;2014-03-20\&quot;,\&quot;beta\&quot;:0.0994999251428347,\&quot;fluctuate_rate\&quot;:38.67412811876319,\&quot;id\&quot;:\&quot;\&quot;,\&quot;name\&quot;:\&quot;医药生物\&quot;,\&quot;alpha\&quot;:0.05557807632338965,\&quot;asset_value_percent\&quot;:7.205872717421114,\&quot;m3_r\&quot;:-5.411879340284409,\&quot;var_v\&quot;:-4.023248207291227,\&quot;parent_id\&quot;:\&quot;\&quot;},{\&quot;m1_r\&quot;:-8.999699006722183,\&quot;total_r\&quot;:0,\&quot;last\&quot;:true,\&quot;risk_open\&quot;:0,\&quot;clean_value\&quot;:3867959,\&quot;date\&quot;:\&quot;2014-03-20\&quot;,\&quot;beta\&quot;:1.321855700471882,\&quot;fluctuate_rate\&quot;:50.18613839007857,\&quot;id\&quot;:\&quot;\&quot;,\&quot;name\&quot;:\&quot;中国医药-600056\&quot;,\&quot;alpha\&quot;:0.6522559615909989,\&quot;asset_value_percent\&quot;:4.249328340752748,\&quot;m3_r\&quot;:-8.999699006722183,\&quot;var_v\&quot;:-5.149538833930915,\&quot;parent_id\&quot;:\&quot;\&quot;},{\&quot;m1_r\&quot;:-16.22060016220601,\&quot;total_r\&quot;:0,\&quot;last\&quot;:true,\&quot;risk_open\&quot;:0,\&quot;clean_value\&quot;:2691200,\&quot;date\&quot;:\&quot;2014-03-20\&quot;,\&quot;beta\&quot;:1.4655601512619396,\&quot;fluctuate_rate\&quot;:80.22555726734504,\&quot;id\&quot;:\&quot;\&quot;,\&quot;name\&quot;:\&quot;运盛实业-600767\&quot;,\&quot;alpha\&quot;:0.9423697176042488,\&quot;asset_value_percent\&quot;:2.956544376668366,\&quot;m3_r\&quot;:-16.22060016220601,\&quot;var_v\&quot;:-8.608485250265424,\&quot;parent_id\&quot;:\&quot;\&quot;},{\&quot;m1_r\&quot;:-5.369904232850153,\&quot;total_r\&quot;:0,\&quot;risk_open\&quot;:0,\&quot;clean_value\&quot;:6541400,\&quot;date\&quot;:\&quot;2014-03-20\&quot;,\&quot;beta\&quot;:0.06800991018008784,\&quot;fluctuate_rate\&quot;:23.477500207379727,\&quot;id\&quot;:\&quot;\&quot;,\&quot;name\&quot;:\&quot;计算机\&quot;,\&quot;alpha\&quot;:-0.005360719034085326,\&quot;asset_value_percent\&quot;:7.186362732438484,\&quot;m3_r\&quot;:-5.369904232850153,\&quot;var_v\&quot;:-2.442351391373542,\&quot;parent_id\&quot;:\&quot;\&quot;},{\&quot;m1_r\&quot;:-13.109812365426022,\&quot;total_r\&quot;:0,\&quot;last\&quot;:true,\&quot;risk_open\&quot;:0,\&quot;clean_value\&quot;:2489400,\&quot;date\&quot;:\&quot;2014-03-20\&quot;,\&quot;beta\&quot;:1.2654815075330377,\&quot;fluctuate_rate\&quot;:60.54421125983202,\&quot;id\&quot;:\&quot;\&quot;,\&quot;name\&quot;:\&quot;神州泰岳-300002\&quot;,\&quot;alpha\&quot;:-0.3770340845954566,\&quot;asset_value_percent\&quot;:2.7348474923001747,\&quot;m3_r\&quot;:-21.755027422303463,\&quot;var_v\&quot;:-5.4321637720216875,\&quot;parent_id\&quot;:\&quot;\&quot;},{\&quot;m1_r\&quot;:-11.970231479244198,\&quot;total_r\&quot;:0,\&quot;last\&quot;:true,\&quot;risk_open\&quot;:0,\&quot;clean_value\&quot;:4052000,\&quot;date\&quot;:\&quot;2014-03-20\&quot;,\&quot;beta\&quot;:0.7503270033679666,\&quot;fluctuate_rate\&quot;:46.87234830108459,\&quot;id\&quot;:\&quot;\&quot;,\&quot;name\&quot;:\&quot;航天信息-600271\&quot;,\&quot;alpha\&quot;:0.11121130461268784,\&quot;asset_value_percent\&quot;:4.45151524013831,\&quot;m3_r\&quot;:-11.970231479244198,\&quot;var_v\&quot;:-3.345924252649942,\&quot;parent_id\&quot;:\&quot;\&quot;},{\&quot;m1_r\&quot;:-5.789473684210522,\&quot;total_r\&quot;:0,\&quot;risk_open\&quot;:0,\&quot;clean_value\&quot;:4911630.64,\&quot;date\&quot;:\&quot;2014-03-20\&quot;,\&quot;beta\&quot;:0.014773488814936994,\&quot;fluctuate_rate\&quot;:25.6153673141027,\&quot;id\&quot;:\&quot;\&quot;,\&quot;name\&quot;:\&quot;轻工制造\&quot;,\&quot;alpha\&quot;:-0.013623284002855406,\&quot;asset_value_percent\&quot;:5.395902923961075,\&quot;m3_r\&quot;:-5.789473684210522,\&quot;var_v\&quot;:-2.664752526782128,\&quot;parent_id\&quot;:\&quot;\&quot;},{\&quot;m1_r\&quot;:-15.241765942536778,\&quot;total_r\&quot;:0,\&quot;last\&quot;:true,\&quot;risk_open\&quot;:0,\&quot;clean_value\&quot;:4911630.64,\&quot;date\&quot;:\&quot;2014-03-20\&quot;,\&quot;beta\&quot;:0.2737908561944983,\&quot;fluctuate_rate\&quot;:50.40260920178531,\&quot;id\&quot;:\&quot;\&quot;,\&quot;name\&quot;:\&quot;宜华木业-600978\&quot;,\&quot;alpha\&quot;:-0.25247459405468137,\&quot;asset_value_percent\&quot;:5.395902923961075,\&quot;m3_r\&quot;:-19.42038640906062,\&quot;var_v\&quot;:-2.856006085263922,\&quot;parent_id\&quot;:\&quot;\&quot;},{\&quot;m1_r\&quot;:-9.372797744890772,\&quot;total_r\&quot;:0,\&quot;risk_open\&quot;:0,\&quot;clean_value\&quot;:2047234.38,\&quot;date\&quot;:\&quot;2014-03-20\&quot;,\&quot;beta\&quot;:-0.009680888604174836,\&quot;fluctuate_rate\&quot;:78.05482834837164,\&quot;id\&quot;:\&quot;\&quot;,\&quot;name\&quot;:\&quot;钢铁\&quot;,\&quot;alpha\&quot;:0.019687150975868414,\&quot;asset_value_percent\&quot;:2.2490856472618717,\&quot;m3_r\&quot;:-9.372797744890772,\&quot;var_v\&quot;:-8.120000721377698,\&quot;parent_id\&quot;:\&quot;\&quot;},{\&quot;m1_r\&quot;:-20.52001019627835,\&quot;total_r\&quot;:0,\&quot;last\&quot;:true,\&quot;risk_open\&quot;:0,\&quot;clean_value\&quot;:2047234.38,\&quot;date\&quot;:\&quot;2014-03-20\&quot;,\&quot;beta\&quot;:-0.4304366361485941,\&quot;fluctuate_rate\&quot;:79.31488418502425,\&quot;id\&quot;:\&quot;\&quot;,\&quot;name\&quot;:\&quot;物产中拓-000906\&quot;,\&quot;alpha\&quot;:0.8753402076900162,\&quot;asset_value_percent\&quot;:2.2490856472618717,\&quot;m3_r\&quot;:-20.52001019627835,\&quot;var_v\&quot;:-8.120000721377698,\&quot;parent_id\&quot;:\&quot;\&quot;},{\&quot;m1_r\&quot;:-5.902951475737872,\&quot;total_r\&quot;:0,\&quot;risk_open\&quot;:0,\&quot;clean_value\&quot;:2002000,\&quot;date\&quot;:\&quot;2014-03-20\&quot;,\&quot;beta\&quot;:0.047764916818164506,\&quot;fluctuate_rate\&quot;:41.58527336281463,\&quot;id\&quot;:\&quot;\&quot;,\&quot;name\&quot;:\&quot;汽车\&quot;,\&quot;alpha\&quot;:0.01578075625765135,\&quot;asset_value_percent\&quot;:2.1993912909074274,\&quot;m3_r\&quot;:-9.990958408679928,\&quot;var_v\&quot;:-4.326093040620823,\&quot;parent_id\&quot;:\&quot;\&quot;},{\&quot;m1_r\&quot;:-23.49514563106796,\&quot;total_r\&quot;:0,\&quot;last\&quot;:true,\&quot;risk_open\&quot;:0,\&quot;clean_value\&quot;:2002000,\&quot;date\&quot;:\&quot;2014-03-20\&quot;,\&quot;beta\&quot;:2.1717334707848917,\&quot;fluctuate_rate\&quot;:71.1750644385317,\&quot;id\&quot;:\&quot;\&quot;,\&quot;name\&quot;:\&quot;星宇股份-601799\&quot;,\&quot;alpha\&quot;:0.7175056263472113,\&quot;asset_value_percent\&quot;:2.1993912909074274,\&quot;m3_r\&quot;:-23.49514563106796,\&quot;var_v\&quot;:-6.562102676703684,\&quot;parent_id\&quot;:\&quot;\&quot;},{\&quot;m1_r\&quot;:-7.3002754820936655,\&quot;total_r\&quot;:0,\&quot;risk_open\&quot;:0,\&quot;clean_value\&quot;:87840,\&quot;date\&quot;:\&quot;2014-03-20\&quot;,\&quot;beta\&quot;:6.337663440246706E-4,\&quot;fluctuate_rate\&quot;:11.065415236059,\&quot;id\&quot;:\&quot;\&quot;,\&quot;name\&quot;:\&quot;农林牧渔\&quot;,\&quot;alpha\&quot;:2.2141853800926211E-4,\&quot;asset_value_percent\&quot;:0.09650076473192229,\&quot;m3_r\&quot;:-7.3002754820936655,\&quot;var_v\&quot;:-1.1511290409623622,\&quot;parent_id\&quot;:\&quot;\&quot;},{\&quot;m1_r\&quot;:-12.307692307692308,\&quot;total_r\&quot;:0,\&quot;last\&quot;:true,\&quot;risk_open\&quot;:0,\&quot;clean_value\&quot;:87840,\&quot;date\&quot;:\&quot;2014-03-20\&quot;,\&quot;beta\&quot;:0.6567474835927614,\&quot;fluctuate_rate\&quot;:44.515202479629224,\&quot;id\&quot;:\&quot;\&quot;,\&quot;name\&quot;:\&quot;民和股份-002234\&quot;,\&quot;alpha\&quot;:0.22944744388747546,\&quot;asset_value_percent\&quot;:0.09650076473192229,\&quot;m3_r\&quot;:-16.534472239170228,\&quot;var_v\&quot;:-2.8196405054432208,\&quot;parent_id\&quot;:\&quot;\&quot;},{\&quot;m1_r\&quot;:-0.5633111016281056,\&quot;total_r\&quot;:-1.6460442327173364,\&quot;risk_open\&quot;:0,\&quot;clean_value\&quot;:155431.15999999997,\&quot;date\&quot;:\&quot;2014-03-20\&quot;,\&quot;beta\&quot;:0,\&quot;fluctuate_rate\&quot;:6.060114405293136,\&quot;id\&quot;:\&quot;\&quot;,\&quot;name\&quot;:\&quot;债券类\&quot;,\&quot;alpha\&quot;:0,\&quot;asset_value_percent\&quot;:0.1707562136062132,\&quot;m3_r\&quot;:-1.6460442327173364,\&quot;var_v\&quot;:-0.6304303575300632,\&quot;parent_id\&quot;:\&quot;\&quot;},{\&quot;m1_r\&quot;:0,\&quot;total_r\&quot;:0,\&quot;last\&quot;:true,\&quot;risk_open\&quot;:0,\&quot;clean_value\&quot;:155431.15999999997,\&quot;date\&quot;:\&quot;2014-03-20\&quot;,\&quot;beta\&quot;:0,\&quot;fluctuate_rate\&quot;:null,\&quot;id\&quot;:\&quot;\&quot;,\&quot;name\&quot;:\&quot;深燃转债-113006\&quot;,\&quot;alpha\&quot;:0,\&quot;asset_value_percent\&quot;:0.1707562136062132,\&quot;m3_r\&quot;:0,\&quot;var_v\&quot;:-0.6304303575300632,\&quot;parent_id\&quot;:\&quot;\&quot;},{\&quot;m1_r\&quot;:0,\&quot;total_r\&quot;:0,\&quot;risk_open\&quot;:0,\&quot;clean_value\&quot;:2.5080155840000004E7,\&quot;date\&quot;:\&quot;2014-03-20\&quot;,\&quot;beta\&quot;:0,\&quot;fluctuate_rate\&quot;:0,\&quot;id\&quot;:\&quot;\&quot;,\&quot;name\&quot;:\&quot;其他类\&quot;,\&quot;alpha\&quot;:0,\&quot;asset_value_percent\&quot;:27.55298517936916,\&quot;m3_r\&quot;:0,\&quot;var_v\&quot;:0,\&quot;parent_id\&quot;:\&quot;\&quot;},{\&quot;m1_r\&quot;:0,\&quot;total_r\&quot;:0,\&quot;last\&quot;:true,\&quot;risk_open\&quot;:0,\&quot;clean_value\&quot;:1179817.72,\&quot;date\&quot;:\&quot;2014-03-20\&quot;,\&quot;beta\&quot;:0,\&quot;fluctuate_rate\&quot;:0,\&quot;id\&quot;:\&quot;\&quot;,\&quot;name\&quot;:\&quot;银行存款\&quot;,\&quot;alpha\&quot;:0,\&quot;asset_value_percent\&quot;:1.2961442648482806,\&quot;m3_r\&quot;:0,\&quot;var_v\&quot;:0,\&quot;parent_id\&quot;:\&quot;\&quot;},{\&quot;m1_r\&quot;:0,\&quot;total_r\&quot;:0,\&quot;last\&quot;:true,\&quot;risk_open\&quot;:0,\&quot;clean_value\&quot;:4953544.56,\&quot;date\&quot;:\&quot;2014-03-20\&quot;,\&quot;beta\&quot;:0,\&quot;fluctuate_rate\&quot;:0,\&quot;id\&quot;:\&quot;\&quot;,\&quot;name\&quot;:\&quot;存出保证金\&quot;,\&quot;alpha\&quot;:0,\&quot;asset_value_percent\&quot;:5.441949432760172,\&quot;m3_r\&quot;:0,\&quot;var_v\&quot;:0,\&quot;parent_id\&quot;:\&quot;\&quot;},{\&quot;m1_r\&quot;:0,\&quot;total_r\&quot;:0,\&quot;last\&quot;:true,\&quot;risk_open\&quot;:0,\&quot;clean_value\&quot;:1.53129558E7,\&quot;date\&quot;:\&quot;2014-03-20\&quot;,\&quot;beta\&quot;:0,\&quot;fluctuate_rate\&quot;:0,\&quot;id\&quot;:\&quot;\&quot;,\&quot;name\&quot;:\&quot;清算备付金\&quot;,\&quot;alpha\&quot;:0,\&quot;asset_value_percent\&quot;:16.82276804424095,\&quot;m3_r\&quot;:0,\&quot;var_v\&quot;:0,\&quot;parent_id\&quot;:\&quot;\&quot;},{\&quot;m1_r\&quot;:0,\&quot;total_r\&quot;:0,\&quot;last\&quot;:true,\&quot;risk_open\&quot;:0,\&quot;clean_value\&quot;:3633837.760000005,\&quot;date\&quot;:\&quot;2014-03-20\&quot;,\&quot;beta\&quot;:0,\&quot;fluctuate_rate\&quot;:0,\&quot;id\&quot;:\&quot;\&quot;,\&quot;name\&quot;:\&quot;其他资产\&quot;,\&quot;alpha\&quot;:0,\&quot;asset_value_percent\&quot;:3.992123437519763,\&quot;m3_r\&quot;:0,\&quot;var_v\&quot;:0,\&quot;parent_id\&quot;:\&quot;\&quot;},{\&quot;m1_r\&quot;:0,\&quot;total_r\&quot;:0,\&quot;last\&quot;:true,\&quot;risk_open\&quot;:0,\&quot;clean_value\&quot;:-4259443.15,\&quot;date\&quot;:\&quot;2014-03-20\&quot;,\&quot;beta\&quot;:0,\&quot;fluctuate_rate\&quot;:0,\&quot;id\&quot;:\&quot;\&quot;,\&quot;name\&quot;:\&quot;其他负债\&quot;,\&quot;alpha\&quot;:0,\&quot;asset_value_percent\&quot;:-4.67941167244021,\&quot;m3_r\&quot;:0,\&quot;var_v\&quot;:0,\&quot;parent_id\&quot;:\&quot;\&quot;},{\&quot;m1_r\&quot;:-4.04472787629947,\&quot;total_r\&quot;:-4.04472787629947,\&quot;risk_open\&quot;:-1.3197820926275625,\&quot;clean_value\&quot;:8.987608462E7,\&quot;date\&quot;:\&quot;2014-03-21\&quot;,\&quot;beta\&quot;:0.20021494093778708,\&quot;fluctuate_rate\&quot;:17.22163378156691,\&quot;id\&quot;:\&quot;\&quot;,\&quot;name\&quot;:\&quot;汇总\&quot;,\&quot;alpha\&quot;:0.014780974568255764,\&quot;asset_value_percent\&quot;:100.38322964001158,\&quot;m3_r\&quot;:-4.04472787629947,\&quot;first\&quot;:true,\&quot;var_v\&quot;:-1.7912824652008597},{\&quot;m1_r\&quot;:-4.664648631069013,\&quot;total_r\&quot;:0,\&quot;risk_open\&quot;:0,\&quot;clean_value\&quot;:6.909726296E7,\&quot;date\&quot;:\&quot;2014-03-21\&quot;,\&quot;beta\&quot;:0.6514606791476325,\&quot;fluctuate_rate\&quot;:21.457209999357218,\&quot;id\&quot;:\&quot;\&quot;,\&quot;name\&quot;:\&quot;股票类\&quot;,\&quot;alpha\&quot;:0.04412498570899502,\&quot;asset_value_percent\&quot;:77.17521790737244,\&quot;m3_r\&quot;:-4.664648631069013,\&quot;var_v\&quot;:-2.232181715856251,\&quot;parent_id\&quot;:\&quot;\&quot;},{\&quot;m1_r\&quot;:-7.13812165740787,\&quot;total_r\&quot;:0,\&quot;risk_open\&quot;:0,\&quot;clean_value\&quot;:2.654955992E7,\&quot;date\&quot;:\&quot;2014-03-21\&quot;,\&quot;beta\&quot;:0.2865206641002604,\&quot;fluctuate_rate\&quot;:35.55782935421285,\&quot;id\&quot;:\&quot;\&quot;,\&quot;name\&quot;:\&quot;电子\&quot;,\&quot;alpha\&quot;:-0.11415151405442284,\&quot;asset_value_percent\&quot;:29.65338979283416,\&quot;m3_r\&quot;:-7.13812165740787,\&quot;var_v\&quot;:-3.6990613664305982,\&quot;parent_id\&quot;:\&quot;\&quot;},{\&quot;m1_r\&quot;:-16.000740775035883,\&quot;total_r\&quot;:0,\&quot;last\&quot;:true,\&quot;risk_open\&quot;:0,\&quot;clean_value\&quot;:7111400,\&quot;date\&quot;:\&quot;2014-03-21\&quot;,\&quot;beta\&quot;:0.9058026635062686,\&quot;fluctuate_rate\&quot;:43.90905612776588,\&quot;id\&quot;:\&quot;\&quot;,\&quot;name\&quot;:\&quot;三安光电-600703\&quot;,\&quot;alpha\&quot;:-0.33970281909890526,\&quot;asset_value_percent\&quot;:7.942772566030573,\&quot;m3_r\&quot;:-17.234615209160165,\&quot;var_v\&quot;:-4.492725789571552,\&quot;parent_id\&quot;:\&quot;\&quot;},{\&quot;m1_r\&quot;:-18.62360218891268,\&quot;total_r\&quot;:0,\&quot;last\&quot;:true,\&quot;risk_open\&quot;:0,\&quot;clean_value\&quot;:1838896.46,\&quot;date\&quot;:\&quot;2014-03-21\&quot;,\&quot;beta\&quot;:1.1587371216918316,\&quot;fluctuate_rate\&quot;:46.90020510883572,\&quot;id\&quot;:\&quot;\&quot;,\&quot;name\&quot;:\&quot;歌尔声学-002241\&quot;,\&quot;alpha\&quot;:-0.4051912445477208,\&quot;asset_value_percent\&quot;:2.0538763610904653,\&quot;m3_r\&quot;:-23.38793224135517,\&quot;var_v\&quot;:-4.799484280676467,\&quot;parent_id\&quot;:\&quot;\&quot;},{\&quot;m1_r\&quot;:-16.21515315403903,\&quot;total_r\&quot;:0,\&quot;last\&quot;:true,\&quot;risk_open\&quot;:0,\&quot;clean_value\&quot;:4552308.6,\&quot;date\&quot;:\&quot;2014-03-21\&quot;,\&quot;beta\&quot;:0.8765272781543703,\&quot;fluctuate_rate\&quot;:42.333356924847045,\&quot;id\&quot;:\&quot;\&quot;,\&quot;name\&quot;:\&quot;大族激光-002008\&quot;,\&quot;alpha\&quot;:-0.39064732252381734,\&quot;asset_value_percent\&quot;:5.08450542230574,\&quot;m3_r\&quot;:-18.131155416766752,\&quot;var_v\&quot;:-4.331582200310105,\&quot;parent_id\&quot;:\&quot;\&quot;},{\&quot;m1_r\&quot;:-19.337294793030512,\&quot;total_r\&quot;:0,\&quot;last\&quot;:true,\&quot;risk_open\&quot;:0,\&quot;clean_value\&quot;:5832963.12,\&quot;date\&quot;:\&quot;2014-03-21\&quot;,\&quot;beta\&quot;:0.9289944045075674,\&quot;fluctuate_rate\&quot;:47.58293379173328,\&quot;id\&quot;:\&quot;\&quot;,\&quot;name\&quot;:\&quot;德豪润达-002005\&quot;,\&quot;alpha\&quot;:-0.28073461767441604,\&quot;asset_value_percent\&quot;:6.514877443007578,\&quot;m3_r\&quot;:-20.37975941942539,\&quot;var_v\&quot;:-4.867365878322796,\&quot;parent_id\&quot;:\&quot;\&quot;},{\&quot;m1_r\&quot;:-19.949822649018078,\&quot;total_r\&quot;:0,\&quot;last\&quot;:true,\&quot;risk_open\&quot;:0,\&quot;clean_value\&quot;:1887291,\&quot;date\&quot;:\&quot;2014-03-21\&quot;,\&quot;beta\&quot;:1.3272578138992568,\&quot;fluctuate_rate\&quot;:47.51673709478427,\&quot;id\&quot;:\&quot;\&quot;,\&quot;name\&quot;:\&quot;长盈精密-300115\&quot;,\&quot;alpha\&quot;:-0.5370249469734854,\&quot;asset_value_percent\&quot;:2.107928562437271,\&quot;m3_r\&quot;:-25.306748466257666,\&quot;var_v\&quot;:-4.862760412272269,\&quot;parent_id\&quot;:\&quot;\&quot;},{\&quot;m1_r\&quot;:-16.44859813084113,\&quot;total_r\&quot;:0,\&quot;last\&quot;:true,\&quot;risk_open\&quot;:0,\&quot;clean_value\&quot;:352630.3,\&quot;date\&quot;:\&quot;2014-03-21\&quot;,\&quot;beta\&quot;:0.19732163182157786,\&quot;fluctuate_rate\&quot;:54.257566620033785,\&quot;id\&quot;:\&quot;\&quot;,\&quot;name\&quot;:\&quot;佛山照明-000541\&quot;,\&quot;alpha\&quot;:-0.030585619379794305,\&quot;asset_value_percent\&quot;:0.3938552567414476,\&quot;m3_r\&quot;:-16.44859813084113,\&quot;var_v\&quot;:-5.05597266313134,\&quot;parent_id\&quot;:\&quot;\&quot;},{\&quot;m1_r\&quot;:-26.29992464204973,\&quot;total_r\&quot;:0,\&quot;last\&quot;:true,\&quot;risk_open\&quot;:0,\&quot;clean_value\&quot;:816310.14,\&quot;date\&quot;:\&quot;2014-03-21\&quot;,\&quot;beta\&quot;:1.2575165109932844,\&quot;fluctuate_rate\&quot;:55.26333705879396,\&quot;id\&quot;:\&quot;\&quot;,\&quot;name\&quot;:\&quot;安洁科技-002635\&quot;,\&quot;alpha\&quot;:-0.6740299669581076,\&quot;asset_value_percent\&quot;:0.911742524026855,\&quot;m3_r\&quot;:-28.288605367355913,\&quot;var_v\&quot;:-4.923058284906295,\&quot;parent_id\&quot;:\&quot;\&quot;},{\&quot;m1_r\&quot;:-19.683138438325177,\&quot;total_r\&quot;:0,\&quot;last\&quot;:true,\&quot;risk_open\&quot;:0,\&quot;clean_value\&quot;:4157760.3,\&quot;date\&quot;:\&quot;2014-03-21\&quot;,\&quot;beta\&quot;:0.9790567213108868,\&quot;fluctuate_rate\&quot;:54.350469412575876,\&quot;id\&quot;:\&quot;\&quot;,\&quot;name\&quot;:\&quot;阳光照明-600261\&quot;,\&quot;alpha\&quot;:-0.4976403652140204,\&quot;asset_value_percent\&quot;:4.643831657194229,\&quot;m3_r\&quot;:-24.34621944286527,\&quot;var_v\&quot;:-5.204958600406037,\&quot;parent_id\&quot;:\&quot;\&quot;},{\&quot;m1_r\&quot;:-5.313550703302694,\&quot;total_r\&quot;:0,\&quot;risk_open\&quot;:0,\&quot;clean_value\&quot;:1.33038408E7,\&quot;date\&quot;:\&quot;2014-03-21\&quot;,\&quot;beta\&quot;:0.11121697583889023,\&quot;fluctuate_rate\&quot;:33.63096426454192,\&quot;id\&quot;:\&quot;\&quot;,\&quot;name\&quot;:\&quot;化工\&quot;,\&quot;alpha\&quot;:0.09641731504336956,\&quot;asset_value_percent\&quot;:14.859153152554805,\&quot;m3_r\&quot;:-6.552351476112051,\&quot;var_v\&quot;:-3.4986106544221873,\&quot;parent_id\&quot;:\&quot;\&quot;},{\&quot;m1_r\&quot;:-15.802318486882239,\&quot;total_r\&quot;:0,\&quot;last\&quot;:true,\&quot;risk_open\&quot;:0,\&quot;clean_value\&quot;:1519917,\&quot;date\&quot;:\&quot;2014-03-21\&quot;,\&quot;beta\&quot;:1.060086668511455,\&quot;fluctuate_rate\&quot;:44.01925477703812,\&quot;id\&quot;:\&quot;\&quot;,\&quot;name\&quot;:\&quot;华峰超纤-300180\&quot;,\&quot;alpha\&quot;:0.27393659419976213,\&quot;asset_value_percent\&quot;:1.6976059636982157,\&quot;m3_r\&quot;:-16.464891041162222,\&quot;var_v\&quot;:-2.4191070555705734,\&quot;parent_id\&quot;:\&quot;\&quot;},{\&quot;m1_r\&quot;:-11.965960402917686,\&quot;total_r\&quot;:0,\&quot;last\&quot;:true,\&quot;risk_open\&quot;:0,\&quot;clean_value\&quot;:1.03649238E7,\&quot;date\&quot;:\&quot;2014-03-21\&quot;,\&quot;beta\&quot;:0.7141585534409244,\&quot;fluctuate_rate\&quot;:43.90358056706522,\&quot;id\&quot;:\&quot;\&quot;,\&quot;name\&quot;:\&quot;浙江龙盛-600352\&quot;,\&quot;alpha\&quot;:0.7912810738385855,\&quot;asset_value_percent\&quot;:11.576656130668695,\&quot;m3_r\&quot;:-11.965960402917686,\&quot;var_v\&quot;:-4.495726177118599,\&quot;parent_id\&quot;:\&quot;\&quot;},{\&quot;m1_r\&quot;:-11.710573800072178,\&quot;total_r\&quot;:0,\&quot;last\&quot;:true,\&quot;risk_open\&quot;:0,\&quot;clean_value\&quot;:1419000,\&quot;date\&quot;:\&quot;2014-03-21\&quot;,\&quot;beta\&quot;:0.6653581216057463,\&quot;fluctuate_rate\&quot;:47.0956434454609,\&quot;id\&quot;:\&quot;\&quot;,\&quot;name\&quot;:\&quot;华峰氨纶-002064\&quot;,\&quot;alpha\&quot;:0.010288539220693907,\&quot;asset_value_percent\&quot;:1.5848910581878932,\&quot;m3_r\&quot;:-11.710573800072178,\&quot;var_v\&quot;:-1.530055730842997,\&quot;parent_id\&quot;:\&quot;\&quot;},{\&quot;m1_r\&quot;:-5.136173541349454,\&quot;total_r\&quot;:0,\&quot;risk_open\&quot;:0,\&quot;clean_value\&quot;:8884213.100000001,\&quot;date\&quot;:\&quot;2014-03-21\&quot;,\&quot;beta\&quot;:0.07934859185575158,\&quot;fluctuate_rate\&quot;:22.016908963060285,\&quot;id\&quot;:\&quot;\&quot;,\&quot;name\&quot;:\&quot;食品饮料\&quot;,\&quot;alpha\&quot;:0.026490924000758385,\&quot;asset_value_percent\&quot;:9.92283995858051,\&quot;m3_r\&quot;:-5.136173541349454,\&quot;var_v\&quot;:-2.29040689020087,\&quot;parent_id\&quot;:\&quot;\&quot;},{\&quot;m1_r\&quot;:-11.672862453531586,\&quot;total_r\&quot;:0,\&quot;last\&quot;:true,\&quot;risk_open\&quot;:0,\&quot;clean_value\&quot;:2099296.56,\&quot;date\&quot;:\&quot;2014-03-21\&quot;,\&quot;beta\&quot;:1.1846339773107135,\&quot;fluctuate_rate\&quot;:38.82760436387934,\&quot;id\&quot;:\&quot;\&quot;,\&quot;name\&quot;:\&quot;上海梅林-600073\&quot;,\&quot;alpha\&quot;:0.13083932786925134,\&quot;asset_value_percent\&quot;:2.3447190602033854,\&quot;m3_r\&quot;:-12.550607287449388,\&quot;var_v\&quot;:-3.96949785280683,\&quot;parent_id\&quot;:\&quot;\&quot;},{\&quot;m1_r\&quot;:-9.184549356223181,\&quot;total_r\&quot;:0,\&quot;last\&quot;:true,\&quot;risk_open\&quot;:0,\&quot;clean_value\&quot;:3005000,\&quot;date\&quot;:\&quot;2014-03-21\&quot;,\&quot;beta\&quot;:0.915991129570967,\&quot;fluctuate_rate\&quot;:36.59609530101033,\&quot;id\&quot;:\&quot;\&quot;,\&quot;name\&quot;:\&quot;得利斯-002330\&quot;,\&quot;alpha\&quot;:0.5119951203358899,\&quot;asset_value_percent\&quot;:3.3563055883401116,\&quot;m3_r\&quot;:-9.184549356223181,\&quot;var_v\&quot;:-3.5032374813700287,\&quot;parent_id\&quot;:\&quot;\&quot;},{\&quot;m1_r\&quot;:-16.823406478578896,\&quot;total_r\&quot;:0,\&quot;last\&quot;:true,\&quot;risk_open\&quot;:0,\&quot;clean_value\&quot;:1985472.54,\&quot;date\&quot;:\&quot;2014-03-21\&quot;,\&quot;beta\&quot;:0.5252160400044729,\&quot;fluctuate_rate\&quot;:60.72318334580773,\&quot;id\&quot;:\&quot;\&quot;,\&quot;name\&quot;:\&quot;惠泉啤酒-600573\&quot;,\&quot;alpha\&quot;:0.4402091641949123,\&quot;asset_value_percent\&quot;:2.2175882134768172,\&quot;m3_r\&quot;:-16.823406478578896,\&quot;var_v\&quot;:-6.203987965368101,\&quot;parent_id\&quot;:\&quot;\&quot;},{\&quot;m1_r\&quot;:-7.818430241384555,\&quot;total_r\&quot;:0,\&quot;last\&quot;:true,\&quot;risk_open\&quot;:0,\&quot;clean_value\&quot;:1794444,\&quot;date\&quot;:\&quot;2014-03-21\&quot;,\&quot;beta\&quot;:0.458114888424627,\&quot;fluctuate_rate\&quot;:28.744928001826658,\&quot;id\&quot;:\&quot;\&quot;,\&quot;name\&quot;:\&quot;青岛啤酒-600600\&quot;,\&quot;alpha\&quot;:-0.17578038136365814,\&quot;asset_value_percent\&quot;:2.0042270965601943,\&quot;m3_r\&quot;:-11.718522826403033,\&quot;var_v\&quot;:-2.3559887979856744,\&quot;parent_id\&quot;:\&quot;\&quot;},{\&quot;m1_r\&quot;:-5.411879340284409,\&quot;total_r\&quot;:0,\&quot;risk_open\&quot;:0,\&quot;clean_value\&quot;:6707753,\&quot;date\&quot;:\&quot;2014-03-21\&quot;,\&quot;beta\&quot;:0.08718586052646887,\&quot;fluctuate_rate\&quot;:39.261439989689435,\&quot;id\&quot;:\&quot;\&quot;,\&quot;name\&quot;:\&quot;医药生物\&quot;,\&quot;alpha\&quot;:0.04407525743481101,\&quot;asset_value_percent\&quot;:7.491936399036655,\&quot;m3_r\&quot;:-5.411879340284409,\&quot;var_v\&quot;:-4.084345937137099,\&quot;parent_id\&quot;:\&quot;\&quot;},{\&quot;m1_r\&quot;:-8.999699006722183,\&quot;total_r\&quot;:0,\&quot;last\&quot;:true,\&quot;risk_open\&quot;:0,\&quot;clean_value\&quot;:4032553,\&quot;date\&quot;:\&quot;2014-03-21\&quot;,\&quot;beta\&quot;:1.266225608359896,\&quot;fluctuate_rate\&quot;:51.38208077159998,\&quot;id\&quot;:\&quot;\&quot;,\&quot;name\&quot;:\&quot;中国医药-600056\&quot;,\&quot;alpha\&quot;:0.6281152570007172,\&quot;asset_value_percent\&quot;:4.503986745150644,\&quot;m3_r\&quot;:-8.999699006722183,\&quot;var_v\&quot;:-5.196691679798963,\&quot;parent_id\&quot;:\&quot;\&quot;},{\&quot;m1_r\&quot;:-16.22060016220601,\&quot;total_r\&quot;:0,\&quot;last\&quot;:true,\&quot;risk_open\&quot;:0,\&quot;clean_value\&quot;:2675200,\&quot;date\&quot;:\&quot;2014-03-21\&quot;,\&quot;beta\&quot;:1.0092280813037575,\&quot;fluctuate_rate\&quot;:78.419768483721,\&quot;id\&quot;:\&quot;\&quot;,\&quot;name\&quot;:\&quot;运盛实业-600767\&quot;,\&quot;alpha\&quot;:0.5282896749849987,\&quot;asset_value_percent\&quot;:2.987949653886012,\&quot;m3_r\&quot;:-16.22060016220601,\&quot;var_v\&quot;:-8.242723855281458,\&quot;parent_id\&quot;:\&quot;\&quot;},{\&quot;m1_r\&quot;:-5.789473684210522,\&quot;total_r\&quot;:0,\&quot;risk_open\&quot;:0,\&quot;clean_value\&quot;:5012429.03,\&quot;date\&quot;:\&quot;2014-03-21\&quot;,\&quot;beta\&quot;:0.01863862713128538,\&quot;fluctuate_rate\&quot;:26.449490818695644,\&quot;id\&quot;:\&quot;\&quot;,\&quot;name\&quot;:\&quot;轻工制造\&quot;,\&quot;alpha\&quot;:-0.01667635777752543,\&quot;asset_value_percent\&quot;:5.5984171595830965,\&quot;m3_r\&quot;:-5.789473684210522,\&quot;var_v\&quot;:-2.7515259346843712,\&quot;parent_id\&quot;:\&quot;\&quot;},{\&quot;m1_r\&quot;:-15.241765942536778,\&quot;total_r\&quot;:0,\&quot;last\&quot;:true,\&quot;risk_open\&quot;:0,\&quot;clean_value\&quot;:5012429.03,\&quot;date\&quot;:\&quot;2014-03-21\&quot;,\&quot;beta\&quot;:0.3329267291091499,\&quot;fluctuate_rate\&quot;:50.08902703459451,\&quot;id\&quot;:\&quot;\&quot;,\&quot;name\&quot;:\&quot;宜华木业-600978\&quot;,\&quot;alpha\&quot;:-0.2978762979278823,\&quot;asset_value_percent\&quot;:5.5984171595830965,\&quot;m3_r\&quot;:-19.42038640906062,\&quot;var_v\&quot;:-2.8978202075961446,\&quot;parent_id\&quot;:\&quot;\&quot;},{\&quot;m1_r\&quot;:-5.369904232850153,\&quot;total_r\&quot;:0,\&quot;risk_open\&quot;:0,\&quot;clean_value\&quot;:4499500,\&quot;date\&quot;:\&quot;2014-03-21\&quot;,\&quot;beta\&quot;:0.039357863141194716,\&quot;fluctuate_rate\&quot;:26.187769022059754,\&quot;id\&quot;:\&quot;\&quot;,\&quot;name\&quot;:\&quot;计算机\&quot;,\&quot;alpha\&quot;:-0.017553522752792393,\&quot;asset_value_percent\&quot;:5.025523126368164,\&quot;m3_r\&quot;:-5.369904232850153,\&quot;var_v\&quot;:-2.724299160601945,\&quot;parent_id\&quot;:\&quot;\&quot;},{\&quot;m1_r\&quot;:-14.895448954489543,\&quot;total_r\&quot;:0,\&quot;last\&quot;:true,\&quot;risk_open\&quot;:0,\&quot;clean_value\&quot;:2443500,\&quot;date\&quot;:\&quot;2014-03-21\&quot;,\&quot;beta\&quot;:0.8926881522132649,\&quot;fluctuate_rate\&quot;:60.398708463287875,\&quot;id\&quot;:\&quot;\&quot;,\&quot;name\&quot;:\&quot;神州泰岳-300002\&quot;,\&quot;alpha\&quot;:-0.6320488805611412,\&quot;asset_value_percent\&quot;:2.7291622978732324,\&quot;m3_r\&quot;:-23.339427178549666,\&quot;var_v\&quot;:-5.3401016057804425,\&quot;parent_id\&quot;:\&quot;\&quot;},{\&quot;m1_r\&quot;:-15.792780167206299,\&quot;total_r\&quot;:0,\&quot;last\&quot;:true,\&quot;risk_open\&quot;:0,\&quot;clean_value\&quot;:2056000,\&quot;date\&quot;:\&quot;2014-03-21\&quot;,\&quot;beta\&quot;:0.6529877390060247,\&quot;fluctuate_rate\&quot;:46.36057171185128,\&quot;id\&quot;:\&quot;\&quot;,\&quot;name\&quot;:\&quot;航天信息-600271\&quot;,\&quot;alpha\&quot;:-0.013233242642754842,\&quot;asset_value_percent\&quot;:2.2963608284949317,\&quot;m3_r\&quot;:-15.792780167206299,\&quot;var_v\&quot;:-3.360185256865975,\&quot;parent_id\&quot;:\&quot;\&quot;},{\&quot;m1_r\&quot;:-5.902951475737872,\&quot;total_r\&quot;:0,\&quot;risk_open\&quot;:0,\&quot;clean_value\&quot;:2060000,\&quot;date\&quot;:\&quot;2014-03-21\&quot;,\&quot;beta\&quot;:0.041058696068800284,\&quot;fluctuate_rate\&quot;:42.318592438303114,\&quot;id\&quot;:\&quot;\&quot;,\&quot;name\&quot;:\&quot;汽车\&quot;,\&quot;alpha\&quot;:0.0072223627735349735,\&quot;asset_value_percent\&quot;:2.3008284565659336,\&quot;m3_r\&quot;:-9.990958408679928,\&quot;var_v\&quot;:-4.402379819388568,\&quot;parent_id\&quot;:\&quot;\&quot;},{\&quot;m1_r\&quot;:-23.376118241929213,\&quot;total_r\&quot;:0,\&quot;last\&quot;:true,\&quot;risk_open\&quot;:0,\&quot;clean_value\&quot;:2060000,\&quot;date\&quot;:\&quot;2014-03-21\&quot;,\&quot;beta\&quot;:1.7845179179538577,\&quot;fluctuate_rate\&quot;:68.21368944110539,\&quot;id\&quot;:\&quot;\&quot;,\&quot;name\&quot;:\&quot;星宇股份-601799\&quot;,\&quot;alpha\&quot;:0.31390270547655696,\&quot;asset_value_percent\&quot;:2.3008284565659336,\&quot;m3_r\&quot;:-23.49514563106796,\&quot;var_v\&quot;:-6.420162033133719,\&quot;parent_id\&quot;:\&quot;\&quot;},{\&quot;m1_r\&quot;:-9.372797744890772,\&quot;total_r\&quot;:0,\&quot;risk_open\&quot;:0,\&quot;clean_value\&quot;:1991029.11,\&quot;date\&quot;:\&quot;2014-03-21\&quot;,\&quot;beta\&quot;:-0.012432318566432163,\&quot;fluctuate_rate\&quot;:78.71082024181509,\&quot;id\&quot;:\&quot;\&quot;,\&quot;name\&quot;:\&quot;钢铁\&quot;,\&quot;alpha\&quot;:0.01815841398878818,\&quot;asset_value_percent\&quot;:2.223794385504439,\&quot;m3_r\&quot;:-9.372797744890772,\&quot;var_v\&quot;:-8.188243196067475,\&quot;parent_id\&quot;:\&quot;\&quot;},{\&quot;m1_r\&quot;:-22.686719347438178,\&quot;total_r\&quot;:0,\&quot;last\&quot;:true,\&quot;risk_open\&quot;:0,\&quot;clean_value\&quot;:1991029.11,\&quot;date\&quot;:\&quot;2014-03-21\&quot;,\&quot;beta\&quot;:-0.5590588162049007,\&quot;fluctuate_rate\&quot;:80.00064655888039,\&quot;id\&quot;:\&quot;\&quot;,\&quot;name\&quot;:\&quot;物产中拓-000906\&quot;,\&quot;alpha\&quot;:0.8165509413618374,\&quot;asset_value_percent\&quot;:2.223794385504439,\&quot;m3_r\&quot;:-22.686719347438178,\&quot;var_v\&quot;:-8.188243196067475,\&quot;parent_id\&quot;:\&quot;\&quot;},{\&quot;m1_r\&quot;:-7.3002754820936655,\&quot;total_r\&quot;:0,\&quot;risk_open\&quot;:0,\&quot;clean_value\&quot;:88938,\&quot;date\&quot;:\&quot;2014-03-21\&quot;,\&quot;beta\&quot;:5.657190514133226E-4,\&quot;fluctuate_rate\&quot;:11.770123640612166,\&quot;id\&quot;:\&quot;\&quot;,\&quot;name\&quot;:\&quot;农林牧渔\&quot;,\&quot;alpha\&quot;:1.4210705247353828E-4,\&quot;asset_value_percent\&quot;:0.09933547634468981,\&quot;m3_r\&quot;:-7.3002754820936655,\&quot;var_v\&quot;:-1.2244394674204584,\&quot;parent_id\&quot;:\&quot;\&quot;},{\&quot;m1_r\&quot;:-11.570782159017456,\&quot;total_r\&quot;:0,\&quot;last\&quot;:true,\&quot;risk_open\&quot;:0,\&quot;clean_value\&quot;:88938,\&quot;date\&quot;:\&quot;2014-03-21\&quot;,\&quot;beta\&quot;:0.5695035371354157,\&quot;fluctuate_rate\&quot;:44.39720987022372,\&quot;id\&quot;:\&quot;\&quot;,\&quot;name\&quot;:\&quot;民和股份-002234\&quot;,\&quot;alpha\&quot;:0.14305770476242843,\&quot;asset_value_percent\&quot;:0.09933547634468981,\&quot;m3_r\&quot;:-16.534472239170228,\&quot;var_v\&quot;:-3.0786700485145255,\&quot;parent_id\&quot;:\&quot;\&quot;},{\&quot;m1_r\&quot;:-0.5633111016281056,\&quot;total_r\&quot;:-1.6460442327173364,\&quot;risk_open\&quot;:0,\&quot;clean_value\&quot;:155916.81,\&quot;date\&quot;:\&quot;2014-03-21\&quot;,\&quot;beta\&quot;:0,\&quot;fluctuate_rate\&quot;:6.099545733099729,\&quot;id\&quot;:\&quot;\&quot;,\&quot;name\&quot;:\&quot;债券类\&quot;,\&quot;alpha\&quot;:0,\&quot;asset_value_percent\&quot;:0.17414457927426402,\&quot;m3_r\&quot;:-1.6460442327173364,\&quot;var_v\&quot;:-0.6345323768030464,\&quot;parent_id\&quot;:\&quot;\&quot;},{\&quot;m1_r\&quot;:0,\&quot;total_r\&quot;:0,\&quot;last\&quot;:true,\&quot;risk_open\&quot;:0,\&quot;clean_value\&quot;:155916.81,\&quot;date\&quot;:\&quot;2014-03-21\&quot;,\&quot;beta\&quot;:0,\&quot;fluctuate_rate\&quot;:null,\&quot;id\&quot;:\&quot;\&quot;,\&quot;name\&quot;:\&quot;深燃转债-113006\&quot;,\&quot;alpha\&quot;:0,\&quot;asset_value_percent\&quot;:0.17414457927426402,\&quot;m3_r\&quot;:0,\&quot;var_v\&quot;:-0.6345323768030464,\&quot;parent_id\&quot;:\&quot;\&quot;},{\&quot;m1_r\&quot;:0,\&quot;total_r\&quot;:0,\&quot;risk_open\&quot;:0,\&quot;clean_value\&quot;:2.062290485000001E7,\&quot;date\&quot;:\&quot;2014-03-21\&quot;,\&quot;beta\&quot;:0,\&quot;fluctuate_rate\&quot;:0,\&quot;id\&quot;:\&quot;\&quot;,\&quot;name\&quot;:\&quot;其他类\&quot;,\&quot;alpha\&quot;:0,\&quot;asset_value_percent\&quot;:23.033867153364866,\&quot;m3_r\&quot;:0,\&quot;var_v\&quot;:0,\&quot;parent_id\&quot;:\&quot;\&quot;},{\&quot;m1_r\&quot;:0,\&quot;total_r\&quot;:0,\&quot;last\&quot;:true,\&quot;risk_open\&quot;:0,\&quot;clean_value\&quot;:856446.89,\&quot;date\&quot;:\&quot;2014-03-21\&quot;,\&quot;beta\&quot;:0,\&quot;fluctuate_rate\&quot;:0,\&quot;id\&quot;:\&quot;\&quot;,\&quot;name\&quot;:\&quot;银行存款\&quot;,\&quot;alpha\&quot;:0,\&quot;asset_value_percent\&quot;:0.9565715417715503,\&quot;m3_r\&quot;:0,\&quot;var_v\&quot;:0,\&quot;parent_id\&quot;:\&quot;\&quot;},{\&quot;m1_r\&quot;:0,\&quot;total_r\&quot;:0,\&quot;last\&quot;:true,\&quot;risk_open\&quot;:0,\&quot;clean_value\&quot;:8638461.36,\&quot;date\&quot;:\&quot;2014-03-21\&quot;,\&quot;beta\&quot;:0,\&quot;fluctuate_rate\&quot;:0,\&quot;id\&quot;:\&quot;\&quot;,\&quot;name\&quot;:\&quot;存出保证金\&quot;,\&quot;alpha\&quot;:0,\&quot;asset_value_percent\&quot;:9.648358115550124,\&quot;m3_r\&quot;:0,\&quot;var_v\&quot;:0,\&quot;parent_id\&quot;:\&quot;\&quot;},{\&quot;m1_r\&quot;:0,\&quot;total_r\&quot;:0,\&quot;last\&quot;:true,\&quot;risk_open\&quot;:0,\&quot;clean_value\&quot;:9393177.11,\&quot;date\&quot;:\&quot;2014-03-21\&quot;,\&quot;beta\&quot;:0,\&quot;fluctuate_rate\&quot;:0,\&quot;id\&quot;:\&quot;\&quot;,\&quot;name\&quot;:\&quot;清算备付金\&quot;,\&quot;alpha\&quot;:0,\&quot;asset_value_percent\&quot;:10.49130543313192,\&quot;m3_r\&quot;:0,\&quot;var_v\&quot;:0,\&quot;parent_id\&quot;:\&quot;\&quot;},{\&quot;m1_r\&quot;:0,\&quot;total_r\&quot;:0,\&quot;last\&quot;:true,\&quot;risk_open\&quot;:0,\&quot;clean_value\&quot;:1734819.49000001,\&quot;date\&quot;:\&quot;2014-03-21\&quot;,\&quot;beta\&quot;:0,\&quot;fluctuate_rate\&quot;:0,\&quot;id\&quot;:\&quot;\&quot;,\&quot;name\&quot;:\&quot;其他资产\&quot;,\&quot;alpha\&quot;:0,\&quot;asset_value_percent\&quot;:1.9376320629112733,\&quot;m3_r\&quot;:0,\&quot;var_v\&quot;:0,\&quot;parent_id\&quot;:\&quot;\&quot;},{\&quot;m1_r\&quot;:0,\&quot;total_r\&quot;:0,\&quot;last\&quot;:true,\&quot;risk_open\&quot;:0,\&quot;clean_value\&quot;:-343116.87,\&quot;date\&quot;:\&quot;2014-03-21\&quot;,\&quot;beta\&quot;:0,\&quot;fluctuate_rate\&quot;:0,\&quot;id\&quot;:\&quot;\&quot;,\&quot;name\&quot;:\&quot;其他负债\&quot;,\&quot;alpha\&quot;:0,\&quot;asset_value_percent\&quot;:-0.3832296400115699,\&quot;m3_r\&quot;:0,\&quot;var_v\&quot;:0,\&quot;parent_id\&quot;:\&quot;\&quot;}]},\&quot;message\&quot;:\&quot;成功\&quot;}&quot;
     but: was &quot;{\&quot;code\&quot;:0,\&quot;data\&quot;:{\&quot;count\&quot;:8,\&quot;result\&quot;:[{\&quot;m1_r\&quot;:-3.8700096095046765,\&quot;total_r\&quot;:-3.8700096095046765,\&quot;risk_open\&quot;:32.08370848318596,\&quot;clean_value\&quot;:9.700876359999998E7,\&quot;date\&quot;:\&quot;2014-03-18\&quot;,\&quot;beta\&quot;:0.3667182010932133,\&quot;fluctuate_rate\&quot;:16.501945142297338,\&quot;id\&quot;:\&quot;\&quot;,\&quot;name\&quot;:\&quot;精选1号\&quot;,\&quot;alpha\&quot;:0.20752940966255579,\&quot;asset_value_percent\&quot;:104.35480642333627,\&quot;m3_r\&quot;:-3.8700096095046765,\&quot;first\&quot;:true,\&quot;var_v\&quot;:-1.5523587229461118},{\&quot;m1_r\&quot;:-4.664648631069013,\&quot;total_r\&quot;:0,\&quot;risk_open\&quot;:0,\&quot;clean_value\&quot;:7.239291458E7,\&quot;date\&quot;:\&quot;2014-03-18\&quot;,\&quot;beta\&quot;:0.7466221462332375,\&quot;fluctuate_rate\&quot;:20.61068453569669,\&quot;id\&quot;:\&quot;\&quot;,\&quot;name\&quot;:\&quot;股票类\&quot;,\&quot;alpha\&quot;:0.24510627206463492,\&quot;asset_value_percent\&quot;:77.87490848318596,\&quot;m3_r\&quot;:-4.664648631069013,\&quot;var_v\&quot;:-2.1441181389957755,\&quot;parent_id\&quot;:\&quot;\&quot;},{\&quot;m1_r\&quot;:-7.13812165740787,\&quot;total_r\&quot;:0,\&quot;risk_open\&quot;:0,\&quot;clean_value\&quot;:3.0530968509999998E7,\&quot;date\&quot;:\&quot;2014-03-18\&quot;,\&quot;beta\&quot;:0.36111136291115603,\&quot;fluctuate_rate\&quot;:32.873843709763385,\&quot;id\&quot;:\&quot;\&quot;,\&quot;name\&quot;:\&quot;电子\&quot;,\&quot;alpha\&quot;:-0.007223269928414407,\&quot;asset_value_percent\&quot;:32.84294315836458,\&quot;m3_r\&quot;:-7.13812165740787,\&quot;var_v\&quot;:-3.419847820897874,\&quot;parent_id\&quot;:\&quot;\&quot;},{\&quot;m1_r\&quot;:-17.649086521889,\&quot;total_r\&quot;:0,\&quot;last\&quot;:true,\&quot;risk_open\&quot;:0,\&quot;clean_value\&quot;:1646184,\&quot;date\&quot;:\&quot;2014-03-18\&quot;,\&quot;beta\&quot;:1.2873926167090513,\&quot;fluctuate_rate\&quot;:44.99845263461974,\&quot;id\&quot;:\&quot;\&quot;,\&quot;name\&quot;:\&quot;勤上光电-002638\&quot;,\&quot;alpha\&quot;:-0.05550604842273661,\&quot;asset_value_percent\&quot;:1.7708422031387838,\&quot;m3_r\&quot;:-17.649086521889,\&quot;var_v\&quot;:-4.119080015606117,\&quot;parent_id\&quot;:\&quot;\&quot;},{\&quot;m1_r\&quot;:-16.000740775035883,\&quot;total_r\&quot;:0,\&quot;last\&quot;:true,\&quot;risk_open\&quot;:0,\&quot;clean_value\&quot;:5927500,\&quot;date\&quot;:\&quot;2014-03-18\&quot;,\&quot;beta\&quot;:0.9830510486061884,\&quot;fluctuate_rate\&quot;:50.78629235453445,\&quot;id\&quot;:\&quot;\&quot;,\&quot;name\&quot;:\&quot;三安光电-600703\&quot;,\&quot;alpha\&quot;:0.030410767848467118,\&quot;asset_value_percent\&quot;:6.376363249251081,\&quot;m3_r\&quot;:-17.234615209160165,\&quot;var_v\&quot;:-5.194474994059902,\&quot;parent_id\&quot;:\&quot;\&quot;},{\&quot;m1_r\&quot;:-16.44859813084113,\&quot;total_r\&quot;:0,\&quot;last\&quot;:true,\&quot;risk_open\&quot;:0,\&quot;clean_value\&quot;:3056240,\&quot;date\&quot;:\&quot;2014-03-18\&quot;,\&quot;beta\&quot;:0.15667575201559647,\&quot;fluctuate_rate\&quot;:54.91489851633643,\&quot;id\&quot;:\&quot;\&quot;,\&quot;name\&quot;:\&quot;佛山照明-000541\&quot;,\&quot;alpha\&quot;:0.2253598352795983,\&quot;asset_value_percent\&quot;:3.28767548155059,\&quot;m3_r\&quot;:-16.44859813084113,\&quot;var_v\&quot;:-5.136059094795764,\&quot;parent_id\&quot;:\&quot;\&quot;},{\&quot;m1_r\&quot;:-19.75953079178886,\&quot;total_r\&quot;:0,\&quot;last\&quot;:true,\&quot;risk_open\&quot;:0,\&quot;clean_value\&quot;:1955640.56,\&quot;date\&quot;:\&quot;2014-03-18\&quot;,\&quot;beta\&quot;:1.1639903570366794,\&quot;fluctuate_rate\&quot;:45.68984217633276,\&quot;id\&quot;:\&quot;\&quot;,\&quot;name\&quot;:\&quot;歌尔声学-002241\&quot;,\&quot;alpha\&quot;:-0.09308750558649206,\&quot;asset_value_percent\&quot;:2.103732534041131,\&quot;m3_r\&quot;:-23.38793224135517,\&quot;var_v\&quot;:-4.673626885890354,\&quot;parent_id\&quot;:\&quot;\&quot;},{\&quot;m1_r\&quot;:-28.288605367355913,\&quot;total_r\&quot;:0,\&quot;last\&quot;:true,\&quot;risk_open\&quot;:0,\&quot;clean_value\&quot;:2078400,\&quot;date\&quot;:\&quot;2014-03-18\&quot;,\&quot;beta\&quot;:1.8309076325381124,\&quot;fluctuate_rate\&quot;:55.42261928791161,\&quot;id\&quot;:\&quot;\&quot;,\&quot;name\&quot;:\&quot;安洁科技-002635\&quot;,\&quot;alpha\&quot;:-0.06371700922329412,\&quot;asset_value_percent\&quot;:2.235788001222007,\&quot;m3_r\&quot;:-28.288605367355913,\&quot;var_v\&quot;:-4.5855829230102385,\&quot;parent_id\&quot;:\&quot;\&quot;},{\&quot;m1_r\&quot;:-16.469228546662805,\&quot;total_r\&quot;:0,\&quot;last\&quot;:true,\&quot;risk_open\&quot;:0,\&quot;clean_value\&quot;:4814500.6,\&quot;date\&quot;:\&quot;2014-03-18\&quot;,\&quot;beta\&quot;:1.2019229143687369,\&quot;fluctuate_rate\&quot;:44.49761383591027,\&quot;id\&quot;:\&quot;\&quot;,\&quot;name\&quot;:\&quot;大族激光-002008\&quot;,\&quot;alpha\&quot;:-0.03287484172202393,\&quot;asset_value_percent\&quot;:5.1790813478426445,\&quot;m3_r\&quot;:-16.6658659620466,\&quot;var_v\&quot;:-4.551201630658422,\&quot;parent_id\&quot;:\&quot;\&quot;},{\&quot;m1_r\&quot;:-19.683138438325177,\&quot;total_r\&quot;:0,\&quot;last\&quot;:true,\&quot;risk_open\&quot;:0,\&quot;clean_value\&quot;:2657916,\&quot;date\&quot;:\&quot;2014-03-18\&quot;,\&quot;beta\&quot;:1.242294721781231,\&quot;fluctuate_rate\&quot;:57.57791776143681,\&quot;id\&quot;:\&quot;\&quot;,\&quot;name\&quot;:\&quot;阳光照明-600261\&quot;,\&quot;alpha\&quot;:0.09078823538154858,\&quot;asset_value_percent\&quot;:2.8591881741031524,\&quot;m3_r\&quot;:-24.34621944286527,\&quot;var_v\&quot;:-5.166841968934775,\&quot;parent_id\&quot;:\&quot;\&quot;},{\&quot;m1_r\&quot;:-19.337294793030512,\&quot;total_r\&quot;:0,\&quot;last\&quot;:true,\&quot;risk_open\&quot;:0,\&quot;clean_value\&quot;:5448518.35,\&quot;date\&quot;:\&quot;2014-03-18\&quot;,\&quot;beta\&quot;:1.0208497010198065,\&quot;fluctuate_rate\&quot;:48.57024600749923,\&quot;id\&quot;:\&quot;\&quot;,\&quot;name\&quot;:\&quot;德豪润达-002005\&quot;,\&quot;alpha\&quot;:-0.046092335662122584,\&quot;asset_value_percent\&quot;:5.86111044619319,\&quot;m3_r\&quot;:-20.37975941942539,\&quot;var_v\&quot;:-4.9675097541703535,\&quot;parent_id\&quot;:\&quot;\&quot;},{\&quot;m1_r\&quot;:-21.704180064308687,\&quot;total_r\&quot;:0,\&quot;last\&quot;:true,\&quot;risk_open\&quot;:0,\&quot;clean_value\&quot;:2946069,\&quot;date\&quot;:\&quot;2014-03-18\&quot;,\&quot;beta\&quot;:1.497433218440995,\&quot;fluctuate_rate\&quot;:46.09393857423387,\&quot;id\&quot;:\&quot;\&quot;,\&quot;name\&quot;:\&quot;长盈精密-300115\&quot;,\&quot;alpha\&quot;:-0.3280781163547086,\&quot;asset_value_percent\&quot;:3.1691617210219967,\&quot;m3_r\&quot;:-25.306748466257666,\&quot;var_v\&quot;:-4.715618327870373,\&quot;parent_id\&quot;:\&quot;\&quot;},{\&quot;m1_r\&quot;:-5.313550703302694,\&quot;total_r\&quot;:0,\&quot;risk_open\&quot;:0,\&quot;clean_value\&quot;:1.02053567E7,\&quot;date\&quot;:\&quot;2014-03-18\&quot;,\&quot;beta\&quot;:0.12032575455252639,\&quot;fluctuate_rate\&quot;:44.777122283918196,\&quot;id\&quot;:\&quot;\&quot;,\&quot;name\&quot;:\&quot;化工\&quot;,\&quot;alpha\&quot;:0.09327372054071699,\&quot;asset_value_percent\&quot;:10.978163037938133,\&quot;m3_r\&quot;:-6.552351476112051,\&quot;var_v\&quot;:-4.6581393225780925,\&quot;parent_id\&quot;:\&quot;\&quot;},{\&quot;m1_r\&quot;:-11.965960402917686,\&quot;total_r\&quot;:0,\&quot;last\&quot;:true,\&quot;risk_open\&quot;:0,\&quot;clean_value\&quot;:1.02053567E7,\&quot;date\&quot;:\&quot;2014-03-18\&quot;,\&quot;beta\&quot;:1.096046343424732,\&quot;fluctuate_rate\&quot;:45.49177848529223,\&quot;id\&quot;:\&quot;\&quot;,\&quot;name\&quot;:\&quot;浙江龙盛-600352\&quot;,\&quot;alpha\&quot;:0.8496295802711564,\&quot;asset_value_percent\&quot;:10.978163037938133,\&quot;m3_r\&quot;:-11.965960402917686,\&quot;var_v\&quot;:-4.6581393225780925,\&quot;parent_id\&quot;:\&quot;\&quot;},{\&quot;m1_r\&quot;:-4.695616029586047,\&quot;total_r\&quot;:0,\&quot;risk_open\&quot;:0,\&quot;clean_value\&quot;:6993300,\&quot;date\&quot;:\&quot;2014-03-18\&quot;,\&quot;beta\&quot;:0.06616345707390606,\&quot;fluctuate_rate\&quot;:19.775481948323574,\&quot;id\&quot;:\&quot;\&quot;,\&quot;name\&quot;:\&quot;计算机\&quot;,\&quot;alpha\&quot;:0.01629673943652076,\&quot;asset_value_percent\&quot;:7.522871549723758,\&quot;m3_r\&quot;:-4.695616029586047,\&quot;var_v\&quot;:-2.0572324747073636,\&quot;parent_id\&quot;:\&quot;\&quot;},{\&quot;m1_r\&quot;:-13.109812365426022,\&quot;total_r\&quot;:0,\&quot;last\&quot;:true,\&quot;risk_open\&quot;:0,\&quot;clean_value\&quot;:2697300,\&quot;date\&quot;:\&quot;2014-03-18\&quot;,\&quot;beta\&quot;:1.1823446544940013,\&quot;fluctuate_rate\&quot;:59.80112555511382,\&quot;id\&quot;:\&quot;\&quot;,\&quot;name\&quot;:\&quot;神州泰岳-300002\&quot;,\&quot;alpha\&quot;:-0.10583633839562148,\&quot;asset_value_percent\&quot;:2.9015545495073707,\&quot;m3_r\&quot;:-21.755027422303463,\&quot;var_v\&quot;:-5.244223411016907,\&quot;parent_id\&quot;:\&quot;\&quot;},{\&quot;m1_r\&quot;:-11.303339293480896,\&quot;total_r\&quot;:0,\&quot;last\&quot;:true,\&quot;risk_open\&quot;:0,\&quot;clean_value\&quot;:4296000,\&quot;date\&quot;:\&quot;2014-03-18\&quot;,\&quot;beta\&quot;:0.6893507188337541,\&quot;fluctuate_rate\&quot;:47.91182740433298,\&quot;id\&quot;:\&quot;\&quot;,\&quot;name\&quot;:\&quot;航天信息-600271\&quot;,\&quot;alpha\&quot;:0.41909348628029763,\&quot;asset_value_percent\&quot;:4.621317000216388,\&quot;m3_r\&quot;:-11.303339293480896,\&quot;var_v\&quot;:-3.162810963501541,\&quot;parent_id\&quot;:\&quot;\&quot;},{\&quot;m1_r\&quot;:-5.411879340284409,\&quot;total_r\&quot;:0,\&quot;risk_open\&quot;:0,\&quot;clean_value\&quot;:6818726,\&quot;date\&quot;:\&quot;2014-03-18\&quot;,\&quot;beta\&quot;:0.09184916632693071,\&quot;fluctuate_rate\&quot;:39.58464057939267,\&quot;id\&quot;:\&quot;\&quot;,\&quot;name\&quot;:\&quot;医药生物\&quot;,\&quot;alpha\&quot;:0.050946517397570126,\&quot;asset_value_percent\&quot;:7.335077836037591,\&quot;m3_r\&quot;:-5.411879340284409,\&quot;var_v\&quot;:-4.117968316137498,\&quot;parent_id\&quot;:\&quot;\&quot;},{\&quot;m1_r\&quot;:-16.22060016220601,\&quot;total_r\&quot;:0,\&quot;last\&quot;:true,\&quot;risk_open\&quot;:0,\&quot;clean_value\&quot;:1808000,\&quot;date\&quot;:\&quot;2014-03-18\&quot;,\&quot;beta\&quot;:1.172648555853117,\&quot;fluctuate_rate\&quot;:76.53964288606561,\&quot;id\&quot;:\&quot;\&quot;,\&quot;name\&quot;:\&quot;运盛实业-600767\&quot;,\&quot;alpha\&quot;:1.0320726894541044,\&quot;asset_value_percent\&quot;:1.9449118101469345,\&quot;m3_r\&quot;:-16.22060016220601,\&quot;var_v\&quot;:-8.474997082407485,\&quot;parent_id\&quot;:\&quot;\&quot;},{\&quot;m1_r\&quot;:-8.999699006722183,\&quot;total_r\&quot;:0,\&quot;last\&quot;:true,\&quot;risk_open\&quot;:0,\&quot;clean_value\&quot;:5010726,\&quot;date\&quot;:\&quot;2014-03-18\&quot;,\&quot;beta\&quot;:1.2808916412035307,\&quot;fluctuate_rate\&quot;:50.21792706590227,\&quot;id\&quot;:\&quot;\&quot;,\&quot;name\&quot;:\&quot;中国医药-600056\&quot;,\&quot;alpha\&quot;:0.5727766755751216,\&quot;asset_value_percent\&quot;:5.390166025890657,\&quot;m3_r\&quot;:-8.999699006722183,\&quot;var_v\&quot;:-5.311987529695158,\&quot;parent_id\&quot;:\&quot;\&quot;},{\&quot;m1_r\&quot;:-5.136173541349454,\&quot;total_r\&quot;:0,\&quot;risk_open\&quot;:0,\&quot;clean_value\&quot;:6795334.73,\&quot;date\&quot;:\&quot;2014-03-18\&quot;,\&quot;beta\&quot;:0.07288680498857111,\&quot;fluctuate_rate\&quot;:24.208211026828995,\&quot;id\&quot;:\&quot;\&quot;,\&quot;name\&quot;:\&quot;食品饮料\&quot;,\&quot;alpha\&quot;:0.021734940692043653,\&quot;asset_value_percent\&quot;:7.309915249047916,\&quot;m3_r\&quot;:-5.136173541349454,\&quot;var_v\&quot;:-2.518366834704797,\&quot;parent_id\&quot;:\&quot;\&quot;},{\&quot;m1_r\&quot;:-16.823406478578896,\&quot;total_r\&quot;:0,\&quot;last\&quot;:true,\&quot;risk_open\&quot;:0,\&quot;clean_value\&quot;:1910942.79,\&quot;date\&quot;:\&quot;2014-03-18\&quot;,\&quot;beta\&quot;:0.5420951943949447,\&quot;fluctuate_rate\&quot;:59.25116676315657,\&quot;id\&quot;:\&quot;\&quot;,\&quot;name\&quot;:\&quot;惠泉啤酒-600573\&quot;,\&quot;alpha\&quot;:0.3484562672509403,\&quot;asset_value_percent\&quot;:2.055650000434808,\&quot;m3_r\&quot;:-16.823406478578896,\&quot;var_v\&quot;:-6.05017438139706,\&quot;parent_id\&quot;:\&quot;\&quot;},{\&quot;m1_r\&quot;:-12.35706381409073,\&quot;total_r\&quot;:0,\&quot;last\&quot;:true,\&quot;risk_open\&quot;:0,\&quot;clean_value\&quot;:2104391.94,\&quot;date\&quot;:\&quot;2014-03-18\&quot;,\&quot;beta\&quot;:1.2490056427650498,\&quot;fluctuate_rate\&quot;:37.42155792693686,\&quot;id\&quot;:\&quot;\&quot;,\&quot;name\&quot;:\&quot;上海梅林-600073\&quot;,\&quot;alpha\&quot;:0.18597387910277768,\&quot;asset_value_percent\&quot;:2.263748195400453,\&quot;m3_r\&quot;:-12.550607287449388,\&quot;var_v\&quot;:-3.8259729237693336,\&quot;parent_id\&quot;:\&quot;\&quot;},{\&quot;m1_r\&quot;:-9.184549356223181,\&quot;total_r\&quot;:0,\&quot;last\&quot;:true,\&quot;risk_open\&quot;:0,\&quot;clean_value\&quot;:2780000,\&quot;date\&quot;:\&quot;2014-03-18\&quot;,\&quot;beta\&quot;:1.1191670814294727,\&quot;fluctuate_rate\&quot;:34.36992108032278,\&quot;id\&quot;:\&quot;\&quot;,\&quot;name\&quot;:\&quot;得利斯-002330\&quot;,\&quot;alpha\&quot;:0.3464925601928143,\&quot;asset_value_percent\&quot;:2.9905170532126535,\&quot;m3_r\&quot;:-9.184549356223181,\&quot;var_v\&quot;:-3.0868681244219016,\&quot;parent_id\&quot;:\&quot;\&quot;},{\&quot;m1_r\&quot;:-5.789473684210522,\&quot;total_r\&quot;:0,\&quot;risk_open\&quot;:0,\&quot;clean_value\&quot;:4911630.64,\&quot;date\&quot;:\&quot;2014-03-18\&quot;,\&quot;beta\&quot;:0.017699174716027617,\&quot;fluctuate_rate\&quot;:25.6039885062723,\&quot;id\&quot;:\&quot;\&quot;,\&quot;name\&quot;:\&quot;轻工制造\&quot;,\&quot;alpha\&quot;:-0.007003531490822719,\&quot;asset_value_percent\&quot;:5.283566614389129,\&quot;m3_r\&quot;:-5.789473684210522,\&quot;var_v\&quot;:-2.6635687956825107,\&quot;parent_id\&quot;:\&quot;\&quot;},{\&quot;m1_r\&quot;:-15.241765942536778,\&quot;total_r\&quot;:0,\&quot;last\&quot;:true,\&quot;risk_open\&quot;:0,\&quot;clean_value\&quot;:4911630.64,\&quot;date\&quot;:\&quot;2014-03-18\&quot;,\&quot;beta\&quot;:0.3349853613622688,\&quot;fluctuate_rate\&quot;:51.69745043557687,\&quot;id\&quot;:\&quot;\&quot;,\&quot;name\&quot;:\&quot;宜华木业-600978\&quot;,\&quot;alpha\&quot;:-0.1325531028935924,\&quot;asset_value_percent\&quot;:5.283566614389129,\&quot;m3_r\&quot;:-19.42038640906062,\&quot;var_v\&quot;:-2.9671604547581767,\&quot;parent_id\&quot;:\&quot;\&quot;},{\&quot;m1_r\&quot;:-9.372797744890772,\&quot;total_r\&quot;:0,\&quot;risk_open\&quot;:0,\&quot;clean_value\&quot;:3873000,\&quot;date\&quot;:\&quot;2014-03-18\&quot;,\&quot;beta\&quot;:-0.02924977124892555,\&quot;fluctuate_rate\&quot;:75.29869575615662,\&quot;id\&quot;:\&quot;\&quot;,\&quot;name\&quot;:\&quot;钢铁\&quot;,\&quot;alpha\&quot;:0.0457425631859529,\&quot;asset_value_percent\&quot;:4.166285088882233,\&quot;m3_r\&quot;:-9.372797744890772,\&quot;var_v\&quot;:-7.833281768680578,\&quot;parent_id\&quot;:\&quot;\&quot;},{\&quot;m1_r\&quot;:-20.52001019627835,\&quot;total_r\&quot;:0,\&quot;last\&quot;:true,\&quot;risk_open\&quot;:0,\&quot;clean_value\&quot;:3873000,\&quot;date\&quot;:\&quot;2014-03-18\&quot;,\&quot;beta\&quot;:-0.7020588035844885,\&quot;fluctuate_rate\&quot;:76.49868495591728,\&quot;id\&quot;:\&quot;\&quot;,\&quot;name\&quot;:\&quot;物产中拓-000906\&quot;,\&quot;alpha\&quot;:1.0979220627032296,\&quot;asset_value_percent\&quot;:4.166285088882233,\&quot;m3_r\&quot;:-20.52001019627835,\&quot;var_v\&quot;:-7.833281768680578,\&quot;parent_id\&quot;:\&quot;\&quot;},{\&quot;m1_r\&quot;:-5.902951475737872,\&quot;total_r\&quot;:0,\&quot;risk_open\&quot;:0,\&quot;clean_value\&quot;:2172000,\&quot;date\&quot;:\&quot;2014-03-18\&quot;,\&quot;beta\&quot;:0.04534993141705713,\&quot;fluctuate_rate\&quot;:37.36320503514759,\&quot;id\&quot;:\&quot;\&quot;,\&quot;name\&quot;:\&quot;汽车\&quot;,\&quot;alpha\&quot;:0.03092597164760524,\&quot;asset_value_percent\&quot;:2.336475913517224,\&quot;m3_r\&quot;:-9.990958408679928,\&quot;var_v\&quot;:-3.886873602287672,\&quot;parent_id\&quot;:\&quot;\&quot;},{\&quot;m1_r\&quot;:-23.49514563106796,\&quot;total_r\&quot;:0,\&quot;last\&quot;:true,\&quot;risk_open\&quot;:0,\&quot;clean_value\&quot;:2172000,\&quot;date\&quot;:\&quot;2014-03-18\&quot;,\&quot;beta\&quot;:1.9409543729808632,\&quot;fluctuate_rate\&quot;:73.54172710588351,\&quot;id\&quot;:\&quot;\&quot;,\&quot;name\&quot;:\&quot;星宇股份-601799\&quot;,\&quot;alpha\&quot;:1.3236161121408991,\&quot;asset_value_percent\&quot;:2.336475913517224,\&quot;m3_r\&quot;:-23.49514563106796,\&quot;var_v\&quot;:-6.278419592982737,\&quot;parent_id\&quot;:\&quot;\&quot;},{\&quot;m1_r\&quot;:-7.3002754820936655,\&quot;total_r\&quot;:0,\&quot;risk_open\&quot;:0,\&quot;clean_value\&quot;:92598,\&quot;date\&quot;:\&quot;2014-03-18\&quot;,\&quot;beta\&quot;:4.862654959879331E-4,\&quot;fluctuate_rate\&quot;:0,\&quot;id\&quot;:\&quot;\&quot;,\&quot;name\&quot;:\&quot;农林牧渔\&quot;,\&quot;alpha\&quot;:4.126205834624554E-4,\&quot;asset_value_percent\&quot;:0.0996100352853904,\&quot;m3_r\&quot;:-7.3002754820936655,\&quot;var_v\&quot;:0,\&quot;parent_id\&quot;:\&quot;\&quot;},{\&quot;m1_r\&quot;:-12.307692307692308,\&quot;total_r\&quot;:0,\&quot;last\&quot;:true,\&quot;risk_open\&quot;:0,\&quot;clean_value\&quot;:92598,\&quot;date\&quot;:\&quot;2014-03-18\&quot;,\&quot;beta\&quot;:0.4881691835513812,\&quot;fluctuate_rate\&quot;:42.918600222843786,\&quot;id\&quot;:\&quot;\&quot;,\&quot;name\&quot;:\&quot;民和股份-002234\&quot;,\&quot;alpha\&quot;:0.41423595753205567,\&quot;asset_value_percent\&quot;:0.0996100352853904,\&quot;m3_r\&quot;:-16.534472239170228,\&quot;var_v\&quot;:0,\&quot;parent_id\&quot;:\&quot;\&quot;},{\&quot;m1_r\&quot;:-0.5633111016281056,\&quot;total_r\&quot;:-1.6460442327173364,\&quot;risk_open\&quot;:0,\&quot;clean_value\&quot;:156150.37,\&quot;date\&quot;:\&quot;2014-03-18\&quot;,\&quot;beta\&quot;:1.802505585727596E-4,\&quot;fluctuate_rate\&quot;:5.9459982164662915,\&quot;id\&quot;:\&quot;\&quot;,\&quot;name\&quot;:\&quot;债券类\&quot;,\&quot;alpha\&quot;:1.4404955928868133E-4,\&quot;asset_value_percent\&quot;:0.16797494401095883,\&quot;m3_r\&quot;:-1.6460442327173364,\&quot;var_v\&quot;:-0.6185589133772534,\&quot;parent_id\&quot;:\&quot;\&quot;},{\&quot;m1_r\&quot;:-1.1971758927657894,\&quot;total_r\&quot;:-4.87435664547381,\&quot;last\&quot;:true,\&quot;risk_open\&quot;:0,\&quot;clean_value\&quot;:156150.37,\&quot;date\&quot;:\&quot;2014-03-18\&quot;,\&quot;beta\&quot;:0.10730800336566858,\&quot;fluctuate_rate\&quot;:6.053820261698015,\&quot;id\&quot;:\&quot;\&quot;,\&quot;name\&quot;:\&quot;深燃转债-113006\&quot;,\&quot;alpha\&quot;:0.08575657526594169,\&quot;asset_value_percent\&quot;:0.16797494401095883,\&quot;m3_r\&quot;:-4.87435664547381,\&quot;var_v\&quot;:-0.6185589133772534,\&quot;parent_id\&quot;:\&quot;\&quot;},{\&quot;m1_r\&quot;:0,\&quot;total_r\&quot;:0,\&quot;risk_open\&quot;:0,\&quot;clean_value\&quot;:2.4459698650000002E7,\&quot;date\&quot;:\&quot;2014-03-18\&quot;,\&quot;beta\&quot;:0,\&quot;fluctuate_rate\&quot;:0,\&quot;id\&quot;:\&quot;\&quot;,\&quot;name\&quot;:\&quot;其他类\&quot;,\&quot;alpha\&quot;:0,\&quot;asset_value_percent\&quot;:26.311922996139398,\&quot;m3_r\&quot;:0,\&quot;var_v\&quot;:0,\&quot;parent_id\&quot;:\&quot;\&quot;},{\&quot;m1_r\&quot;:0,\&quot;total_r\&quot;:0,\&quot;last\&quot;:true,\&quot;risk_open\&quot;:0,\&quot;clean_value\&quot;:1683069.82,\&quot;date\&quot;:\&quot;2014-03-18\&quot;,\&quot;beta\&quot;:0,\&quot;fluctuate_rate\&quot;:0,\&quot;id\&quot;:\&quot;\&quot;,\&quot;name\&quot;:\&quot;银行存款\&quot;,\&quot;alpha\&quot;:0,\&quot;asset_value_percent\&quot;:1.810521222466745,\&quot;m3_r\&quot;:0,\&quot;var_v\&quot;:0,\&quot;parent_id\&quot;:\&quot;\&quot;},{\&quot;m1_r\&quot;:0,\&quot;total_r\&quot;:0,\&quot;last\&quot;:true,\&quot;risk_open\&quot;:0,\&quot;clean_value\&quot;:5313134.16,\&quot;date\&quot;:\&quot;2014-03-18\&quot;,\&quot;beta\&quot;:0,\&quot;fluctuate_rate\&quot;:0,\&quot;id\&quot;:\&quot;\&quot;,\&quot;name\&quot;:\&quot;存出保证金\&quot;,\&quot;alpha\&quot;:0,\&quot;asset_value_percent\&quot;:5.715474212764995,\&quot;m3_r\&quot;:0,\&quot;var_v\&quot;:0,\&quot;parent_id\&quot;:\&quot;\&quot;},{\&quot;m1_r\&quot;:0,\&quot;total_r\&quot;:0,\&quot;last\&quot;:true,\&quot;risk_open\&quot;:0,\&quot;clean_value\&quot;:1.417945539E7,\&quot;date\&quot;:\&quot;2014-03-18\&quot;,\&quot;beta\&quot;:0,\&quot;fluctuate_rate\&quot;:0,\&quot;id\&quot;:\&quot;\&quot;,\&quot;name\&quot;:\&quot;清算备付金\&quot;,\&quot;alpha\&quot;:0,\&quot;asset_value_percent\&quot;:15.253202571605426,\&quot;m3_r\&quot;:0,\&quot;var_v\&quot;:0,\&quot;parent_id\&quot;:\&quot;\&quot;},{\&quot;m1_r\&quot;:0,\&quot;total_r\&quot;:0,\&quot;last\&quot;:true,\&quot;risk_open\&quot;:0,\&quot;clean_value\&quot;:3284039.280000001,\&quot;date\&quot;:\&quot;2014-03-18\&quot;,\&quot;beta\&quot;:0,\&quot;fluctuate_rate\&quot;:0,\&quot;id\&quot;:\&quot;\&quot;,\&quot;name\&quot;:\&quot;其他资产\&quot;,\&quot;alpha\&quot;:0,\&quot;asset_value_percent\&quot;:3.5327249893022334,\&quot;m3_r\&quot;:0,\&quot;var_v\&quot;:0,\&quot;parent_id\&quot;:\&quot;\&quot;},{\&quot;m1_r\&quot;:0,\&quot;total_r\&quot;:0,\&quot;last\&quot;:true,\&quot;risk_open\&quot;:0,\&quot;clean_value\&quot;:-4048250.4,\&quot;date\&quot;:\&quot;2014-03-18\&quot;,\&quot;beta\&quot;:0,\&quot;fluctuate_rate\&quot;:0,\&quot;id\&quot;:\&quot;\&quot;,\&quot;name\&quot;:\&quot;其他负债\&quot;,\&quot;alpha\&quot;:0,\&quot;asset_value_percent\&quot;:-4.354806423336312,\&quot;m3_r\&quot;:0,\&quot;var_v\&quot;:0,\&quot;parent_id\&quot;:\&quot;\&quot;},{\&quot;m1_r\&quot;:-3.8700096095046765,\&quot;total_r\&quot;:-3.8700096095046765,\&quot;risk_open\&quot;:30.15153854254997,\&quot;clean_value\&quot;:9.293858135E7,\&quot;date\&quot;:\&quot;2014-03-19\&quot;,\&quot;beta\&quot;:0.3733103092035551,\&quot;fluctuate_rate\&quot;:16.566411455019693,\&quot;id\&quot;:\&quot;\&quot;,\&quot;name\&quot;:\&quot;精选1号\&quot;,\&quot;alpha\&quot;:0.20768834698239327,\&quot;asset_value_percent\&quot;:100.33949811968527,\&quot;m3_r\&quot;:-3.8700096095046765,\&quot;first\&quot;:true,\&quot;var_v\&quot;:-1.5741726171778108},{\&quot;m1_r\&quot;:-4.664648631069013,\&quot;total_r\&quot;:0,\&quot;risk_open\&quot;:0,\&quot;clean_value\&quot;:7.193517239E7,\&quot;date\&quot;:\&quot;2014-03-19\&quot;,\&quot;beta\&quot;:0.7419909775015263,\&quot;fluctuate_rate\&quot;:20.674331041913074,\&quot;id\&quot;:\&quot;\&quot;,\&quot;name\&quot;:\&quot;股票类\&quot;,\&quot;alpha\&quot;:0.23475274396091805,\&quot;asset_value_percent\&quot;:77.66353854254997,\&quot;m3_r\&quot;:-4.664648631069013,\&quot;var_v\&quot;:-2.1507392499164677,\&quot;parent_id\&quot;:\&quot;\&quot;},{\&quot;m1_r\&quot;:-7.13812165740787,\&quot;total_r\&quot;:0,\&quot;risk_open\&quot;:0,\&quot;clean_value\&quot;:2.9867088030000005E7,\&quot;date\&quot;:\&quot;2014-03-19\&quot;,\&quot;beta\&quot;:0.36017139520048036,\&quot;fluctuate_rate\&quot;:33.385689274495284,\&quot;id\&quot;:\&quot;\&quot;,\&quot;name\&quot;:\&quot;电子\&quot;,\&quot;alpha\&quot;:-0.019257766129583284,\&quot;asset_value_percent\&quot;:32.245474158258816,\&quot;m3_r\&quot;:-7.13812165740787,\&quot;var_v\&quot;:-3.4730948325536715,\&quot;parent_id\&quot;:\&quot;\&quot;},{\&quot;m1_r\&quot;:-17.649086521889,\&quot;total_r\&quot;:0,\&quot;last\&quot;:true,\&quot;risk_open\&quot;:0,\&quot;clean_value\&quot;:1632624,\&quot;date\&quot;:\&quot;2014-03-19\&quot;,\&quot;beta\&quot;:1.278921041845785,\&quot;fluctuate_rate\&quot;:44.936720130603824,\&quot;id\&quot;:\&quot;\&quot;,\&quot;name\&quot;:\&quot;勤上光电-002638\&quot;,\&quot;alpha\&quot;:-0.05940793332278983,\&quot;asset_value_percent\&quot;:1.7626336705230228,\&quot;m3_r\&quot;:-17.649086521889,\&quot;var_v\&quot;:-4.1170182902256105,\&quot;parent_id\&quot;:\&quot;\&quot;},{\&quot;m1_r\&quot;:-16.000740775035883,\&quot;total_r\&quot;:0,\&quot;last\&quot;:true,\&quot;risk_open\&quot;:0,\&quot;clean_value\&quot;:5897500,\&quot;date\&quot;:\&quot;2014-03-19\&quot;,\&quot;beta\&quot;:0.9871105418615234,\&quot;fluctuate_rate\&quot;:50.79775272176079,\&quot;id\&quot;:\&quot;\&quot;,\&quot;name\&quot;:\&quot;三安光电-600703\&quot;,\&quot;alpha\&quot;:0.06183820494709343,\&quot;asset_value_percent\&quot;:6.367131728989362,\&quot;m3_r\&quot;:-17.234615209160165,\&quot;var_v\&quot;:-5.195667417955696,\&quot;parent_id\&quot;:\&quot;\&quot;},{\&quot;m1_r\&quot;:-19.75953079178886,\&quot;total_r\&quot;:0,\&quot;last\&quot;:true,\&quot;risk_open\&quot;:0,\&quot;clean_value\&quot;:1831821.06,\&quot;date\&quot;:\&quot;2014-03-19\&quot;,\&quot;beta\&quot;:1.2683225692741966,\&quot;fluctuate_rate\&quot;:48.82972644440609,\&quot;id\&quot;:\&quot;\&quot;,\&quot;name\&quot;:\&quot;歌尔声学-002241\&quot;,\&quot;alpha\&quot;:-0.18701961403979403,\&quot;asset_value_percent\&quot;:1.9776932586616236,\&quot;m3_r\&quot;:-23.38793224135517,\&quot;var_v\&quot;:-4.995644509463258,\&quot;parent_id\&quot;:\&quot;\&quot;},{\&quot;m1_r\&quot;:-16.44859813084113,\&quot;total_r\&quot;:0,\&quot;last\&quot;:true,\&quot;risk_open\&quot;:0,\&quot;clean_value\&quot;:2998860,\&quot;date\&quot;:\&quot;2014-03-19\&quot;,\&quot;beta\&quot;:0.1975130821000642,\&quot;fluctuate_rate\&quot;:55.19893832608594,\&quot;id\&quot;:\&quot;\&quot;,\&quot;name\&quot;:\&quot;佛山照明-000541\&quot;,\&quot;alpha\&quot;:0.19568398744342597,\&quot;asset_value_percent\&quot;:3.2376662410847032,\&quot;m3_r\&quot;:-16.44859813084113,\&quot;var_v\&quot;:-5.100149523476594,\&quot;parent_id\&quot;:\&quot;\&quot;},{\&quot;m1_r\&quot;:-28.288605367355913,\&quot;total_r\&quot;:0,\&quot;last\&quot;:true,\&quot;risk_open\&quot;:0,\&quot;clean_value\&quot;:1961400,\&quot;date\&quot;:\&quot;2014-03-19\&quot;,\&quot;beta\&quot;:1.9051691888872204,\&quot;fluctuate_rate\&quot;:57.5340959183834,\&quot;id\&quot;:\&quot;\&quot;,\&quot;name\&quot;:\&quot;安洁科技-002635\&quot;,\&quot;alpha\&quot;:-0.15426044869198433,\&quot;asset_value_percent\&quot;:2.117590872952901,\&quot;m3_r\&quot;:-28.288605367355913,\&quot;var_v\&quot;:-5.266126079458505,\&quot;parent_id\&quot;:\&quot;\&quot;},{\&quot;m1_r\&quot;:-16.469228546662805,\&quot;total_r\&quot;:0,\&quot;last\&quot;:true,\&quot;risk_open\&quot;:0,\&quot;clean_value\&quot;:4670295,\&quot;date\&quot;:\&quot;2014-03-19\&quot;,\&quot;beta\&quot;:1.2216821322356712,\&quot;fluctuate_rate\&quot;:45.00439568828328,\&quot;id\&quot;:\&quot;\&quot;,\&quot;name\&quot;:\&quot;大族激光-002008\&quot;,\&quot;alpha\&quot;:-0.12557922252770273,\&quot;asset_value_percent\&quot;:5.042201522380732,\&quot;m3_r\&quot;:-16.6658659620466,\&quot;var_v\&quot;:-4.603500697952904,\&quot;parent_id\&quot;:\&quot;\&quot;},{\&quot;m1_r\&quot;:-19.683138438325177,\&quot;total_r\&quot;:0,\&quot;last\&quot;:true,\&quot;risk_open\&quot;:0,\&quot;clean_value\&quot;:2630100.6,\&quot;date\&quot;:\&quot;2014-03-19\&quot;,\&quot;beta\&quot;:1.2400588560013355,\&quot;fluctuate_rate\&quot;:57.57496412075058,\&quot;id\&quot;:\&quot;\&quot;,\&quot;name\&quot;:\&quot;阳光照明-600261\&quot;,\&quot;alpha\&quot;:0.07402885317054869,\&quot;asset_value_percent\&quot;:2.8395416669256393,\&quot;m3_r\&quot;:-24.34621944286527,\&quot;var_v\&quot;:-5.074034719557775,\&quot;parent_id\&quot;:\&quot;\&quot;},{\&quot;m1_r\&quot;:-19.337294793030512,\&quot;total_r\&quot;:0,\&quot;last\&quot;:true,\&quot;risk_open\&quot;:0,\&quot;clean_value\&quot;:5290237.37,\&quot;date\&quot;:\&quot;2014-03-19\&quot;,\&quot;beta\&quot;:1.0216426804740424,\&quot;fluctuate_rate\&quot;:48.341139990250966,\&quot;id\&quot;:\&quot;\&quot;,\&quot;name\&quot;:\&quot;德豪润达-002005\&quot;,\&quot;alpha\&quot;:-0.19753890206137625,\&quot;asset_value_percent\&quot;:5.71151135437257,\&quot;m3_r\&quot;:-20.37975941942539,\&quot;var_v\&quot;:-4.944962495383801,\&quot;parent_id\&quot;:\&quot;\&quot;},{\&quot;m1_r\&quot;:-21.704180064308687,\&quot;total_r\&quot;:0,\&quot;last\&quot;:true,\&quot;risk_open\&quot;:0,\&quot;clean_value\&quot;:2954250,\&quot;date\&quot;:\&quot;2014-03-19\&quot;,\&quot;beta\&quot;:1.4984506143148166,\&quot;fluctuate_rate\&quot;:45.87139509184241,\&quot;id\&quot;:\&quot;\&quot;,\&quot;name\&quot;:\&quot;长盈精密-300115\&quot;,\&quot;alpha\&quot;:-0.18830272414049407,\&quot;asset_value_percent\&quot;:3.189503842368261,\&quot;m3_r\&quot;:-25.306748466257666,\&quot;var_v\&quot;:-4.692194649826352,\&quot;parent_id\&quot;:\&quot;\&quot;},{\&quot;m1_r\&quot;:-5.313550703302694,\&quot;total_r\&quot;:0,\&quot;risk_open\&quot;:0,\&quot;clean_value\&quot;:1.03649238E7,\&quot;date\&quot;:\&quot;2014-03-19\&quot;,\&quot;beta\&quot;:0.12171836362924161,\&quot;fluctuate_rate\&quot;:44.782083211767535,\&quot;id\&quot;:\&quot;\&quot;,\&quot;name\&quot;:\&quot;化工\&quot;,\&quot;alpha\&quot;:0.10586556783606993,\&quot;asset_value_percent\&quot;:11.190306942863414,\&quot;m3_r\&quot;:-6.552351476112051,\&quot;var_v\&quot;:-4.658655405164752,\&quot;parent_id\&quot;:\&quot;\&quot;},{\&quot;m1_r\&quot;:-11.965960402917686,\&quot;total_r\&quot;:0,\&quot;last\&quot;:true,\&quot;risk_open\&quot;:0,\&quot;clean_value\&quot;:1.03649238E7,\&quot;date\&quot;:\&quot;2014-03-19\&quot;,\&quot;beta\&quot;:1.087712466250688,\&quot;fluctuate_rate\&quot;:45.48825016023912,\&quot;id\&quot;:\&quot;\&quot;,\&quot;name\&quot;:\&quot;浙江龙盛-600352\&quot;,\&quot;alpha\&quot;:0.9460470421107205,\&quot;asset_value_percent\&quot;:11.190306942863414,\&quot;m3_r\&quot;:-11.965960402917686,\&quot;var_v\&quot;:-4.658655405164752,\&quot;parent_id\&quot;:\&quot;\&quot;},{\&quot;m1_r\&quot;:-5.136173541349454,\&quot;total_r\&quot;:0,\&quot;risk_open\&quot;:0,\&quot;clean_value\&quot;:6982221.41,\&quot;date\&quot;:\&quot;2014-03-19\&quot;,\&quot;beta\&quot;:0.0718713837246722,\&quot;fluctuate_rate\&quot;:25.352182520384407,\&quot;id\&quot;:\&quot;\&quot;,\&quot;name\&quot;:\&quot;食品饮料\&quot;,\&quot;alpha\&quot;:0.03232268872225268,\&quot;asset_value_percent\&quot;:7.538232043821931,\&quot;m3_r\&quot;:-5.136173541349454,\&quot;var_v\&quot;:-2.6373735579205206,\&quot;parent_id\&quot;:\&quot;\&quot;},{\&quot;m1_r\&quot;:-16.823406478578896,\&quot;total_r\&quot;:0,\&quot;last\&quot;:true,\&quot;risk_open\&quot;:0,\&quot;clean_value\&quot;:1985472.54,\&quot;date\&quot;:\&quot;2014-03-19\&quot;,\&quot;beta\&quot;:0.488389981916587,\&quot;fluctuate_rate\&quot;:60.1395276491756,\&quot;id\&quot;:\&quot;\&quot;,\&quot;name\&quot;:\&quot;惠泉啤酒-600573\&quot;,\&quot;alpha\&quot;:0.49022276822173305,\&quot;asset_value_percent\&quot;:2.143580365658516,\&quot;m3_r\&quot;:-16.823406478578896,\&quot;var_v\&quot;:-6.143281582052351,\&quot;parent_id\&quot;:\&quot;\&quot;},{\&quot;m1_r\&quot;:-12.35706381409073,\&quot;total_r\&quot;:0,\&quot;last\&quot;:true,\&quot;risk_open\&quot;:0,\&quot;clean_value\&quot;:2096748.87,\&quot;date\&quot;:\&quot;2014-03-19\&quot;,\&quot;beta\&quot;:1.2612819881761856,\&quot;fluctuate_rate\&quot;:37.320671309272434,\&quot;id\&quot;:\&quot;\&quot;,\&quot;name\&quot;:\&quot;上海梅林-600073\&quot;,\&quot;alpha\&quot;:0.25669614984714206,\&quot;asset_value_percent\&quot;:2.263717890275471,\&quot;m3_r\&quot;:-12.550607287449388,\&quot;var_v\&quot;:-3.8156976526313056,\&quot;parent_id\&quot;:\&quot;\&quot;},{\&quot;m1_r\&quot;:-9.184549356223181,\&quot;total_r\&quot;:0,\&quot;last\&quot;:true,\&quot;risk_open\&quot;:0,\&quot;clean_value\&quot;:2900000,\&quot;date\&quot;:\&quot;2014-03-19\&quot;,\&quot;beta\&quot;:1.0492232725706656,\&quot;fluctuate_rate\&quot;:36.37680229054522,\&quot;id\&quot;:\&quot;\&quot;,\&quot;name\&quot;:\&quot;得利斯-002330\&quot;,\&quot;alpha\&quot;:0.5111412163628495,\&quot;asset_value_percent\&quot;:3.1309337878879435,\&quot;m3_r\&quot;:-9.184549356223181,\&quot;var_v\&quot;:-3.5821840529548004,\&quot;parent_id\&quot;:\&quot;\&quot;},{\&quot;m1_r\&quot;:-4.695616029586047,\&quot;total_r\&quot;:0,\&quot;risk_open\&quot;:0,\&quot;clean_value\&quot;:6912600,\&quot;date\&quot;:\&quot;2014-03-19\&quot;,\&quot;beta\&quot;:0.06194514171299472,\&quot;fluctuate_rate\&quot;:18.84126084658213,\&quot;id\&quot;:\&quot;\&quot;,\&quot;name\&quot;:\&quot;计算机\&quot;,\&quot;alpha\&quot;:0.001391558179865894,\&quot;asset_value_percent\&quot;:7.463066517984207,\&quot;m3_r\&quot;:-4.695616029586047,\&quot;var_v\&quot;:-1.9600459690089618,\&quot;parent_id\&quot;:\&quot;\&quot;},{\&quot;m1_r\&quot;:-13.109812365426022,\&quot;total_r\&quot;:0,\&quot;last\&quot;:true,\&quot;risk_open\&quot;:0,\&quot;clean_value\&quot;:2676600,\&quot;date\&quot;:\&quot;2014-03-19\&quot;,\&quot;beta\&quot;:1.1215839063797153,\&quot;fluctuate_rate\&quot;:57.711873422770154,\&quot;id\&quot;:\&quot;\&quot;,\&quot;name\&quot;:\&quot;神州泰岳-300002\&quot;,\&quot;alpha\&quot;:-0.2620972210328936,\&quot;asset_value_percent\&quot;:2.889743922986507,\&quot;m3_r\&quot;:-21.755027422303463,\&quot;var_v\&quot;:-5.138640892655736,\&quot;parent_id\&quot;:\&quot;\&quot;},{\&quot;m1_r\&quot;:-11.303339293480896,\&quot;total_r\&quot;:0,\&quot;last\&quot;:true,\&quot;risk_open\&quot;:0,\&quot;clean_value\&quot;:4236000,\&quot;date\&quot;:\&quot;2014-03-19\&quot;,\&quot;beta\&quot;:0.6457939129309789,\&quot;fluctuate_rate\&quot;:45.168196087580014,\&quot;id\&quot;:\&quot;\&quot;,\&quot;name\&quot;:\&quot;航天信息-600271\&quot;,\&quot;alpha\&quot;:0.19603901782014924,\&quot;asset_value_percent\&quot;:4.573322594997699,\&quot;m3_r\&quot;:-11.303339293480896,\&quot;var_v\&quot;:-3.078839213461736,\&quot;parent_id\&quot;:\&quot;\&quot;},{\&quot;m1_r\&quot;:-5.411879340284409,\&quot;total_r\&quot;:0,\&quot;risk_open\&quot;:0,\&quot;clean_value\&quot;:6863738,\&quot;date\&quot;:\&quot;2014-03-19\&quot;,\&quot;beta\&quot;:0.09410365326021985,\&quot;fluctuate_rate\&quot;:39.57229051966683,\&quot;id\&quot;:\&quot;\&quot;,\&quot;name\&quot;:\&quot;医药生物\&quot;,\&quot;alpha\&quot;:0.06086491573239658,\&quot;asset_value_percent\&quot;:7.410313522555316,\&quot;m3_r\&quot;:-5.411879340284409,\&quot;var_v\&quot;:-4.116683546239147,\&quot;parent_id\&quot;:\&quot;\&quot;},{\&quot;m1_r\&quot;:-16.22060016220601,\&quot;total_r\&quot;:0,\&quot;last\&quot;:true,\&quot;risk_open\&quot;:0,\&quot;clean_value\&quot;:1826000,\&quot;date\&quot;:\&quot;2014-03-19\&quot;,\&quot;beta\&quot;:1.201051730447929,\&quot;fluctuate_rate\&quot;:76.02525450144185,\&quot;id\&quot;:\&quot;\&quot;,\&quot;name\&quot;:\&quot;运盛实业-600767\&quot;,\&quot;alpha\&quot;:1.1843376510386938,\&quot;asset_value_percent\&quot;:1.9714086540287536,\&quot;m3_r\&quot;:-16.22060016220601,\&quot;var_v\&quot;:-8.048281016104857,\&quot;parent_id\&quot;:\&quot;\&quot;},{\&quot;m1_r\&quot;:-8.999699006722183,\&quot;total_r\&quot;:0,\&quot;last\&quot;:true,\&quot;risk_open\&quot;:0,\&quot;clean_value\&quot;:5037738,\&quot;date\&quot;:\&quot;2014-03-19\&quot;,\&quot;beta\&quot;:1.294856542064987,\&quot;fluctuate_rate\&quot;:49.91975790998846,\&quot;id\&quot;:\&quot;\&quot;,\&quot;name\&quot;:\&quot;中国医药-600056\&quot;,\&quot;alpha\&quot;:0.6897855670173262,\&quot;asset_value_percent\&quot;:5.4389048685265635,\&quot;m3_r\&quot;:-8.999699006722183,\&quot;var_v\&quot;:-5.216627852750009,\&quot;parent_id\&quot;:\&quot;\&quot;},{\&quot;m1_r\&quot;:-5.789473684210522,\&quot;total_r\&quot;:0,\&quot;risk_open\&quot;:0,\&quot;clean_value\&quot;:4902467.15,\&quot;date\&quot;:\&quot;2014-03-19\&quot;,\&quot;beta\&quot;:0.01521571009205197,\&quot;fluctuate_rate\&quot;:25.592666802085645,\&quot;id\&quot;:\&quot;\&quot;,\&quot;name\&quot;:\&quot;轻工制造\&quot;,\&quot;alpha\&quot;:-0.013569198680307475,\&quot;asset_value_percent\&quot;:5.2928620841192116,\&quot;m3_r\&quot;:-5.789473684210522,\&quot;var_v\&quot;:-2.6623910050434416,\&quot;parent_id\&quot;:\&quot;\&quot;},{\&quot;m1_r\&quot;:-15.241765942536778,\&quot;total_r\&quot;:0,\&quot;last\&quot;:true,\&quot;risk_open\&quot;:0,\&quot;clean_value\&quot;:4902467.15,\&quot;date\&quot;:\&quot;2014-03-19\&quot;,\&quot;beta\&quot;:0.287476035653856,\&quot;fluctuate_rate\&quot;:50.39822078689903,\&quot;id\&quot;:\&quot;\&quot;,\&quot;name\&quot;:\&quot;宜华木业-600978\&quot;,\&quot;alpha\&quot;:-0.2563678868758118,\&quot;asset_value_percent\&quot;:5.2928620841192116,\&quot;m3_r\&quot;:-19.42038640906062,\&quot;var_v\&quot;:-2.9076500579977784,\&quot;parent_id\&quot;:\&quot;\&quot;},{\&quot;m1_r\&quot;:-9.372797744890772,\&quot;total_r\&quot;:0,\&quot;risk_open\&quot;:0,\&quot;clean_value\&quot;:3834000,\&quot;date\&quot;:\&quot;2014-03-19\&quot;,\&quot;beta\&quot;:-0.02695607112196601,\&quot;fluctuate_rate\&quot;:75.48019233681087,\&quot;id\&quot;:\&quot;\&quot;,\&quot;name\&quot;:\&quot;钢铁\&quot;,\&quot;alpha\&quot;:0.04325001942539049,\&quot;asset_value_percent\&quot;:4.139310394055991,\&quot;m3_r\&quot;:-9.372797744890772,\&quot;var_v\&quot;:-7.8521627578137885,\&quot;parent_id\&quot;:\&quot;\&quot;},{\&quot;m1_r\&quot;:-20.52001019627835,\&quot;total_r\&quot;:0,\&quot;last\&quot;:true,\&quot;risk_open\&quot;:0,\&quot;clean_value\&quot;:3834000,\&quot;date\&quot;:\&quot;2014-03-19\&quot;,\&quot;beta\&quot;:-0.6512213039320428,\&quot;fluctuate_rate\&quot;:76.68916467511065,\&quot;id\&quot;:\&quot;\&quot;,\&quot;name\&quot;:\&quot;物产中拓-000906\&quot;,\&quot;alpha\&quot;:1.0448605035152012,\&quot;asset_value_percent\&quot;:4.139310394055991,\&quot;m3_r\&quot;:-20.52001019627835,\&quot;var_v\&quot;:-7.8521627578137885,\&quot;parent_id\&quot;:\&quot;\&quot;},{\&quot;m1_r\&quot;:-5.902951475737872,\&quot;total_r\&quot;:0,\&quot;risk_open\&quot;:0,\&quot;clean_value\&quot;:2117000,\&quot;date\&quot;:\&quot;2014-03-19\&quot;,\&quot;beta\&quot;:0.04341510295656488,\&quot;fluctuate_rate\&quot;:38.26155097235081,\&quot;id\&quot;:\&quot;\&quot;,\&quot;name\&quot;:\&quot;汽车\&quot;,\&quot;alpha\&quot;:0.02352036665351758,\&quot;asset_value_percent\&quot;:2.285581665158199,\&quot;m3_r\&quot;:-9.990958408679928,\&quot;var_v\&quot;:-3.9803280344155616,\&quot;parent_id\&quot;:\&quot;\&quot;},{\&quot;m1_r\&quot;:-23.49514563106796,\&quot;total_r\&quot;:0,\&quot;last\&quot;:true,\&quot;risk_open\&quot;:0,\&quot;clean_value\&quot;:2117000,\&quot;date\&quot;:\&quot;2014-03-19\&quot;,\&quot;beta\&quot;:1.8995209673927738,\&quot;fluctuate_rate\&quot;:70.93135654731348,\&quot;id\&quot;:\&quot;\&quot;,\&quot;name\&quot;:\&quot;星宇股份-601799\&quot;,\&quot;alpha\&quot;:1.0290757496030927,\&quot;asset_value_percent\&quot;:2.285581665158199,\&quot;m3_r\&quot;:-23.49514563106796,\&quot;var_v\&quot;:-6.222564824273399,\&quot;parent_id\&quot;:\&quot;\&quot;},{\&quot;m1_r\&quot;:-7.3002754820936655,\&quot;total_r\&quot;:0,\&quot;risk_open\&quot;:0,\&quot;clean_value\&quot;:91134,\&quot;date\&quot;:\&quot;2014-03-19\&quot;,\&quot;beta\&quot;:5.062980472668117E-4,\&quot;fluctuate_rate\&quot;:4.489816871518305,\&quot;id\&quot;:\&quot;\&quot;,\&quot;name\&quot;:\&quot;农林牧渔\&quot;,\&quot;alpha\&quot;:3.645922213156178E-4,\&quot;asset_value_percent\&quot;:0.0983912137328896,\&quot;m3_r\&quot;:-7.3002754820936655,\&quot;var_v\&quot;:-0.46707317160275275,\&quot;parent_id\&quot;:\&quot;\&quot;},{\&quot;m1_r\&quot;:-12.307692307692308,\&quot;total_r\&quot;:0,\&quot;last\&quot;:true,\&quot;risk_open\&quot;:0,\&quot;clean_value\&quot;:91134,\&quot;date\&quot;:\&quot;2014-03-19\&quot;,\&quot;beta\&quot;:0.5145764830600617,\&quot;fluctuate_rate\&quot;:43.281624182773385,\&quot;id\&quot;:\&quot;\&quot;,\&quot;name\&quot;:\&quot;民和股份-002234\&quot;,\&quot;alpha\&quot;:0.37055363734551044,\&quot;asset_value_percent\&quot;:0.0983912137328896,\&quot;m3_r\&quot;:-16.534472239170228,\&quot;var_v\&quot;:-1.5014301822554261,\&quot;parent_id\&quot;:\&quot;\&quot;},{\&quot;m1_r\&quot;:-0.5633111016281056,\&quot;total_r\&quot;:-1.6460442327173364,\&quot;risk_open\&quot;:0,\&quot;clean_value\&quot;:155927.62,\&quot;date\&quot;:\&quot;2014-03-19\&quot;,\&quot;beta\&quot;:1.8299163078737226E-4,\&quot;fluctuate_rate\&quot;:5.965789618409539,\&quot;id\&quot;:\&quot;\&quot;,\&quot;name\&quot;:\&quot;债券类\&quot;,\&quot;alpha\&quot;:1.3297180068794364E-4,\&quot;asset_value_percent\&quot;:0.16834450135274204,\&quot;m3_r\&quot;:-1.6460442327173364,\&quot;var_v\&quot;:-0.6206178020002477,\&quot;parent_id\&quot;:\&quot;\&quot;},{\&quot;m1_r\&quot;:-1.1971758927657894,\&quot;total_r\&quot;:-4.87435664547381,\&quot;last\&quot;:true,\&quot;risk_open\&quot;:0,\&quot;clean_value\&quot;:155927.62,\&quot;date\&quot;:\&quot;2014-03-19\&quot;,\&quot;beta\&quot;:0.10870068776641492,\&quot;fluctuate_rate\&quot;:6.075147115449368,\&quot;id\&quot;:\&quot;\&quot;,\&quot;name\&quot;:\&quot;深燃转债-113006\&quot;,\&quot;alpha\&quot;:0.07898790849682703,\&quot;asset_value_percent\&quot;:0.16834450135274204,\&quot;m3_r\&quot;:-4.87435664547381,\&quot;var_v\&quot;:-0.6206178020002477,\&quot;parent_id\&quot;:\&quot;\&quot;},{\&quot;m1_r\&quot;:0,\&quot;total_r\&quot;:0,\&quot;risk_open\&quot;:0,\&quot;clean_value\&quot;:2.0847481339999992E7,\&quot;date\&quot;:\&quot;2014-03-19\&quot;,\&quot;beta\&quot;:0,\&quot;fluctuate_rate\&quot;:0,\&quot;id\&quot;:\&quot;\&quot;,\&quot;name\&quot;:\&quot;其他类\&quot;,\&quot;alpha\&quot;:0,\&quot;asset_value_percent\&quot;:22.50761507578255,\&quot;m3_r\&quot;:0,\&quot;var_v\&quot;:0,\&quot;parent_id\&quot;:\&quot;\&quot;},{\&quot;m1_r\&quot;:0,\&quot;total_r\&quot;:0,\&quot;last\&quot;:true,\&quot;risk_open\&quot;:0,\&quot;clean_value\&quot;:1179817.72,\&quot;date\&quot;:\&quot;2014-03-19\&quot;,\&quot;beta\&quot;:0,\&quot;fluctuate_rate\&quot;:0,\&quot;id\&quot;:\&quot;\&quot;,\&quot;name\&quot;:\&quot;银行存款\&quot;,\&quot;alpha\&quot;:0,\&quot;asset_value_percent\&quot;:1.2737693665851437,\&quot;m3_r\&quot;:0,\&quot;var_v\&quot;:0,\&quot;parent_id\&quot;:\&quot;\&quot;},{\&quot;m1_r\&quot;:0,\&quot;total_r\&quot;:0,\&quot;last\&quot;:true,\&quot;risk_open\&quot;:0,\&quot;clean_value\&quot;:5485912.56,\&quot;date\&quot;:\&quot;2014-03-19\&quot;,\&quot;beta\&quot;:0,\&quot;fluctuate_rate\&quot;:0,\&quot;id\&quot;:\&quot;\&quot;,\&quot;name\&quot;:\&quot;存出保证金\&quot;,\&quot;alpha\&quot;:0,\&quot;asset_value_percent\&quot;:5.922768617759601,\&quot;m3_r\&quot;:0,\&quot;var_v\&quot;:0,\&quot;parent_id\&quot;:\&quot;\&quot;},{\&quot;m1_r\&quot;:0,\&quot;total_r\&quot;:0,\&quot;last\&quot;:true,\&quot;risk_open\&quot;:0,\&quot;clean_value\&quot;:1.413224038E7,\&quot;date\&quot;:\&quot;2014-03-19\&quot;,\&quot;beta\&quot;:0,\&quot;fluctuate_rate\&quot;:0,\&quot;id\&quot;:\&quot;\&quot;,\&quot;name\&quot;:\&quot;清算备付金\&quot;,\&quot;alpha\&quot;:0,\&quot;asset_value_percent\&quot;:15.25762376010219,\&quot;m3_r\&quot;:0,\&quot;var_v\&quot;:0,\&quot;parent_id\&quot;:\&quot;\&quot;},{\&quot;m1_r\&quot;:0,\&quot;total_r\&quot;:0,\&quot;last\&quot;:true,\&quot;risk_open\&quot;:0,\&quot;clean_value\&quot;:49510.67999999225,\&quot;date\&quot;:\&quot;2014-03-19\&quot;,\&quot;beta\&quot;:0,\&quot;fluctuate_rate\&quot;:0,\&quot;id\&quot;:\&quot;\&quot;,\&quot;name\&quot;:\&quot;其他资产\&quot;,\&quot;alpha\&quot;:0,\&quot;asset_value_percent\&quot;:0.05345333133561503,\&quot;m3_r\&quot;:0,\&quot;var_v\&quot;:0,\&quot;parent_id\&quot;:\&quot;\&quot;},{\&quot;m1_r\&quot;:0,\&quot;total_r\&quot;:0,\&quot;last\&quot;:true,\&quot;risk_open\&quot;:0,\&quot;clean_value\&quot;:-314457.16,\&quot;date\&quot;:\&quot;2014-03-19\&quot;,\&quot;beta\&quot;:0,\&quot;fluctuate_rate\&quot;:0,\&quot;id\&quot;:\&quot;\&quot;,\&quot;name\&quot;:\&quot;其他负债\&quot;,\&quot;alpha\&quot;:0,\&quot;asset_value_percent\&quot;:-0.3394981196852707,\&quot;m3_r\&quot;:0,\&quot;var_v\&quot;:0,\&quot;parent_id\&quot;:\&quot;\&quot;},{\&quot;m1_r\&quot;:-3.8700096095046765,\&quot;total_r\&quot;:-3.8700096095046765,\&quot;risk_open\&quot;:33.482870279464855,\&quot;clean_value\&quot;:9.528462854000002E7,\&quot;date\&quot;:\&quot;2014-03-20\&quot;,\&quot;beta\&quot;:0.40876117519969873,\&quot;fluctuate_rate\&quot;:17.277862951780264,\&quot;id\&quot;:\&quot;\&quot;,\&quot;name\&quot;:\&quot;精选1号\&quot;,\&quot;alpha\&quot;:0.17990361055544546,\&quot;asset_value_percent\&quot;:104.67941167244024,\&quot;m3_r\&quot;:-3.8700096095046765,\&quot;first\&quot;:true,\&quot;var_v\&quot;:-1.687809420754519},{\&quot;m1_r\&quot;:-4.664648631069013,\&quot;total_r\&quot;:0,\&quot;risk_open\&quot;:0,\&quot;clean_value\&quot;:7.004904154E7,\&quot;date\&quot;:\&quot;2014-03-20\&quot;,\&quot;beta\&quot;:0.7906625634734507,\&quot;fluctuate_rate\&quot;:21.40421662468272,\&quot;id\&quot;:\&quot;\&quot;,\&quot;name\&quot;:\&quot;股票类\&quot;,\&quot;alpha\&quot;:0.2029446041063075,\&quot;asset_value_percent\&quot;:76.95567027946485,\&quot;m3_r\&quot;:-4.664648631069013,\&quot;var_v\&quot;:-2.2266688443313196,\&quot;parent_id\&quot;:\&quot;\&quot;},{\&quot;m1_r\&quot;:-7.13812165740787,\&quot;total_r\&quot;:0,\&quot;risk_open\&quot;:0,\&quot;clean_value\&quot;:2.536522736E7,\&quot;date\&quot;:\&quot;2014-03-20\&quot;,\&quot;beta\&quot;:0.33377022674791756,\&quot;fluctuate_rate\&quot;:37.56825466964286,\&quot;id\&quot;:\&quot;\&quot;,\&quot;name\&quot;:\&quot;电子\&quot;,\&quot;alpha\&quot;:-0.02588031851459764,\&quot;asset_value_percent\&quot;:27.86616390982557,\&quot;m3_r\&quot;:-7.13812165740787,\&quot;var_v\&quot;:-3.9082048026150713,\&quot;parent_id\&quot;:\&quot;\&quot;},{\&quot;m1_r\&quot;:-16.000740775035883,\&quot;total_r\&quot;:0,\&quot;last\&quot;:true,\&quot;risk_open\&quot;:0,\&quot;clean_value\&quot;:6934700,\&quot;date\&quot;:\&quot;2014-03-20\&quot;,\&quot;beta\&quot;:1.0630499993630478,\&quot;fluctuate_rate\&quot;:52.23274626032953,\&quot;id\&quot;:\&quot;\&quot;,\&quot;name\&quot;:\&quot;三安光电-600703\&quot;,\&quot;alpha\&quot;:0.01784984798838048,\&quot;asset_value_percent\&quot;:7.618440951576293,\&quot;m3_r\&quot;:-17.234615209160165,\&quot;var_v\&quot;:-5.3426189702946045,\&quot;parent_id\&quot;:\&quot;\&quot;},{\&quot;m1_r\&quot;:-19.75953079178886,\&quot;total_r\&quot;:0,\&quot;last\&quot;:true,\&quot;risk_open\&quot;:0,\&quot;clean_value\&quot;:1783000.8,\&quot;date\&quot;:\&quot;2014-03-20\&quot;,\&quot;beta\&quot;:1.2739734128877205,\&quot;fluctuate_rate\&quot;:49.045805453176605,\&quot;id\&quot;:\&quot;\&quot;,\&quot;name\&quot;:\&quot;歌尔声学-002241\&quot;,\&quot;alpha\&quot;:-0.18746677360619196,\&quot;asset_value_percent\&quot;:1.9587994161843036,\&quot;m3_r\&quot;:-23.38793224135517,\&quot;var_v\&quot;:-5.01795805052707,\&quot;parent_id\&quot;:\&quot;\&quot;},{\&quot;m1_r\&quot;:-16.469228546662805,\&quot;total_r\&quot;:0,\&quot;last\&quot;:true,\&quot;risk_open\&quot;:0,\&quot;clean_value\&quot;:4571973,\&quot;date\&quot;:\&quot;2014-03-20\&quot;,\&quot;beta\&quot;:1.1920302267744114,\&quot;fluctuate_rate\&quot;:44.66705363408538,\&quot;id\&quot;:\&quot;\&quot;,\&quot;name\&quot;:\&quot;大族激光-002008\&quot;,\&quot;alpha\&quot;:-0.08527970986546991,\&quot;asset_value_percent\&quot;:5.022756043188763,\&quot;m3_r\&quot;:-16.6658659620466,\&quot;var_v\&quot;:-4.5689624331516026,\&quot;parent_id\&quot;:\&quot;\&quot;},{\&quot;m1_r\&quot;:-19.337294793030512,\&quot;total_r\&quot;:0,\&quot;last\&quot;:true,\&quot;risk_open\&quot;:0,\&quot;clean_value\&quot;:5733738.96,\&quot;date\&quot;:\&quot;2014-03-20\&quot;,\&quot;beta\&quot;:1.0527853715114868,\&quot;fluctuate_rate\&quot;:47.683234306782005,\&quot;id\&quot;:\&quot;\&quot;,\&quot;name\&quot;:\&quot;德豪润达-002005\&quot;,\&quot;alpha\&quot;:-0.15857100197181673,\&quot;asset_value_percent\&quot;:6.2990686977825225,\&quot;m3_r\&quot;:-20.37975941942539,\&quot;var_v\&quot;:-4.877570582042848,\&quot;parent_id\&quot;:\&quot;\&quot;},{\&quot;m1_r\&quot;:-21.704180064308687,\&quot;total_r\&quot;:0,\&quot;last\&quot;:true,\&quot;risk_open\&quot;:0,\&quot;clean_value\&quot;:1878765,\&quot;date\&quot;:\&quot;2014-03-20\&quot;,\&quot;beta\&quot;:1.6354880430716667,\&quot;fluctuate_rate\&quot;:47.65509721585353,\&quot;id\&quot;:\&quot;\&quot;,\&quot;name\&quot;:\&quot;长盈精密-300115\&quot;,\&quot;alpha\&quot;:-0.33306500328876243,\&quot;asset_value_percent\&quot;:2.064005683647199,\&quot;m3_r\&quot;:-25.306748466257666,\&quot;var_v\&quot;:-4.876521486581082,\&quot;parent_id\&quot;:\&quot;\&quot;},{\&quot;m1_r\&quot;:-16.44859813084113,\&quot;total_r\&quot;:0,\&quot;last\&quot;:true,\&quot;risk_open\&quot;:0,\&quot;clean_value\&quot;:350803.2,\&quot;date\&quot;:\&quot;2014-03-20\&quot;,\&quot;beta\&quot;:0.2746111623184431,\&quot;fluctuate_rate\&quot;:55.97455221991221,\&quot;id\&quot;:\&quot;\&quot;,\&quot;name\&quot;:\&quot;佛山照明-000541\&quot;,\&quot;alpha\&quot;:0.1428924987437939,\&quot;asset_value_percent\&quot;:0.3853913600911371,\&quot;m3_r\&quot;:-16.44859813084113,\&quot;var_v\&quot;:-5.164710669776959,\&quot;parent_id\&quot;:\&quot;\&quot;},{\&quot;m1_r\&quot;:-28.288605367355913,\&quot;total_r\&quot;:0,\&quot;last\&quot;:true,\&quot;risk_open\&quot;:0,\&quot;clean_value\&quot;:841811.7,\&quot;date\&quot;:\&quot;2014-03-20\&quot;,\&quot;beta\&quot;:1.8851247145512604,\&quot;fluctuate_rate\&quot;:57.54607220110199,\&quot;id\&quot;:\&quot;\&quot;,\&quot;name\&quot;:\&quot;安洁科技-002635\&quot;,\&quot;alpha\&quot;:-0.16158797450418383,\&quot;asset_value_percent\&quot;:0.924811848933055,\&quot;m3_r\&quot;:-28.288605367355913,\&quot;var_v\&quot;:-5.005138243782739,\&quot;parent_id\&quot;:\&quot;\&quot;},{\&quot;m1_r\&quot;:-19.683138438325177,\&quot;total_r\&quot;:0,\&quot;last\&quot;:true,\&quot;risk_open\&quot;:0,\&quot;clean_value\&quot;:3270434.7,\&quot;date\&quot;:\&quot;2014-03-20\&quot;,\&quot;beta\&quot;:1.3746764614789952,\&quot;fluctuate_rate\&quot;:59.9928959076263,\&quot;id\&quot;:\&quot;\&quot;,\&quot;name\&quot;:\&quot;阳光照明-600261\&quot;,\&quot;alpha\&quot;:-0.04113798351792235,\&quot;asset_value_percent\&quot;:3.5928899084223005,\&quot;m3_r\&quot;:-24.34621944286527,\&quot;var_v\&quot;:-5.300403530551675,\&quot;parent_id\&quot;:\&quot;\&quot;},{\&quot;m1_r\&quot;:-5.313550703302694,\&quot;total_r\&quot;:0,\&quot;risk_open\&quot;:0,\&quot;clean_value\&quot;:1.38559849E7,\&quot;date\&quot;:\&quot;2014-03-20\&quot;,\&quot;beta\&quot;:0.1541216428384492,\&quot;fluctuate_rate\&quot;:32.819212860411746,\&quot;id\&quot;:\&quot;\&quot;,\&quot;name\&quot;:\&quot;化工\&quot;,\&quot;alpha\&quot;:0.12694183237944037,\&quot;asset_value_percent\&quot;:15.222144113888522,\&quot;m3_r\&quot;:-6.552351476112051,\&quot;var_v\&quot;:-3.4141646037858595,\&quot;parent_id\&quot;:\&quot;\&quot;},{\&quot;m1_r\&quot;:-16.464891041162222,\&quot;total_r\&quot;:0,\&quot;last\&quot;:true,\&quot;risk_open\&quot;:0,\&quot;clean_value\&quot;:2094561.1,\&quot;date\&quot;:\&quot;2014-03-20\&quot;,\&quot;beta\&quot;:1.1808112632366043,\&quot;fluctuate_rate\&quot;:43.59301672164055,\&quot;id\&quot;:\&quot;\&quot;,\&quot;name\&quot;:\&quot;华峰超纤-300180\&quot;,\&quot;alpha\&quot;:0.3592307354399966,\&quot;asset_value_percent\&quot;:2.301078642164576,\&quot;m3_r\&quot;:-16.464891041162222,\&quot;var_v\&quot;:0,\&quot;parent_id\&quot;:\&quot;\&quot;},{\&quot;m1_r\&quot;:-11.965960402917686,\&quot;total_r\&quot;:0,\&quot;last\&quot;:true,\&quot;risk_open\&quot;:0,\&quot;clean_value\&quot;:1.03649238E7,\&quot;date\&quot;:\&quot;2014-03-20\&quot;,\&quot;beta\&quot;:1.0153495515695898,\&quot;fluctuate_rate\&quot;:44.55277535481897,\&quot;id\&quot;:\&quot;\&quot;,\&quot;name\&quot;:\&quot;浙江龙盛-600352\&quot;,\&quot;alpha\&quot;:1.0308206702193532,\&quot;asset_value_percent\&quot;:11.386874693625934,\&quot;m3_r\&quot;:-11.965960402917686,\&quot;var_v\&quot;:-4.56410622103863,\&quot;parent_id\&quot;:\&quot;\&quot;},{\&quot;m1_r\&quot;:-11.710573800072178,\&quot;total_r\&quot;:0,\&quot;last\&quot;:true,\&quot;risk_open\&quot;:0,\&quot;clean_value\&quot;:1396500,\&quot;date\&quot;:\&quot;2014-03-20\&quot;,\&quot;beta\&quot;:0.7387390198216841,\&quot;fluctuate_rate\&quot;:47.05589358265681,\&quot;id\&quot;:\&quot;\&quot;,\&quot;name\&quot;:\&quot;华峰氨纶-002064\&quot;,\&quot;alpha\&quot;:0.08456527276715406,\&quot;asset_value_percent\&quot;:1.534190778098013,\&quot;m3_r\&quot;:-11.710573800072178,\&quot;var_v\&quot;:0,\&quot;parent_id\&quot;:\&quot;\&quot;},{\&quot;m1_r\&quot;:-5.136173541349454,\&quot;total_r\&quot;:0,\&quot;risk_open\&quot;:0,\&quot;clean_value\&quot;:8678565.26,\&quot;date\&quot;:\&quot;2014-03-20\&quot;,\&quot;beta\&quot;:0.08176957519120989,\&quot;fluctuate_rate\&quot;:21.05716562948834,\&quot;id\&quot;:\&quot;\&quot;,\&quot;name\&quot;:\&quot;食品饮料\&quot;,\&quot;alpha\&quot;:0.029599691183486862,\&quot;asset_value_percent\&quot;:9.534246179028848,\&quot;m3_r\&quot;:-5.136173541349454,\&quot;var_v\&quot;:-2.190565320808652,\&quot;parent_id\&quot;:\&quot;\&quot;},{\&quot;m1_r\&quot;:-12.35706381409073,\&quot;total_r\&quot;:0,\&quot;last\&quot;:true,\&quot;risk_open\&quot;:0,\&quot;clean_value\&quot;:2043247.38,\&quot;date\&quot;:\&quot;2014-03-20\&quot;,\&quot;beta\&quot;:1.3075508419903512,\&quot;fluctuate_rate\&quot;:38.07098656792773,\&quot;id\&quot;:\&quot;\&quot;,\&quot;name\&quot;:\&quot;上海梅林-600073\&quot;,\&quot;alpha\&quot;:0.2070885592686059,\&quot;asset_value_percent\&quot;:2.2447055408298793,\&quot;m3_r\&quot;:-12.550607287449388,\&quot;var_v\&quot;:-3.8922505108819387,\&quot;parent_id\&quot;:\&quot;\&quot;},{\&quot;m1_r\&quot;:-9.184549356223181,\&quot;total_r\&quot;:0,\&quot;last\&quot;:true,\&quot;risk_open\&quot;:0,\&quot;clean_value\&quot;:2915000,\&quot;date\&quot;:\&quot;2014-03-20\&quot;,\&quot;beta\&quot;:0.9810875939069932,\&quot;fluctuate_rate\&quot;:36.040687919427754,\&quot;id\&quot;:\&quot;\&quot;,\&quot;name\&quot;:\&quot;得利斯-002330\&quot;,\&quot;alpha\&quot;:0.576153838736886,\&quot;asset_value_percent\&quot;:3.202410396101474,\&quot;m3_r\&quot;:-9.184549356223181,\&quot;var_v\&quot;:-3.4302980969131416,\&quot;parent_id\&quot;:\&quot;\&quot;},{\&quot;m1_r\&quot;:-7.818430241384555,\&quot;total_r\&quot;:0,\&quot;last\&quot;:true,\&quot;risk_open\&quot;:0,\&quot;clean_value\&quot;:1776582,\&quot;date\&quot;:\&quot;2014-03-20\&quot;,\&quot;beta\&quot;:0.48830953271735345,\&quot;fluctuate_rate\&quot;:28.517571550353264,\&quot;id\&quot;:\&quot;\&quot;,\&quot;name\&quot;:\&quot;青岛啤酒-600600\&quot;,\&quot;alpha\&quot;:-0.16302408354863265,\&quot;asset_value_percent\&quot;:1.9517477414499995,\&quot;m3_r\&quot;:-11.718522826403033,\&quot;var_v\&quot;:-2.390342863659697,\&quot;parent_id\&quot;:\&quot;\&quot;},{\&quot;m1_r\&quot;:-16.823406478578896,\&quot;total_r\&quot;:0,\&quot;last\&quot;:true,\&quot;risk_open\&quot;:0,\&quot;clean_value\&quot;:1943735.88,\&quot;date\&quot;:\&quot;2014-03-20\&quot;,\&quot;beta\&quot;:0.5371350383442526,\&quot;fluctuate_rate\&quot;:60.52240826166335,\&quot;id\&quot;:\&quot;\&quot;,\&quot;name\&quot;:\&quot;惠泉啤酒-600573\&quot;,\&quot;alpha\&quot;:0.4534162500468226,\&quot;asset_value_percent\&quot;:2.1353825006474945,\&quot;m3_r\&quot;:-16.823406478578896,\&quot;var_v\&quot;:-6.182545250649084,\&quot;parent_id\&quot;:\&quot;\&quot;},{\&quot;m1_r\&quot;:-5.411879340284409,\&quot;total_r\&quot;:0,\&quot;risk_open\&quot;:0,\&quot;clean_value\&quot;:6559159,\&quot;date\&quot;:\&quot;2014-03-20\&quot;,\&quot;beta\&quot;:0.0994999251428347,\&quot;fluctuate_rate\&quot;:38.67412811876319,\&quot;id\&quot;:\&quot;\&quot;,\&quot;name\&quot;:\&quot;医药生物\&quot;,\&quot;alpha\&quot;:0.05557807632338965,\&quot;asset_value_percent\&quot;:7.205872717421114,\&quot;m3_r\&quot;:-5.411879340284409,\&quot;var_v\&quot;:-4.023248207291227,\&quot;parent_id\&quot;:\&quot;\&quot;},{\&quot;m1_r\&quot;:-8.999699006722183,\&quot;total_r\&quot;:0,\&quot;last\&quot;:true,\&quot;risk_open\&quot;:0,\&quot;clean_value\&quot;:3867959,\&quot;date\&quot;:\&quot;2014-03-20\&quot;,\&quot;beta\&quot;:1.321855700471882,\&quot;fluctuate_rate\&quot;:50.18613839007857,\&quot;id\&quot;:\&quot;\&quot;,\&quot;name\&quot;:\&quot;中国医药-600056\&quot;,\&quot;alpha\&quot;:0.6522559615909989,\&quot;asset_value_percent\&quot;:4.249328340752748,\&quot;m3_r\&quot;:-8.999699006722183,\&quot;var_v\&quot;:-5.149538833930915,\&quot;parent_id\&quot;:\&quot;\&quot;},{\&quot;m1_r\&quot;:-16.22060016220601,\&quot;total_r\&quot;:0,\&quot;last\&quot;:true,\&quot;risk_open\&quot;:0,\&quot;clean_value\&quot;:2691200,\&quot;date\&quot;:\&quot;2014-03-20\&quot;,\&quot;beta\&quot;:1.4655601512619396,\&quot;fluctuate_rate\&quot;:80.22555726734504,\&quot;id\&quot;:\&quot;\&quot;,\&quot;name\&quot;:\&quot;运盛实业-600767\&quot;,\&quot;alpha\&quot;:0.9423697176042488,\&quot;asset_value_percent\&quot;:2.956544376668366,\&quot;m3_r\&quot;:-16.22060016220601,\&quot;var_v\&quot;:-8.608485250265424,\&quot;parent_id\&quot;:\&quot;\&quot;},{\&quot;m1_r\&quot;:-5.369904232850153,\&quot;total_r\&quot;:0,\&quot;risk_open\&quot;:0,\&quot;clean_value\&quot;:6541400,\&quot;date\&quot;:\&quot;2014-03-20\&quot;,\&quot;beta\&quot;:0.06800991018008784,\&quot;fluctuate_rate\&quot;:23.477500207379727,\&quot;id\&quot;:\&quot;\&quot;,\&quot;name\&quot;:\&quot;计算机\&quot;,\&quot;alpha\&quot;:-0.005360719034085326,\&quot;asset_value_percent\&quot;:7.186362732438484,\&quot;m3_r\&quot;:-5.369904232850153,\&quot;var_v\&quot;:-2.442351391373542,\&quot;parent_id\&quot;:\&quot;\&quot;},{\&quot;m1_r\&quot;:-13.109812365426022,\&quot;total_r\&quot;:0,\&quot;last\&quot;:true,\&quot;risk_open\&quot;:0,\&quot;clean_value\&quot;:2489400,\&quot;date\&quot;:\&quot;2014-03-20\&quot;,\&quot;beta\&quot;:1.2654815075330377,\&quot;fluctuate_rate\&quot;:60.54421125983202,\&quot;id\&quot;:\&quot;\&quot;,\&quot;name\&quot;:\&quot;神州泰岳-300002\&quot;,\&quot;alpha\&quot;:-0.3770340845954566,\&quot;asset_value_percent\&quot;:2.7348474923001747,\&quot;m3_r\&quot;:-21.755027422303463,\&quot;var_v\&quot;:-5.4321637720216875,\&quot;parent_id\&quot;:\&quot;\&quot;},{\&quot;m1_r\&quot;:-11.970231479244198,\&quot;total_r\&quot;:0,\&quot;last\&quot;:true,\&quot;risk_open\&quot;:0,\&quot;clean_value\&quot;:4052000,\&quot;date\&quot;:\&quot;2014-03-20\&quot;,\&quot;beta\&quot;:0.7503270033679666,\&quot;fluctuate_rate\&quot;:46.87234830108459,\&quot;id\&quot;:\&quot;\&quot;,\&quot;name\&quot;:\&quot;航天信息-600271\&quot;,\&quot;alpha\&quot;:0.11121130461268784,\&quot;asset_value_percent\&quot;:4.45151524013831,\&quot;m3_r\&quot;:-11.970231479244198,\&quot;var_v\&quot;:-3.345924252649942,\&quot;parent_id\&quot;:\&quot;\&quot;},{\&quot;m1_r\&quot;:-5.789473684210522,\&quot;total_r\&quot;:0,\&quot;risk_open\&quot;:0,\&quot;clean_value\&quot;:4911630.64,\&quot;date\&quot;:\&quot;2014-03-20\&quot;,\&quot;beta\&quot;:0.014773488814936994,\&quot;fluctuate_rate\&quot;:25.6153673141027,\&quot;id\&quot;:\&quot;\&quot;,\&quot;name\&quot;:\&quot;轻工制造\&quot;,\&quot;alpha\&quot;:-0.013623284002855406,\&quot;asset_value_percent\&quot;:5.395902923961075,\&quot;m3_r\&quot;:-5.789473684210522,\&quot;var_v\&quot;:-2.664752526782128,\&quot;parent_id\&quot;:\&quot;\&quot;},{\&quot;m1_r\&quot;:-15.241765942536778,\&quot;total_r\&quot;:0,\&quot;last\&quot;:true,\&quot;risk_open\&quot;:0,\&quot;clean_value\&quot;:4911630.64,\&quot;date\&quot;:\&quot;2014-03-20\&quot;,\&quot;beta\&quot;:0.2737908561944983,\&quot;fluctuate_rate\&quot;:50.40260920178531,\&quot;id\&quot;:\&quot;\&quot;,\&quot;name\&quot;:\&quot;宜华木业-600978\&quot;,\&quot;alpha\&quot;:-0.25247459405468137,\&quot;asset_value_percent\&quot;:5.395902923961075,\&quot;m3_r\&quot;:-19.42038640906062,\&quot;var_v\&quot;:-2.856006085263922,\&quot;parent_id\&quot;:\&quot;\&quot;},{\&quot;m1_r\&quot;:-9.372797744890772,\&quot;total_r\&quot;:0,\&quot;risk_open\&quot;:0,\&quot;clean_value\&quot;:2047234.38,\&quot;date\&quot;:\&quot;2014-03-20\&quot;,\&quot;beta\&quot;:-0.009680888604174836,\&quot;fluctuate_rate\&quot;:78.05482834837164,\&quot;id\&quot;:\&quot;\&quot;,\&quot;name\&quot;:\&quot;钢铁\&quot;,\&quot;alpha\&quot;:0.019687150975868414,\&quot;asset_value_percent\&quot;:2.2490856472618717,\&quot;m3_r\&quot;:-9.372797744890772,\&quot;var_v\&quot;:-8.120000721377698,\&quot;parent_id\&quot;:\&quot;\&quot;},{\&quot;m1_r\&quot;:-20.52001019627835,\&quot;total_r\&quot;:0,\&quot;last\&quot;:true,\&quot;risk_open\&quot;:0,\&quot;clean_value\&quot;:2047234.38,\&quot;date\&quot;:\&quot;2014-03-20\&quot;,\&quot;beta\&quot;:-0.4304366361485941,\&quot;fluctuate_rate\&quot;:79.31488418502425,\&quot;id\&quot;:\&quot;\&quot;,\&quot;name\&quot;:\&quot;物产中拓-000906\&quot;,\&quot;alpha\&quot;:0.8753402076900162,\&quot;asset_value_percent\&quot;:2.2490856472618717,\&quot;m3_r\&quot;:-20.52001019627835,\&quot;var_v\&quot;:-8.120000721377698,\&quot;parent_id\&quot;:\&quot;\&quot;},{\&quot;m1_r\&quot;:-5.902951475737872,\&quot;total_r\&quot;:0,\&quot;risk_open\&quot;:0,\&quot;clean_value\&quot;:2002000,\&quot;date\&quot;:\&quot;2014-03-20\&quot;,\&quot;beta\&quot;:0.047764916818164506,\&quot;fluctuate_rate\&quot;:41.58527336281463,\&quot;id\&quot;:\&quot;\&quot;,\&quot;name\&quot;:\&quot;汽车\&quot;,\&quot;alpha\&quot;:0.01578075625765135,\&quot;asset_value_percent\&quot;:2.1993912909074274,\&quot;m3_r\&quot;:-9.990958408679928,\&quot;var_v\&quot;:-4.326093040620823,\&quot;parent_id\&quot;:\&quot;\&quot;},{\&quot;m1_r\&quot;:-23.49514563106796,\&quot;total_r\&quot;:0,\&quot;last\&quot;:true,\&quot;risk_open\&quot;:0,\&quot;clean_value\&quot;:2002000,\&quot;date\&quot;:\&quot;2014-03-20\&quot;,\&quot;beta\&quot;:2.1717334707848917,\&quot;fluctuate_rate\&quot;:71.1750644385317,\&quot;id\&quot;:\&quot;\&quot;,\&quot;name\&quot;:\&quot;星宇股份-601799\&quot;,\&quot;alpha\&quot;:0.7175056263472113,\&quot;asset_value_percent\&quot;:2.1993912909074274,\&quot;m3_r\&quot;:-23.49514563106796,\&quot;var_v\&quot;:-6.562102676703684,\&quot;parent_id\&quot;:\&quot;\&quot;},{\&quot;m1_r\&quot;:-7.3002754820936655,\&quot;total_r\&quot;:0,\&quot;risk_open\&quot;:0,\&quot;clean_value\&quot;:87840,\&quot;date\&quot;:\&quot;2014-03-20\&quot;,\&quot;beta\&quot;:6.337663440246706E-4,\&quot;fluctuate_rate\&quot;:11.065415236059,\&quot;id\&quot;:\&quot;\&quot;,\&quot;name\&quot;:\&quot;农林牧渔\&quot;,\&quot;alpha\&quot;:2.2141853800926211E-4,\&quot;asset_value_percent\&quot;:0.09650076473192229,\&quot;m3_r\&quot;:-7.3002754820936655,\&quot;var_v\&quot;:-1.1511290409623622,\&quot;parent_id\&quot;:\&quot;\&quot;},{\&quot;m1_r\&quot;:-12.307692307692308,\&quot;total_r\&quot;:0,\&quot;last\&quot;:true,\&quot;risk_open\&quot;:0,\&quot;clean_value\&quot;:87840,\&quot;date\&quot;:\&quot;2014-03-20\&quot;,\&quot;beta\&quot;:0.6567474835927614,\&quot;fluctuate_rate\&quot;:44.515202479629224,\&quot;id\&quot;:\&quot;\&quot;,\&quot;name\&quot;:\&quot;民和股份-002234\&quot;,\&quot;alpha\&quot;:0.22944744388747546,\&quot;asset_value_percent\&quot;:0.09650076473192229,\&quot;m3_r\&quot;:-16.534472239170228,\&quot;var_v\&quot;:-2.8196405054432208,\&quot;parent_id\&quot;:\&quot;\&quot;},{\&quot;m1_r\&quot;:-0.5633111016281056,\&quot;total_r\&quot;:-1.6460442327173364,\&quot;risk_open\&quot;:0,\&quot;clean_value\&quot;:155431.15999999997,\&quot;date\&quot;:\&quot;2014-03-20\&quot;,\&quot;beta\&quot;:1.994071704599392E-4,\&quot;fluctuate_rate\&quot;:6.060114405293136,\&quot;id\&quot;:\&quot;\&quot;,\&quot;name\&quot;:\&quot;债券类\&quot;,\&quot;alpha\&quot;:1.224553504922874E-4,\&quot;asset_value_percent\&quot;:0.1707562136062132,\&quot;m3_r\&quot;:-1.6460442327173364,\&quot;var_v\&quot;:-0.6304303575300632,\&quot;parent_id\&quot;:\&quot;\&quot;},{\&quot;m1_r\&quot;:-1.1971758927657894,\&quot;total_r\&quot;:-4.87435664547381,\&quot;last\&quot;:true,\&quot;risk_open\&quot;:0,\&quot;clean_value\&quot;:155431.15999999997,\&quot;date\&quot;:\&quot;2014-03-20\&quot;,\&quot;beta\&quot;:0.1167788663432178,\&quot;fluctuate_rate\&quot;:6.172214792463817,\&quot;id\&quot;:\&quot;\&quot;,\&quot;name\&quot;:\&quot;深燃转债-113006\&quot;,\&quot;alpha\&quot;:0.07171355460872768,\&quot;asset_value_percent\&quot;:0.1707562136062132,\&quot;m3_r\&quot;:-4.87435664547381,\&quot;var_v\&quot;:-0.6304303575300632,\&quot;parent_id\&quot;:\&quot;\&quot;},{\&quot;m1_r\&quot;:0,\&quot;total_r\&quot;:0,\&quot;risk_open\&quot;:0,\&quot;clean_value\&quot;:2.5080155840000004E7,\&quot;date\&quot;:\&quot;2014-03-20\&quot;,\&quot;beta\&quot;:0,\&quot;fluctuate_rate\&quot;:0,\&quot;id\&quot;:\&quot;\&quot;,\&quot;name\&quot;:\&quot;其他类\&quot;,\&quot;alpha\&quot;:0,\&quot;asset_value_percent\&quot;:27.55298517936916,\&quot;m3_r\&quot;:0,\&quot;var_v\&quot;:0,\&quot;parent_id\&quot;:\&quot;\&quot;},{\&quot;m1_r\&quot;:0,\&quot;total_r\&quot;:0,\&quot;last\&quot;:true,\&quot;risk_open\&quot;:0,\&quot;clean_value\&quot;:1179817.72,\&quot;date\&quot;:\&quot;2014-03-20\&quot;,\&quot;beta\&quot;:0,\&quot;fluctuate_rate\&quot;:0,\&quot;id\&quot;:\&quot;\&quot;,\&quot;name\&quot;:\&quot;银行存款\&quot;,\&quot;alpha\&quot;:0,\&quot;asset_value_percent\&quot;:1.2961442648482806,\&quot;m3_r\&quot;:0,\&quot;var_v\&quot;:0,\&quot;parent_id\&quot;:\&quot;\&quot;},{\&quot;m1_r\&quot;:0,\&quot;total_r\&quot;:0,\&quot;last\&quot;:true,\&quot;risk_open\&quot;:0,\&quot;clean_value\&quot;:4953544.56,\&quot;date\&quot;:\&quot;2014-03-20\&quot;,\&quot;beta\&quot;:0,\&quot;fluctuate_rate\&quot;:0,\&quot;id\&quot;:\&quot;\&quot;,\&quot;name\&quot;:\&quot;存出保证金\&quot;,\&quot;alpha\&quot;:0,\&quot;asset_value_percent\&quot;:5.441949432760172,\&quot;m3_r\&quot;:0,\&quot;var_v\&quot;:0,\&quot;parent_id\&quot;:\&quot;\&quot;},{\&quot;m1_r\&quot;:0,\&quot;total_r\&quot;:0,\&quot;last\&quot;:true,\&quot;risk_open\&quot;:0,\&quot;clean_value\&quot;:1.53129558E7,\&quot;date\&quot;:\&quot;2014-03-20\&quot;,\&quot;beta\&quot;:0,\&quot;fluctuate_rate\&quot;:0,\&quot;id\&quot;:\&quot;\&quot;,\&quot;name\&quot;:\&quot;清算备付金\&quot;,\&quot;alpha\&quot;:0,\&quot;asset_value_percent\&quot;:16.82276804424095,\&quot;m3_r\&quot;:0,\&quot;var_v\&quot;:0,\&quot;parent_id\&quot;:\&quot;\&quot;},{\&quot;m1_r\&quot;:0,\&quot;total_r\&quot;:0,\&quot;last\&quot;:true,\&quot;risk_open\&quot;:0,\&quot;clean_value\&quot;:3633837.760000005,\&quot;date\&quot;:\&quot;2014-03-20\&quot;,\&quot;beta\&quot;:0,\&quot;fluctuate_rate\&quot;:0,\&quot;id\&quot;:\&quot;\&quot;,\&quot;name\&quot;:\&quot;其他资产\&quot;,\&quot;alpha\&quot;:0,\&quot;asset_value_percent\&quot;:3.992123437519763,\&quot;m3_r\&quot;:0,\&quot;var_v\&quot;:0,\&quot;parent_id\&quot;:\&quot;\&quot;},{\&quot;m1_r\&quot;:0,\&quot;total_r\&quot;:0,\&quot;last\&quot;:true,\&quot;risk_open\&quot;:0,\&quot;clean_value\&quot;:-4259443.15,\&quot;date\&quot;:\&quot;2014-03-20\&quot;,\&quot;beta\&quot;:0,\&quot;fluctuate_rate\&quot;:0,\&quot;id\&quot;:\&quot;\&quot;,\&quot;name\&quot;:\&quot;其他负债\&quot;,\&quot;alpha\&quot;:0,\&quot;asset_value_percent\&quot;:-4.67941167244021,\&quot;m3_r\&quot;:0,\&quot;var_v\&quot;:0,\&quot;parent_id\&quot;:\&quot;\&quot;},{\&quot;m1_r\&quot;:-4.04472787629947,\&quot;total_r\&quot;:-4.04472787629947,\&quot;risk_open\&quot;:-1.3197820926275625,\&quot;clean_value\&quot;:8.987608462E7,\&quot;date\&quot;:\&quot;2014-03-21\&quot;,\&quot;beta\&quot;:0.20021494093778708,\&quot;fluctuate_rate\&quot;:17.22163378156691,\&quot;id\&quot;:\&quot;\&quot;,\&quot;name\&quot;:\&quot;精选1号\&quot;,\&quot;alpha\&quot;:0.014780974568255764,\&quot;asset_value_percent\&quot;:100.38322964001158,\&quot;m3_r\&quot;:-4.04472787629947,\&quot;first\&quot;:true,\&quot;var_v\&quot;:-1.7912824652008597},{\&quot;m1_r\&quot;:-4.664648631069013,\&quot;total_r\&quot;:0,\&quot;risk_open\&quot;:0,\&quot;clean_value\&quot;:6.909726296E7,\&quot;date\&quot;:\&quot;2014-03-21\&quot;,\&quot;beta\&quot;:0.6514606791476325,\&quot;fluctuate_rate\&quot;:21.457209999357218,\&quot;id\&quot;:\&quot;\&quot;,\&quot;name\&quot;:\&quot;股票类\&quot;,\&quot;alpha\&quot;:0.04412498570899502,\&quot;asset_value_percent\&quot;:77.17521790737244,\&quot;m3_r\&quot;:-4.664648631069013,\&quot;var_v\&quot;:-2.232181715856251,\&quot;parent_id\&quot;:\&quot;\&quot;},{\&quot;m1_r\&quot;:-7.13812165740787,\&quot;total_r\&quot;:0,\&quot;risk_open\&quot;:0,\&quot;clean_value\&quot;:2.654955992E7,\&quot;date\&quot;:\&quot;2014-03-21\&quot;,\&quot;beta\&quot;:0.2865206641002604,\&quot;fluctuate_rate\&quot;:35.55782935421285,\&quot;id\&quot;:\&quot;\&quot;,\&quot;name\&quot;:\&quot;电子\&quot;,\&quot;alpha\&quot;:-0.11415151405442284,\&quot;asset_value_percent\&quot;:29.65338979283416,\&quot;m3_r\&quot;:-7.13812165740787,\&quot;var_v\&quot;:-3.6990613664305982,\&quot;parent_id\&quot;:\&quot;\&quot;},{\&quot;m1_r\&quot;:-16.000740775035883,\&quot;total_r\&quot;:0,\&quot;last\&quot;:true,\&quot;risk_open\&quot;:0,\&quot;clean_value\&quot;:7111400,\&quot;date\&quot;:\&quot;2014-03-21\&quot;,\&quot;beta\&quot;:0.9058026635062686,\&quot;fluctuate_rate\&quot;:43.90905612776588,\&quot;id\&quot;:\&quot;\&quot;,\&quot;name\&quot;:\&quot;三安光电-600703\&quot;,\&quot;alpha\&quot;:-0.33970281909890526,\&quot;asset_value_percent\&quot;:7.942772566030573,\&quot;m3_r\&quot;:-17.234615209160165,\&quot;var_v\&quot;:-4.492725789571552,\&quot;parent_id\&quot;:\&quot;\&quot;},{\&quot;m1_r\&quot;:-18.62360218891268,\&quot;total_r\&quot;:0,\&quot;last\&quot;:true,\&quot;risk_open\&quot;:0,\&quot;clean_value\&quot;:1838896.46,\&quot;date\&quot;:\&quot;2014-03-21\&quot;,\&quot;beta\&quot;:1.1587371216918316,\&quot;fluctuate_rate\&quot;:46.90020510883572,\&quot;id\&quot;:\&quot;\&quot;,\&quot;name\&quot;:\&quot;歌尔声学-002241\&quot;,\&quot;alpha\&quot;:-0.4051912445477208,\&quot;asset_value_percent\&quot;:2.0538763610904653,\&quot;m3_r\&quot;:-23.38793224135517,\&quot;var_v\&quot;:-4.799484280676467,\&quot;parent_id\&quot;:\&quot;\&quot;},{\&quot;m1_r\&quot;:-16.21515315403903,\&quot;total_r\&quot;:0,\&quot;last\&quot;:true,\&quot;risk_open\&quot;:0,\&quot;clean_value\&quot;:4552308.6,\&quot;date\&quot;:\&quot;2014-03-21\&quot;,\&quot;beta\&quot;:0.8765272781543703,\&quot;fluctuate_rate\&quot;:42.333356924847045,\&quot;id\&quot;:\&quot;\&quot;,\&quot;name\&quot;:\&quot;大族激光-002008\&quot;,\&quot;alpha\&quot;:-0.39064732252381734,\&quot;asset_value_percent\&quot;:5.08450542230574,\&quot;m3_r\&quot;:-18.131155416766752,\&quot;var_v\&quot;:-4.331582200310105,\&quot;parent_id\&quot;:\&quot;\&quot;},{\&quot;m1_r\&quot;:-19.337294793030512,\&quot;total_r\&quot;:0,\&quot;last\&quot;:true,\&quot;risk_open\&quot;:0,\&quot;clean_value\&quot;:5832963.12,\&quot;date\&quot;:\&quot;2014-03-21\&quot;,\&quot;beta\&quot;:0.9289944045075674,\&quot;fluctuate_rate\&quot;:47.58293379173328,\&quot;id\&quot;:\&quot;\&quot;,\&quot;name\&quot;:\&quot;德豪润达-002005\&quot;,\&quot;alpha\&quot;:-0.28073461767441604,\&quot;asset_value_percent\&quot;:6.514877443007578,\&quot;m3_r\&quot;:-20.37975941942539,\&quot;var_v\&quot;:-4.867365878322796,\&quot;parent_id\&quot;:\&quot;\&quot;},{\&quot;m1_r\&quot;:-19.949822649018078,\&quot;total_r\&quot;:0,\&quot;last\&quot;:true,\&quot;risk_open\&quot;:0,\&quot;clean_value\&quot;:1887291,\&quot;date\&quot;:\&quot;2014-03-21\&quot;,\&quot;beta\&quot;:1.3272578138992568,\&quot;fluctuate_rate\&quot;:47.51673709478427,\&quot;id\&quot;:\&quot;\&quot;,\&quot;name\&quot;:\&quot;长盈精密-300115\&quot;,\&quot;alpha\&quot;:-0.5370249469734854,\&quot;asset_value_percent\&quot;:2.107928562437271,\&quot;m3_r\&quot;:-25.306748466257666,\&quot;var_v\&quot;:-4.862760412272269,\&quot;parent_id\&quot;:\&quot;\&quot;},{\&quot;m1_r\&quot;:-16.44859813084113,\&quot;total_r\&quot;:0,\&quot;last\&quot;:true,\&quot;risk_open\&quot;:0,\&quot;clean_value\&quot;:352630.3,\&quot;date\&quot;:\&quot;2014-03-21\&quot;,\&quot;beta\&quot;:0.19732163182157786,\&quot;fluctuate_rate\&quot;:54.257566620033785,\&quot;id\&quot;:\&quot;\&quot;,\&quot;name\&quot;:\&quot;佛山照明-000541\&quot;,\&quot;alpha\&quot;:-0.030585619379794305,\&quot;asset_value_percent\&quot;:0.3938552567414476,\&quot;m3_r\&quot;:-16.44859813084113,\&quot;var_v\&quot;:-5.05597266313134,\&quot;parent_id\&quot;:\&quot;\&quot;},{\&quot;m1_r\&quot;:-26.29992464204973,\&quot;total_r\&quot;:0,\&quot;last\&quot;:true,\&quot;risk_open\&quot;:0,\&quot;clean_value\&quot;:816310.14,\&quot;date\&quot;:\&quot;2014-03-21\&quot;,\&quot;beta\&quot;:1.2575165109932844,\&quot;fluctuate_rate\&quot;:55.26333705879396,\&quot;id\&quot;:\&quot;\&quot;,\&quot;name\&quot;:\&quot;安洁科技-002635\&quot;,\&quot;alpha\&quot;:-0.6740299669581076,\&quot;asset_value_percent\&quot;:0.911742524026855,\&quot;m3_r\&quot;:-28.288605367355913,\&quot;var_v\&quot;:-4.923058284906295,\&quot;parent_id\&quot;:\&quot;\&quot;},{\&quot;m1_r\&quot;:-19.683138438325177,\&quot;total_r\&quot;:0,\&quot;last\&quot;:true,\&quot;risk_open\&quot;:0,\&quot;clean_value\&quot;:4157760.3,\&quot;date\&quot;:\&quot;2014-03-21\&quot;,\&quot;beta\&quot;:0.9790567213108868,\&quot;fluctuate_rate\&quot;:54.350469412575876,\&quot;id\&quot;:\&quot;\&quot;,\&quot;name\&quot;:\&quot;阳光照明-600261\&quot;,\&quot;alpha\&quot;:-0.4976403652140204,\&quot;asset_value_percent\&quot;:4.643831657194229,\&quot;m3_r\&quot;:-24.34621944286527,\&quot;var_v\&quot;:-5.204958600406037,\&quot;parent_id\&quot;:\&quot;\&quot;},{\&quot;m1_r\&quot;:-5.313550703302694,\&quot;total_r\&quot;:0,\&quot;risk_open\&quot;:0,\&quot;clean_value\&quot;:1.33038408E7,\&quot;date\&quot;:\&quot;2014-03-21\&quot;,\&quot;beta\&quot;:0.11121697583889023,\&quot;fluctuate_rate\&quot;:33.63096426454192,\&quot;id\&quot;:\&quot;\&quot;,\&quot;name\&quot;:\&quot;化工\&quot;,\&quot;alpha\&quot;:0.09641731504336956,\&quot;asset_value_percent\&quot;:14.859153152554805,\&quot;m3_r\&quot;:-6.552351476112051,\&quot;var_v\&quot;:-3.4986106544221873,\&quot;parent_id\&quot;:\&quot;\&quot;},{\&quot;m1_r\&quot;:-15.802318486882239,\&quot;total_r\&quot;:0,\&quot;last\&quot;:true,\&quot;risk_open\&quot;:0,\&quot;clean_value\&quot;:1519917,\&quot;date\&quot;:\&quot;2014-03-21\&quot;,\&quot;beta\&quot;:1.060086668511455,\&quot;fluctuate_rate\&quot;:44.01925477703812,\&quot;id\&quot;:\&quot;\&quot;,\&quot;name\&quot;:\&quot;华峰超纤-300180\&quot;,\&quot;alpha\&quot;:0.27393659419976213,\&quot;asset_value_percent\&quot;:1.6976059636982157,\&quot;m3_r\&quot;:-16.464891041162222,\&quot;var_v\&quot;:-2.4191070555705734,\&quot;parent_id\&quot;:\&quot;\&quot;},{\&quot;m1_r\&quot;:-11.965960402917686,\&quot;total_r\&quot;:0,\&quot;last\&quot;:true,\&quot;risk_open\&quot;:0,\&quot;clean_value\&quot;:1.03649238E7,\&quot;date\&quot;:\&quot;2014-03-21\&quot;,\&quot;beta\&quot;:0.7141585534409244,\&quot;fluctuate_rate\&quot;:43.90358056706522,\&quot;id\&quot;:\&quot;\&quot;,\&quot;name\&quot;:\&quot;浙江龙盛-600352\&quot;,\&quot;alpha\&quot;:0.7912810738385855,\&quot;asset_value_percent\&quot;:11.576656130668695,\&quot;m3_r\&quot;:-11.965960402917686,\&quot;var_v\&quot;:-4.495726177118599,\&quot;parent_id\&quot;:\&quot;\&quot;},{\&quot;m1_r\&quot;:-11.710573800072178,\&quot;total_r\&quot;:0,\&quot;last\&quot;:true,\&quot;risk_open\&quot;:0,\&quot;clean_value\&quot;:1419000,\&quot;date\&quot;:\&quot;2014-03-21\&quot;,\&quot;beta\&quot;:0.6653581216057463,\&quot;fluctuate_rate\&quot;:47.0956434454609,\&quot;id\&quot;:\&quot;\&quot;,\&quot;name\&quot;:\&quot;华峰氨纶-002064\&quot;,\&quot;alpha\&quot;:0.010288539220693907,\&quot;asset_value_percent\&quot;:1.5848910581878932,\&quot;m3_r\&quot;:-11.710573800072178,\&quot;var_v\&quot;:-1.530055730842997,\&quot;parent_id\&quot;:\&quot;\&quot;},{\&quot;m1_r\&quot;:-5.136173541349454,\&quot;total_r\&quot;:0,\&quot;risk_open\&quot;:0,\&quot;clean_value\&quot;:8884213.100000001,\&quot;date\&quot;:\&quot;2014-03-21\&quot;,\&quot;beta\&quot;:0.07934859185575158,\&quot;fluctuate_rate\&quot;:22.016908963060285,\&quot;id\&quot;:\&quot;\&quot;,\&quot;name\&quot;:\&quot;食品饮料\&quot;,\&quot;alpha\&quot;:0.026490924000758385,\&quot;asset_value_percent\&quot;:9.92283995858051,\&quot;m3_r\&quot;:-5.136173541349454,\&quot;var_v\&quot;:-2.29040689020087,\&quot;parent_id\&quot;:\&quot;\&quot;},{\&quot;m1_r\&quot;:-11.672862453531586,\&quot;total_r\&quot;:0,\&quot;last\&quot;:true,\&quot;risk_open\&quot;:0,\&quot;clean_value\&quot;:2099296.56,\&quot;date\&quot;:\&quot;2014-03-21\&quot;,\&quot;beta\&quot;:1.1846339773107135,\&quot;fluctuate_rate\&quot;:38.82760436387934,\&quot;id\&quot;:\&quot;\&quot;,\&quot;name\&quot;:\&quot;上海梅林-600073\&quot;,\&quot;alpha\&quot;:0.13083932786925134,\&quot;asset_value_percent\&quot;:2.3447190602033854,\&quot;m3_r\&quot;:-12.550607287449388,\&quot;var_v\&quot;:-3.96949785280683,\&quot;parent_id\&quot;:\&quot;\&quot;},{\&quot;m1_r\&quot;:-9.184549356223181,\&quot;total_r\&quot;:0,\&quot;last\&quot;:true,\&quot;risk_open\&quot;:0,\&quot;clean_value\&quot;:3005000,\&quot;date\&quot;:\&quot;2014-03-21\&quot;,\&quot;beta\&quot;:0.915991129570967,\&quot;fluctuate_rate\&quot;:36.59609530101033,\&quot;id\&quot;:\&quot;\&quot;,\&quot;name\&quot;:\&quot;得利斯-002330\&quot;,\&quot;alpha\&quot;:0.5119951203358899,\&quot;asset_value_percent\&quot;:3.3563055883401116,\&quot;m3_r\&quot;:-9.184549356223181,\&quot;var_v\&quot;:-3.5032374813700287,\&quot;parent_id\&quot;:\&quot;\&quot;},{\&quot;m1_r\&quot;:-16.823406478578896,\&quot;total_r\&quot;:0,\&quot;last\&quot;:true,\&quot;risk_open\&quot;:0,\&quot;clean_value\&quot;:1985472.54,\&quot;date\&quot;:\&quot;2014-03-21\&quot;,\&quot;beta\&quot;:0.5252160400044729,\&quot;fluctuate_rate\&quot;:60.72318334580773,\&quot;id\&quot;:\&quot;\&quot;,\&quot;name\&quot;:\&quot;惠泉啤酒-600573\&quot;,\&quot;alpha\&quot;:0.4402091641949123,\&quot;asset_value_percent\&quot;:2.2175882134768172,\&quot;m3_r\&quot;:-16.823406478578896,\&quot;var_v\&quot;:-6.203987965368101,\&quot;parent_id\&quot;:\&quot;\&quot;},{\&quot;m1_r\&quot;:-7.818430241384555,\&quot;total_r\&quot;:0,\&quot;last\&quot;:true,\&quot;risk_open\&quot;:0,\&quot;clean_value\&quot;:1794444,\&quot;date\&quot;:\&quot;2014-03-21\&quot;,\&quot;beta\&quot;:0.458114888424627,\&quot;fluctuate_rate\&quot;:28.744928001826658,\&quot;id\&quot;:\&quot;\&quot;,\&quot;name\&quot;:\&quot;青岛啤酒-600600\&quot;,\&quot;alpha\&quot;:-0.17578038136365814,\&quot;asset_value_percent\&quot;:2.0042270965601943,\&quot;m3_r\&quot;:-11.718522826403033,\&quot;var_v\&quot;:-2.3559887979856744,\&quot;parent_id\&quot;:\&quot;\&quot;},{\&quot;m1_r\&quot;:-5.411879340284409,\&quot;total_r\&quot;:0,\&quot;risk_open\&quot;:0,\&quot;clean_value\&quot;:6707753,\&quot;date\&quot;:\&quot;2014-03-21\&quot;,\&quot;beta\&quot;:0.08718586052646887,\&quot;fluctuate_rate\&quot;:39.261439989689435,\&quot;id\&quot;:\&quot;\&quot;,\&quot;name\&quot;:\&quot;医药生物\&quot;,\&quot;alpha\&quot;:0.04407525743481101,\&quot;asset_value_percent\&quot;:7.491936399036655,\&quot;m3_r\&quot;:-5.411879340284409,\&quot;var_v\&quot;:-4.084345937137099,\&quot;parent_id\&quot;:\&quot;\&quot;},{\&quot;m1_r\&quot;:-8.999699006722183,\&quot;total_r\&quot;:0,\&quot;last\&quot;:true,\&quot;risk_open\&quot;:0,\&quot;clean_value\&quot;:4032553,\&quot;date\&quot;:\&quot;2014-03-21\&quot;,\&quot;beta\&quot;:1.266225608359896,\&quot;fluctuate_rate\&quot;:51.38208077159998,\&quot;id\&quot;:\&quot;\&quot;,\&quot;name\&quot;:\&quot;中国医药-600056\&quot;,\&quot;alpha\&quot;:0.6281152570007172,\&quot;asset_value_percent\&quot;:4.503986745150644,\&quot;m3_r\&quot;:-8.999699006722183,\&quot;var_v\&quot;:-5.196691679798963,\&quot;parent_id\&quot;:\&quot;\&quot;},{\&quot;m1_r\&quot;:-16.22060016220601,\&quot;total_r\&quot;:0,\&quot;last\&quot;:true,\&quot;risk_open\&quot;:0,\&quot;clean_value\&quot;:2675200,\&quot;date\&quot;:\&quot;2014-03-21\&quot;,\&quot;beta\&quot;:1.0092280813037575,\&quot;fluctuate_rate\&quot;:78.419768483721,\&quot;id\&quot;:\&quot;\&quot;,\&quot;name\&quot;:\&quot;运盛实业-600767\&quot;,\&quot;alpha\&quot;:0.5282896749849987,\&quot;asset_value_percent\&quot;:2.987949653886012,\&quot;m3_r\&quot;:-16.22060016220601,\&quot;var_v\&quot;:-8.242723855281458,\&quot;parent_id\&quot;:\&quot;\&quot;},{\&quot;m1_r\&quot;:-5.789473684210522,\&quot;total_r\&quot;:0,\&quot;risk_open\&quot;:0,\&quot;clean_value\&quot;:5012429.03,\&quot;date\&quot;:\&quot;2014-03-21\&quot;,\&quot;beta\&quot;:0.01863862713128538,\&quot;fluctuate_rate\&quot;:26.449490818695644,\&quot;id\&quot;:\&quot;\&quot;,\&quot;name\&quot;:\&quot;轻工制造\&quot;,\&quot;alpha\&quot;:-0.01667635777752543,\&quot;asset_value_percent\&quot;:5.5984171595830965,\&quot;m3_r\&quot;:-5.789473684210522,\&quot;var_v\&quot;:-2.7515259346843712,\&quot;parent_id\&quot;:\&quot;\&quot;},{\&quot;m1_r\&quot;:-15.241765942536778,\&quot;total_r\&quot;:0,\&quot;last\&quot;:true,\&quot;risk_open\&quot;:0,\&quot;clean_value\&quot;:5012429.03,\&quot;date\&quot;:\&quot;2014-03-21\&quot;,\&quot;beta\&quot;:0.3329267291091499,\&quot;fluctuate_rate\&quot;:50.08902703459451,\&quot;id\&quot;:\&quot;\&quot;,\&quot;name\&quot;:\&quot;宜华木业-600978\&quot;,\&quot;alpha\&quot;:-0.2978762979278823,\&quot;asset_value_percent\&quot;:5.5984171595830965,\&quot;m3_r\&quot;:-19.42038640906062,\&quot;var_v\&quot;:-2.8978202075961446,\&quot;parent_id\&quot;:\&quot;\&quot;},{\&quot;m1_r\&quot;:-5.369904232850153,\&quot;total_r\&quot;:0,\&quot;risk_open\&quot;:0,\&quot;clean_value\&quot;:4499500,\&quot;date\&quot;:\&quot;2014-03-21\&quot;,\&quot;beta\&quot;:0.039357863141194716,\&quot;fluctuate_rate\&quot;:26.187769022059754,\&quot;id\&quot;:\&quot;\&quot;,\&quot;name\&quot;:\&quot;计算机\&quot;,\&quot;alpha\&quot;:-0.017553522752792393,\&quot;asset_value_percent\&quot;:5.025523126368164,\&quot;m3_r\&quot;:-5.369904232850153,\&quot;var_v\&quot;:-2.724299160601945,\&quot;parent_id\&quot;:\&quot;\&quot;},{\&quot;m1_r\&quot;:-14.895448954489543,\&quot;total_r\&quot;:0,\&quot;last\&quot;:true,\&quot;risk_open\&quot;:0,\&quot;clean_value\&quot;:2443500,\&quot;date\&quot;:\&quot;2014-03-21\&quot;,\&quot;beta\&quot;:0.8926881522132649,\&quot;fluctuate_rate\&quot;:60.398708463287875,\&quot;id\&quot;:\&quot;\&quot;,\&quot;name\&quot;:\&quot;神州泰岳-300002\&quot;,\&quot;alpha\&quot;:-0.6320488805611412,\&quot;asset_value_percent\&quot;:2.7291622978732324,\&quot;m3_r\&quot;:-23.339427178549666,\&quot;var_v\&quot;:-5.3401016057804425,\&quot;parent_id\&quot;:\&quot;\&quot;},{\&quot;m1_r\&quot;:-15.792780167206299,\&quot;total_r\&quot;:0,\&quot;last\&quot;:true,\&quot;risk_open\&quot;:0,\&quot;clean_value\&quot;:2056000,\&quot;date\&quot;:\&quot;2014-03-21\&quot;,\&quot;beta\&quot;:0.6529877390060247,\&quot;fluctuate_rate\&quot;:46.36057171185128,\&quot;id\&quot;:\&quot;\&quot;,\&quot;name\&quot;:\&quot;航天信息-600271\&quot;,\&quot;alpha\&quot;:-0.013233242642754842,\&quot;asset_value_percent\&quot;:2.2963608284949317,\&quot;m3_r\&quot;:-15.792780167206299,\&quot;var_v\&quot;:-3.360185256865975,\&quot;parent_id\&quot;:\&quot;\&quot;},{\&quot;m1_r\&quot;:-5.902951475737872,\&quot;total_r\&quot;:0,\&quot;risk_open\&quot;:0,\&quot;clean_value\&quot;:2060000,\&quot;date\&quot;:\&quot;2014-03-21\&quot;,\&quot;beta\&quot;:0.041058696068800284,\&quot;fluctuate_rate\&quot;:42.318592438303114,\&quot;id\&quot;:\&quot;\&quot;,\&quot;name\&quot;:\&quot;汽车\&quot;,\&quot;alpha\&quot;:0.0072223627735349735,\&quot;asset_value_percent\&quot;:2.3008284565659336,\&quot;m3_r\&quot;:-9.990958408679928,\&quot;var_v\&quot;:-4.402379819388568,\&quot;parent_id\&quot;:\&quot;\&quot;},{\&quot;m1_r\&quot;:-23.376118241929213,\&quot;total_r\&quot;:0,\&quot;last\&quot;:true,\&quot;risk_open\&quot;:0,\&quot;clean_value\&quot;:2060000,\&quot;date\&quot;:\&quot;2014-03-21\&quot;,\&quot;beta\&quot;:1.7845179179538577,\&quot;fluctuate_rate\&quot;:68.21368944110539,\&quot;id\&quot;:\&quot;\&quot;,\&quot;name\&quot;:\&quot;星宇股份-601799\&quot;,\&quot;alpha\&quot;:0.31390270547655696,\&quot;asset_value_percent\&quot;:2.3008284565659336,\&quot;m3_r\&quot;:-23.49514563106796,\&quot;var_v\&quot;:-6.420162033133719,\&quot;parent_id\&quot;:\&quot;\&quot;},{\&quot;m1_r\&quot;:-9.372797744890772,\&quot;total_r\&quot;:0,\&quot;risk_open\&quot;:0,\&quot;clean_value\&quot;:1991029.11,\&quot;date\&quot;:\&quot;2014-03-21\&quot;,\&quot;beta\&quot;:-0.012432318566432163,\&quot;fluctuate_rate\&quot;:78.71082024181509,\&quot;id\&quot;:\&quot;\&quot;,\&quot;name\&quot;:\&quot;钢铁\&quot;,\&quot;alpha\&quot;:0.01815841398878818,\&quot;asset_value_percent\&quot;:2.223794385504439,\&quot;m3_r\&quot;:-9.372797744890772,\&quot;var_v\&quot;:-8.188243196067475,\&quot;parent_id\&quot;:\&quot;\&quot;},{\&quot;m1_r\&quot;:-22.686719347438178,\&quot;total_r\&quot;:0,\&quot;last\&quot;:true,\&quot;risk_open\&quot;:0,\&quot;clean_value\&quot;:1991029.11,\&quot;date\&quot;:\&quot;2014-03-21\&quot;,\&quot;beta\&quot;:-0.5590588162049007,\&quot;fluctuate_rate\&quot;:80.00064655888039,\&quot;id\&quot;:\&quot;\&quot;,\&quot;name\&quot;:\&quot;物产中拓-000906\&quot;,\&quot;alpha\&quot;:0.8165509413618374,\&quot;asset_value_percent\&quot;:2.223794385504439,\&quot;m3_r\&quot;:-22.686719347438178,\&quot;var_v\&quot;:-8.188243196067475,\&quot;parent_id\&quot;:\&quot;\&quot;},{\&quot;m1_r\&quot;:-7.3002754820936655,\&quot;total_r\&quot;:0,\&quot;risk_open\&quot;:0,\&quot;clean_value\&quot;:88938,\&quot;date\&quot;:\&quot;2014-03-21\&quot;,\&quot;beta\&quot;:5.657190514133226E-4,\&quot;fluctuate_rate\&quot;:11.770123640612166,\&quot;id\&quot;:\&quot;\&quot;,\&quot;name\&quot;:\&quot;农林牧渔\&quot;,\&quot;alpha\&quot;:1.4210705247353828E-4,\&quot;asset_value_percent\&quot;:0.09933547634468981,\&quot;m3_r\&quot;:-7.3002754820936655,\&quot;var_v\&quot;:-1.2244394674204584,\&quot;parent_id\&quot;:\&quot;\&quot;},{\&quot;m1_r\&quot;:-11.570782159017456,\&quot;total_r\&quot;:0,\&quot;last\&quot;:true,\&quot;risk_open\&quot;:0,\&quot;clean_value\&quot;:88938,\&quot;date\&quot;:\&quot;2014-03-21\&quot;,\&quot;beta\&quot;:0.5695035371354157,\&quot;fluctuate_rate\&quot;:44.39720987022372,\&quot;id\&quot;:\&quot;\&quot;,\&quot;name\&quot;:\&quot;民和股份-002234\&quot;,\&quot;alpha\&quot;:0.14305770476242843,\&quot;asset_value_percent\&quot;:0.09933547634468981,\&quot;m3_r\&quot;:-16.534472239170228,\&quot;var_v\&quot;:-3.0786700485145255,\&quot;parent_id\&quot;:\&quot;\&quot;},{\&quot;m1_r\&quot;:-0.5633111016281056,\&quot;total_r\&quot;:-1.6460442327173364,\&quot;risk_open\&quot;:0,\&quot;clean_value\&quot;:155916.81,\&quot;date\&quot;:\&quot;2014-03-21\&quot;,\&quot;beta\&quot;:1.8827399382537714E-4,\&quot;fluctuate_rate\&quot;:6.099545733099729,\&quot;id\&quot;:\&quot;\&quot;,\&quot;name\&quot;:\&quot;债券类\&quot;,\&quot;alpha\&quot;:1.2345126299784568E-4,\&quot;asset_value_percent\&quot;:0.17414457927426402,\&quot;m3_r\&quot;:-1.6460442327173364,\&quot;var_v\&quot;:-0.6345323768030464,\&quot;parent_id\&quot;:\&quot;\&quot;},{\&quot;m1_r\&quot;:-1.3813567993451459,\&quot;total_r\&quot;:-4.87435664547381,\&quot;last\&quot;:true,\&quot;risk_open\&quot;:0,\&quot;clean_value\&quot;:155916.81,\&quot;date\&quot;:\&quot;2014-03-21\&quot;,\&quot;beta\&quot;:0.10811361146582714,\&quot;fluctuate_rate\&quot;:6.211592206050543,\&quot;id\&quot;:\&quot;\&quot;,\&quot;name\&quot;:\&quot;深燃转债-113006\&quot;,\&quot;alpha\&quot;:0.07089009805089577,\&quot;asset_value_percent\&quot;:0.17414457927426402,\&quot;m3_r\&quot;:-4.87435664547381,\&quot;var_v\&quot;:-0.6345323768030464,\&quot;parent_id\&quot;:\&quot;\&quot;},{\&quot;m1_r\&quot;:0,\&quot;total_r\&quot;:0,\&quot;risk_open\&quot;:0,\&quot;clean_value\&quot;:2.062290485000001E7,\&quot;date\&quot;:\&quot;2014-03-21\&quot;,\&quot;beta\&quot;:0,\&quot;fluctuate_rate\&quot;:0,\&quot;id\&quot;:\&quot;\&quot;,\&quot;name\&quot;:\&quot;其他类\&quot;,\&quot;alpha\&quot;:0,\&quot;asset_value_percent\&quot;:23.033867153364866,\&quot;m3_r\&quot;:0,\&quot;var_v\&quot;:0,\&quot;parent_id\&quot;:\&quot;\&quot;},{\&quot;m1_r\&quot;:0,\&quot;total_r\&quot;:0,\&quot;last\&quot;:true,\&quot;risk_open\&quot;:0,\&quot;clean_value\&quot;:856446.89,\&quot;date\&quot;:\&quot;2014-03-21\&quot;,\&quot;beta\&quot;:0,\&quot;fluctuate_rate\&quot;:0,\&quot;id\&quot;:\&quot;\&quot;,\&quot;name\&quot;:\&quot;银行存款\&quot;,\&quot;alpha\&quot;:0,\&quot;asset_value_percent\&quot;:0.9565715417715503,\&quot;m3_r\&quot;:0,\&quot;var_v\&quot;:0,\&quot;parent_id\&quot;:\&quot;\&quot;},{\&quot;m1_r\&quot;:0,\&quot;total_r\&quot;:0,\&quot;last\&quot;:true,\&quot;risk_open\&quot;:0,\&quot;clean_value\&quot;:8638461.36,\&quot;date\&quot;:\&quot;2014-03-21\&quot;,\&quot;beta\&quot;:0,\&quot;fluctuate_rate\&quot;:0,\&quot;id\&quot;:\&quot;\&quot;,\&quot;name\&quot;:\&quot;存出保证金\&quot;,\&quot;alpha\&quot;:0,\&quot;asset_value_percent\&quot;:9.648358115550124,\&quot;m3_r\&quot;:0,\&quot;var_v\&quot;:0,\&quot;parent_id\&quot;:\&quot;\&quot;},{\&quot;m1_r\&quot;:0,\&quot;total_r\&quot;:0,\&quot;last\&quot;:true,\&quot;risk_open\&quot;:0,\&quot;clean_value\&quot;:9393177.11,\&quot;date\&quot;:\&quot;2014-03-21\&quot;,\&quot;beta\&quot;:0,\&quot;fluctuate_rate\&quot;:0,\&quot;id\&quot;:\&quot;\&quot;,\&quot;name\&quot;:\&quot;清算备付金\&quot;,\&quot;alpha\&quot;:0,\&quot;asset_value_percent\&quot;:10.49130543313192,\&quot;m3_r\&quot;:0,\&quot;var_v\&quot;:0,\&quot;parent_id\&quot;:\&quot;\&quot;},{\&quot;m1_r\&quot;:0,\&quot;total_r\&quot;:0,\&quot;last\&quot;:true,\&quot;risk_open\&quot;:0,\&quot;clean_value\&quot;:1734819.49000001,\&quot;date\&quot;:\&quot;2014-03-21\&quot;,\&quot;beta\&quot;:0,\&quot;fluctuate_rate\&quot;:0,\&quot;id\&quot;:\&quot;\&quot;,\&quot;name\&quot;:\&quot;其他资产\&quot;,\&quot;alpha\&quot;:0,\&quot;asset_value_percent\&quot;:1.9376320629112733,\&quot;m3_r\&quot;:0,\&quot;var_v\&quot;:0,\&quot;parent_id\&quot;:\&quot;\&quot;},{\&quot;m1_r\&quot;:0,\&quot;total_r\&quot;:0,\&quot;last\&quot;:true,\&quot;risk_open\&quot;:0,\&quot;clean_value\&quot;:-343116.87,\&quot;date\&quot;:\&quot;2014-03-21\&quot;,\&quot;beta\&quot;:0,\&quot;fluctuate_rate\&quot;:0,\&quot;id\&quot;:\&quot;\&quot;,\&quot;name\&quot;:\&quot;其他负债\&quot;,\&quot;alpha\&quot;:0,\&quot;asset_value_percent\&quot;:-0.3832296400115699,\&quot;m3_r\&quot;:0,\&quot;var_v\&quot;:0,\&quot;parent_id\&quot;:\&quot;\&quot;},{\&quot;m1_r\&quot;:-3.8700096095046765,\&quot;total_r\&quot;:-3.8700096095046765,\&quot;risk_open\&quot;:32.08370848318596,\&quot;clean_value\&quot;:9.700876359999998E7,\&quot;date\&quot;:\&quot;2014-03-18\&quot;,\&quot;beta\&quot;:0.3667182010932133,\&quot;fluctuate_rate\&quot;:16.501945142297338,\&quot;id\&quot;:\&quot;\&quot;,\&quot;name\&quot;:\&quot;汇总\&quot;,\&quot;alpha\&quot;:0.20752940966255579,\&quot;asset_value_percent\&quot;:104.35480642333627,\&quot;m3_r\&quot;:-3.8700096095046765,\&quot;first\&quot;:true,\&quot;var_v\&quot;:-1.5523587229461118},{\&quot;m1_r\&quot;:-4.664648631069013,\&quot;total_r\&quot;:0,\&quot;risk_open\&quot;:0,\&quot;clean_value\&quot;:7.239291458E7,\&quot;date\&quot;:\&quot;2014-03-18\&quot;,\&quot;beta\&quot;:0.7466221462332375,\&quot;fluctuate_rate\&quot;:20.61068453569669,\&quot;id\&quot;:\&quot;\&quot;,\&quot;name\&quot;:\&quot;股票类\&quot;,\&quot;alpha\&quot;:0.24510627206463492,\&quot;asset_value_percent\&quot;:77.87490848318596,\&quot;m3_r\&quot;:-4.664648631069013,\&quot;var_v\&quot;:-2.1441181389957755,\&quot;parent_id\&quot;:\&quot;\&quot;},{\&quot;m1_r\&quot;:-7.13812165740787,\&quot;total_r\&quot;:0,\&quot;risk_open\&quot;:0,\&quot;clean_value\&quot;:3.0530968509999998E7,\&quot;date\&quot;:\&quot;2014-03-18\&quot;,\&quot;beta\&quot;:0.36111136291115603,\&quot;fluctuate_rate\&quot;:32.873843709763385,\&quot;id\&quot;:\&quot;\&quot;,\&quot;name\&quot;:\&quot;电子\&quot;,\&quot;alpha\&quot;:-0.007223269928414407,\&quot;asset_value_percent\&quot;:32.84294315836458,\&quot;m3_r\&quot;:-7.13812165740787,\&quot;var_v\&quot;:-3.419847820897874,\&quot;parent_id\&quot;:\&quot;\&quot;},{\&quot;m1_r\&quot;:-17.649086521889,\&quot;total_r\&quot;:0,\&quot;last\&quot;:true,\&quot;risk_open\&quot;:0,\&quot;clean_value\&quot;:1646184,\&quot;date\&quot;:\&quot;2014-03-18\&quot;,\&quot;beta\&quot;:1.2873926167090513,\&quot;fluctuate_rate\&quot;:44.99845263461974,\&quot;id\&quot;:\&quot;\&quot;,\&quot;name\&quot;:\&quot;勤上光电-002638\&quot;,\&quot;alpha\&quot;:-0.05550604842273661,\&quot;asset_value_percent\&quot;:1.7708422031387838,\&quot;m3_r\&quot;:-17.649086521889,\&quot;var_v\&quot;:-4.119080015606117,\&quot;parent_id\&quot;:\&quot;\&quot;},{\&quot;m1_r\&quot;:-16.000740775035883,\&quot;total_r\&quot;:0,\&quot;last\&quot;:true,\&quot;risk_open\&quot;:0,\&quot;clean_value\&quot;:5927500,\&quot;date\&quot;:\&quot;2014-03-18\&quot;,\&quot;beta\&quot;:0.9830510486061884,\&quot;fluctuate_rate\&quot;:50.78629235453445,\&quot;id\&quot;:\&quot;\&quot;,\&quot;name\&quot;:\&quot;三安光电-600703\&quot;,\&quot;alpha\&quot;:0.030410767848467118,\&quot;asset_value_percent\&quot;:6.376363249251081,\&quot;m3_r\&quot;:-17.234615209160165,\&quot;var_v\&quot;:-5.194474994059902,\&quot;parent_id\&quot;:\&quot;\&quot;},{\&quot;m1_r\&quot;:-16.44859813084113,\&quot;total_r\&quot;:0,\&quot;last\&quot;:true,\&quot;risk_open\&quot;:0,\&quot;clean_value\&quot;:3056240,\&quot;date\&quot;:\&quot;2014-03-18\&quot;,\&quot;beta\&quot;:0.15667575201559647,\&quot;fluctuate_rate\&quot;:54.91489851633643,\&quot;id\&quot;:\&quot;\&quot;,\&quot;name\&quot;:\&quot;佛山照明-000541\&quot;,\&quot;alpha\&quot;:0.2253598352795983,\&quot;asset_value_percent\&quot;:3.28767548155059,\&quot;m3_r\&quot;:-16.44859813084113,\&quot;var_v\&quot;:-5.136059094795764,\&quot;parent_id\&quot;:\&quot;\&quot;},{\&quot;m1_r\&quot;:-19.75953079178886,\&quot;total_r\&quot;:0,\&quot;last\&quot;:true,\&quot;risk_open\&quot;:0,\&quot;clean_value\&quot;:1955640.56,\&quot;date\&quot;:\&quot;2014-03-18\&quot;,\&quot;beta\&quot;:1.1639903570366794,\&quot;fluctuate_rate\&quot;:45.68984217633276,\&quot;id\&quot;:\&quot;\&quot;,\&quot;name\&quot;:\&quot;歌尔声学-002241\&quot;,\&quot;alpha\&quot;:-0.09308750558649206,\&quot;asset_value_percent\&quot;:2.103732534041131,\&quot;m3_r\&quot;:-23.38793224135517,\&quot;var_v\&quot;:-4.673626885890354,\&quot;parent_id\&quot;:\&quot;\&quot;},{\&quot;m1_r\&quot;:-28.288605367355913,\&quot;total_r\&quot;:0,\&quot;last\&quot;:true,\&quot;risk_open\&quot;:0,\&quot;clean_value\&quot;:2078400,\&quot;date\&quot;:\&quot;2014-03-18\&quot;,\&quot;beta\&quot;:1.8309076325381124,\&quot;fluctuate_rate\&quot;:55.42261928791161,\&quot;id\&quot;:\&quot;\&quot;,\&quot;name\&quot;:\&quot;安洁科技-002635\&quot;,\&quot;alpha\&quot;:-0.06371700922329412,\&quot;asset_value_percent\&quot;:2.235788001222007,\&quot;m3_r\&quot;:-28.288605367355913,\&quot;var_v\&quot;:-4.5855829230102385,\&quot;parent_id\&quot;:\&quot;\&quot;},{\&quot;m1_r\&quot;:-16.469228546662805,\&quot;total_r\&quot;:0,\&quot;last\&quot;:true,\&quot;risk_open\&quot;:0,\&quot;clean_value\&quot;:4814500.6,\&quot;date\&quot;:\&quot;2014-03-18\&quot;,\&quot;beta\&quot;:1.2019229143687369,\&quot;fluctuate_rate\&quot;:44.49761383591027,\&quot;id\&quot;:\&quot;\&quot;,\&quot;name\&quot;:\&quot;大族激光-002008\&quot;,\&quot;alpha\&quot;:-0.03287484172202393,\&quot;asset_value_percent\&quot;:5.1790813478426445,\&quot;m3_r\&quot;:-16.6658659620466,\&quot;var_v\&quot;:-4.551201630658422,\&quot;parent_id\&quot;:\&quot;\&quot;},{\&quot;m1_r\&quot;:-19.683138438325177,\&quot;total_r\&quot;:0,\&quot;last\&quot;:true,\&quot;risk_open\&quot;:0,\&quot;clean_value\&quot;:2657916,\&quot;date\&quot;:\&quot;2014-03-18\&quot;,\&quot;beta\&quot;:1.242294721781231,\&quot;fluctuate_rate\&quot;:57.57791776143681,\&quot;id\&quot;:\&quot;\&quot;,\&quot;name\&quot;:\&quot;阳光照明-600261\&quot;,\&quot;alpha\&quot;:0.09078823538154858,\&quot;asset_value_percent\&quot;:2.8591881741031524,\&quot;m3_r\&quot;:-24.34621944286527,\&quot;var_v\&quot;:-5.166841968934775,\&quot;parent_id\&quot;:\&quot;\&quot;},{\&quot;m1_r\&quot;:-19.337294793030512,\&quot;total_r\&quot;:0,\&quot;last\&quot;:true,\&quot;risk_open\&quot;:0,\&quot;clean_value\&quot;:5448518.35,\&quot;date\&quot;:\&quot;2014-03-18\&quot;,\&quot;beta\&quot;:1.0208497010198065,\&quot;fluctuate_rate\&quot;:48.57024600749923,\&quot;id\&quot;:\&quot;\&quot;,\&quot;name\&quot;:\&quot;德豪润达-002005\&quot;,\&quot;alpha\&quot;:-0.046092335662122584,\&quot;asset_value_percent\&quot;:5.86111044619319,\&quot;m3_r\&quot;:-20.37975941942539,\&quot;var_v\&quot;:-4.9675097541703535,\&quot;parent_id\&quot;:\&quot;\&quot;},{\&quot;m1_r\&quot;:-21.704180064308687,\&quot;total_r\&quot;:0,\&quot;last\&quot;:true,\&quot;risk_open\&quot;:0,\&quot;clean_value\&quot;:2946069,\&quot;date\&quot;:\&quot;2014-03-18\&quot;,\&quot;beta\&quot;:1.497433218440995,\&quot;fluctuate_rate\&quot;:46.09393857423387,\&quot;id\&quot;:\&quot;\&quot;,\&quot;name\&quot;:\&quot;长盈精密-300115\&quot;,\&quot;alpha\&quot;:-0.3280781163547086,\&quot;asset_value_percent\&quot;:3.1691617210219967,\&quot;m3_r\&quot;:-25.306748466257666,\&quot;var_v\&quot;:-4.715618327870373,\&quot;parent_id\&quot;:\&quot;\&quot;},{\&quot;m1_r\&quot;:-5.313550703302694,\&quot;total_r\&quot;:0,\&quot;risk_open\&quot;:0,\&quot;clean_value\&quot;:1.02053567E7,\&quot;date\&quot;:\&quot;2014-03-18\&quot;,\&quot;beta\&quot;:0.12032575455252639,\&quot;fluctuate_rate\&quot;:44.777122283918196,\&quot;id\&quot;:\&quot;\&quot;,\&quot;name\&quot;:\&quot;化工\&quot;,\&quot;alpha\&quot;:0.09327372054071699,\&quot;asset_value_percent\&quot;:10.978163037938133,\&quot;m3_r\&quot;:-6.552351476112051,\&quot;var_v\&quot;:-4.6581393225780925,\&quot;parent_id\&quot;:\&quot;\&quot;},{\&quot;m1_r\&quot;:-11.965960402917686,\&quot;total_r\&quot;:0,\&quot;last\&quot;:true,\&quot;risk_open\&quot;:0,\&quot;clean_value\&quot;:1.02053567E7,\&quot;date\&quot;:\&quot;2014-03-18\&quot;,\&quot;beta\&quot;:1.096046343424732,\&quot;fluctuate_rate\&quot;:45.49177848529223,\&quot;id\&quot;:\&quot;\&quot;,\&quot;name\&quot;:\&quot;浙江龙盛-600352\&quot;,\&quot;alpha\&quot;:0.8496295802711564,\&quot;asset_value_percent\&quot;:10.978163037938133,\&quot;m3_r\&quot;:-11.965960402917686,\&quot;var_v\&quot;:-4.6581393225780925,\&quot;parent_id\&quot;:\&quot;\&quot;},{\&quot;m1_r\&quot;:-4.695616029586047,\&quot;total_r\&quot;:0,\&quot;risk_open\&quot;:0,\&quot;clean_value\&quot;:6993300,\&quot;date\&quot;:\&quot;2014-03-18\&quot;,\&quot;beta\&quot;:0.06616345707390606,\&quot;fluctuate_rate\&quot;:19.775481948323574,\&quot;id\&quot;:\&quot;\&quot;,\&quot;name\&quot;:\&quot;计算机\&quot;,\&quot;alpha\&quot;:0.01629673943652076,\&quot;asset_value_percent\&quot;:7.522871549723758,\&quot;m3_r\&quot;:-4.695616029586047,\&quot;var_v\&quot;:-2.0572324747073636,\&quot;parent_id\&quot;:\&quot;\&quot;},{\&quot;m1_r\&quot;:-13.109812365426022,\&quot;total_r\&quot;:0,\&quot;last\&quot;:true,\&quot;risk_open\&quot;:0,\&quot;clean_value\&quot;:2697300,\&quot;date\&quot;:\&quot;2014-03-18\&quot;,\&quot;beta\&quot;:1.1823446544940013,\&quot;fluctuate_rate\&quot;:59.80112555511382,\&quot;id\&quot;:\&quot;\&quot;,\&quot;name\&quot;:\&quot;神州泰岳-300002\&quot;,\&quot;alpha\&quot;:-0.10583633839562148,\&quot;asset_value_percent\&quot;:2.9015545495073707,\&quot;m3_r\&quot;:-21.755027422303463,\&quot;var_v\&quot;:-5.244223411016907,\&quot;parent_id\&quot;:\&quot;\&quot;},{\&quot;m1_r\&quot;:-11.303339293480896,\&quot;total_r\&quot;:0,\&quot;last\&quot;:true,\&quot;risk_open\&quot;:0,\&quot;clean_value\&quot;:4296000,\&quot;date\&quot;:\&quot;2014-03-18\&quot;,\&quot;beta\&quot;:0.6893507188337541,\&quot;fluctuate_rate\&quot;:47.91182740433298,\&quot;id\&quot;:\&quot;\&quot;,\&quot;name\&quot;:\&quot;航天信息-600271\&quot;,\&quot;alpha\&quot;:0.41909348628029763,\&quot;asset_value_percent\&quot;:4.621317000216388,\&quot;m3_r\&quot;:-11.303339293480896,\&quot;var_v\&quot;:-3.162810963501541,\&quot;parent_id\&quot;:\&quot;\&quot;},{\&quot;m1_r\&quot;:-5.411879340284409,\&quot;total_r\&quot;:0,\&quot;risk_open\&quot;:0,\&quot;clean_value\&quot;:6818726,\&quot;date\&quot;:\&quot;2014-03-18\&quot;,\&quot;beta\&quot;:0.09184916632693071,\&quot;fluctuate_rate\&quot;:39.58464057939267,\&quot;id\&quot;:\&quot;\&quot;,\&quot;name\&quot;:\&quot;医药生物\&quot;,\&quot;alpha\&quot;:0.050946517397570126,\&quot;asset_value_percent\&quot;:7.335077836037591,\&quot;m3_r\&quot;:-5.411879340284409,\&quot;var_v\&quot;:-4.117968316137498,\&quot;parent_id\&quot;:\&quot;\&quot;},{\&quot;m1_r\&quot;:-16.22060016220601,\&quot;total_r\&quot;:0,\&quot;last\&quot;:true,\&quot;risk_open\&quot;:0,\&quot;clean_value\&quot;:1808000,\&quot;date\&quot;:\&quot;2014-03-18\&quot;,\&quot;beta\&quot;:1.172648555853117,\&quot;fluctuate_rate\&quot;:76.53964288606561,\&quot;id\&quot;:\&quot;\&quot;,\&quot;name\&quot;:\&quot;运盛实业-600767\&quot;,\&quot;alpha\&quot;:1.0320726894541044,\&quot;asset_value_percent\&quot;:1.9449118101469345,\&quot;m3_r\&quot;:-16.22060016220601,\&quot;var_v\&quot;:-8.474997082407485,\&quot;parent_id\&quot;:\&quot;\&quot;},{\&quot;m1_r\&quot;:-8.999699006722183,\&quot;total_r\&quot;:0,\&quot;last\&quot;:true,\&quot;risk_open\&quot;:0,\&quot;clean_value\&quot;:5010726,\&quot;date\&quot;:\&quot;2014-03-18\&quot;,\&quot;beta\&quot;:1.2808916412035307,\&quot;fluctuate_rate\&quot;:50.21792706590227,\&quot;id\&quot;:\&quot;\&quot;,\&quot;name\&quot;:\&quot;中国医药-600056\&quot;,\&quot;alpha\&quot;:0.5727766755751216,\&quot;asset_value_percent\&quot;:5.390166025890657,\&quot;m3_r\&quot;:-8.999699006722183,\&quot;var_v\&quot;:-5.311987529695158,\&quot;parent_id\&quot;:\&quot;\&quot;},{\&quot;m1_r\&quot;:-5.136173541349454,\&quot;total_r\&quot;:0,\&quot;risk_open\&quot;:0,\&quot;clean_value\&quot;:6795334.73,\&quot;date\&quot;:\&quot;2014-03-18\&quot;,\&quot;beta\&quot;:0.07288680498857111,\&quot;fluctuate_rate\&quot;:24.208211026828995,\&quot;id\&quot;:\&quot;\&quot;,\&quot;name\&quot;:\&quot;食品饮料\&quot;,\&quot;alpha\&quot;:0.021734940692043653,\&quot;asset_value_percent\&quot;:7.309915249047916,\&quot;m3_r\&quot;:-5.136173541349454,\&quot;var_v\&quot;:-2.518366834704797,\&quot;parent_id\&quot;:\&quot;\&quot;},{\&quot;m1_r\&quot;:-16.823406478578896,\&quot;total_r\&quot;:0,\&quot;last\&quot;:true,\&quot;risk_open\&quot;:0,\&quot;clean_value\&quot;:1910942.79,\&quot;date\&quot;:\&quot;2014-03-18\&quot;,\&quot;beta\&quot;:0.5420951943949447,\&quot;fluctuate_rate\&quot;:59.25116676315657,\&quot;id\&quot;:\&quot;\&quot;,\&quot;name\&quot;:\&quot;惠泉啤酒-600573\&quot;,\&quot;alpha\&quot;:0.3484562672509403,\&quot;asset_value_percent\&quot;:2.055650000434808,\&quot;m3_r\&quot;:-16.823406478578896,\&quot;var_v\&quot;:-6.05017438139706,\&quot;parent_id\&quot;:\&quot;\&quot;},{\&quot;m1_r\&quot;:-12.35706381409073,\&quot;total_r\&quot;:0,\&quot;last\&quot;:true,\&quot;risk_open\&quot;:0,\&quot;clean_value\&quot;:2104391.94,\&quot;date\&quot;:\&quot;2014-03-18\&quot;,\&quot;beta\&quot;:1.2490056427650498,\&quot;fluctuate_rate\&quot;:37.42155792693686,\&quot;id\&quot;:\&quot;\&quot;,\&quot;name\&quot;:\&quot;上海梅林-600073\&quot;,\&quot;alpha\&quot;:0.18597387910277768,\&quot;asset_value_percent\&quot;:2.263748195400453,\&quot;m3_r\&quot;:-12.550607287449388,\&quot;var_v\&quot;:-3.8259729237693336,\&quot;parent_id\&quot;:\&quot;\&quot;},{\&quot;m1_r\&quot;:-9.184549356223181,\&quot;total_r\&quot;:0,\&quot;last\&quot;:true,\&quot;risk_open\&quot;:0,\&quot;clean_value\&quot;:2780000,\&quot;date\&quot;:\&quot;2014-03-18\&quot;,\&quot;beta\&quot;:1.1191670814294727,\&quot;fluctuate_rate\&quot;:34.36992108032278,\&quot;id\&quot;:\&quot;\&quot;,\&quot;name\&quot;:\&quot;得利斯-002330\&quot;,\&quot;alpha\&quot;:0.3464925601928143,\&quot;asset_value_percent\&quot;:2.9905170532126535,\&quot;m3_r\&quot;:-9.184549356223181,\&quot;var_v\&quot;:-3.0868681244219016,\&quot;parent_id\&quot;:\&quot;\&quot;},{\&quot;m1_r\&quot;:-5.789473684210522,\&quot;total_r\&quot;:0,\&quot;risk_open\&quot;:0,\&quot;clean_value\&quot;:4911630.64,\&quot;date\&quot;:\&quot;2014-03-18\&quot;,\&quot;beta\&quot;:0.017699174716027617,\&quot;fluctuate_rate\&quot;:25.6039885062723,\&quot;id\&quot;:\&quot;\&quot;,\&quot;name\&quot;:\&quot;轻工制造\&quot;,\&quot;alpha\&quot;:-0.007003531490822719,\&quot;asset_value_percent\&quot;:5.283566614389129,\&quot;m3_r\&quot;:-5.789473684210522,\&quot;var_v\&quot;:-2.6635687956825107,\&quot;parent_id\&quot;:\&quot;\&quot;},{\&quot;m1_r\&quot;:-15.241765942536778,\&quot;total_r\&quot;:0,\&quot;last\&quot;:true,\&quot;risk_open\&quot;:0,\&quot;clean_value\&quot;:4911630.64,\&quot;date\&quot;:\&quot;2014-03-18\&quot;,\&quot;beta\&quot;:0.3349853613622688,\&quot;fluctuate_rate\&quot;:51.69745043557687,\&quot;id\&quot;:\&quot;\&quot;,\&quot;name\&quot;:\&quot;宜华木业-600978\&quot;,\&quot;alpha\&quot;:-0.1325531028935924,\&quot;asset_value_percent\&quot;:5.283566614389129,\&quot;m3_r\&quot;:-19.42038640906062,\&quot;var_v\&quot;:-2.9671604547581767,\&quot;parent_id\&quot;:\&quot;\&quot;},{\&quot;m1_r\&quot;:-9.372797744890772,\&quot;total_r\&quot;:0,\&quot;risk_open\&quot;:0,\&quot;clean_value\&quot;:3873000,\&quot;date\&quot;:\&quot;2014-03-18\&quot;,\&quot;beta\&quot;:-0.02924977124892555,\&quot;fluctuate_rate\&quot;:75.29869575615662,\&quot;id\&quot;:\&quot;\&quot;,\&quot;name\&quot;:\&quot;钢铁\&quot;,\&quot;alpha\&quot;:0.0457425631859529,\&quot;asset_value_percent\&quot;:4.166285088882233,\&quot;m3_r\&quot;:-9.372797744890772,\&quot;var_v\&quot;:-7.833281768680578,\&quot;parent_id\&quot;:\&quot;\&quot;},{\&quot;m1_r\&quot;:-20.52001019627835,\&quot;total_r\&quot;:0,\&quot;last\&quot;:true,\&quot;risk_open\&quot;:0,\&quot;clean_value\&quot;:3873000,\&quot;date\&quot;:\&quot;2014-03-18\&quot;,\&quot;beta\&quot;:-0.7020588035844885,\&quot;fluctuate_rate\&quot;:76.49868495591728,\&quot;id\&quot;:\&quot;\&quot;,\&quot;name\&quot;:\&quot;物产中拓-000906\&quot;,\&quot;alpha\&quot;:1.0979220627032296,\&quot;asset_value_percent\&quot;:4.166285088882233,\&quot;m3_r\&quot;:-20.52001019627835,\&quot;var_v\&quot;:-7.833281768680578,\&quot;parent_id\&quot;:\&quot;\&quot;},{\&quot;m1_r\&quot;:-5.902951475737872,\&quot;total_r\&quot;:0,\&quot;risk_open\&quot;:0,\&quot;clean_value\&quot;:2172000,\&quot;date\&quot;:\&quot;2014-03-18\&quot;,\&quot;beta\&quot;:0.04534993141705713,\&quot;fluctuate_rate\&quot;:37.36320503514759,\&quot;id\&quot;:\&quot;\&quot;,\&quot;name\&quot;:\&quot;汽车\&quot;,\&quot;alpha\&quot;:0.03092597164760524,\&quot;asset_value_percent\&quot;:2.336475913517224,\&quot;m3_r\&quot;:-9.990958408679928,\&quot;var_v\&quot;:-3.886873602287672,\&quot;parent_id\&quot;:\&quot;\&quot;},{\&quot;m1_r\&quot;:-23.49514563106796,\&quot;total_r\&quot;:0,\&quot;last\&quot;:true,\&quot;risk_open\&quot;:0,\&quot;clean_value\&quot;:2172000,\&quot;date\&quot;:\&quot;2014-03-18\&quot;,\&quot;beta\&quot;:1.9409543729808632,\&quot;fluctuate_rate\&quot;:73.54172710588351,\&quot;id\&quot;:\&quot;\&quot;,\&quot;name\&quot;:\&quot;星宇股份-601799\&quot;,\&quot;alpha\&quot;:1.3236161121408991,\&quot;asset_value_percent\&quot;:2.336475913517224,\&quot;m3_r\&quot;:-23.49514563106796,\&quot;var_v\&quot;:-6.278419592982737,\&quot;parent_id\&quot;:\&quot;\&quot;},{\&quot;m1_r\&quot;:-7.3002754820936655,\&quot;total_r\&quot;:0,\&quot;risk_open\&quot;:0,\&quot;clean_value\&quot;:92598,\&quot;date\&quot;:\&quot;2014-03-18\&quot;,\&quot;beta\&quot;:4.862654959879331E-4,\&quot;fluctuate_rate\&quot;:0,\&quot;id\&quot;:\&quot;\&quot;,\&quot;name\&quot;:\&quot;农林牧渔\&quot;,\&quot;alpha\&quot;:4.126205834624554E-4,\&quot;asset_value_percent\&quot;:0.0996100352853904,\&quot;m3_r\&quot;:-7.3002754820936655,\&quot;var_v\&quot;:0,\&quot;parent_id\&quot;:\&quot;\&quot;},{\&quot;m1_r\&quot;:-12.307692307692308,\&quot;total_r\&quot;:0,\&quot;last\&quot;:true,\&quot;risk_open\&quot;:0,\&quot;clean_value\&quot;:92598,\&quot;date\&quot;:\&quot;2014-03-18\&quot;,\&quot;beta\&quot;:0.4881691835513812,\&quot;fluctuate_rate\&quot;:42.918600222843786,\&quot;id\&quot;:\&quot;\&quot;,\&quot;name\&quot;:\&quot;民和股份-002234\&quot;,\&quot;alpha\&quot;:0.41423595753205567,\&quot;asset_value_percent\&quot;:0.0996100352853904,\&quot;m3_r\&quot;:-16.534472239170228,\&quot;var_v\&quot;:0,\&quot;parent_id\&quot;:\&quot;\&quot;},{\&quot;m1_r\&quot;:-0.5633111016281056,\&quot;total_r\&quot;:-1.6460442327173364,\&quot;risk_open\&quot;:0,\&quot;clean_value\&quot;:156150.37,\&quot;date\&quot;:\&quot;2014-03-18\&quot;,\&quot;beta\&quot;:1.802505585727596E-4,\&quot;fluctuate_rate\&quot;:5.9459982164662915,\&quot;id\&quot;:\&quot;\&quot;,\&quot;name\&quot;:\&quot;债券类\&quot;,\&quot;alpha\&quot;:1.4404955928868133E-4,\&quot;asset_value_percent\&quot;:0.16797494401095883,\&quot;m3_r\&quot;:-1.6460442327173364,\&quot;var_v\&quot;:-0.6185589133772534,\&quot;parent_id\&quot;:\&quot;\&quot;},{\&quot;m1_r\&quot;:-1.1971758927657894,\&quot;total_r\&quot;:-4.87435664547381,\&quot;last\&quot;:true,\&quot;risk_open\&quot;:0,\&quot;clean_value\&quot;:156150.37,\&quot;date\&quot;:\&quot;2014-03-18\&quot;,\&quot;beta\&quot;:0.10730800336566858,\&quot;fluctuate_rate\&quot;:6.053820261698015,\&quot;id\&quot;:\&quot;\&quot;,\&quot;name\&quot;:\&quot;深燃转债-113006\&quot;,\&quot;alpha\&quot;:0.08575657526594169,\&quot;asset_value_percent\&quot;:0.16797494401095883,\&quot;m3_r\&quot;:-4.87435664547381,\&quot;var_v\&quot;:-0.6185589133772534,\&quot;parent_id\&quot;:\&quot;\&quot;},{\&quot;m1_r\&quot;:0,\&quot;total_r\&quot;:0,\&quot;risk_open\&quot;:0,\&quot;clean_value\&quot;:2.4459698650000002E7,\&quot;date\&quot;:\&quot;2014-03-18\&quot;,\&quot;beta\&quot;:0,\&quot;fluctuate_rate\&quot;:0,\&quot;id\&quot;:\&quot;\&quot;,\&quot;name\&quot;:\&quot;其他类\&quot;,\&quot;alpha\&quot;:0,\&quot;asset_value_percent\&quot;:26.311922996139398,\&quot;m3_r\&quot;:0,\&quot;var_v\&quot;:0,\&quot;parent_id\&quot;:\&quot;\&quot;},{\&quot;m1_r\&quot;:0,\&quot;total_r\&quot;:0,\&quot;last\&quot;:true,\&quot;risk_open\&quot;:0,\&quot;clean_value\&quot;:1683069.82,\&quot;date\&quot;:\&quot;2014-03-18\&quot;,\&quot;beta\&quot;:0,\&quot;fluctuate_rate\&quot;:0,\&quot;id\&quot;:\&quot;\&quot;,\&quot;name\&quot;:\&quot;银行存款\&quot;,\&quot;alpha\&quot;:0,\&quot;asset_value_percent\&quot;:1.810521222466745,\&quot;m3_r\&quot;:0,\&quot;var_v\&quot;:0,\&quot;parent_id\&quot;:\&quot;\&quot;},{\&quot;m1_r\&quot;:0,\&quot;total_r\&quot;:0,\&quot;last\&quot;:true,\&quot;risk_open\&quot;:0,\&quot;clean_value\&quot;:5313134.16,\&quot;date\&quot;:\&quot;2014-03-18\&quot;,\&quot;beta\&quot;:0,\&quot;fluctuate_rate\&quot;:0,\&quot;id\&quot;:\&quot;\&quot;,\&quot;name\&quot;:\&quot;存出保证金\&quot;,\&quot;alpha\&quot;:0,\&quot;asset_value_percent\&quot;:5.715474212764995,\&quot;m3_r\&quot;:0,\&quot;var_v\&quot;:0,\&quot;parent_id\&quot;:\&quot;\&quot;},{\&quot;m1_r\&quot;:0,\&quot;total_r\&quot;:0,\&quot;last\&quot;:true,\&quot;risk_open\&quot;:0,\&quot;clean_value\&quot;:1.417945539E7,\&quot;date\&quot;:\&quot;2014-03-18\&quot;,\&quot;beta\&quot;:0,\&quot;fluctuate_rate\&quot;:0,\&quot;id\&quot;:\&quot;\&quot;,\&quot;name\&quot;:\&quot;清算备付金\&quot;,\&quot;alpha\&quot;:0,\&quot;asset_value_percent\&quot;:15.253202571605426,\&quot;m3_r\&quot;:0,\&quot;var_v\&quot;:0,\&quot;parent_id\&quot;:\&quot;\&quot;},{\&quot;m1_r\&quot;:0,\&quot;total_r\&quot;:0,\&quot;last\&quot;:true,\&quot;risk_open\&quot;:0,\&quot;clean_value\&quot;:3284039.280000001,\&quot;date\&quot;:\&quot;2014-03-18\&quot;,\&quot;beta\&quot;:0,\&quot;fluctuate_rate\&quot;:0,\&quot;id\&quot;:\&quot;\&quot;,\&quot;name\&quot;:\&quot;其他资产\&quot;,\&quot;alpha\&quot;:0,\&quot;asset_value_percent\&quot;:3.5327249893022334,\&quot;m3_r\&quot;:0,\&quot;var_v\&quot;:0,\&quot;parent_id\&quot;:\&quot;\&quot;},{\&quot;m1_r\&quot;:0,\&quot;total_r\&quot;:0,\&quot;last\&quot;:true,\&quot;risk_open\&quot;:0,\&quot;clean_value\&quot;:-4048250.4,\&quot;date\&quot;:\&quot;2014-03-18\&quot;,\&quot;beta\&quot;:0,\&quot;fluctuate_rate\&quot;:0,\&quot;id\&quot;:\&quot;\&quot;,\&quot;name\&quot;:\&quot;其他负债\&quot;,\&quot;alpha\&quot;:0,\&quot;asset_value_percent\&quot;:-4.354806423336312,\&quot;m3_r\&quot;:0,\&quot;var_v\&quot;:0,\&quot;parent_id\&quot;:\&quot;\&quot;},{\&quot;m1_r\&quot;:-3.8700096095046765,\&quot;total_r\&quot;:-3.8700096095046765,\&quot;risk_open\&quot;:30.15153854254997,\&quot;clean_value\&quot;:9.293858135E7,\&quot;date\&quot;:\&quot;2014-03-19\&quot;,\&quot;beta\&quot;:0.3733103092035551,\&quot;fluctuate_rate\&quot;:16.566411455019693,\&quot;id\&quot;:\&quot;\&quot;,\&quot;name\&quot;:\&quot;汇总\&quot;,\&quot;alpha\&quot;:0.20768834698239327,\&quot;asset_value_percent\&quot;:100.33949811968527,\&quot;m3_r\&quot;:-3.8700096095046765,\&quot;first\&quot;:true,\&quot;var_v\&quot;:-1.5741726171778108},{\&quot;m1_r\&quot;:-4.664648631069013,\&quot;total_r\&quot;:0,\&quot;risk_open\&quot;:0,\&quot;clean_value\&quot;:7.193517239E7,\&quot;date\&quot;:\&quot;2014-03-19\&quot;,\&quot;beta\&quot;:0.7419909775015263,\&quot;fluctuate_rate\&quot;:20.674331041913074,\&quot;id\&quot;:\&quot;\&quot;,\&quot;name\&quot;:\&quot;股票类\&quot;,\&quot;alpha\&quot;:0.23475274396091805,\&quot;asset_value_percent\&quot;:77.66353854254997,\&quot;m3_r\&quot;:-4.664648631069013,\&quot;var_v\&quot;:-2.1507392499164677,\&quot;parent_id\&quot;:\&quot;\&quot;},{\&quot;m1_r\&quot;:-7.13812165740787,\&quot;total_r\&quot;:0,\&quot;risk_open\&quot;:0,\&quot;clean_value\&quot;:2.9867088030000005E7,\&quot;date\&quot;:\&quot;2014-03-19\&quot;,\&quot;beta\&quot;:0.36017139520048036,\&quot;fluctuate_rate\&quot;:33.385689274495284,\&quot;id\&quot;:\&quot;\&quot;,\&quot;name\&quot;:\&quot;电子\&quot;,\&quot;alpha\&quot;:-0.019257766129583284,\&quot;asset_value_percent\&quot;:32.245474158258816,\&quot;m3_r\&quot;:-7.13812165740787,\&quot;var_v\&quot;:-3.4730948325536715,\&quot;parent_id\&quot;:\&quot;\&quot;},{\&quot;m1_r\&quot;:-17.649086521889,\&quot;total_r\&quot;:0,\&quot;last\&quot;:true,\&quot;risk_open\&quot;:0,\&quot;clean_value\&quot;:1632624,\&quot;date\&quot;:\&quot;2014-03-19\&quot;,\&quot;beta\&quot;:1.278921041845785,\&quot;fluctuate_rate\&quot;:44.936720130603824,\&quot;id\&quot;:\&quot;\&quot;,\&quot;name\&quot;:\&quot;勤上光电-002638\&quot;,\&quot;alpha\&quot;:-0.05940793332278983,\&quot;asset_value_percent\&quot;:1.7626336705230228,\&quot;m3_r\&quot;:-17.649086521889,\&quot;var_v\&quot;:-4.1170182902256105,\&quot;parent_id\&quot;:\&quot;\&quot;},{\&quot;m1_r\&quot;:-16.000740775035883,\&quot;total_r\&quot;:0,\&quot;last\&quot;:true,\&quot;risk_open\&quot;:0,\&quot;clean_value\&quot;:5897500,\&quot;date\&quot;:\&quot;2014-03-19\&quot;,\&quot;beta\&quot;:0.9871105418615234,\&quot;fluctuate_rate\&quot;:50.79775272176079,\&quot;id\&quot;:\&quot;\&quot;,\&quot;name\&quot;:\&quot;三安光电-600703\&quot;,\&quot;alpha\&quot;:0.06183820494709343,\&quot;asset_value_percent\&quot;:6.367131728989362,\&quot;m3_r\&quot;:-17.234615209160165,\&quot;var_v\&quot;:-5.195667417955696,\&quot;parent_id\&quot;:\&quot;\&quot;},{\&quot;m1_r\&quot;:-19.75953079178886,\&quot;total_r\&quot;:0,\&quot;last\&quot;:true,\&quot;risk_open\&quot;:0,\&quot;clean_value\&quot;:1831821.06,\&quot;date\&quot;:\&quot;2014-03-19\&quot;,\&quot;beta\&quot;:1.2683225692741966,\&quot;fluctuate_rate\&quot;:48.82972644440609,\&quot;id\&quot;:\&quot;\&quot;,\&quot;name\&quot;:\&quot;歌尔声学-002241\&quot;,\&quot;alpha\&quot;:-0.18701961403979403,\&quot;asset_value_percent\&quot;:1.9776932586616236,\&quot;m3_r\&quot;:-23.38793224135517,\&quot;var_v\&quot;:-4.995644509463258,\&quot;parent_id\&quot;:\&quot;\&quot;},{\&quot;m1_r\&quot;:-16.44859813084113,\&quot;total_r\&quot;:0,\&quot;last\&quot;:true,\&quot;risk_open\&quot;:0,\&quot;clean_value\&quot;:2998860,\&quot;date\&quot;:\&quot;2014-03-19\&quot;,\&quot;beta\&quot;:0.1975130821000642,\&quot;fluctuate_rate\&quot;:55.19893832608594,\&quot;id\&quot;:\&quot;\&quot;,\&quot;name\&quot;:\&quot;佛山照明-000541\&quot;,\&quot;alpha\&quot;:0.19568398744342597,\&quot;asset_value_percent\&quot;:3.2376662410847032,\&quot;m3_r\&quot;:-16.44859813084113,\&quot;var_v\&quot;:-5.100149523476594,\&quot;parent_id\&quot;:\&quot;\&quot;},{\&quot;m1_r\&quot;:-28.288605367355913,\&quot;total_r\&quot;:0,\&quot;last\&quot;:true,\&quot;risk_open\&quot;:0,\&quot;clean_value\&quot;:1961400,\&quot;date\&quot;:\&quot;2014-03-19\&quot;,\&quot;beta\&quot;:1.9051691888872204,\&quot;fluctuate_rate\&quot;:57.5340959183834,\&quot;id\&quot;:\&quot;\&quot;,\&quot;name\&quot;:\&quot;安洁科技-002635\&quot;,\&quot;alpha\&quot;:-0.15426044869198433,\&quot;asset_value_percent\&quot;:2.117590872952901,\&quot;m3_r\&quot;:-28.288605367355913,\&quot;var_v\&quot;:-5.266126079458505,\&quot;parent_id\&quot;:\&quot;\&quot;},{\&quot;m1_r\&quot;:-16.469228546662805,\&quot;total_r\&quot;:0,\&quot;last\&quot;:true,\&quot;risk_open\&quot;:0,\&quot;clean_value\&quot;:4670295,\&quot;date\&quot;:\&quot;2014-03-19\&quot;,\&quot;beta\&quot;:1.2216821322356712,\&quot;fluctuate_rate\&quot;:45.00439568828328,\&quot;id\&quot;:\&quot;\&quot;,\&quot;name\&quot;:\&quot;大族激光-002008\&quot;,\&quot;alpha\&quot;:-0.12557922252770273,\&quot;asset_value_percent\&quot;:5.042201522380732,\&quot;m3_r\&quot;:-16.6658659620466,\&quot;var_v\&quot;:-4.603500697952904,\&quot;parent_id\&quot;:\&quot;\&quot;},{\&quot;m1_r\&quot;:-19.683138438325177,\&quot;total_r\&quot;:0,\&quot;last\&quot;:true,\&quot;risk_open\&quot;:0,\&quot;clean_value\&quot;:2630100.6,\&quot;date\&quot;:\&quot;2014-03-19\&quot;,\&quot;beta\&quot;:1.2400588560013355,\&quot;fluctuate_rate\&quot;:57.57496412075058,\&quot;id\&quot;:\&quot;\&quot;,\&quot;name\&quot;:\&quot;阳光照明-600261\&quot;,\&quot;alpha\&quot;:0.07402885317054869,\&quot;asset_value_percent\&quot;:2.8395416669256393,\&quot;m3_r\&quot;:-24.34621944286527,\&quot;var_v\&quot;:-5.074034719557775,\&quot;parent_id\&quot;:\&quot;\&quot;},{\&quot;m1_r\&quot;:-19.337294793030512,\&quot;total_r\&quot;:0,\&quot;last\&quot;:true,\&quot;risk_open\&quot;:0,\&quot;clean_value\&quot;:5290237.37,\&quot;date\&quot;:\&quot;2014-03-19\&quot;,\&quot;beta\&quot;:1.0216426804740424,\&quot;fluctuate_rate\&quot;:48.341139990250966,\&quot;id\&quot;:\&quot;\&quot;,\&quot;name\&quot;:\&quot;德豪润达-002005\&quot;,\&quot;alpha\&quot;:-0.19753890206137625,\&quot;asset_value_percent\&quot;:5.71151135437257,\&quot;m3_r\&quot;:-20.37975941942539,\&quot;var_v\&quot;:-4.944962495383801,\&quot;parent_id\&quot;:\&quot;\&quot;},{\&quot;m1_r\&quot;:-21.704180064308687,\&quot;total_r\&quot;:0,\&quot;last\&quot;:true,\&quot;risk_open\&quot;:0,\&quot;clean_value\&quot;:2954250,\&quot;date\&quot;:\&quot;2014-03-19\&quot;,\&quot;beta\&quot;:1.4984506143148166,\&quot;fluctuate_rate\&quot;:45.87139509184241,\&quot;id\&quot;:\&quot;\&quot;,\&quot;name\&quot;:\&quot;长盈精密-300115\&quot;,\&quot;alpha\&quot;:-0.18830272414049407,\&quot;asset_value_percent\&quot;:3.189503842368261,\&quot;m3_r\&quot;:-25.306748466257666,\&quot;var_v\&quot;:-4.692194649826352,\&quot;parent_id\&quot;:\&quot;\&quot;},{\&quot;m1_r\&quot;:-5.313550703302694,\&quot;total_r\&quot;:0,\&quot;risk_open\&quot;:0,\&quot;clean_value\&quot;:1.03649238E7,\&quot;date\&quot;:\&quot;2014-03-19\&quot;,\&quot;beta\&quot;:0.12171836362924161,\&quot;fluctuate_rate\&quot;:44.782083211767535,\&quot;id\&quot;:\&quot;\&quot;,\&quot;name\&quot;:\&quot;化工\&quot;,\&quot;alpha\&quot;:0.10586556783606993,\&quot;asset_value_percent\&quot;:11.190306942863414,\&quot;m3_r\&quot;:-6.552351476112051,\&quot;var_v\&quot;:-4.658655405164752,\&quot;parent_id\&quot;:\&quot;\&quot;},{\&quot;m1_r\&quot;:-11.965960402917686,\&quot;total_r\&quot;:0,\&quot;last\&quot;:true,\&quot;risk_open\&quot;:0,\&quot;clean_value\&quot;:1.03649238E7,\&quot;date\&quot;:\&quot;2014-03-19\&quot;,\&quot;beta\&quot;:1.087712466250688,\&quot;fluctuate_rate\&quot;:45.48825016023912,\&quot;id\&quot;:\&quot;\&quot;,\&quot;name\&quot;:\&quot;浙江龙盛-600352\&quot;,\&quot;alpha\&quot;:0.9460470421107205,\&quot;asset_value_percent\&quot;:11.190306942863414,\&quot;m3_r\&quot;:-11.965960402917686,\&quot;var_v\&quot;:-4.658655405164752,\&quot;parent_id\&quot;:\&quot;\&quot;},{\&quot;m1_r\&quot;:-5.136173541349454,\&quot;total_r\&quot;:0,\&quot;risk_open\&quot;:0,\&quot;clean_value\&quot;:6982221.41,\&quot;date\&quot;:\&quot;2014-03-19\&quot;,\&quot;beta\&quot;:0.0718713837246722,\&quot;fluctuate_rate\&quot;:25.352182520384407,\&quot;id\&quot;:\&quot;\&quot;,\&quot;name\&quot;:\&quot;食品饮料\&quot;,\&quot;alpha\&quot;:0.03232268872225268,\&quot;asset_value_percent\&quot;:7.538232043821931,\&quot;m3_r\&quot;:-5.136173541349454,\&quot;var_v\&quot;:-2.6373735579205206,\&quot;parent_id\&quot;:\&quot;\&quot;},{\&quot;m1_r\&quot;:-16.823406478578896,\&quot;total_r\&quot;:0,\&quot;last\&quot;:true,\&quot;risk_open\&quot;:0,\&quot;clean_value\&quot;:1985472.54,\&quot;date\&quot;:\&quot;2014-03-19\&quot;,\&quot;beta\&quot;:0.488389981916587,\&quot;fluctuate_rate\&quot;:60.1395276491756,\&quot;id\&quot;:\&quot;\&quot;,\&quot;name\&quot;:\&quot;惠泉啤酒-600573\&quot;,\&quot;alpha\&quot;:0.49022276822173305,\&quot;asset_value_percent\&quot;:2.143580365658516,\&quot;m3_r\&quot;:-16.823406478578896,\&quot;var_v\&quot;:-6.143281582052351,\&quot;parent_id\&quot;:\&quot;\&quot;},{\&quot;m1_r\&quot;:-12.35706381409073,\&quot;total_r\&quot;:0,\&quot;last\&quot;:true,\&quot;risk_open\&quot;:0,\&quot;clean_value\&quot;:2096748.87,\&quot;date\&quot;:\&quot;2014-03-19\&quot;,\&quot;beta\&quot;:1.2612819881761856,\&quot;fluctuate_rate\&quot;:37.320671309272434,\&quot;id\&quot;:\&quot;\&quot;,\&quot;name\&quot;:\&quot;上海梅林-600073\&quot;,\&quot;alpha\&quot;:0.25669614984714206,\&quot;asset_value_percent\&quot;:2.263717890275471,\&quot;m3_r\&quot;:-12.550607287449388,\&quot;var_v\&quot;:-3.8156976526313056,\&quot;parent_id\&quot;:\&quot;\&quot;},{\&quot;m1_r\&quot;:-9.184549356223181,\&quot;total_r\&quot;:0,\&quot;last\&quot;:true,\&quot;risk_open\&quot;:0,\&quot;clean_value\&quot;:2900000,\&quot;date\&quot;:\&quot;2014-03-19\&quot;,\&quot;beta\&quot;:1.0492232725706656,\&quot;fluctuate_rate\&quot;:36.37680229054522,\&quot;id\&quot;:\&quot;\&quot;,\&quot;name\&quot;:\&quot;得利斯-002330\&quot;,\&quot;alpha\&quot;:0.5111412163628495,\&quot;asset_value_percent\&quot;:3.1309337878879435,\&quot;m3_r\&quot;:-9.184549356223181,\&quot;var_v\&quot;:-3.5821840529548004,\&quot;parent_id\&quot;:\&quot;\&quot;},{\&quot;m1_r\&quot;:-4.695616029586047,\&quot;total_r\&quot;:0,\&quot;risk_open\&quot;:0,\&quot;clean_value\&quot;:6912600,\&quot;date\&quot;:\&quot;2014-03-19\&quot;,\&quot;beta\&quot;:0.06194514171299472,\&quot;fluctuate_rate\&quot;:18.84126084658213,\&quot;id\&quot;:\&quot;\&quot;,\&quot;name\&quot;:\&quot;计算机\&quot;,\&quot;alpha\&quot;:0.001391558179865894,\&quot;asset_value_percent\&quot;:7.463066517984207,\&quot;m3_r\&quot;:-4.695616029586047,\&quot;var_v\&quot;:-1.9600459690089618,\&quot;parent_id\&quot;:\&quot;\&quot;},{\&quot;m1_r\&quot;:-13.109812365426022,\&quot;total_r\&quot;:0,\&quot;last\&quot;:true,\&quot;risk_open\&quot;:0,\&quot;clean_value\&quot;:2676600,\&quot;date\&quot;:\&quot;2014-03-19\&quot;,\&quot;beta\&quot;:1.1215839063797153,\&quot;fluctuate_rate\&quot;:57.711873422770154,\&quot;id\&quot;:\&quot;\&quot;,\&quot;name\&quot;:\&quot;神州泰岳-300002\&quot;,\&quot;alpha\&quot;:-0.2620972210328936,\&quot;asset_value_percent\&quot;:2.889743922986507,\&quot;m3_r\&quot;:-21.755027422303463,\&quot;var_v\&quot;:-5.138640892655736,\&quot;parent_id\&quot;:\&quot;\&quot;},{\&quot;m1_r\&quot;:-11.303339293480896,\&quot;total_r\&quot;:0,\&quot;last\&quot;:true,\&quot;risk_open\&quot;:0,\&quot;clean_value\&quot;:4236000,\&quot;date\&quot;:\&quot;2014-03-19\&quot;,\&quot;beta\&quot;:0.6457939129309789,\&quot;fluctuate_rate\&quot;:45.168196087580014,\&quot;id\&quot;:\&quot;\&quot;,\&quot;name\&quot;:\&quot;航天信息-600271\&quot;,\&quot;alpha\&quot;:0.19603901782014924,\&quot;asset_value_percent\&quot;:4.573322594997699,\&quot;m3_r\&quot;:-11.303339293480896,\&quot;var_v\&quot;:-3.078839213461736,\&quot;parent_id\&quot;:\&quot;\&quot;},{\&quot;m1_r\&quot;:-5.411879340284409,\&quot;total_r\&quot;:0,\&quot;risk_open\&quot;:0,\&quot;clean_value\&quot;:6863738,\&quot;date\&quot;:\&quot;2014-03-19\&quot;,\&quot;beta\&quot;:0.09410365326021985,\&quot;fluctuate_rate\&quot;:39.57229051966683,\&quot;id\&quot;:\&quot;\&quot;,\&quot;name\&quot;:\&quot;医药生物\&quot;,\&quot;alpha\&quot;:0.06086491573239658,\&quot;asset_value_percent\&quot;:7.410313522555316,\&quot;m3_r\&quot;:-5.411879340284409,\&quot;var_v\&quot;:-4.116683546239147,\&quot;parent_id\&quot;:\&quot;\&quot;},{\&quot;m1_r\&quot;:-16.22060016220601,\&quot;total_r\&quot;:0,\&quot;last\&quot;:true,\&quot;risk_open\&quot;:0,\&quot;clean_value\&quot;:1826000,\&quot;date\&quot;:\&quot;2014-03-19\&quot;,\&quot;beta\&quot;:1.201051730447929,\&quot;fluctuate_rate\&quot;:76.02525450144185,\&quot;id\&quot;:\&quot;\&quot;,\&quot;name\&quot;:\&quot;运盛实业-600767\&quot;,\&quot;alpha\&quot;:1.1843376510386938,\&quot;asset_value_percent\&quot;:1.9714086540287536,\&quot;m3_r\&quot;:-16.22060016220601,\&quot;var_v\&quot;:-8.048281016104857,\&quot;parent_id\&quot;:\&quot;\&quot;},{\&quot;m1_r\&quot;:-8.999699006722183,\&quot;total_r\&quot;:0,\&quot;last\&quot;:true,\&quot;risk_open\&quot;:0,\&quot;clean_value\&quot;:5037738,\&quot;date\&quot;:\&quot;2014-03-19\&quot;,\&quot;beta\&quot;:1.294856542064987,\&quot;fluctuate_rate\&quot;:49.91975790998846,\&quot;id\&quot;:\&quot;\&quot;,\&quot;name\&quot;:\&quot;中国医药-600056\&quot;,\&quot;alpha\&quot;:0.6897855670173262,\&quot;asset_value_percent\&quot;:5.4389048685265635,\&quot;m3_r\&quot;:-8.999699006722183,\&quot;var_v\&quot;:-5.216627852750009,\&quot;parent_id\&quot;:\&quot;\&quot;},{\&quot;m1_r\&quot;:-5.789473684210522,\&quot;total_r\&quot;:0,\&quot;risk_open\&quot;:0,\&quot;clean_value\&quot;:4902467.15,\&quot;date\&quot;:\&quot;2014-03-19\&quot;,\&quot;beta\&quot;:0.01521571009205197,\&quot;fluctuate_rate\&quot;:25.592666802085645,\&quot;id\&quot;:\&quot;\&quot;,\&quot;name\&quot;:\&quot;轻工制造\&quot;,\&quot;alpha\&quot;:-0.013569198680307475,\&quot;asset_value_percent\&quot;:5.2928620841192116,\&quot;m3_r\&quot;:-5.789473684210522,\&quot;var_v\&quot;:-2.6623910050434416,\&quot;parent_id\&quot;:\&quot;\&quot;},{\&quot;m1_r\&quot;:-15.241765942536778,\&quot;total_r\&quot;:0,\&quot;last\&quot;:true,\&quot;risk_open\&quot;:0,\&quot;clean_value\&quot;:4902467.15,\&quot;date\&quot;:\&quot;2014-03-19\&quot;,\&quot;beta\&quot;:0.287476035653856,\&quot;fluctuate_rate\&quot;:50.39822078689903,\&quot;id\&quot;:\&quot;\&quot;,\&quot;name\&quot;:\&quot;宜华木业-600978\&quot;,\&quot;alpha\&quot;:-0.2563678868758118,\&quot;asset_value_percent\&quot;:5.2928620841192116,\&quot;m3_r\&quot;:-19.42038640906062,\&quot;var_v\&quot;:-2.9076500579977784,\&quot;parent_id\&quot;:\&quot;\&quot;},{\&quot;m1_r\&quot;:-9.372797744890772,\&quot;total_r\&quot;:0,\&quot;risk_open\&quot;:0,\&quot;clean_value\&quot;:3834000,\&quot;date\&quot;:\&quot;2014-03-19\&quot;,\&quot;beta\&quot;:-0.02695607112196601,\&quot;fluctuate_rate\&quot;:75.48019233681087,\&quot;id\&quot;:\&quot;\&quot;,\&quot;name\&quot;:\&quot;钢铁\&quot;,\&quot;alpha\&quot;:0.04325001942539049,\&quot;asset_value_percent\&quot;:4.139310394055991,\&quot;m3_r\&quot;:-9.372797744890772,\&quot;var_v\&quot;:-7.8521627578137885,\&quot;parent_id\&quot;:\&quot;\&quot;},{\&quot;m1_r\&quot;:-20.52001019627835,\&quot;total_r\&quot;:0,\&quot;last\&quot;:true,\&quot;risk_open\&quot;:0,\&quot;clean_value\&quot;:3834000,\&quot;date\&quot;:\&quot;2014-03-19\&quot;,\&quot;beta\&quot;:-0.6512213039320428,\&quot;fluctuate_rate\&quot;:76.68916467511065,\&quot;id\&quot;:\&quot;\&quot;,\&quot;name\&quot;:\&quot;物产中拓-000906\&quot;,\&quot;alpha\&quot;:1.0448605035152012,\&quot;asset_value_percent\&quot;:4.139310394055991,\&quot;m3_r\&quot;:-20.52001019627835,\&quot;var_v\&quot;:-7.8521627578137885,\&quot;parent_id\&quot;:\&quot;\&quot;},{\&quot;m1_r\&quot;:-5.902951475737872,\&quot;total_r\&quot;:0,\&quot;risk_open\&quot;:0,\&quot;clean_value\&quot;:2117000,\&quot;date\&quot;:\&quot;2014-03-19\&quot;,\&quot;beta\&quot;:0.04341510295656488,\&quot;fluctuate_rate\&quot;:38.26155097235081,\&quot;id\&quot;:\&quot;\&quot;,\&quot;name\&quot;:\&quot;汽车\&quot;,\&quot;alpha\&quot;:0.02352036665351758,\&quot;asset_value_percent\&quot;:2.285581665158199,\&quot;m3_r\&quot;:-9.990958408679928,\&quot;var_v\&quot;:-3.9803280344155616,\&quot;parent_id\&quot;:\&quot;\&quot;},{\&quot;m1_r\&quot;:-23.49514563106796,\&quot;total_r\&quot;:0,\&quot;last\&quot;:true,\&quot;risk_open\&quot;:0,\&quot;clean_value\&quot;:2117000,\&quot;date\&quot;:\&quot;2014-03-19\&quot;,\&quot;beta\&quot;:1.8995209673927738,\&quot;fluctuate_rate\&quot;:70.93135654731348,\&quot;id\&quot;:\&quot;\&quot;,\&quot;name\&quot;:\&quot;星宇股份-601799\&quot;,\&quot;alpha\&quot;:1.0290757496030927,\&quot;asset_value_percent\&quot;:2.285581665158199,\&quot;m3_r\&quot;:-23.49514563106796,\&quot;var_v\&quot;:-6.222564824273399,\&quot;parent_id\&quot;:\&quot;\&quot;},{\&quot;m1_r\&quot;:-7.3002754820936655,\&quot;total_r\&quot;:0,\&quot;risk_open\&quot;:0,\&quot;clean_value\&quot;:91134,\&quot;date\&quot;:\&quot;2014-03-19\&quot;,\&quot;beta\&quot;:5.062980472668117E-4,\&quot;fluctuate_rate\&quot;:4.489816871518305,\&quot;id\&quot;:\&quot;\&quot;,\&quot;name\&quot;:\&quot;农林牧渔\&quot;,\&quot;alpha\&quot;:3.645922213156178E-4,\&quot;asset_value_percent\&quot;:0.0983912137328896,\&quot;m3_r\&quot;:-7.3002754820936655,\&quot;var_v\&quot;:-0.46707317160275275,\&quot;parent_id\&quot;:\&quot;\&quot;},{\&quot;m1_r\&quot;:-12.307692307692308,\&quot;total_r\&quot;:0,\&quot;last\&quot;:true,\&quot;risk_open\&quot;:0,\&quot;clean_value\&quot;:91134,\&quot;date\&quot;:\&quot;2014-03-19\&quot;,\&quot;beta\&quot;:0.5145764830600617,\&quot;fluctuate_rate\&quot;:43.281624182773385,\&quot;id\&quot;:\&quot;\&quot;,\&quot;name\&quot;:\&quot;民和股份-002234\&quot;,\&quot;alpha\&quot;:0.37055363734551044,\&quot;asset_value_percent\&quot;:0.0983912137328896,\&quot;m3_r\&quot;:-16.534472239170228,\&quot;var_v\&quot;:-1.5014301822554261,\&quot;parent_id\&quot;:\&quot;\&quot;},{\&quot;m1_r\&quot;:-0.5633111016281056,\&quot;total_r\&quot;:-1.6460442327173364,\&quot;risk_open\&quot;:0,\&quot;clean_value\&quot;:155927.62,\&quot;date\&quot;:\&quot;2014-03-19\&quot;,\&quot;beta\&quot;:1.8299163078737226E-4,\&quot;fluctuate_rate\&quot;:5.965789618409539,\&quot;id\&quot;:\&quot;\&quot;,\&quot;name\&quot;:\&quot;债券类\&quot;,\&quot;alpha\&quot;:1.3297180068794364E-4,\&quot;asset_value_percent\&quot;:0.16834450135274204,\&quot;m3_r\&quot;:-1.6460442327173364,\&quot;var_v\&quot;:-0.6206178020002477,\&quot;parent_id\&quot;:\&quot;\&quot;},{\&quot;m1_r\&quot;:-1.1971758927657894,\&quot;total_r\&quot;:-4.87435664547381,\&quot;last\&quot;:true,\&quot;risk_open\&quot;:0,\&quot;clean_value\&quot;:155927.62,\&quot;date\&quot;:\&quot;2014-03-19\&quot;,\&quot;beta\&quot;:0.10870068776641492,\&quot;fluctuate_rate\&quot;:6.075147115449368,\&quot;id\&quot;:\&quot;\&quot;,\&quot;name\&quot;:\&quot;深燃转债-113006\&quot;,\&quot;alpha\&quot;:0.07898790849682703,\&quot;asset_value_percent\&quot;:0.16834450135274204,\&quot;m3_r\&quot;:-4.87435664547381,\&quot;var_v\&quot;:-0.6206178020002477,\&quot;parent_id\&quot;:\&quot;\&quot;},{\&quot;m1_r\&quot;:0,\&quot;total_r\&quot;:0,\&quot;risk_open\&quot;:0,\&quot;clean_value\&quot;:2.0847481339999992E7,\&quot;date\&quot;:\&quot;2014-03-19\&quot;,\&quot;beta\&quot;:0,\&quot;fluctuate_rate\&quot;:0,\&quot;id\&quot;:\&quot;\&quot;,\&quot;name\&quot;:\&quot;其他类\&quot;,\&quot;alpha\&quot;:0,\&quot;asset_value_percent\&quot;:22.50761507578255,\&quot;m3_r\&quot;:0,\&quot;var_v\&quot;:0,\&quot;parent_id\&quot;:\&quot;\&quot;},{\&quot;m1_r\&quot;:0,\&quot;total_r\&quot;:0,\&quot;last\&quot;:true,\&quot;risk_open\&quot;:0,\&quot;clean_value\&quot;:1179817.72,\&quot;date\&quot;:\&quot;2014-03-19\&quot;,\&quot;beta\&quot;:0,\&quot;fluctuate_rate\&quot;:0,\&quot;id\&quot;:\&quot;\&quot;,\&quot;name\&quot;:\&quot;银行存款\&quot;,\&quot;alpha\&quot;:0,\&quot;asset_value_percent\&quot;:1.2737693665851437,\&quot;m3_r\&quot;:0,\&quot;var_v\&quot;:0,\&quot;parent_id\&quot;:\&quot;\&quot;},{\&quot;m1_r\&quot;:0,\&quot;total_r\&quot;:0,\&quot;last\&quot;:true,\&quot;risk_open\&quot;:0,\&quot;clean_value\&quot;:5485912.56,\&quot;date\&quot;:\&quot;2014-03-19\&quot;,\&quot;beta\&quot;:0,\&quot;fluctuate_rate\&quot;:0,\&quot;id\&quot;:\&quot;\&quot;,\&quot;name\&quot;:\&quot;存出保证金\&quot;,\&quot;alpha\&quot;:0,\&quot;asset_value_percent\&quot;:5.922768617759601,\&quot;m3_r\&quot;:0,\&quot;var_v\&quot;:0,\&quot;parent_id\&quot;:\&quot;\&quot;},{\&quot;m1_r\&quot;:0,\&quot;total_r\&quot;:0,\&quot;last\&quot;:true,\&quot;risk_open\&quot;:0,\&quot;clean_value\&quot;:1.413224038E7,\&quot;date\&quot;:\&quot;2014-03-19\&quot;,\&quot;beta\&quot;:0,\&quot;fluctuate_rate\&quot;:0,\&quot;id\&quot;:\&quot;\&quot;,\&quot;name\&quot;:\&quot;清算备付金\&quot;,\&quot;alpha\&quot;:0,\&quot;asset_value_percent\&quot;:15.25762376010219,\&quot;m3_r\&quot;:0,\&quot;var_v\&quot;:0,\&quot;parent_id\&quot;:\&quot;\&quot;},{\&quot;m1_r\&quot;:0,\&quot;total_r\&quot;:0,\&quot;last\&quot;:true,\&quot;risk_open\&quot;:0,\&quot;clean_value\&quot;:49510.67999999225,\&quot;date\&quot;:\&quot;2014-03-19\&quot;,\&quot;beta\&quot;:0,\&quot;fluctuate_rate\&quot;:0,\&quot;id\&quot;:\&quot;\&quot;,\&quot;name\&quot;:\&quot;其他资产\&quot;,\&quot;alpha\&quot;:0,\&quot;asset_value_percent\&quot;:0.05345333133561503,\&quot;m3_r\&quot;:0,\&quot;var_v\&quot;:0,\&quot;parent_id\&quot;:\&quot;\&quot;},{\&quot;m1_r\&quot;:0,\&quot;total_r\&quot;:0,\&quot;last\&quot;:true,\&quot;risk_open\&quot;:0,\&quot;clean_value\&quot;:-314457.16,\&quot;date\&quot;:\&quot;2014-03-19\&quot;,\&quot;beta\&quot;:0,\&quot;fluctuate_rate\&quot;:0,\&quot;id\&quot;:\&quot;\&quot;,\&quot;name\&quot;:\&quot;其他负债\&quot;,\&quot;alpha\&quot;:0,\&quot;asset_value_percent\&quot;:-0.3394981196852707,\&quot;m3_r\&quot;:0,\&quot;var_v\&quot;:0,\&quot;parent_id\&quot;:\&quot;\&quot;},{\&quot;m1_r\&quot;:-3.8700096095046765,\&quot;total_r\&quot;:-3.8700096095046765,\&quot;risk_open\&quot;:33.482870279464855,\&quot;clean_value\&quot;:9.528462854000002E7,\&quot;date\&quot;:\&quot;2014-03-20\&quot;,\&quot;beta\&quot;:0.40876117519969873,\&quot;fluctuate_rate\&quot;:17.277862951780264,\&quot;id\&quot;:\&quot;\&quot;,\&quot;name\&quot;:\&quot;汇总\&quot;,\&quot;alpha\&quot;:0.17990361055544546,\&quot;asset_value_percent\&quot;:104.67941167244024,\&quot;m3_r\&quot;:-3.8700096095046765,\&quot;first\&quot;:true,\&quot;var_v\&quot;:-1.687809420754519},{\&quot;m1_r\&quot;:-4.664648631069013,\&quot;total_r\&quot;:0,\&quot;risk_open\&quot;:0,\&quot;clean_value\&quot;:7.004904154E7,\&quot;date\&quot;:\&quot;2014-03-20\&quot;,\&quot;beta\&quot;:0.7906625634734507,\&quot;fluctuate_rate\&quot;:21.40421662468272,\&quot;id\&quot;:\&quot;\&quot;,\&quot;name\&quot;:\&quot;股票类\&quot;,\&quot;alpha\&quot;:0.2029446041063075,\&quot;asset_value_percent\&quot;:76.95567027946485,\&quot;m3_r\&quot;:-4.664648631069013,\&quot;var_v\&quot;:-2.2266688443313196,\&quot;parent_id\&quot;:\&quot;\&quot;},{\&quot;m1_r\&quot;:-7.13812165740787,\&quot;total_r\&quot;:0,\&quot;risk_open\&quot;:0,\&quot;clean_value\&quot;:2.536522736E7,\&quot;date\&quot;:\&quot;2014-03-20\&quot;,\&quot;beta\&quot;:0.33377022674791756,\&quot;fluctuate_rate\&quot;:37.56825466964286,\&quot;id\&quot;:\&quot;\&quot;,\&quot;name\&quot;:\&quot;电子\&quot;,\&quot;alpha\&quot;:-0.02588031851459764,\&quot;asset_value_percent\&quot;:27.86616390982557,\&quot;m3_r\&quot;:-7.13812165740787,\&quot;var_v\&quot;:-3.9082048026150713,\&quot;parent_id\&quot;:\&quot;\&quot;},{\&quot;m1_r\&quot;:-16.000740775035883,\&quot;total_r\&quot;:0,\&quot;last\&quot;:true,\&quot;risk_open\&quot;:0,\&quot;clean_value\&quot;:6934700,\&quot;date\&quot;:\&quot;2014-03-20\&quot;,\&quot;beta\&quot;:1.0630499993630478,\&quot;fluctuate_rate\&quot;:52.23274626032953,\&quot;id\&quot;:\&quot;\&quot;,\&quot;name\&quot;:\&quot;三安光电-600703\&quot;,\&quot;alpha\&quot;:0.01784984798838048,\&quot;asset_value_percent\&quot;:7.618440951576293,\&quot;m3_r\&quot;:-17.234615209160165,\&quot;var_v\&quot;:-5.3426189702946045,\&quot;parent_id\&quot;:\&quot;\&quot;},{\&quot;m1_r\&quot;:-19.75953079178886,\&quot;total_r\&quot;:0,\&quot;last\&quot;:true,\&quot;risk_open\&quot;:0,\&quot;clean_value\&quot;:1783000.8,\&quot;date\&quot;:\&quot;2014-03-20\&quot;,\&quot;beta\&quot;:1.2739734128877205,\&quot;fluctuate_rate\&quot;:49.045805453176605,\&quot;id\&quot;:\&quot;\&quot;,\&quot;name\&quot;:\&quot;歌尔声学-002241\&quot;,\&quot;alpha\&quot;:-0.18746677360619196,\&quot;asset_value_percent\&quot;:1.9587994161843036,\&quot;m3_r\&quot;:-23.38793224135517,\&quot;var_v\&quot;:-5.01795805052707,\&quot;parent_id\&quot;:\&quot;\&quot;},{\&quot;m1_r\&quot;:-16.469228546662805,\&quot;total_r\&quot;:0,\&quot;last\&quot;:true,\&quot;risk_open\&quot;:0,\&quot;clean_value\&quot;:4571973,\&quot;date\&quot;:\&quot;2014-03-20\&quot;,\&quot;beta\&quot;:1.1920302267744114,\&quot;fluctuate_rate\&quot;:44.66705363408538,\&quot;id\&quot;:\&quot;\&quot;,\&quot;name\&quot;:\&quot;大族激光-002008\&quot;,\&quot;alpha\&quot;:-0.08527970986546991,\&quot;asset_value_percent\&quot;:5.022756043188763,\&quot;m3_r\&quot;:-16.6658659620466,\&quot;var_v\&quot;:-4.5689624331516026,\&quot;parent_id\&quot;:\&quot;\&quot;},{\&quot;m1_r\&quot;:-19.337294793030512,\&quot;total_r\&quot;:0,\&quot;last\&quot;:true,\&quot;risk_open\&quot;:0,\&quot;clean_value\&quot;:5733738.96,\&quot;date\&quot;:\&quot;2014-03-20\&quot;,\&quot;beta\&quot;:1.0527853715114868,\&quot;fluctuate_rate\&quot;:47.683234306782005,\&quot;id\&quot;:\&quot;\&quot;,\&quot;name\&quot;:\&quot;德豪润达-002005\&quot;,\&quot;alpha\&quot;:-0.15857100197181673,\&quot;asset_value_percent\&quot;:6.2990686977825225,\&quot;m3_r\&quot;:-20.37975941942539,\&quot;var_v\&quot;:-4.877570582042848,\&quot;parent_id\&quot;:\&quot;\&quot;},{\&quot;m1_r\&quot;:-21.704180064308687,\&quot;total_r\&quot;:0,\&quot;last\&quot;:true,\&quot;risk_open\&quot;:0,\&quot;clean_value\&quot;:1878765,\&quot;date\&quot;:\&quot;2014-03-20\&quot;,\&quot;beta\&quot;:1.6354880430716667,\&quot;fluctuate_rate\&quot;:47.65509721585353,\&quot;id\&quot;:\&quot;\&quot;,\&quot;name\&quot;:\&quot;长盈精密-300115\&quot;,\&quot;alpha\&quot;:-0.33306500328876243,\&quot;asset_value_percent\&quot;:2.064005683647199,\&quot;m3_r\&quot;:-25.306748466257666,\&quot;var_v\&quot;:-4.876521486581082,\&quot;parent_id\&quot;:\&quot;\&quot;},{\&quot;m1_r\&quot;:-16.44859813084113,\&quot;total_r\&quot;:0,\&quot;last\&quot;:true,\&quot;risk_open\&quot;:0,\&quot;clean_value\&quot;:350803.2,\&quot;date\&quot;:\&quot;2014-03-20\&quot;,\&quot;beta\&quot;:0.2746111623184431,\&quot;fluctuate_rate\&quot;:55.97455221991221,\&quot;id\&quot;:\&quot;\&quot;,\&quot;name\&quot;:\&quot;佛山照明-000541\&quot;,\&quot;alpha\&quot;:0.1428924987437939,\&quot;asset_value_percent\&quot;:0.3853913600911371,\&quot;m3_r\&quot;:-16.44859813084113,\&quot;var_v\&quot;:-5.164710669776959,\&quot;parent_id\&quot;:\&quot;\&quot;},{\&quot;m1_r\&quot;:-28.288605367355913,\&quot;total_r\&quot;:0,\&quot;last\&quot;:true,\&quot;risk_open\&quot;:0,\&quot;clean_value\&quot;:841811.7,\&quot;date\&quot;:\&quot;2014-03-20\&quot;,\&quot;beta\&quot;:1.8851247145512604,\&quot;fluctuate_rate\&quot;:57.54607220110199,\&quot;id\&quot;:\&quot;\&quot;,\&quot;name\&quot;:\&quot;安洁科技-002635\&quot;,\&quot;alpha\&quot;:-0.16158797450418383,\&quot;asset_value_percent\&quot;:0.924811848933055,\&quot;m3_r\&quot;:-28.288605367355913,\&quot;var_v\&quot;:-5.005138243782739,\&quot;parent_id\&quot;:\&quot;\&quot;},{\&quot;m1_r\&quot;:-19.683138438325177,\&quot;total_r\&quot;:0,\&quot;last\&quot;:true,\&quot;risk_open\&quot;:0,\&quot;clean_value\&quot;:3270434.7,\&quot;date\&quot;:\&quot;2014-03-20\&quot;,\&quot;beta\&quot;:1.3746764614789952,\&quot;fluctuate_rate\&quot;:59.9928959076263,\&quot;id\&quot;:\&quot;\&quot;,\&quot;name\&quot;:\&quot;阳光照明-600261\&quot;,\&quot;alpha\&quot;:-0.04113798351792235,\&quot;asset_value_percent\&quot;:3.5928899084223005,\&quot;m3_r\&quot;:-24.34621944286527,\&quot;var_v\&quot;:-5.300403530551675,\&quot;parent_id\&quot;:\&quot;\&quot;},{\&quot;m1_r\&quot;:-5.313550703302694,\&quot;total_r\&quot;:0,\&quot;risk_open\&quot;:0,\&quot;clean_value\&quot;:1.38559849E7,\&quot;date\&quot;:\&quot;2014-03-20\&quot;,\&quot;beta\&quot;:0.1541216428384492,\&quot;fluctuate_rate\&quot;:32.819212860411746,\&quot;id\&quot;:\&quot;\&quot;,\&quot;name\&quot;:\&quot;化工\&quot;,\&quot;alpha\&quot;:0.12694183237944037,\&quot;asset_value_percent\&quot;:15.222144113888522,\&quot;m3_r\&quot;:-6.552351476112051,\&quot;var_v\&quot;:-3.4141646037858595,\&quot;parent_id\&quot;:\&quot;\&quot;},{\&quot;m1_r\&quot;:-16.464891041162222,\&quot;total_r\&quot;:0,\&quot;last\&quot;:true,\&quot;risk_open\&quot;:0,\&quot;clean_value\&quot;:2094561.1,\&quot;date\&quot;:\&quot;2014-03-20\&quot;,\&quot;beta\&quot;:1.1808112632366043,\&quot;fluctuate_rate\&quot;:43.59301672164055,\&quot;id\&quot;:\&quot;\&quot;,\&quot;name\&quot;:\&quot;华峰超纤-300180\&quot;,\&quot;alpha\&quot;:0.3592307354399966,\&quot;asset_value_percent\&quot;:2.301078642164576,\&quot;m3_r\&quot;:-16.464891041162222,\&quot;var_v\&quot;:0,\&quot;parent_id\&quot;:\&quot;\&quot;},{\&quot;m1_r\&quot;:-11.965960402917686,\&quot;total_r\&quot;:0,\&quot;last\&quot;:true,\&quot;risk_open\&quot;:0,\&quot;clean_value\&quot;:1.03649238E7,\&quot;date\&quot;:\&quot;2014-03-20\&quot;,\&quot;beta\&quot;:1.0153495515695898,\&quot;fluctuate_rate\&quot;:44.55277535481897,\&quot;id\&quot;:\&quot;\&quot;,\&quot;name\&quot;:\&quot;浙江龙盛-600352\&quot;,\&quot;alpha\&quot;:1.0308206702193532,\&quot;asset_value_percent\&quot;:11.386874693625934,\&quot;m3_r\&quot;:-11.965960402917686,\&quot;var_v\&quot;:-4.56410622103863,\&quot;parent_id\&quot;:\&quot;\&quot;},{\&quot;m1_r\&quot;:-11.710573800072178,\&quot;total_r\&quot;:0,\&quot;last\&quot;:true,\&quot;risk_open\&quot;:0,\&quot;clean_value\&quot;:1396500,\&quot;date\&quot;:\&quot;2014-03-20\&quot;,\&quot;beta\&quot;:0.7387390198216841,\&quot;fluctuate_rate\&quot;:47.05589358265681,\&quot;id\&quot;:\&quot;\&quot;,\&quot;name\&quot;:\&quot;华峰氨纶-002064\&quot;,\&quot;alpha\&quot;:0.08456527276715406,\&quot;asset_value_percent\&quot;:1.534190778098013,\&quot;m3_r\&quot;:-11.710573800072178,\&quot;var_v\&quot;:0,\&quot;parent_id\&quot;:\&quot;\&quot;},{\&quot;m1_r\&quot;:-5.136173541349454,\&quot;total_r\&quot;:0,\&quot;risk_open\&quot;:0,\&quot;clean_value\&quot;:8678565.26,\&quot;date\&quot;:\&quot;2014-03-20\&quot;,\&quot;beta\&quot;:0.08176957519120989,\&quot;fluctuate_rate\&quot;:21.05716562948834,\&quot;id\&quot;:\&quot;\&quot;,\&quot;name\&quot;:\&quot;食品饮料\&quot;,\&quot;alpha\&quot;:0.029599691183486862,\&quot;asset_value_percent\&quot;:9.534246179028848,\&quot;m3_r\&quot;:-5.136173541349454,\&quot;var_v\&quot;:-2.190565320808652,\&quot;parent_id\&quot;:\&quot;\&quot;},{\&quot;m1_r\&quot;:-12.35706381409073,\&quot;total_r\&quot;:0,\&quot;last\&quot;:true,\&quot;risk_open\&quot;:0,\&quot;clean_value\&quot;:2043247.38,\&quot;date\&quot;:\&quot;2014-03-20\&quot;,\&quot;beta\&quot;:1.3075508419903512,\&quot;fluctuate_rate\&quot;:38.07098656792773,\&quot;id\&quot;:\&quot;\&quot;,\&quot;name\&quot;:\&quot;上海梅林-600073\&quot;,\&quot;alpha\&quot;:0.2070885592686059,\&quot;asset_value_percent\&quot;:2.2447055408298793,\&quot;m3_r\&quot;:-12.550607287449388,\&quot;var_v\&quot;:-3.8922505108819387,\&quot;parent_id\&quot;:\&quot;\&quot;},{\&quot;m1_r\&quot;:-9.184549356223181,\&quot;total_r\&quot;:0,\&quot;last\&quot;:true,\&quot;risk_open\&quot;:0,\&quot;clean_value\&quot;:2915000,\&quot;date\&quot;:\&quot;2014-03-20\&quot;,\&quot;beta\&quot;:0.9810875939069932,\&quot;fluctuate_rate\&quot;:36.040687919427754,\&quot;id\&quot;:\&quot;\&quot;,\&quot;name\&quot;:\&quot;得利斯-002330\&quot;,\&quot;alpha\&quot;:0.576153838736886,\&quot;asset_value_percent\&quot;:3.202410396101474,\&quot;m3_r\&quot;:-9.184549356223181,\&quot;var_v\&quot;:-3.4302980969131416,\&quot;parent_id\&quot;:\&quot;\&quot;},{\&quot;m1_r\&quot;:-7.818430241384555,\&quot;total_r\&quot;:0,\&quot;last\&quot;:true,\&quot;risk_open\&quot;:0,\&quot;clean_value\&quot;:1776582,\&quot;date\&quot;:\&quot;2014-03-20\&quot;,\&quot;beta\&quot;:0.48830953271735345,\&quot;fluctuate_rate\&quot;:28.517571550353264,\&quot;id\&quot;:\&quot;\&quot;,\&quot;name\&quot;:\&quot;青岛啤酒-600600\&quot;,\&quot;alpha\&quot;:-0.16302408354863265,\&quot;asset_value_percent\&quot;:1.9517477414499995,\&quot;m3_r\&quot;:-11.718522826403033,\&quot;var_v\&quot;:-2.390342863659697,\&quot;parent_id\&quot;:\&quot;\&quot;},{\&quot;m1_r\&quot;:-16.823406478578896,\&quot;total_r\&quot;:0,\&quot;last\&quot;:true,\&quot;risk_open\&quot;:0,\&quot;clean_value\&quot;:1943735.88,\&quot;date\&quot;:\&quot;2014-03-20\&quot;,\&quot;beta\&quot;:0.5371350383442526,\&quot;fluctuate_rate\&quot;:60.52240826166335,\&quot;id\&quot;:\&quot;\&quot;,\&quot;name\&quot;:\&quot;惠泉啤酒-600573\&quot;,\&quot;alpha\&quot;:0.4534162500468226,\&quot;asset_value_percent\&quot;:2.1353825006474945,\&quot;m3_r\&quot;:-16.823406478578896,\&quot;var_v\&quot;:-6.182545250649084,\&quot;parent_id\&quot;:\&quot;\&quot;},{\&quot;m1_r\&quot;:-5.411879340284409,\&quot;total_r\&quot;:0,\&quot;risk_open\&quot;:0,\&quot;clean_value\&quot;:6559159,\&quot;date\&quot;:\&quot;2014-03-20\&quot;,\&quot;beta\&quot;:0.0994999251428347,\&quot;fluctuate_rate\&quot;:38.67412811876319,\&quot;id\&quot;:\&quot;\&quot;,\&quot;name\&quot;:\&quot;医药生物\&quot;,\&quot;alpha\&quot;:0.05557807632338965,\&quot;asset_value_percent\&quot;:7.205872717421114,\&quot;m3_r\&quot;:-5.411879340284409,\&quot;var_v\&quot;:-4.023248207291227,\&quot;parent_id\&quot;:\&quot;\&quot;},{\&quot;m1_r\&quot;:-8.999699006722183,\&quot;total_r\&quot;:0,\&quot;last\&quot;:true,\&quot;risk_open\&quot;:0,\&quot;clean_value\&quot;:3867959,\&quot;date\&quot;:\&quot;2014-03-20\&quot;,\&quot;beta\&quot;:1.321855700471882,\&quot;fluctuate_rate\&quot;:50.18613839007857,\&quot;id\&quot;:\&quot;\&quot;,\&quot;name\&quot;:\&quot;中国医药-600056\&quot;,\&quot;alpha\&quot;:0.6522559615909989,\&quot;asset_value_percent\&quot;:4.249328340752748,\&quot;m3_r\&quot;:-8.999699006722183,\&quot;var_v\&quot;:-5.149538833930915,\&quot;parent_id\&quot;:\&quot;\&quot;},{\&quot;m1_r\&quot;:-16.22060016220601,\&quot;total_r\&quot;:0,\&quot;last\&quot;:true,\&quot;risk_open\&quot;:0,\&quot;clean_value\&quot;:2691200,\&quot;date\&quot;:\&quot;2014-03-20\&quot;,\&quot;beta\&quot;:1.4655601512619396,\&quot;fluctuate_rate\&quot;:80.22555726734504,\&quot;id\&quot;:\&quot;\&quot;,\&quot;name\&quot;:\&quot;运盛实业-600767\&quot;,\&quot;alpha\&quot;:0.9423697176042488,\&quot;asset_value_percent\&quot;:2.956544376668366,\&quot;m3_r\&quot;:-16.22060016220601,\&quot;var_v\&quot;:-8.608485250265424,\&quot;parent_id\&quot;:\&quot;\&quot;},{\&quot;m1_r\&quot;:-5.369904232850153,\&quot;total_r\&quot;:0,\&quot;risk_open\&quot;:0,\&quot;clean_value\&quot;:6541400,\&quot;date\&quot;:\&quot;2014-03-20\&quot;,\&quot;beta\&quot;:0.06800991018008784,\&quot;fluctuate_rate\&quot;:23.477500207379727,\&quot;id\&quot;:\&quot;\&quot;,\&quot;name\&quot;:\&quot;计算机\&quot;,\&quot;alpha\&quot;:-0.005360719034085326,\&quot;asset_value_percent\&quot;:7.186362732438484,\&quot;m3_r\&quot;:-5.369904232850153,\&quot;var_v\&quot;:-2.442351391373542,\&quot;parent_id\&quot;:\&quot;\&quot;},{\&quot;m1_r\&quot;:-13.109812365426022,\&quot;total_r\&quot;:0,\&quot;last\&quot;:true,\&quot;risk_open\&quot;:0,\&quot;clean_value\&quot;:2489400,\&quot;date\&quot;:\&quot;2014-03-20\&quot;,\&quot;beta\&quot;:1.2654815075330377,\&quot;fluctuate_rate\&quot;:60.54421125983202,\&quot;id\&quot;:\&quot;\&quot;,\&quot;name\&quot;:\&quot;神州泰岳-300002\&quot;,\&quot;alpha\&quot;:-0.3770340845954566,\&quot;asset_value_percent\&quot;:2.7348474923001747,\&quot;m3_r\&quot;:-21.755027422303463,\&quot;var_v\&quot;:-5.4321637720216875,\&quot;parent_id\&quot;:\&quot;\&quot;},{\&quot;m1_r\&quot;:-11.970231479244198,\&quot;total_r\&quot;:0,\&quot;last\&quot;:true,\&quot;risk_open\&quot;:0,\&quot;clean_value\&quot;:4052000,\&quot;date\&quot;:\&quot;2014-03-20\&quot;,\&quot;beta\&quot;:0.7503270033679666,\&quot;fluctuate_rate\&quot;:46.87234830108459,\&quot;id\&quot;:\&quot;\&quot;,\&quot;name\&quot;:\&quot;航天信息-600271\&quot;,\&quot;alpha\&quot;:0.11121130461268784,\&quot;asset_value_percent\&quot;:4.45151524013831,\&quot;m3_r\&quot;:-11.970231479244198,\&quot;var_v\&quot;:-3.345924252649942,\&quot;parent_id\&quot;:\&quot;\&quot;},{\&quot;m1_r\&quot;:-5.789473684210522,\&quot;total_r\&quot;:0,\&quot;risk_open\&quot;:0,\&quot;clean_value\&quot;:4911630.64,\&quot;date\&quot;:\&quot;2014-03-20\&quot;,\&quot;beta\&quot;:0.014773488814936994,\&quot;fluctuate_rate\&quot;:25.6153673141027,\&quot;id\&quot;:\&quot;\&quot;,\&quot;name\&quot;:\&quot;轻工制造\&quot;,\&quot;alpha\&quot;:-0.013623284002855406,\&quot;asset_value_percent\&quot;:5.395902923961075,\&quot;m3_r\&quot;:-5.789473684210522,\&quot;var_v\&quot;:-2.664752526782128,\&quot;parent_id\&quot;:\&quot;\&quot;},{\&quot;m1_r\&quot;:-15.241765942536778,\&quot;total_r\&quot;:0,\&quot;last\&quot;:true,\&quot;risk_open\&quot;:0,\&quot;clean_value\&quot;:4911630.64,\&quot;date\&quot;:\&quot;2014-03-20\&quot;,\&quot;beta\&quot;:0.2737908561944983,\&quot;fluctuate_rate\&quot;:50.40260920178531,\&quot;id\&quot;:\&quot;\&quot;,\&quot;name\&quot;:\&quot;宜华木业-600978\&quot;,\&quot;alpha\&quot;:-0.25247459405468137,\&quot;asset_value_percent\&quot;:5.395902923961075,\&quot;m3_r\&quot;:-19.42038640906062,\&quot;var_v\&quot;:-2.856006085263922,\&quot;parent_id\&quot;:\&quot;\&quot;},{\&quot;m1_r\&quot;:-9.372797744890772,\&quot;total_r\&quot;:0,\&quot;risk_open\&quot;:0,\&quot;clean_value\&quot;:2047234.38,\&quot;date\&quot;:\&quot;2014-03-20\&quot;,\&quot;beta\&quot;:-0.009680888604174836,\&quot;fluctuate_rate\&quot;:78.05482834837164,\&quot;id\&quot;:\&quot;\&quot;,\&quot;name\&quot;:\&quot;钢铁\&quot;,\&quot;alpha\&quot;:0.019687150975868414,\&quot;asset_value_percent\&quot;:2.2490856472618717,\&quot;m3_r\&quot;:-9.372797744890772,\&quot;var_v\&quot;:-8.120000721377698,\&quot;parent_id\&quot;:\&quot;\&quot;},{\&quot;m1_r\&quot;:-20.52001019627835,\&quot;total_r\&quot;:0,\&quot;last\&quot;:true,\&quot;risk_open\&quot;:0,\&quot;clean_value\&quot;:2047234.38,\&quot;date\&quot;:\&quot;2014-03-20\&quot;,\&quot;beta\&quot;:-0.4304366361485941,\&quot;fluctuate_rate\&quot;:79.31488418502425,\&quot;id\&quot;:\&quot;\&quot;,\&quot;name\&quot;:\&quot;物产中拓-000906\&quot;,\&quot;alpha\&quot;:0.8753402076900162,\&quot;asset_value_percent\&quot;:2.2490856472618717,\&quot;m3_r\&quot;:-20.52001019627835,\&quot;var_v\&quot;:-8.120000721377698,\&quot;parent_id\&quot;:\&quot;\&quot;},{\&quot;m1_r\&quot;:-5.902951475737872,\&quot;total_r\&quot;:0,\&quot;risk_open\&quot;:0,\&quot;clean_value\&quot;:2002000,\&quot;date\&quot;:\&quot;2014-03-20\&quot;,\&quot;beta\&quot;:0.047764916818164506,\&quot;fluctuate_rate\&quot;:41.58527336281463,\&quot;id\&quot;:\&quot;\&quot;,\&quot;name\&quot;:\&quot;汽车\&quot;,\&quot;alpha\&quot;:0.01578075625765135,\&quot;asset_value_percent\&quot;:2.1993912909074274,\&quot;m3_r\&quot;:-9.990958408679928,\&quot;var_v\&quot;:-4.326093040620823,\&quot;parent_id\&quot;:\&quot;\&quot;},{\&quot;m1_r\&quot;:-23.49514563106796,\&quot;total_r\&quot;:0,\&quot;last\&quot;:true,\&quot;risk_open\&quot;:0,\&quot;clean_value\&quot;:2002000,\&quot;date\&quot;:\&quot;2014-03-20\&quot;,\&quot;beta\&quot;:2.1717334707848917,\&quot;fluctuate_rate\&quot;:71.1750644385317,\&quot;id\&quot;:\&quot;\&quot;,\&quot;name\&quot;:\&quot;星宇股份-601799\&quot;,\&quot;alpha\&quot;:0.7175056263472113,\&quot;asset_value_percent\&quot;:2.1993912909074274,\&quot;m3_r\&quot;:-23.49514563106796,\&quot;var_v\&quot;:-6.562102676703684,\&quot;parent_id\&quot;:\&quot;\&quot;},{\&quot;m1_r\&quot;:-7.3002754820936655,\&quot;total_r\&quot;:0,\&quot;risk_open\&quot;:0,\&quot;clean_value\&quot;:87840,\&quot;date\&quot;:\&quot;2014-03-20\&quot;,\&quot;beta\&quot;:6.337663440246706E-4,\&quot;fluctuate_rate\&quot;:11.065415236059,\&quot;id\&quot;:\&quot;\&quot;,\&quot;name\&quot;:\&quot;农林牧渔\&quot;,\&quot;alpha\&quot;:2.2141853800926211E-4,\&quot;asset_value_percent\&quot;:0.09650076473192229,\&quot;m3_r\&quot;:-7.3002754820936655,\&quot;var_v\&quot;:-1.1511290409623622,\&quot;parent_id\&quot;:\&quot;\&quot;},{\&quot;m1_r\&quot;:-12.307692307692308,\&quot;total_r\&quot;:0,\&quot;last\&quot;:true,\&quot;risk_open\&quot;:0,\&quot;clean_value\&quot;:87840,\&quot;date\&quot;:\&quot;2014-03-20\&quot;,\&quot;beta\&quot;:0.6567474835927614,\&quot;fluctuate_rate\&quot;:44.515202479629224,\&quot;id\&quot;:\&quot;\&quot;,\&quot;name\&quot;:\&quot;民和股份-002234\&quot;,\&quot;alpha\&quot;:0.22944744388747546,\&quot;asset_value_percent\&quot;:0.09650076473192229,\&quot;m3_r\&quot;:-16.534472239170228,\&quot;var_v\&quot;:-2.8196405054432208,\&quot;parent_id\&quot;:\&quot;\&quot;},{\&quot;m1_r\&quot;:-0.5633111016281056,\&quot;total_r\&quot;:-1.6460442327173364,\&quot;risk_open\&quot;:0,\&quot;clean_value\&quot;:155431.15999999997,\&quot;date\&quot;:\&quot;2014-03-20\&quot;,\&quot;beta\&quot;:1.994071704599392E-4,\&quot;fluctuate_rate\&quot;:6.060114405293136,\&quot;id\&quot;:\&quot;\&quot;,\&quot;name\&quot;:\&quot;债券类\&quot;,\&quot;alpha\&quot;:1.224553504922874E-4,\&quot;asset_value_percent\&quot;:0.1707562136062132,\&quot;m3_r\&quot;:-1.6460442327173364,\&quot;var_v\&quot;:-0.6304303575300632,\&quot;parent_id\&quot;:\&quot;\&quot;},{\&quot;m1_r\&quot;:-1.1971758927657894,\&quot;total_r\&quot;:-4.87435664547381,\&quot;last\&quot;:true,\&quot;risk_open\&quot;:0,\&quot;clean_value\&quot;:155431.15999999997,\&quot;date\&quot;:\&quot;2014-03-20\&quot;,\&quot;beta\&quot;:0.1167788663432178,\&quot;fluctuate_rate\&quot;:6.172214792463817,\&quot;id\&quot;:\&quot;\&quot;,\&quot;name\&quot;:\&quot;深燃转债-113006\&quot;,\&quot;alpha\&quot;:0.07171355460872768,\&quot;asset_value_percent\&quot;:0.1707562136062132,\&quot;m3_r\&quot;:-4.87435664547381,\&quot;var_v\&quot;:-0.6304303575300632,\&quot;parent_id\&quot;:\&quot;\&quot;},{\&quot;m1_r\&quot;:0,\&quot;total_r\&quot;:0,\&quot;risk_open\&quot;:0,\&quot;clean_value\&quot;:2.5080155840000004E7,\&quot;date\&quot;:\&quot;2014-03-20\&quot;,\&quot;beta\&quot;:0,\&quot;fluctuate_rate\&quot;:0,\&quot;id\&quot;:\&quot;\&quot;,\&quot;name\&quot;:\&quot;其他类\&quot;,\&quot;alpha\&quot;:0,\&quot;asset_value_percent\&quot;:27.55298517936916,\&quot;m3_r\&quot;:0,\&quot;var_v\&quot;:0,\&quot;parent_id\&quot;:\&quot;\&quot;},{\&quot;m1_r\&quot;:0,\&quot;total_r\&quot;:0,\&quot;last\&quot;:true,\&quot;risk_open\&quot;:0,\&quot;clean_value\&quot;:1179817.72,\&quot;date\&quot;:\&quot;2014-03-20\&quot;,\&quot;beta\&quot;:0,\&quot;fluctuate_rate\&quot;:0,\&quot;id\&quot;:\&quot;\&quot;,\&quot;name\&quot;:\&quot;银行存款\&quot;,\&quot;alpha\&quot;:0,\&quot;asset_value_percent\&quot;:1.2961442648482806,\&quot;m3_r\&quot;:0,\&quot;var_v\&quot;:0,\&quot;parent_id\&quot;:\&quot;\&quot;},{\&quot;m1_r\&quot;:0,\&quot;total_r\&quot;:0,\&quot;last\&quot;:true,\&quot;risk_open\&quot;:0,\&quot;clean_value\&quot;:4953544.56,\&quot;date\&quot;:\&quot;2014-03-20\&quot;,\&quot;beta\&quot;:0,\&quot;fluctuate_rate\&quot;:0,\&quot;id\&quot;:\&quot;\&quot;,\&quot;name\&quot;:\&quot;存出保证金\&quot;,\&quot;alpha\&quot;:0,\&quot;asset_value_percent\&quot;:5.441949432760172,\&quot;m3_r\&quot;:0,\&quot;var_v\&quot;:0,\&quot;parent_id\&quot;:\&quot;\&quot;},{\&quot;m1_r\&quot;:0,\&quot;total_r\&quot;:0,\&quot;last\&quot;:true,\&quot;risk_open\&quot;:0,\&quot;clean_value\&quot;:1.53129558E7,\&quot;date\&quot;:\&quot;2014-03-20\&quot;,\&quot;beta\&quot;:0,\&quot;fluctuate_rate\&quot;:0,\&quot;id\&quot;:\&quot;\&quot;,\&quot;name\&quot;:\&quot;清算备付金\&quot;,\&quot;alpha\&quot;:0,\&quot;asset_value_percent\&quot;:16.82276804424095,\&quot;m3_r\&quot;:0,\&quot;var_v\&quot;:0,\&quot;parent_id\&quot;:\&quot;\&quot;},{\&quot;m1_r\&quot;:0,\&quot;total_r\&quot;:0,\&quot;last\&quot;:true,\&quot;risk_open\&quot;:0,\&quot;clean_value\&quot;:3633837.760000005,\&quot;date\&quot;:\&quot;2014-03-20\&quot;,\&quot;beta\&quot;:0,\&quot;fluctuate_rate\&quot;:0,\&quot;id\&quot;:\&quot;\&quot;,\&quot;name\&quot;:\&quot;其他资产\&quot;,\&quot;alpha\&quot;:0,\&quot;asset_value_percent\&quot;:3.992123437519763,\&quot;m3_r\&quot;:0,\&quot;var_v\&quot;:0,\&quot;parent_id\&quot;:\&quot;\&quot;},{\&quot;m1_r\&quot;:0,\&quot;total_r\&quot;:0,\&quot;last\&quot;:true,\&quot;risk_open\&quot;:0,\&quot;clean_value\&quot;:-4259443.15,\&quot;date\&quot;:\&quot;2014-03-20\&quot;,\&quot;beta\&quot;:0,\&quot;fluctuate_rate\&quot;:0,\&quot;id\&quot;:\&quot;\&quot;,\&quot;name\&quot;:\&quot;其他负债\&quot;,\&quot;alpha\&quot;:0,\&quot;asset_value_percent\&quot;:-4.67941167244021,\&quot;m3_r\&quot;:0,\&quot;var_v\&quot;:0,\&quot;parent_id\&quot;:\&quot;\&quot;},{\&quot;m1_r\&quot;:-4.04472787629947,\&quot;total_r\&quot;:-4.04472787629947,\&quot;risk_open\&quot;:-1.3197820926275625,\&quot;clean_value\&quot;:8.987608462E7,\&quot;date\&quot;:\&quot;2014-03-21\&quot;,\&quot;beta\&quot;:0.20021494093778708,\&quot;fluctuate_rate\&quot;:17.22163378156691,\&quot;id\&quot;:\&quot;\&quot;,\&quot;name\&quot;:\&quot;汇总\&quot;,\&quot;alpha\&quot;:0.014780974568255764,\&quot;asset_value_percent\&quot;:100.38322964001158,\&quot;m3_r\&quot;:-4.04472787629947,\&quot;first\&quot;:true,\&quot;var_v\&quot;:-1.7912824652008597},{\&quot;m1_r\&quot;:-4.664648631069013,\&quot;total_r\&quot;:0,\&quot;risk_open\&quot;:0,\&quot;clean_value\&quot;:6.909726296E7,\&quot;date\&quot;:\&quot;2014-03-21\&quot;,\&quot;beta\&quot;:0.6514606791476325,\&quot;fluctuate_rate\&quot;:21.457209999357218,\&quot;id\&quot;:\&quot;\&quot;,\&quot;name\&quot;:\&quot;股票类\&quot;,\&quot;alpha\&quot;:0.04412498570899502,\&quot;asset_value_percent\&quot;:77.17521790737244,\&quot;m3_r\&quot;:-4.664648631069013,\&quot;var_v\&quot;:-2.232181715856251,\&quot;parent_id\&quot;:\&quot;\&quot;},{\&quot;m1_r\&quot;:-7.13812165740787,\&quot;total_r\&quot;:0,\&quot;risk_open\&quot;:0,\&quot;clean_value\&quot;:2.654955992E7,\&quot;date\&quot;:\&quot;2014-03-21\&quot;,\&quot;beta\&quot;:0.2865206641002604,\&quot;fluctuate_rate\&quot;:35.55782935421285,\&quot;id\&quot;:\&quot;\&quot;,\&quot;name\&quot;:\&quot;电子\&quot;,\&quot;alpha\&quot;:-0.11415151405442284,\&quot;asset_value_percent\&quot;:29.65338979283416,\&quot;m3_r\&quot;:-7.13812165740787,\&quot;var_v\&quot;:-3.6990613664305982,\&quot;parent_id\&quot;:\&quot;\&quot;},{\&quot;m1_r\&quot;:-16.000740775035883,\&quot;total_r\&quot;:0,\&quot;last\&quot;:true,\&quot;risk_open\&quot;:0,\&quot;clean_value\&quot;:7111400,\&quot;date\&quot;:\&quot;2014-03-21\&quot;,\&quot;beta\&quot;:0.9058026635062686,\&quot;fluctuate_rate\&quot;:43.90905612776588,\&quot;id\&quot;:\&quot;\&quot;,\&quot;name\&quot;:\&quot;三安光电-600703\&quot;,\&quot;alpha\&quot;:-0.33970281909890526,\&quot;asset_value_percent\&quot;:7.942772566030573,\&quot;m3_r\&quot;:-17.234615209160165,\&quot;var_v\&quot;:-4.492725789571552,\&quot;parent_id\&quot;:\&quot;\&quot;},{\&quot;m1_r\&quot;:-18.62360218891268,\&quot;total_r\&quot;:0,\&quot;last\&quot;:true,\&quot;risk_open\&quot;:0,\&quot;clean_value\&quot;:1838896.46,\&quot;date\&quot;:\&quot;2014-03-21\&quot;,\&quot;beta\&quot;:1.1587371216918316,\&quot;fluctuate_rate\&quot;:46.90020510883572,\&quot;id\&quot;:\&quot;\&quot;,\&quot;name\&quot;:\&quot;歌尔声学-002241\&quot;,\&quot;alpha\&quot;:-0.4051912445477208,\&quot;asset_value_percent\&quot;:2.0538763610904653,\&quot;m3_r\&quot;:-23.38793224135517,\&quot;var_v\&quot;:-4.799484280676467,\&quot;parent_id\&quot;:\&quot;\&quot;},{\&quot;m1_r\&quot;:-16.21515315403903,\&quot;total_r\&quot;:0,\&quot;last\&quot;:true,\&quot;risk_open\&quot;:0,\&quot;clean_value\&quot;:4552308.6,\&quot;date\&quot;:\&quot;2014-03-21\&quot;,\&quot;beta\&quot;:0.8765272781543703,\&quot;fluctuate_rate\&quot;:42.333356924847045,\&quot;id\&quot;:\&quot;\&quot;,\&quot;name\&quot;:\&quot;大族激光-002008\&quot;,\&quot;alpha\&quot;:-0.39064732252381734,\&quot;asset_value_percent\&quot;:5.08450542230574,\&quot;m3_r\&quot;:-18.131155416766752,\&quot;var_v\&quot;:-4.331582200310105,\&quot;parent_id\&quot;:\&quot;\&quot;},{\&quot;m1_r\&quot;:-19.337294793030512,\&quot;total_r\&quot;:0,\&quot;last\&quot;:true,\&quot;risk_open\&quot;:0,\&quot;clean_value\&quot;:5832963.12,\&quot;date\&quot;:\&quot;2014-03-21\&quot;,\&quot;beta\&quot;:0.9289944045075674,\&quot;fluctuate_rate\&quot;:47.58293379173328,\&quot;id\&quot;:\&quot;\&quot;,\&quot;name\&quot;:\&quot;德豪润达-002005\&quot;,\&quot;alpha\&quot;:-0.28073461767441604,\&quot;asset_value_percent\&quot;:6.514877443007578,\&quot;m3_r\&quot;:-20.37975941942539,\&quot;var_v\&quot;:-4.867365878322796,\&quot;parent_id\&quot;:\&quot;\&quot;},{\&quot;m1_r\&quot;:-19.949822649018078,\&quot;total_r\&quot;:0,\&quot;last\&quot;:true,\&quot;risk_open\&quot;:0,\&quot;clean_value\&quot;:1887291,\&quot;date\&quot;:\&quot;2014-03-21\&quot;,\&quot;beta\&quot;:1.3272578138992568,\&quot;fluctuate_rate\&quot;:47.51673709478427,\&quot;id\&quot;:\&quot;\&quot;,\&quot;name\&quot;:\&quot;长盈精密-300115\&quot;,\&quot;alpha\&quot;:-0.5370249469734854,\&quot;asset_value_percent\&quot;:2.107928562437271,\&quot;m3_r\&quot;:-25.306748466257666,\&quot;var_v\&quot;:-4.862760412272269,\&quot;parent_id\&quot;:\&quot;\&quot;},{\&quot;m1_r\&quot;:-16.44859813084113,\&quot;total_r\&quot;:0,\&quot;last\&quot;:true,\&quot;risk_open\&quot;:0,\&quot;clean_value\&quot;:352630.3,\&quot;date\&quot;:\&quot;2014-03-21\&quot;,\&quot;beta\&quot;:0.19732163182157786,\&quot;fluctuate_rate\&quot;:54.257566620033785,\&quot;id\&quot;:\&quot;\&quot;,\&quot;name\&quot;:\&quot;佛山照明-000541\&quot;,\&quot;alpha\&quot;:-0.030585619379794305,\&quot;asset_value_percent\&quot;:0.3938552567414476,\&quot;m3_r\&quot;:-16.44859813084113,\&quot;var_v\&quot;:-5.05597266313134,\&quot;parent_id\&quot;:\&quot;\&quot;},{\&quot;m1_r\&quot;:-26.29992464204973,\&quot;total_r\&quot;:0,\&quot;last\&quot;:true,\&quot;risk_open\&quot;:0,\&quot;clean_value\&quot;:816310.14,\&quot;date\&quot;:\&quot;2014-03-21\&quot;,\&quot;beta\&quot;:1.2575165109932844,\&quot;fluctuate_rate\&quot;:55.26333705879396,\&quot;id\&quot;:\&quot;\&quot;,\&quot;name\&quot;:\&quot;安洁科技-002635\&quot;,\&quot;alpha\&quot;:-0.6740299669581076,\&quot;asset_value_percent\&quot;:0.911742524026855,\&quot;m3_r\&quot;:-28.288605367355913,\&quot;var_v\&quot;:-4.923058284906295,\&quot;parent_id\&quot;:\&quot;\&quot;},{\&quot;m1_r\&quot;:-19.683138438325177,\&quot;total_r\&quot;:0,\&quot;last\&quot;:true,\&quot;risk_open\&quot;:0,\&quot;clean_value\&quot;:4157760.3,\&quot;date\&quot;:\&quot;2014-03-21\&quot;,\&quot;beta\&quot;:0.9790567213108868,\&quot;fluctuate_rate\&quot;:54.350469412575876,\&quot;id\&quot;:\&quot;\&quot;,\&quot;name\&quot;:\&quot;阳光照明-600261\&quot;,\&quot;alpha\&quot;:-0.4976403652140204,\&quot;asset_value_percent\&quot;:4.643831657194229,\&quot;m3_r\&quot;:-24.34621944286527,\&quot;var_v\&quot;:-5.204958600406037,\&quot;parent_id\&quot;:\&quot;\&quot;},{\&quot;m1_r\&quot;:-5.313550703302694,\&quot;total_r\&quot;:0,\&quot;risk_open\&quot;:0,\&quot;clean_value\&quot;:1.33038408E7,\&quot;date\&quot;:\&quot;2014-03-21\&quot;,\&quot;beta\&quot;:0.11121697583889023,\&quot;fluctuate_rate\&quot;:33.63096426454192,\&quot;id\&quot;:\&quot;\&quot;,\&quot;name\&quot;:\&quot;化工\&quot;,\&quot;alpha\&quot;:0.09641731504336956,\&quot;asset_value_percent\&quot;:14.859153152554805,\&quot;m3_r\&quot;:-6.552351476112051,\&quot;var_v\&quot;:-3.4986106544221873,\&quot;parent_id\&quot;:\&quot;\&quot;},{\&quot;m1_r\&quot;:-15.802318486882239,\&quot;total_r\&quot;:0,\&quot;last\&quot;:true,\&quot;risk_open\&quot;:0,\&quot;clean_value\&quot;:1519917,\&quot;date\&quot;:\&quot;2014-03-21\&quot;,\&quot;beta\&quot;:1.060086668511455,\&quot;fluctuate_rate\&quot;:44.01925477703812,\&quot;id\&quot;:\&quot;\&quot;,\&quot;name\&quot;:\&quot;华峰超纤-300180\&quot;,\&quot;alpha\&quot;:0.27393659419976213,\&quot;asset_value_percent\&quot;:1.6976059636982157,\&quot;m3_r\&quot;:-16.464891041162222,\&quot;var_v\&quot;:-2.4191070555705734,\&quot;parent_id\&quot;:\&quot;\&quot;},{\&quot;m1_r\&quot;:-11.965960402917686,\&quot;total_r\&quot;:0,\&quot;last\&quot;:true,\&quot;risk_open\&quot;:0,\&quot;clean_value\&quot;:1.03649238E7,\&quot;date\&quot;:\&quot;2014-03-21\&quot;,\&quot;beta\&quot;:0.7141585534409244,\&quot;fluctuate_rate\&quot;:43.90358056706522,\&quot;id\&quot;:\&quot;\&quot;,\&quot;name\&quot;:\&quot;浙江龙盛-600352\&quot;,\&quot;alpha\&quot;:0.7912810738385855,\&quot;asset_value_percent\&quot;:11.576656130668695,\&quot;m3_r\&quot;:-11.965960402917686,\&quot;var_v\&quot;:-4.495726177118599,\&quot;parent_id\&quot;:\&quot;\&quot;},{\&quot;m1_r\&quot;:-11.710573800072178,\&quot;total_r\&quot;:0,\&quot;last\&quot;:true,\&quot;risk_open\&quot;:0,\&quot;clean_value\&quot;:1419000,\&quot;date\&quot;:\&quot;2014-03-21\&quot;,\&quot;beta\&quot;:0.6653581216057463,\&quot;fluctuate_rate\&quot;:47.0956434454609,\&quot;id\&quot;:\&quot;\&quot;,\&quot;name\&quot;:\&quot;华峰氨纶-002064\&quot;,\&quot;alpha\&quot;:0.010288539220693907,\&quot;asset_value_percent\&quot;:1.5848910581878932,\&quot;m3_r\&quot;:-11.710573800072178,\&quot;var_v\&quot;:-1.530055730842997,\&quot;parent_id\&quot;:\&quot;\&quot;},{\&quot;m1_r\&quot;:-5.136173541349454,\&quot;total_r\&quot;:0,\&quot;risk_open\&quot;:0,\&quot;clean_value\&quot;:8884213.100000001,\&quot;date\&quot;:\&quot;2014-03-21\&quot;,\&quot;beta\&quot;:0.07934859185575158,\&quot;fluctuate_rate\&quot;:22.016908963060285,\&quot;id\&quot;:\&quot;\&quot;,\&quot;name\&quot;:\&quot;食品饮料\&quot;,\&quot;alpha\&quot;:0.026490924000758385,\&quot;asset_value_percent\&quot;:9.92283995858051,\&quot;m3_r\&quot;:-5.136173541349454,\&quot;var_v\&quot;:-2.29040689020087,\&quot;parent_id\&quot;:\&quot;\&quot;},{\&quot;m1_r\&quot;:-11.672862453531586,\&quot;total_r\&quot;:0,\&quot;last\&quot;:true,\&quot;risk_open\&quot;:0,\&quot;clean_value\&quot;:2099296.56,\&quot;date\&quot;:\&quot;2014-03-21\&quot;,\&quot;beta\&quot;:1.1846339773107135,\&quot;fluctuate_rate\&quot;:38.82760436387934,\&quot;id\&quot;:\&quot;\&quot;,\&quot;name\&quot;:\&quot;上海梅林-600073\&quot;,\&quot;alpha\&quot;:0.13083932786925134,\&quot;asset_value_percent\&quot;:2.3447190602033854,\&quot;m3_r\&quot;:-12.550607287449388,\&quot;var_v\&quot;:-3.96949785280683,\&quot;parent_id\&quot;:\&quot;\&quot;},{\&quot;m1_r\&quot;:-9.184549356223181,\&quot;total_r\&quot;:0,\&quot;last\&quot;:true,\&quot;risk_open\&quot;:0,\&quot;clean_value\&quot;:3005000,\&quot;date\&quot;:\&quot;2014-03-21\&quot;,\&quot;beta\&quot;:0.915991129570967,\&quot;fluctuate_rate\&quot;:36.59609530101033,\&quot;id\&quot;:\&quot;\&quot;,\&quot;name\&quot;:\&quot;得利斯-002330\&quot;,\&quot;alpha\&quot;:0.5119951203358899,\&quot;asset_value_percent\&quot;:3.3563055883401116,\&quot;m3_r\&quot;:-9.184549356223181,\&quot;var_v\&quot;:-3.5032374813700287,\&quot;parent_id\&quot;:\&quot;\&quot;},{\&quot;m1_r\&quot;:-16.823406478578896,\&quot;total_r\&quot;:0,\&quot;last\&quot;:true,\&quot;risk_open\&quot;:0,\&quot;clean_value\&quot;:1985472.54,\&quot;date\&quot;:\&quot;2014-03-21\&quot;,\&quot;beta\&quot;:0.5252160400044729,\&quot;fluctuate_rate\&quot;:60.72318334580773,\&quot;id\&quot;:\&quot;\&quot;,\&quot;name\&quot;:\&quot;惠泉啤酒-600573\&quot;,\&quot;alpha\&quot;:0.4402091641949123,\&quot;asset_value_percent\&quot;:2.2175882134768172,\&quot;m3_r\&quot;:-16.823406478578896,\&quot;var_v\&quot;:-6.203987965368101,\&quot;parent_id\&quot;:\&quot;\&quot;},{\&quot;m1_r\&quot;:-7.818430241384555,\&quot;total_r\&quot;:0,\&quot;last\&quot;:true,\&quot;risk_open\&quot;:0,\&quot;clean_value\&quot;:1794444,\&quot;date\&quot;:\&quot;2014-03-21\&quot;,\&quot;beta\&quot;:0.458114888424627,\&quot;fluctuate_rate\&quot;:28.744928001826658,\&quot;id\&quot;:\&quot;\&quot;,\&quot;name\&quot;:\&quot;青岛啤酒-600600\&quot;,\&quot;alpha\&quot;:-0.17578038136365814,\&quot;asset_value_percent\&quot;:2.0042270965601943,\&quot;m3_r\&quot;:-11.718522826403033,\&quot;var_v\&quot;:-2.3559887979856744,\&quot;parent_id\&quot;:\&quot;\&quot;},{\&quot;m1_r\&quot;:-5.411879340284409,\&quot;total_r\&quot;:0,\&quot;risk_open\&quot;:0,\&quot;clean_value\&quot;:6707753,\&quot;date\&quot;:\&quot;2014-03-21\&quot;,\&quot;beta\&quot;:0.08718586052646887,\&quot;fluctuate_rate\&quot;:39.261439989689435,\&quot;id\&quot;:\&quot;\&quot;,\&quot;name\&quot;:\&quot;医药生物\&quot;,\&quot;alpha\&quot;:0.04407525743481101,\&quot;asset_value_percent\&quot;:7.491936399036655,\&quot;m3_r\&quot;:-5.411879340284409,\&quot;var_v\&quot;:-4.084345937137099,\&quot;parent_id\&quot;:\&quot;\&quot;},{\&quot;m1_r\&quot;:-8.999699006722183,\&quot;total_r\&quot;:0,\&quot;last\&quot;:true,\&quot;risk_open\&quot;:0,\&quot;clean_value\&quot;:4032553,\&quot;date\&quot;:\&quot;2014-03-21\&quot;,\&quot;beta\&quot;:1.266225608359896,\&quot;fluctuate_rate\&quot;:51.38208077159998,\&quot;id\&quot;:\&quot;\&quot;,\&quot;name\&quot;:\&quot;中国医药-600056\&quot;,\&quot;alpha\&quot;:0.6281152570007172,\&quot;asset_value_percent\&quot;:4.503986745150644,\&quot;m3_r\&quot;:-8.999699006722183,\&quot;var_v\&quot;:-5.196691679798963,\&quot;parent_id\&quot;:\&quot;\&quot;},{\&quot;m1_r\&quot;:-16.22060016220601,\&quot;total_r\&quot;:0,\&quot;last\&quot;:true,\&quot;risk_open\&quot;:0,\&quot;clean_value\&quot;:2675200,\&quot;date\&quot;:\&quot;2014-03-21\&quot;,\&quot;beta\&quot;:1.0092280813037575,\&quot;fluctuate_rate\&quot;:78.419768483721,\&quot;id\&quot;:\&quot;\&quot;,\&quot;name\&quot;:\&quot;运盛实业-600767\&quot;,\&quot;alpha\&quot;:0.5282896749849987,\&quot;asset_value_percent\&quot;:2.987949653886012,\&quot;m3_r\&quot;:-16.22060016220601,\&quot;var_v\&quot;:-8.242723855281458,\&quot;parent_id\&quot;:\&quot;\&quot;},{\&quot;m1_r\&quot;:-5.789473684210522,\&quot;total_r\&quot;:0,\&quot;risk_open\&quot;:0,\&quot;clean_value\&quot;:5012429.03,\&quot;date\&quot;:\&quot;2014-03-21\&quot;,\&quot;beta\&quot;:0.01863862713128538,\&quot;fluctuate_rate\&quot;:26.449490818695644,\&quot;id\&quot;:\&quot;\&quot;,\&quot;name\&quot;:\&quot;轻工制造\&quot;,\&quot;alpha\&quot;:-0.01667635777752543,\&quot;asset_value_percent\&quot;:5.5984171595830965,\&quot;m3_r\&quot;:-5.789473684210522,\&quot;var_v\&quot;:-2.7515259346843712,\&quot;parent_id\&quot;:\&quot;\&quot;},{\&quot;m1_r\&quot;:-15.241765942536778,\&quot;total_r\&quot;:0,\&quot;last\&quot;:true,\&quot;risk_open\&quot;:0,\&quot;clean_value\&quot;:5012429.03,\&quot;date\&quot;:\&quot;2014-03-21\&quot;,\&quot;beta\&quot;:0.3329267291091499,\&quot;fluctuate_rate\&quot;:50.08902703459451,\&quot;id\&quot;:\&quot;\&quot;,\&quot;name\&quot;:\&quot;宜华木业-600978\&quot;,\&quot;alpha\&quot;:-0.2978762979278823,\&quot;asset_value_percent\&quot;:5.5984171595830965,\&quot;m3_r\&quot;:-19.42038640906062,\&quot;var_v\&quot;:-2.8978202075961446,\&quot;parent_id\&quot;:\&quot;\&quot;},{\&quot;m1_r\&quot;:-5.369904232850153,\&quot;total_r\&quot;:0,\&quot;risk_open\&quot;:0,\&quot;clean_value\&quot;:4499500,\&quot;date\&quot;:\&quot;2014-03-21\&quot;,\&quot;beta\&quot;:0.039357863141194716,\&quot;fluctuate_rate\&quot;:26.187769022059754,\&quot;id\&quot;:\&quot;\&quot;,\&quot;name\&quot;:\&quot;计算机\&quot;,\&quot;alpha\&quot;:-0.017553522752792393,\&quot;asset_value_percent\&quot;:5.025523126368164,\&quot;m3_r\&quot;:-5.369904232850153,\&quot;var_v\&quot;:-2.724299160601945,\&quot;parent_id\&quot;:\&quot;\&quot;},{\&quot;m1_r\&quot;:-14.895448954489543,\&quot;total_r\&quot;:0,\&quot;last\&quot;:true,\&quot;risk_open\&quot;:0,\&quot;clean_value\&quot;:2443500,\&quot;date\&quot;:\&quot;2014-03-21\&quot;,\&quot;beta\&quot;:0.8926881522132649,\&quot;fluctuate_rate\&quot;:60.398708463287875,\&quot;id\&quot;:\&quot;\&quot;,\&quot;name\&quot;:\&quot;神州泰岳-300002\&quot;,\&quot;alpha\&quot;:-0.6320488805611412,\&quot;asset_value_percent\&quot;:2.7291622978732324,\&quot;m3_r\&quot;:-23.339427178549666,\&quot;var_v\&quot;:-5.3401016057804425,\&quot;parent_id\&quot;:\&quot;\&quot;},{\&quot;m1_r\&quot;:-15.792780167206299,\&quot;total_r\&quot;:0,\&quot;last\&quot;:true,\&quot;risk_open\&quot;:0,\&quot;clean_value\&quot;:2056000,\&quot;date\&quot;:\&quot;2014-03-21\&quot;,\&quot;beta\&quot;:0.6529877390060247,\&quot;fluctuate_rate\&quot;:46.36057171185128,\&quot;id\&quot;:\&quot;\&quot;,\&quot;name\&quot;:\&quot;航天信息-600271\&quot;,\&quot;alpha\&quot;:-0.013233242642754842,\&quot;asset_value_percent\&quot;:2.2963608284949317,\&quot;m3_r\&quot;:-15.792780167206299,\&quot;var_v\&quot;:-3.360185256865975,\&quot;parent_id\&quot;:\&quot;\&quot;},{\&quot;m1_r\&quot;:-5.902951475737872,\&quot;total_r\&quot;:0,\&quot;risk_open\&quot;:0,\&quot;clean_value\&quot;:2060000,\&quot;date\&quot;:\&quot;2014-03-21\&quot;,\&quot;beta\&quot;:0.041058696068800284,\&quot;fluctuate_rate\&quot;:42.318592438303114,\&quot;id\&quot;:\&quot;\&quot;,\&quot;name\&quot;:\&quot;汽车\&quot;,\&quot;alpha\&quot;:0.0072223627735349735,\&quot;asset_value_percent\&quot;:2.3008284565659336,\&quot;m3_r\&quot;:-9.990958408679928,\&quot;var_v\&quot;:-4.402379819388568,\&quot;parent_id\&quot;:\&quot;\&quot;},{\&quot;m1_r\&quot;:-23.376118241929213,\&quot;total_r\&quot;:0,\&quot;last\&quot;:true,\&quot;risk_open\&quot;:0,\&quot;clean_value\&quot;:2060000,\&quot;date\&quot;:\&quot;2014-03-21\&quot;,\&quot;beta\&quot;:1.7845179179538577,\&quot;fluctuate_rate\&quot;:68.21368944110539,\&quot;id\&quot;:\&quot;\&quot;,\&quot;name\&quot;:\&quot;星宇股份-601799\&quot;,\&quot;alpha\&quot;:0.31390270547655696,\&quot;asset_value_percent\&quot;:2.3008284565659336,\&quot;m3_r\&quot;:-23.49514563106796,\&quot;var_v\&quot;:-6.420162033133719,\&quot;parent_id\&quot;:\&quot;\&quot;},{\&quot;m1_r\&quot;:-9.372797744890772,\&quot;total_r\&quot;:0,\&quot;risk_open\&quot;:0,\&quot;clean_value\&quot;:1991029.11,\&quot;date\&quot;:\&quot;2014-03-21\&quot;,\&quot;beta\&quot;:-0.012432318566432163,\&quot;fluctuate_rate\&quot;:78.71082024181509,\&quot;id\&quot;:\&quot;\&quot;,\&quot;name\&quot;:\&quot;钢铁\&quot;,\&quot;alpha\&quot;:0.01815841398878818,\&quot;asset_value_percent\&quot;:2.223794385504439,\&quot;m3_r\&quot;:-9.372797744890772,\&quot;var_v\&quot;:-8.188243196067475,\&quot;parent_id\&quot;:\&quot;\&quot;},{\&quot;m1_r\&quot;:-22.686719347438178,\&quot;total_r\&quot;:0,\&quot;last\&quot;:true,\&quot;risk_open\&quot;:0,\&quot;clean_value\&quot;:1991029.11,\&quot;date\&quot;:\&quot;2014-03-21\&quot;,\&quot;beta\&quot;:-0.5590588162049007,\&quot;fluctuate_rate\&quot;:80.00064655888039,\&quot;id\&quot;:\&quot;\&quot;,\&quot;name\&quot;:\&quot;物产中拓-000906\&quot;,\&quot;alpha\&quot;:0.8165509413618374,\&quot;asset_value_percent\&quot;:2.223794385504439,\&quot;m3_r\&quot;:-22.686719347438178,\&quot;var_v\&quot;:-8.188243196067475,\&quot;parent_id\&quot;:\&quot;\&quot;},{\&quot;m1_r\&quot;:-7.3002754820936655,\&quot;total_r\&quot;:0,\&quot;risk_open\&quot;:0,\&quot;clean_value\&quot;:88938,\&quot;date\&quot;:\&quot;2014-03-21\&quot;,\&quot;beta\&quot;:5.657190514133226E-4,\&quot;fluctuate_rate\&quot;:11.770123640612166,\&quot;id\&quot;:\&quot;\&quot;,\&quot;name\&quot;:\&quot;农林牧渔\&quot;,\&quot;alpha\&quot;:1.4210705247353828E-4,\&quot;asset_value_percent\&quot;:0.09933547634468981,\&quot;m3_r\&quot;:-7.3002754820936655,\&quot;var_v\&quot;:-1.2244394674204584,\&quot;parent_id\&quot;:\&quot;\&quot;},{\&quot;m1_r\&quot;:-11.570782159017456,\&quot;total_r\&quot;:0,\&quot;last\&quot;:true,\&quot;risk_open\&quot;:0,\&quot;clean_value\&quot;:88938,\&quot;date\&quot;:\&quot;2014-03-21\&quot;,\&quot;beta\&quot;:0.5695035371354157,\&quot;fluctuate_rate\&quot;:44.39720987022372,\&quot;id\&quot;:\&quot;\&quot;,\&quot;name\&quot;:\&quot;民和股份-002234\&quot;,\&quot;alpha\&quot;:0.14305770476242843,\&quot;asset_value_percent\&quot;:0.09933547634468981,\&quot;m3_r\&quot;:-16.534472239170228,\&quot;var_v\&quot;:-3.0786700485145255,\&quot;parent_id\&quot;:\&quot;\&quot;},{\&quot;m1_r\&quot;:-0.5633111016281056,\&quot;total_r\&quot;:-1.6460442327173364,\&quot;risk_open\&quot;:0,\&quot;clean_value\&quot;:155916.81,\&quot;date\&quot;:\&quot;2014-03-21\&quot;,\&quot;beta\&quot;:1.8827399382537714E-4,\&quot;fluctuate_rate\&quot;:6.099545733099729,\&quot;id\&quot;:\&quot;\&quot;,\&quot;name\&quot;:\&quot;债券类\&quot;,\&quot;alpha\&quot;:1.2345126299784568E-4,\&quot;asset_value_percent\&quot;:0.17414457927426402,\&quot;m3_r\&quot;:-1.6460442327173364,\&quot;var_v\&quot;:-0.6345323768030464,\&quot;parent_id\&quot;:\&quot;\&quot;},{\&quot;m1_r\&quot;:-1.3813567993451459,\&quot;total_r\&quot;:-4.87435664547381,\&quot;last\&quot;:true,\&quot;risk_open\&quot;:0,\&quot;clean_value\&quot;:155916.81,\&quot;date\&quot;:\&quot;2014-03-21\&quot;,\&quot;beta\&quot;:0.10811361146582714,\&quot;fluctuate_rate\&quot;:6.211592206050543,\&quot;id\&quot;:\&quot;\&quot;,\&quot;name\&quot;:\&quot;深燃转债-113006\&quot;,\&quot;alpha\&quot;:0.07089009805089577,\&quot;asset_value_percent\&quot;:0.17414457927426402,\&quot;m3_r\&quot;:-4.87435664547381,\&quot;var_v\&quot;:-0.6345323768030464,\&quot;parent_id\&quot;:\&quot;\&quot;},{\&quot;m1_r\&quot;:0,\&quot;total_r\&quot;:0,\&quot;risk_open\&quot;:0,\&quot;clean_value\&quot;:2.062290485000001E7,\&quot;date\&quot;:\&quot;2014-03-21\&quot;,\&quot;beta\&quot;:0,\&quot;fluctuate_rate\&quot;:0,\&quot;id\&quot;:\&quot;\&quot;,\&quot;name\&quot;:\&quot;其他类\&quot;,\&quot;alpha\&quot;:0,\&quot;asset_value_percent\&quot;:23.033867153364866,\&quot;m3_r\&quot;:0,\&quot;var_v\&quot;:0,\&quot;parent_id\&quot;:\&quot;\&quot;},{\&quot;m1_r\&quot;:0,\&quot;total_r\&quot;:0,\&quot;last\&quot;:true,\&quot;risk_open\&quot;:0,\&quot;clean_value\&quot;:856446.89,\&quot;date\&quot;:\&quot;2014-03-21\&quot;,\&quot;beta\&quot;:0,\&quot;fluctuate_rate\&quot;:0,\&quot;id\&quot;:\&quot;\&quot;,\&quot;name\&quot;:\&quot;银行存款\&quot;,\&quot;alpha\&quot;:0,\&quot;asset_value_percent\&quot;:0.9565715417715503,\&quot;m3_r\&quot;:0,\&quot;var_v\&quot;:0,\&quot;parent_id\&quot;:\&quot;\&quot;},{\&quot;m1_r\&quot;:0,\&quot;total_r\&quot;:0,\&quot;last\&quot;:true,\&quot;risk_open\&quot;:0,\&quot;clean_value\&quot;:8638461.36,\&quot;date\&quot;:\&quot;2014-03-21\&quot;,\&quot;beta\&quot;:0,\&quot;fluctuate_rate\&quot;:0,\&quot;id\&quot;:\&quot;\&quot;,\&quot;name\&quot;:\&quot;存出保证金\&quot;,\&quot;alpha\&quot;:0,\&quot;asset_value_percent\&quot;:9.648358115550124,\&quot;m3_r\&quot;:0,\&quot;var_v\&quot;:0,\&quot;parent_id\&quot;:\&quot;\&quot;},{\&quot;m1_r\&quot;:0,\&quot;total_r\&quot;:0,\&quot;last\&quot;:true,\&quot;risk_open\&quot;:0,\&quot;clean_value\&quot;:9393177.11,\&quot;date\&quot;:\&quot;2014-03-21\&quot;,\&quot;beta\&quot;:0,\&quot;fluctuate_rate\&quot;:0,\&quot;id\&quot;:\&quot;\&quot;,\&quot;name\&quot;:\&quot;清算备付金\&quot;,\&quot;alpha\&quot;:0,\&quot;asset_value_percent\&quot;:10.49130543313192,\&quot;m3_r\&quot;:0,\&quot;var_v\&quot;:0,\&quot;parent_id\&quot;:\&quot;\&quot;},{\&quot;m1_r\&quot;:0,\&quot;total_r\&quot;:0,\&quot;last\&quot;:true,\&quot;risk_open\&quot;:0,\&quot;clean_value\&quot;:1734819.49000001,\&quot;date\&quot;:\&quot;2014-03-21\&quot;,\&quot;beta\&quot;:0,\&quot;fluctuate_rate\&quot;:0,\&quot;id\&quot;:\&quot;\&quot;,\&quot;name\&quot;:\&quot;其他资产\&quot;,\&quot;alpha\&quot;:0,\&quot;asset_value_percent\&quot;:1.9376320629112733,\&quot;m3_r\&quot;:0,\&quot;var_v\&quot;:0,\&quot;parent_id\&quot;:\&quot;\&quot;},{\&quot;m1_r\&quot;:0,\&quot;total_r\&quot;:0,\&quot;last\&quot;:true,\&quot;risk_open\&quot;:0,\&quot;clean_value\&quot;:-343116.87,\&quot;date\&quot;:\&quot;2014-03-21\&quot;,\&quot;beta\&quot;:0,\&quot;fluctuate_rate\&quot;:0,\&quot;id\&quot;:\&quot;\&quot;,\&quot;name\&quot;:\&quot;其他负债\&quot;,\&quot;alpha\&quot;:0,\&quot;asset_value_percent\&quot;:-0.3832296400115699,\&quot;m3_r\&quot;:0,\&quot;var_v\&quot;:0,\&quot;parent_id\&quot;:\&quot;\&quot;}]},\&quot;message\&quot;:\&quot;成功\&quot;}&quot;">
      <![CDATA[java.lang.AssertionError: 
Expected: "{\"code\":0,\"data\":{\"count\":8,\"result\":[{\"m1_r\":-3.8700096095046765,\"total_r\":-3.8700096095046765,\"risk_open\":32.08370848318596,\"clean_value\":9.700876359999998E7,\"date\":\"2014-03-18\",\"beta\":0.3667182010932133,\"fluctuate_rate\":16.501945142297338,\"id\":\"\",\"name\":\"精选1号\",\"alpha\":0.20752940966255579,\"asset_value_percent\":104.35480642333627,\"m3_r\":-3.8700096095046765,\"first\":true,\"var_v\":-1.5523587229461118},{\"m1_r\":-4.664648631069013,\"total_r\":0,\"risk_open\":0,\"clean_value\":7.239291458E7,\"date\":\"2014-03-18\",\"beta\":0.7466221462332375,\"fluctuate_rate\":20.61068453569669,\"id\":\"\",\"name\":\"股票类\",\"alpha\":0.24510627206463492,\"asset_value_percent\":77.87490848318596,\"m3_r\":-4.664648631069013,\"var_v\":-2.1441181389957755,\"parent_id\":\"\"},{\"m1_r\":-7.13812165740787,\"total_r\":0,\"risk_open\":0,\"clean_value\":3.0530968509999998E7,\"date\":\"2014-03-18\",\"beta\":0.36111136291115603,\"fluctuate_rate\":32.873843709763385,\"id\":\"\",\"name\":\"电子\",\"alpha\":-0.007223269928414407,\"asset_value_percent\":32.84294315836458,\"m3_r\":-7.13812165740787,\"var_v\":-3.419847820897874,\"parent_id\":\"\"},{\"m1_r\":-17.649086521889,\"total_r\":0,\"last\":true,\"risk_open\":0,\"clean_value\":1646184,\"date\":\"2014-03-18\",\"beta\":1.2873926167090513,\"fluctuate_rate\":44.99845263461974,\"id\":\"\",\"name\":\"勤上光电-002638\",\"alpha\":-0.05550604842273661,\"asset_value_percent\":1.7708422031387838,\"m3_r\":-17.649086521889,\"var_v\":-4.119080015606117,\"parent_id\":\"\"},{\"m1_r\":-16.000740775035883,\"total_r\":0,\"last\":true,\"risk_open\":0,\"clean_value\":5927500,\"date\":\"2014-03-18\",\"beta\":0.9830510486061884,\"fluctuate_rate\":50.78629235453445,\"id\":\"\",\"name\":\"三安光电-600703\",\"alpha\":0.030410767848467118,\"asset_value_percent\":6.376363249251081,\"m3_r\":-17.234615209160165,\"var_v\":-5.194474994059902,\"parent_id\":\"\"},{\"m1_r\":-16.44859813084113,\"total_r\":0,\"last\":true,\"risk_open\":0,\"clean_value\":3056240,\"date\":\"2014-03-18\",\"beta\":0.15667575201559647,\"fluctuate_rate\":54.91489851633643,\"id\":\"\",\"name\":\"佛山照明-000541\",\"alpha\":0.2253598352795983,\"asset_value_percent\":3.28767548155059,\"m3_r\":-16.44859813084113,\"var_v\":-5.136059094795764,\"parent_id\":\"\"},{\"m1_r\":-19.75953079178886,\"total_r\":0,\"last\":true,\"risk_open\":0,\"clean_value\":1955640.56,\"date\":\"2014-03-18\",\"beta\":1.1639903570366794,\"fluctuate_rate\":45.68984217633276,\"id\":\"\",\"name\":\"歌尔声学-002241\",\"alpha\":-0.09308750558649206,\"asset_value_percent\":2.103732534041131,\"m3_r\":-23.38793224135517,\"var_v\":-4.673626885890354,\"parent_id\":\"\"},{\"m1_r\":-28.288605367355913,\"total_r\":0,\"last\":true,\"risk_open\":0,\"clean_value\":2078400,\"date\":\"2014-03-18\",\"beta\":1.8309076325381124,\"fluctuate_rate\":55.42261928791161,\"id\":\"\",\"name\":\"安洁科技-002635\",\"alpha\":-0.06371700922329412,\"asset_value_percent\":2.235788001222007,\"m3_r\":-28.288605367355913,\"var_v\":-4.5855829230102385,\"parent_id\":\"\"},{\"m1_r\":-16.469228546662805,\"total_r\":0,\"last\":true,\"risk_open\":0,\"clean_value\":4814500.6,\"date\":\"2014-03-18\",\"beta\":1.2019229143687369,\"fluctuate_rate\":44.49761383591027,\"id\":\"\",\"name\":\"大族激光-002008\",\"alpha\":-0.03287484172202393,\"asset_value_percent\":5.1790813478426445,\"m3_r\":-16.6658659620466,\"var_v\":-4.551201630658422,\"parent_id\":\"\"},{\"m1_r\":-19.683138438325177,\"total_r\":0,\"last\":true,\"risk_open\":0,\"clean_value\":2657916,\"date\":\"2014-03-18\",\"beta\":1.242294721781231,\"fluctuate_rate\":57.57791776143681,\"id\":\"\",\"name\":\"阳光照明-600261\",\"alpha\":0.09078823538154858,\"asset_value_percent\":2.8591881741031524,\"m3_r\":-24.34621944286527,\"var_v\":-5.166841968934775,\"parent_id\":\"\"},{\"m1_r\":-19.337294793030512,\"total_r\":0,\"last\":true,\"risk_open\":0,\"clean_value\":5448518.35,\"date\":\"2014-03-18\",\"beta\":1.0208497010198065,\"fluctuate_rate\":48.57024600749923,\"id\":\"\",\"name\":\"德豪润达-002005\",\"alpha\":-0.046092335662122584,\"asset_value_percent\":5.86111044619319,\"m3_r\":-20.37975941942539,\"var_v\":-4.9675097541703535,\"parent_id\":\"\"},{\"m1_r\":-21.704180064308687,\"total_r\":0,\"last\":true,\"risk_open\":0,\"clean_value\":2946069,\"date\":\"2014-03-18\",\"beta\":1.497433218440995,\"fluctuate_rate\":46.09393857423387,\"id\":\"\",\"name\":\"长盈精密-300115\",\"alpha\":-0.3280781163547086,\"asset_value_percent\":3.1691617210219967,\"m3_r\":-25.306748466257666,\"var_v\":-4.715618327870373,\"parent_id\":\"\"},{\"m1_r\":-5.313550703302694,\"total_r\":0,\"risk_open\":0,\"clean_value\":1.02053567E7,\"date\":\"2014-03-18\",\"beta\":0.12032575455252639,\"fluctuate_rate\":44.777122283918196,\"id\":\"\",\"name\":\"化工\",\"alpha\":0.09327372054071699,\"asset_value_percent\":10.978163037938133,\"m3_r\":-6.552351476112051,\"var_v\":-4.6581393225780925,\"parent_id\":\"\"},{\"m1_r\":-11.965960402917686,\"total_r\":0,\"last\":true,\"risk_open\":0,\"clean_value\":1.02053567E7,\"date\":\"2014-03-18\",\"beta\":1.096046343424732,\"fluctuate_rate\":45.49177848529223,\"id\":\"\",\"name\":\"浙江龙盛-600352\",\"alpha\":0.8496295802711564,\"asset_value_percent\":10.978163037938133,\"m3_r\":-11.965960402917686,\"var_v\":-4.6581393225780925,\"parent_id\":\"\"},{\"m1_r\":-4.695616029586047,\"total_r\":0,\"risk_open\":0,\"clean_value\":6993300,\"date\":\"2014-03-18\",\"beta\":0.06616345707390606,\"fluctuate_rate\":19.775481948323574,\"id\":\"\",\"name\":\"计算机\",\"alpha\":0.01629673943652076,\"asset_value_percent\":7.522871549723758,\"m3_r\":-4.695616029586047,\"var_v\":-2.0572324747073636,\"parent_id\":\"\"},{\"m1_r\":-13.109812365426022,\"total_r\":0,\"last\":true,\"risk_open\":0,\"clean_value\":2697300,\"date\":\"2014-03-18\",\"beta\":1.1823446544940013,\"fluctuate_rate\":59.80112555511382,\"id\":\"\",\"name\":\"神州泰岳-300002\",\"alpha\":-0.10583633839562148,\"asset_value_percent\":2.9015545495073707,\"m3_r\":-21.755027422303463,\"var_v\":-5.244223411016907,\"parent_id\":\"\"},{\"m1_r\":-11.303339293480896,\"total_r\":0,\"last\":true,\"risk_open\":0,\"clean_value\":4296000,\"date\":\"2014-03-18\",\"beta\":0.6893507188337541,\"fluctuate_rate\":47.91182740433298,\"id\":\"\",\"name\":\"航天信息-600271\",\"alpha\":0.41909348628029763,\"asset_value_percent\":4.621317000216388,\"m3_r\":-11.303339293480896,\"var_v\":-3.162810963501541,\"parent_id\":\"\"},{\"m1_r\":-5.411879340284409,\"total_r\":0,\"risk_open\":0,\"clean_value\":6818726,\"date\":\"2014-03-18\",\"beta\":0.09184916632693071,\"fluctuate_rate\":39.58464057939267,\"id\":\"\",\"name\":\"医药生物\",\"alpha\":0.050946517397570126,\"asset_value_percent\":7.335077836037591,\"m3_r\":-5.411879340284409,\"var_v\":-4.117968316137498,\"parent_id\":\"\"},{\"m1_r\":-16.22060016220601,\"total_r\":0,\"last\":true,\"risk_open\":0,\"clean_value\":1808000,\"date\":\"2014-03-18\",\"beta\":1.172648555853117,\"fluctuate_rate\":76.53964288606561,\"id\":\"\",\"name\":\"运盛实业-600767\",\"alpha\":1.0320726894541044,\"asset_value_percent\":1.9449118101469345,\"m3_r\":-16.22060016220601,\"var_v\":-8.474997082407485,\"parent_id\":\"\"},{\"m1_r\":-8.999699006722183,\"total_r\":0,\"last\":true,\"risk_open\":0,\"clean_value\":5010726,\"date\":\"2014-03-18\",\"beta\":1.2808916412035307,\"fluctuate_rate\":50.21792706590227,\"id\":\"\",\"name\":\"中国医药-600056\",\"alpha\":0.5727766755751216,\"asset_value_percent\":5.390166025890657,\"m3_r\":-8.999699006722183,\"var_v\":-5.311987529695158,\"parent_id\":\"\"},{\"m1_r\":-5.136173541349454,\"total_r\":0,\"risk_open\":0,\"clean_value\":6795334.73,\"date\":\"2014-03-18\",\"beta\":0.07288680498857111,\"fluctuate_rate\":24.208211026828995,\"id\":\"\",\"name\":\"食品饮料\",\"alpha\":0.021734940692043653,\"asset_value_percent\":7.309915249047916,\"m3_r\":-5.136173541349454,\"var_v\":-2.518366834704797,\"parent_id\":\"\"},{\"m1_r\":-16.823406478578896,\"total_r\":0,\"last\":true,\"risk_open\":0,\"clean_value\":1910942.79,\"date\":\"2014-03-18\",\"beta\":0.5420951943949447,\"fluctuate_rate\":59.25116676315657,\"id\":\"\",\"name\":\"惠泉啤酒-600573\",\"alpha\":0.3484562672509403,\"asset_value_percent\":2.055650000434808,\"m3_r\":-16.823406478578896,\"var_v\":-6.05017438139706,\"parent_id\":\"\"},{\"m1_r\":-12.35706381409073,\"total_r\":0,\"last\":true,\"risk_open\":0,\"clean_value\":2104391.94,\"date\":\"2014-03-18\",\"beta\":1.2490056427650498,\"fluctuate_rate\":37.42155792693686,\"id\":\"\",\"name\":\"上海梅林-600073\",\"alpha\":0.18597387910277768,\"asset_value_percent\":2.263748195400453,\"m3_r\":-12.550607287449388,\"var_v\":-3.8259729237693336,\"parent_id\":\"\"},{\"m1_r\":-9.184549356223181,\"total_r\":0,\"last\":true,\"risk_open\":0,\"clean_value\":2780000,\"date\":\"2014-03-18\",\"beta\":1.1191670814294727,\"fluctuate_rate\":34.36992108032278,\"id\":\"\",\"name\":\"得利斯-002330\",\"alpha\":0.3464925601928143,\"asset_value_percent\":2.9905170532126535,\"m3_r\":-9.184549356223181,\"var_v\":-3.0868681244219016,\"parent_id\":\"\"},{\"m1_r\":-5.789473684210522,\"total_r\":0,\"risk_open\":0,\"clean_value\":4911630.64,\"date\":\"2014-03-18\",\"beta\":0.017699174716027617,\"fluctuate_rate\":25.6039885062723,\"id\":\"\",\"name\":\"轻工制造\",\"alpha\":-0.007003531490822719,\"asset_value_percent\":5.283566614389129,\"m3_r\":-5.789473684210522,\"var_v\":-2.6635687956825107,\"parent_id\":\"\"},{\"m1_r\":-15.241765942536778,\"total_r\":0,\"last\":true,\"risk_open\":0,\"clean_value\":4911630.64,\"date\":\"2014-03-18\",\"beta\":0.3349853613622688,\"fluctuate_rate\":51.69745043557687,\"id\":\"\",\"name\":\"宜华木业-600978\",\"alpha\":-0.1325531028935924,\"asset_value_percent\":5.283566614389129,\"m3_r\":-19.42038640906062,\"var_v\":-2.9671604547581767,\"parent_id\":\"\"},{\"m1_r\":-9.372797744890772,\"total_r\":0,\"risk_open\":0,\"clean_value\":3873000,\"date\":\"2014-03-18\",\"beta\":-0.02924977124892555,\"fluctuate_rate\":75.29869575615662,\"id\":\"\",\"name\":\"钢铁\",\"alpha\":0.0457425631859529,\"asset_value_percent\":4.166285088882233,\"m3_r\":-9.372797744890772,\"var_v\":-7.833281768680578,\"parent_id\":\"\"},{\"m1_r\":-20.52001019627835,\"total_r\":0,\"last\":true,\"risk_open\":0,\"clean_value\":3873000,\"date\":\"2014-03-18\",\"beta\":-0.7020588035844885,\"fluctuate_rate\":76.49868495591728,\"id\":\"\",\"name\":\"物产中拓-000906\",\"alpha\":1.0979220627032296,\"asset_value_percent\":4.166285088882233,\"m3_r\":-20.52001019627835,\"var_v\":-7.833281768680578,\"parent_id\":\"\"},{\"m1_r\":-5.902951475737872,\"total_r\":0,\"risk_open\":0,\"clean_value\":2172000,\"date\":\"2014-03-18\",\"beta\":0.04534993141705713,\"fluctuate_rate\":37.36320503514759,\"id\":\"\",\"name\":\"汽车\",\"alpha\":0.03092597164760524,\"asset_value_percent\":2.336475913517224,\"m3_r\":-9.990958408679928,\"var_v\":-3.886873602287672,\"parent_id\":\"\"},{\"m1_r\":-23.49514563106796,\"total_r\":0,\"last\":true,\"risk_open\":0,\"clean_value\":2172000,\"date\":\"2014-03-18\",\"beta\":1.9409543729808632,\"fluctuate_rate\":73.54172710588351,\"id\":\"\",\"name\":\"星宇股份-601799\",\"alpha\":1.3236161121408991,\"asset_value_percent\":2.336475913517224,\"m3_r\":-23.49514563106796,\"var_v\":-6.278419592982737,\"parent_id\":\"\"},{\"m1_r\":-7.3002754820936655,\"total_r\":0,\"risk_open\":0,\"clean_value\":92598,\"date\":\"2014-03-18\",\"beta\":4.862654959879331E-4,\"fluctuate_rate\":0,\"id\":\"\",\"name\":\"农林牧渔\",\"alpha\":4.126205834624554E-4,\"asset_value_percent\":0.0996100352853904,\"m3_r\":-7.3002754820936655,\"var_v\":0,\"parent_id\":\"\"},{\"m1_r\":-12.307692307692308,\"total_r\":0,\"last\":true,\"risk_open\":0,\"clean_value\":92598,\"date\":\"2014-03-18\",\"beta\":0.4881691835513812,\"fluctuate_rate\":42.918600222843786,\"id\":\"\",\"name\":\"民和股份-002234\",\"alpha\":0.41423595753205567,\"asset_value_percent\":0.0996100352853904,\"m3_r\":-16.534472239170228,\"var_v\":0,\"parent_id\":\"\"},{\"m1_r\":-0.5633111016281056,\"total_r\":-1.6460442327173364,\"risk_open\":0,\"clean_value\":156150.37,\"date\":\"2014-03-18\",\"beta\":0,\"fluctuate_rate\":5.9459982164662915,\"id\":\"\",\"name\":\"债券类\",\"alpha\":0,\"asset_value_percent\":0.16797494401095883,\"m3_r\":-1.6460442327173364,\"var_v\":-0.6185589133772534,\"parent_id\":\"\"},{\"m1_r\":0,\"total_r\":0,\"last\":true,\"risk_open\":0,\"clean_value\":156150.37,\"date\":\"2014-03-18\",\"beta\":0,\"fluctuate_rate\":null,\"id\":\"\",\"name\":\"深燃转债-113006\",\"alpha\":0,\"asset_value_percent\":0.16797494401095883,\"m3_r\":0,\"var_v\":-0.6185589133772534,\"parent_id\":\"\"},{\"m1_r\":0,\"total_r\":0,\"risk_open\":0,\"clean_value\":2.4459698650000002E7,\"date\":\"2014-03-18\",\"beta\":0,\"fluctuate_rate\":0,\"id\":\"\",\"name\":\"其他类\",\"alpha\":0,\"asset_value_percent\":26.311922996139398,\"m3_r\":0,\"var_v\":0,\"parent_id\":\"\"},{\"m1_r\":0,\"total_r\":0,\"last\":true,\"risk_open\":0,\"clean_value\":1683069.82,\"date\":\"2014-03-18\",\"beta\":0,\"fluctuate_rate\":0,\"id\":\"\",\"name\":\"银行存款\",\"alpha\":0,\"asset_value_percent\":1.810521222466745,\"m3_r\":0,\"var_v\":0,\"parent_id\":\"\"},{\"m1_r\":0,\"total_r\":0,\"last\":true,\"risk_open\":0,\"clean_value\":5313134.16,\"date\":\"2014-03-18\",\"beta\":0,\"fluctuate_rate\":0,\"id\":\"\",\"name\":\"存出保证金\",\"alpha\":0,\"asset_value_percent\":5.715474212764995,\"m3_r\":0,\"var_v\":0,\"parent_id\":\"\"},{\"m1_r\":0,\"total_r\":0,\"last\":true,\"risk_open\":0,\"clean_value\":1.417945539E7,\"date\":\"2014-03-18\",\"beta\":0,\"fluctuate_rate\":0,\"id\":\"\",\"name\":\"清算备付金\",\"alpha\":0,\"asset_value_percent\":15.253202571605426,\"m3_r\":0,\"var_v\":0,\"parent_id\":\"\"},{\"m1_r\":0,\"total_r\":0,\"last\":true,\"risk_open\":0,\"clean_value\":3284039.280000001,\"date\":\"2014-03-18\",\"beta\":0,\"fluctuate_rate\":0,\"id\":\"\",\"name\":\"其他资产\",\"alpha\":0,\"asset_value_percent\":3.5327249893022334,\"m3_r\":0,\"var_v\":0,\"parent_id\":\"\"},{\"m1_r\":0,\"total_r\":0,\"last\":true,\"risk_open\":0,\"clean_value\":-4048250.4,\"date\":\"2014-03-18\",\"beta\":0,\"fluctuate_rate\":0,\"id\":\"\",\"name\":\"其他负债\",\"alpha\":0,\"asset_value_percent\":-4.354806423336312,\"m3_r\":0,\"var_v\":0,\"parent_id\":\"\"},{\"m1_r\":-3.8700096095046765,\"total_r\":-3.8700096095046765,\"risk_open\":30.15153854254997,\"clean_value\":9.293858135E7,\"date\":\"2014-03-19\",\"beta\":0.3733103092035551,\"fluctuate_rate\":16.566411455019693,\"id\":\"\",\"name\":\"精选1号\",\"alpha\":0.20768834698239327,\"asset_value_percent\":100.33949811968527,\"m3_r\":-3.8700096095046765,\"first\":true,\"var_v\":-1.5741726171778108},{\"m1_r\":-4.664648631069013,\"total_r\":0,\"risk_open\":0,\"clean_value\":7.193517239E7,\"date\":\"2014-03-19\",\"beta\":0.7419909775015263,\"fluctuate_rate\":20.674331041913074,\"id\":\"\",\"name\":\"股票类\",\"alpha\":0.23475274396091805,\"asset_value_percent\":77.66353854254997,\"m3_r\":-4.664648631069013,\"var_v\":-2.1507392499164677,\"parent_id\":\"\"},{\"m1_r\":-7.13812165740787,\"total_r\":0,\"risk_open\":0,\"clean_value\":2.9867088030000005E7,\"date\":\"2014-03-19\",\"beta\":0.36017139520048036,\"fluctuate_rate\":33.385689274495284,\"id\":\"\",\"name\":\"电子\",\"alpha\":-0.019257766129583284,\"asset_value_percent\":32.245474158258816,\"m3_r\":-7.13812165740787,\"var_v\":-3.4730948325536715,\"parent_id\":\"\"},{\"m1_r\":-17.649086521889,\"total_r\":0,\"last\":true,\"risk_open\":0,\"clean_value\":1632624,\"date\":\"2014-03-19\",\"beta\":1.278921041845785,\"fluctuate_rate\":44.936720130603824,\"id\":\"\",\"name\":\"勤上光电-002638\",\"alpha\":-0.05940793332278983,\"asset_value_percent\":1.7626336705230228,\"m3_r\":-17.649086521889,\"var_v\":-4.1170182902256105,\"parent_id\":\"\"},{\"m1_r\":-16.000740775035883,\"total_r\":0,\"last\":true,\"risk_open\":0,\"clean_value\":5897500,\"date\":\"2014-03-19\",\"beta\":0.9871105418615234,\"fluctuate_rate\":50.79775272176079,\"id\":\"\",\"name\":\"三安光电-600703\",\"alpha\":0.06183820494709343,\"asset_value_percent\":6.367131728989362,\"m3_r\":-17.234615209160165,\"var_v\":-5.195667417955696,\"parent_id\":\"\"},{\"m1_r\":-19.75953079178886,\"total_r\":0,\"last\":true,\"risk_open\":0,\"clean_value\":1831821.06,\"date\":\"2014-03-19\",\"beta\":1.2683225692741966,\"fluctuate_rate\":48.82972644440609,\"id\":\"\",\"name\":\"歌尔声学-002241\",\"alpha\":-0.18701961403979403,\"asset_value_percent\":1.9776932586616236,\"m3_r\":-23.38793224135517,\"var_v\":-4.995644509463258,\"parent_id\":\"\"},{\"m1_r\":-16.44859813084113,\"total_r\":0,\"last\":true,\"risk_open\":0,\"clean_value\":2998860,\"date\":\"2014-03-19\",\"beta\":0.1975130821000642,\"fluctuate_rate\":55.19893832608594,\"id\":\"\",\"name\":\"佛山照明-000541\",\"alpha\":0.19568398744342597,\"asset_value_percent\":3.2376662410847032,\"m3_r\":-16.44859813084113,\"var_v\":-5.100149523476594,\"parent_id\":\"\"},{\"m1_r\":-28.288605367355913,\"total_r\":0,\"last\":true,\"risk_open\":0,\"clean_value\":1961400,\"date\":\"2014-03-19\",\"beta\":1.9051691888872204,\"fluctuate_rate\":57.5340959183834,\"id\":\"\",\"name\":\"安洁科技-002635\",\"alpha\":-0.15426044869198433,\"asset_value_percent\":2.117590872952901,\"m3_r\":-28.288605367355913,\"var_v\":-5.266126079458505,\"parent_id\":\"\"},{\"m1_r\":-16.469228546662805,\"total_r\":0,\"last\":true,\"risk_open\":0,\"clean_value\":4670295,\"date\":\"2014-03-19\",\"beta\":1.2216821322356712,\"fluctuate_rate\":45.00439568828328,\"id\":\"\",\"name\":\"大族激光-002008\",\"alpha\":-0.12557922252770273,\"asset_value_percent\":5.042201522380732,\"m3_r\":-16.6658659620466,\"var_v\":-4.603500697952904,\"parent_id\":\"\"},{\"m1_r\":-19.683138438325177,\"total_r\":0,\"last\":true,\"risk_open\":0,\"clean_value\":2630100.6,\"date\":\"2014-03-19\",\"beta\":1.2400588560013355,\"fluctuate_rate\":57.57496412075058,\"id\":\"\",\"name\":\"阳光照明-600261\",\"alpha\":0.07402885317054869,\"asset_value_percent\":2.8395416669256393,\"m3_r\":-24.34621944286527,\"var_v\":-5.074034719557775,\"parent_id\":\"\"},{\"m1_r\":-19.337294793030512,\"total_r\":0,\"last\":true,\"risk_open\":0,\"clean_value\":5290237.37,\"date\":\"2014-03-19\",\"beta\":1.0216426804740424,\"fluctuate_rate\":48.341139990250966,\"id\":\"\",\"name\":\"德豪润达-002005\",\"alpha\":-0.19753890206137625,\"asset_value_percent\":5.71151135437257,\"m3_r\":-20.37975941942539,\"var_v\":-4.944962495383801,\"parent_id\":\"\"},{\"m1_r\":-21.704180064308687,\"total_r\":0,\"last\":true,\"risk_open\":0,\"clean_value\":2954250,\"date\":\"2014-03-19\",\"beta\":1.4984506143148166,\"fluctuate_rate\":45.87139509184241,\"id\":\"\",\"name\":\"长盈精密-300115\",\"alpha\":-0.18830272414049407,\"asset_value_percent\":3.189503842368261,\"m3_r\":-25.306748466257666,\"var_v\":-4.692194649826352,\"parent_id\":\"\"},{\"m1_r\":-5.313550703302694,\"total_r\":0,\"risk_open\":0,\"clean_value\":1.03649238E7,\"date\":\"2014-03-19\",\"beta\":0.12171836362924161,\"fluctuate_rate\":44.782083211767535,\"id\":\"\",\"name\":\"化工\",\"alpha\":0.10586556783606993,\"asset_value_percent\":11.190306942863414,\"m3_r\":-6.552351476112051,\"var_v\":-4.658655405164752,\"parent_id\":\"\"},{\"m1_r\":-11.965960402917686,\"total_r\":0,\"last\":true,\"risk_open\":0,\"clean_value\":1.03649238E7,\"date\":\"2014-03-19\",\"beta\":1.087712466250688,\"fluctuate_rate\":45.48825016023912,\"id\":\"\",\"name\":\"浙江龙盛-600352\",\"alpha\":0.9460470421107205,\"asset_value_percent\":11.190306942863414,\"m3_r\":-11.965960402917686,\"var_v\":-4.658655405164752,\"parent_id\":\"\"},{\"m1_r\":-5.136173541349454,\"total_r\":0,\"risk_open\":0,\"clean_value\":6982221.41,\"date\":\"2014-03-19\",\"beta\":0.0718713837246722,\"fluctuate_rate\":25.352182520384407,\"id\":\"\",\"name\":\"食品饮料\",\"alpha\":0.03232268872225268,\"asset_value_percent\":7.538232043821931,\"m3_r\":-5.136173541349454,\"var_v\":-2.6373735579205206,\"parent_id\":\"\"},{\"m1_r\":-16.823406478578896,\"total_r\":0,\"last\":true,\"risk_open\":0,\"clean_value\":1985472.54,\"date\":\"2014-03-19\",\"beta\":0.488389981916587,\"fluctuate_rate\":60.1395276491756,\"id\":\"\",\"name\":\"惠泉啤酒-600573\",\"alpha\":0.49022276822173305,\"asset_value_percent\":2.143580365658516,\"m3_r\":-16.823406478578896,\"var_v\":-6.143281582052351,\"parent_id\":\"\"},{\"m1_r\":-12.35706381409073,\"total_r\":0,\"last\":true,\"risk_open\":0,\"clean_value\":2096748.87,\"date\":\"2014-03-19\",\"beta\":1.2612819881761856,\"fluctuate_rate\":37.320671309272434,\"id\":\"\",\"name\":\"上海梅林-600073\",\"alpha\":0.25669614984714206,\"asset_value_percent\":2.263717890275471,\"m3_r\":-12.550607287449388,\"var_v\":-3.8156976526313056,\"parent_id\":\"\"},{\"m1_r\":-9.184549356223181,\"total_r\":0,\"last\":true,\"risk_open\":0,\"clean_value\":2900000,\"date\":\"2014-03-19\",\"beta\":1.0492232725706656,\"fluctuate_rate\":36.37680229054522,\"id\":\"\",\"name\":\"得利斯-002330\",\"alpha\":0.5111412163628495,\"asset_value_percent\":3.1309337878879435,\"m3_r\":-9.184549356223181,\"var_v\":-3.5821840529548004,\"parent_id\":\"\"},{\"m1_r\":-4.695616029586047,\"total_r\":0,\"risk_open\":0,\"clean_value\":6912600,\"date\":\"2014-03-19\",\"beta\":0.06194514171299472,\"fluctuate_rate\":18.84126084658213,\"id\":\"\",\"name\":\"计算机\",\"alpha\":0.001391558179865894,\"asset_value_percent\":7.463066517984207,\"m3_r\":-4.695616029586047,\"var_v\":-1.9600459690089618,\"parent_id\":\"\"},{\"m1_r\":-13.109812365426022,\"total_r\":0,\"last\":true,\"risk_open\":0,\"clean_value\":2676600,\"date\":\"2014-03-19\",\"beta\":1.1215839063797153,\"fluctuate_rate\":57.711873422770154,\"id\":\"\",\"name\":\"神州泰岳-300002\",\"alpha\":-0.2620972210328936,\"asset_value_percent\":2.889743922986507,\"m3_r\":-21.755027422303463,\"var_v\":-5.138640892655736,\"parent_id\":\"\"},{\"m1_r\":-11.303339293480896,\"total_r\":0,\"last\":true,\"risk_open\":0,\"clean_value\":4236000,\"date\":\"2014-03-19\",\"beta\":0.6457939129309789,\"fluctuate_rate\":45.168196087580014,\"id\":\"\",\"name\":\"航天信息-600271\",\"alpha\":0.19603901782014924,\"asset_value_percent\":4.573322594997699,\"m3_r\":-11.303339293480896,\"var_v\":-3.078839213461736,\"parent_id\":\"\"},{\"m1_r\":-5.411879340284409,\"total_r\":0,\"risk_open\":0,\"clean_value\":6863738,\"date\":\"2014-03-19\",\"beta\":0.09410365326021985,\"fluctuate_rate\":39.57229051966683,\"id\":\"\",\"name\":\"医药生物\",\"alpha\":0.06086491573239658,\"asset_value_percent\":7.410313522555316,\"m3_r\":-5.411879340284409,\"var_v\":-4.116683546239147,\"parent_id\":\"\"},{\"m1_r\":-16.22060016220601,\"total_r\":0,\"last\":true,\"risk_open\":0,\"clean_value\":1826000,\"date\":\"2014-03-19\",\"beta\":1.201051730447929,\"fluctuate_rate\":76.02525450144185,\"id\":\"\",\"name\":\"运盛实业-600767\",\"alpha\":1.1843376510386938,\"asset_value_percent\":1.9714086540287536,\"m3_r\":-16.22060016220601,\"var_v\":-8.048281016104857,\"parent_id\":\"\"},{\"m1_r\":-8.999699006722183,\"total_r\":0,\"last\":true,\"risk_open\":0,\"clean_value\":5037738,\"date\":\"2014-03-19\",\"beta\":1.294856542064987,\"fluctuate_rate\":49.91975790998846,\"id\":\"\",\"name\":\"中国医药-600056\",\"alpha\":0.6897855670173262,\"asset_value_percent\":5.4389048685265635,\"m3_r\":-8.999699006722183,\"var_v\":-5.216627852750009,\"parent_id\":\"\"},{\"m1_r\":-5.789473684210522,\"total_r\":0,\"risk_open\":0,\"clean_value\":4902467.15,\"date\":\"2014-03-19\",\"beta\":0.01521571009205197,\"fluctuate_rate\":25.592666802085645,\"id\":\"\",\"name\":\"轻工制造\",\"alpha\":-0.013569198680307475,\"asset_value_percent\":5.2928620841192116,\"m3_r\":-5.789473684210522,\"var_v\":-2.6623910050434416,\"parent_id\":\"\"},{\"m1_r\":-15.241765942536778,\"total_r\":0,\"last\":true,\"risk_open\":0,\"clean_value\":4902467.15,\"date\":\"2014-03-19\",\"beta\":0.287476035653856,\"fluctuate_rate\":50.39822078689903,\"id\":\"\",\"name\":\"宜华木业-600978\",\"alpha\":-0.2563678868758118,\"asset_value_percent\":5.2928620841192116,\"m3_r\":-19.42038640906062,\"var_v\":-2.9076500579977784,\"parent_id\":\"\"},{\"m1_r\":-9.372797744890772,\"total_r\":0,\"risk_open\":0,\"clean_value\":3834000,\"date\":\"2014-03-19\",\"beta\":-0.02695607112196601,\"fluctuate_rate\":75.48019233681087,\"id\":\"\",\"name\":\"钢铁\",\"alpha\":0.04325001942539049,\"asset_value_percent\":4.139310394055991,\"m3_r\":-9.372797744890772,\"var_v\":-7.8521627578137885,\"parent_id\":\"\"},{\"m1_r\":-20.52001019627835,\"total_r\":0,\"last\":true,\"risk_open\":0,\"clean_value\":3834000,\"date\":\"2014-03-19\",\"beta\":-0.6512213039320428,\"fluctuate_rate\":76.68916467511065,\"id\":\"\",\"name\":\"物产中拓-000906\",\"alpha\":1.0448605035152012,\"asset_value_percent\":4.139310394055991,\"m3_r\":-20.52001019627835,\"var_v\":-7.8521627578137885,\"parent_id\":\"\"},{\"m1_r\":-5.902951475737872,\"total_r\":0,\"risk_open\":0,\"clean_value\":2117000,\"date\":\"2014-03-19\",\"beta\":0.04341510295656488,\"fluctuate_rate\":38.26155097235081,\"id\":\"\",\"name\":\"汽车\",\"alpha\":0.02352036665351758,\"asset_value_percent\":2.285581665158199,\"m3_r\":-9.990958408679928,\"var_v\":-3.9803280344155616,\"parent_id\":\"\"},{\"m1_r\":-23.49514563106796,\"total_r\":0,\"last\":true,\"risk_open\":0,\"clean_value\":2117000,\"date\":\"2014-03-19\",\"beta\":1.8995209673927738,\"fluctuate_rate\":70.93135654731348,\"id\":\"\",\"name\":\"星宇股份-601799\",\"alpha\":1.0290757496030927,\"asset_value_percent\":2.285581665158199,\"m3_r\":-23.49514563106796,\"var_v\":-6.222564824273399,\"parent_id\":\"\"},{\"m1_r\":-7.3002754820936655,\"total_r\":0,\"risk_open\":0,\"clean_value\":91134,\"date\":\"2014-03-19\",\"beta\":5.062980472668117E-4,\"fluctuate_rate\":4.489816871518305,\"id\":\"\",\"name\":\"农林牧渔\",\"alpha\":3.645922213156178E-4,\"asset_value_percent\":0.0983912137328896,\"m3_r\":-7.3002754820936655,\"var_v\":-0.46707317160275275,\"parent_id\":\"\"},{\"m1_r\":-12.307692307692308,\"total_r\":0,\"last\":true,\"risk_open\":0,\"clean_value\":91134,\"date\":\"2014-03-19\",\"beta\":0.5145764830600617,\"fluctuate_rate\":43.281624182773385,\"id\":\"\",\"name\":\"民和股份-002234\",\"alpha\":0.37055363734551044,\"asset_value_percent\":0.0983912137328896,\"m3_r\":-16.534472239170228,\"var_v\":-1.5014301822554261,\"parent_id\":\"\"},{\"m1_r\":-0.5633111016281056,\"total_r\":-1.6460442327173364,\"risk_open\":0,\"clean_value\":155927.62,\"date\":\"2014-03-19\",\"beta\":0,\"fluctuate_rate\":5.965789618409539,\"id\":\"\",\"name\":\"债券类\",\"alpha\":0,\"asset_value_percent\":0.16834450135274204,\"m3_r\":-1.6460442327173364,\"var_v\":-0.6206178020002477,\"parent_id\":\"\"},{\"m1_r\":0,\"total_r\":0,\"last\":true,\"risk_open\":0,\"clean_value\":155927.62,\"date\":\"2014-03-19\",\"beta\":0,\"fluctuate_rate\":null,\"id\":\"\",\"name\":\"深燃转债-113006\",\"alpha\":0,\"asset_value_percent\":0.16834450135274204,\"m3_r\":0,\"var_v\":-0.6206178020002477,\"parent_id\":\"\"},{\"m1_r\":0,\"total_r\":0,\"risk_open\":0,\"clean_value\":2.0847481339999992E7,\"date\":\"2014-03-19\",\"beta\":0,\"fluctuate_rate\":0,\"id\":\"\",\"name\":\"其他类\",\"alpha\":0,\"asset_value_percent\":22.50761507578255,\"m3_r\":0,\"var_v\":0,\"parent_id\":\"\"},{\"m1_r\":0,\"total_r\":0,\"last\":true,\"risk_open\":0,\"clean_value\":1179817.72,\"date\":\"2014-03-19\",\"beta\":0,\"fluctuate_rate\":0,\"id\":\"\",\"name\":\"银行存款\",\"alpha\":0,\"asset_value_percent\":1.2737693665851437,\"m3_r\":0,\"var_v\":0,\"parent_id\":\"\"},{\"m1_r\":0,\"total_r\":0,\"last\":true,\"risk_open\":0,\"clean_value\":5485912.56,\"date\":\"2014-03-19\",\"beta\":0,\"fluctuate_rate\":0,\"id\":\"\",\"name\":\"存出保证金\",\"alpha\":0,\"asset_value_percent\":5.922768617759601,\"m3_r\":0,\"var_v\":0,\"parent_id\":\"\"},{\"m1_r\":0,\"total_r\":0,\"last\":true,\"risk_open\":0,\"clean_value\":1.413224038E7,\"date\":\"2014-03-19\",\"beta\":0,\"fluctuate_rate\":0,\"id\":\"\",\"name\":\"清算备付金\",\"alpha\":0,\"asset_value_percent\":15.25762376010219,\"m3_r\":0,\"var_v\":0,\"parent_id\":\"\"},{\"m1_r\":0,\"total_r\":0,\"last\":true,\"risk_open\":0,\"clean_value\":49510.67999999225,\"date\":\"2014-03-19\",\"beta\":0,\"fluctuate_rate\":0,\"id\":\"\",\"name\":\"其他资产\",\"alpha\":0,\"asset_value_percent\":0.05345333133561503,\"m3_r\":0,\"var_v\":0,\"parent_id\":\"\"},{\"m1_r\":0,\"total_r\":0,\"last\":true,\"risk_open\":0,\"clean_value\":-314457.16,\"date\":\"2014-03-19\",\"beta\":0,\"fluctuate_rate\":0,\"id\":\"\",\"name\":\"其他负债\",\"alpha\":0,\"asset_value_percent\":-0.3394981196852707,\"m3_r\":0,\"var_v\":0,\"parent_id\":\"\"},{\"m1_r\":-3.8700096095046765,\"total_r\":-3.8700096095046765,\"risk_open\":33.482870279464855,\"clean_value\":9.528462854000002E7,\"date\":\"2014-03-20\",\"beta\":0.40876117519969873,\"fluctuate_rate\":17.277862951780264,\"id\":\"\",\"name\":\"精选1号\",\"alpha\":0.17990361055544546,\"asset_value_percent\":104.67941167244024,\"m3_r\":-3.8700096095046765,\"first\":true,\"var_v\":-1.687809420754519},{\"m1_r\":-4.664648631069013,\"total_r\":0,\"risk_open\":0,\"clean_value\":7.004904154E7,\"date\":\"2014-03-20\",\"beta\":0.7906625634734507,\"fluctuate_rate\":21.40421662468272,\"id\":\"\",\"name\":\"股票类\",\"alpha\":0.2029446041063075,\"asset_value_percent\":76.95567027946485,\"m3_r\":-4.664648631069013,\"var_v\":-2.2266688443313196,\"parent_id\":\"\"},{\"m1_r\":-7.13812165740787,\"total_r\":0,\"risk_open\":0,\"clean_value\":2.536522736E7,\"date\":\"2014-03-20\",\"beta\":0.33377022674791756,\"fluctuate_rate\":37.56825466964286,\"id\":\"\",\"name\":\"电子\",\"alpha\":-0.02588031851459764,\"asset_value_percent\":27.86616390982557,\"m3_r\":-7.13812165740787,\"var_v\":-3.9082048026150713,\"parent_id\":\"\"},{\"m1_r\":-16.000740775035883,\"total_r\":0,\"last\":true,\"risk_open\":0,\"clean_value\":6934700,\"date\":\"2014-03-20\",\"beta\":1.0630499993630478,\"fluctuate_rate\":52.23274626032953,\"id\":\"\",\"name\":\"三安光电-600703\",\"alpha\":0.01784984798838048,\"asset_value_percent\":7.618440951576293,\"m3_r\":-17.234615209160165,\"var_v\":-5.3426189702946045,\"parent_id\":\"\"},{\"m1_r\":-19.75953079178886,\"total_r\":0,\"last\":true,\"risk_open\":0,\"clean_value\":1783000.8,\"date\":\"2014-03-20\",\"beta\":1.2739734128877205,\"fluctuate_rate\":49.045805453176605,\"id\":\"\",\"name\":\"歌尔声学-002241\",\"alpha\":-0.18746677360619196,\"asset_value_percent\":1.9587994161843036,\"m3_r\":-23.38793224135517,\"var_v\":-5.01795805052707,\"parent_id\":\"\"},{\"m1_r\":-16.469228546662805,\"total_r\":0,\"last\":true,\"risk_open\":0,\"clean_value\":4571973,\"date\":\"2014-03-20\",\"beta\":1.1920302267744114,\"fluctuate_rate\":44.66705363408538,\"id\":\"\",\"name\":\"大族激光-002008\",\"alpha\":-0.08527970986546991,\"asset_value_percent\":5.022756043188763,\"m3_r\":-16.6658659620466,\"var_v\":-4.5689624331516026,\"parent_id\":\"\"},{\"m1_r\":-19.337294793030512,\"total_r\":0,\"last\":true,\"risk_open\":0,\"clean_value\":5733738.96,\"date\":\"2014-03-20\",\"beta\":1.0527853715114868,\"fluctuate_rate\":47.683234306782005,\"id\":\"\",\"name\":\"德豪润达-002005\",\"alpha\":-0.15857100197181673,\"asset_value_percent\":6.2990686977825225,\"m3_r\":-20.37975941942539,\"var_v\":-4.877570582042848,\"parent_id\":\"\"},{\"m1_r\":-21.704180064308687,\"total_r\":0,\"last\":true,\"risk_open\":0,\"clean_value\":1878765,\"date\":\"2014-03-20\",\"beta\":1.6354880430716667,\"fluctuate_rate\":47.65509721585353,\"id\":\"\",\"name\":\"长盈精密-300115\",\"alpha\":-0.33306500328876243,\"asset_value_percent\":2.064005683647199,\"m3_r\":-25.306748466257666,\"var_v\":-4.876521486581082,\"parent_id\":\"\"},{\"m1_r\":-16.44859813084113,\"total_r\":0,\"last\":true,\"risk_open\":0,\"clean_value\":350803.2,\"date\":\"2014-03-20\",\"beta\":0.2746111623184431,\"fluctuate_rate\":55.97455221991221,\"id\":\"\",\"name\":\"佛山照明-000541\",\"alpha\":0.1428924987437939,\"asset_value_percent\":0.3853913600911371,\"m3_r\":-16.44859813084113,\"var_v\":-5.164710669776959,\"parent_id\":\"\"},{\"m1_r\":-28.288605367355913,\"total_r\":0,\"last\":true,\"risk_open\":0,\"clean_value\":841811.7,\"date\":\"2014-03-20\",\"beta\":1.8851247145512604,\"fluctuate_rate\":57.54607220110199,\"id\":\"\",\"name\":\"安洁科技-002635\",\"alpha\":-0.16158797450418383,\"asset_value_percent\":0.924811848933055,\"m3_r\":-28.288605367355913,\"var_v\":-5.005138243782739,\"parent_id\":\"\"},{\"m1_r\":-19.683138438325177,\"total_r\":0,\"last\":true,\"risk_open\":0,\"clean_value\":3270434.7,\"date\":\"2014-03-20\",\"beta\":1.3746764614789952,\"fluctuate_rate\":59.9928959076263,\"id\":\"\",\"name\":\"阳光照明-600261\",\"alpha\":-0.04113798351792235,\"asset_value_percent\":3.5928899084223005,\"m3_r\":-24.34621944286527,\"var_v\":-5.300403530551675,\"parent_id\":\"\"},{\"m1_r\":-5.313550703302694,\"total_r\":0,\"risk_open\":0,\"clean_value\":1.38559849E7,\"date\":\"2014-03-20\",\"beta\":0.1541216428384492,\"fluctuate_rate\":32.819212860411746,\"id\":\"\",\"name\":\"化工\",\"alpha\":0.12694183237944037,\"asset_value_percent\":15.222144113888522,\"m3_r\":-6.552351476112051,\"var_v\":-3.4141646037858595,\"parent_id\":\"\"},{\"m1_r\":-16.464891041162222,\"total_r\":0,\"last\":true,\"risk_open\":0,\"clean_value\":2094561.1,\"date\":\"2014-03-20\",\"beta\":1.1808112632366043,\"fluctuate_rate\":43.59301672164055,\"id\":\"\",\"name\":\"华峰超纤-300180\",\"alpha\":0.3592307354399966,\"asset_value_percent\":2.301078642164576,\"m3_r\":-16.464891041162222,\"var_v\":0,\"parent_id\":\"\"},{\"m1_r\":-11.965960402917686,\"total_r\":0,\"last\":true,\"risk_open\":0,\"clean_value\":1.03649238E7,\"date\":\"2014-03-20\",\"beta\":1.0153495515695898,\"fluctuate_rate\":44.55277535481897,\"id\":\"\",\"name\":\"浙江龙盛-600352\",\"alpha\":1.0308206702193532,\"asset_value_percent\":11.386874693625934,\"m3_r\":-11.965960402917686,\"var_v\":-4.56410622103863,\"parent_id\":\"\"},{\"m1_r\":-11.710573800072178,\"total_r\":0,\"last\":true,\"risk_open\":0,\"clean_value\":1396500,\"date\":\"2014-03-20\",\"beta\":0.7387390198216841,\"fluctuate_rate\":47.05589358265681,\"id\":\"\",\"name\":\"华峰氨纶-002064\",\"alpha\":0.08456527276715406,\"asset_value_percent\":1.534190778098013,\"m3_r\":-11.710573800072178,\"var_v\":0,\"parent_id\":\"\"},{\"m1_r\":-5.136173541349454,\"total_r\":0,\"risk_open\":0,\"clean_value\":8678565.26,\"date\":\"2014-03-20\",\"beta\":0.08176957519120989,\"fluctuate_rate\":21.05716562948834,\"id\":\"\",\"name\":\"食品饮料\",\"alpha\":0.029599691183486862,\"asset_value_percent\":9.534246179028848,\"m3_r\":-5.136173541349454,\"var_v\":-2.190565320808652,\"parent_id\":\"\"},{\"m1_r\":-12.35706381409073,\"total_r\":0,\"last\":true,\"risk_open\":0,\"clean_value\":2043247.38,\"date\":\"2014-03-20\",\"beta\":1.3075508419903512,\"fluctuate_rate\":38.07098656792773,\"id\":\"\",\"name\":\"上海梅林-600073\",\"alpha\":0.2070885592686059,\"asset_value_percent\":2.2447055408298793,\"m3_r\":-12.550607287449388,\"var_v\":-3.8922505108819387,\"parent_id\":\"\"},{\"m1_r\":-9.184549356223181,\"total_r\":0,\"last\":true,\"risk_open\":0,\"clean_value\":2915000,\"date\":\"2014-03-20\",\"beta\":0.9810875939069932,\"fluctuate_rate\":36.040687919427754,\"id\":\"\",\"name\":\"得利斯-002330\",\"alpha\":0.576153838736886,\"asset_value_percent\":3.202410396101474,\"m3_r\":-9.184549356223181,\"var_v\":-3.4302980969131416,\"parent_id\":\"\"},{\"m1_r\":-7.818430241384555,\"total_r\":0,\"last\":true,\"risk_open\":0,\"clean_value\":1776582,\"date\":\"2014-03-20\",\"beta\":0.48830953271735345,\"fluctuate_rate\":28.517571550353264,\"id\":\"\",\"name\":\"青岛啤酒-600600\",\"alpha\":-0.16302408354863265,\"asset_value_percent\":1.9517477414499995,\"m3_r\":-11.718522826403033,\"var_v\":-2.390342863659697,\"parent_id\":\"\"},{\"m1_r\":-16.823406478578896,\"total_r\":0,\"last\":true,\"risk_open\":0,\"clean_value\":1943735.88,\"date\":\"2014-03-20\",\"beta\":0.5371350383442526,\"fluctuate_rate\":60.52240826166335,\"id\":\"\",\"name\":\"惠泉啤酒-600573\",\"alpha\":0.4534162500468226,\"asset_value_percent\":2.1353825006474945,\"m3_r\":-16.823406478578896,\"var_v\":-6.182545250649084,\"parent_id\":\"\"},{\"m1_r\":-5.411879340284409,\"total_r\":0,\"risk_open\":0,\"clean_value\":6559159,\"date\":\"2014-03-20\",\"beta\":0.0994999251428347,\"fluctuate_rate\":38.67412811876319,\"id\":\"\",\"name\":\"医药生物\",\"alpha\":0.05557807632338965,\"asset_value_percent\":7.205872717421114,\"m3_r\":-5.411879340284409,\"var_v\":-4.023248207291227,\"parent_id\":\"\"},{\"m1_r\":-8.999699006722183,\"total_r\":0,\"last\":true,\"risk_open\":0,\"clean_value\":3867959,\"date\":\"2014-03-20\",\"beta\":1.321855700471882,\"fluctuate_rate\":50.18613839007857,\"id\":\"\",\"name\":\"中国医药-600056\",\"alpha\":0.6522559615909989,\"asset_value_percent\":4.249328340752748,\"m3_r\":-8.999699006722183,\"var_v\":-5.149538833930915,\"parent_id\":\"\"},{\"m1_r\":-16.22060016220601,\"total_r\":0,\"last\":true,\"risk_open\":0,\"clean_value\":2691200,\"date\":\"2014-03-20\",\"beta\":1.4655601512619396,\"fluctuate_rate\":80.22555726734504,\"id\":\"\",\"name\":\"运盛实业-600767\",\"alpha\":0.9423697176042488,\"asset_value_percent\":2.956544376668366,\"m3_r\":-16.22060016220601,\"var_v\":-8.608485250265424,\"parent_id\":\"\"},{\"m1_r\":-5.369904232850153,\"total_r\":0,\"risk_open\":0,\"clean_value\":6541400,\"date\":\"2014-03-20\",\"beta\":0.06800991018008784,\"fluctuate_rate\":23.477500207379727,\"id\":\"\",\"name\":\"计算机\",\"alpha\":-0.005360719034085326,\"asset_value_percent\":7.186362732438484,\"m3_r\":-5.369904232850153,\"var_v\":-2.442351391373542,\"parent_id\":\"\"},{\"m1_r\":-13.109812365426022,\"total_r\":0,\"last\":true,\"risk_open\":0,\"clean_value\":2489400,\"date\":\"2014-03-20\",\"beta\":1.2654815075330377,\"fluctuate_rate\":60.54421125983202,\"id\":\"\",\"name\":\"神州泰岳-300002\",\"alpha\":-0.3770340845954566,\"asset_value_percent\":2.7348474923001747,\"m3_r\":-21.755027422303463,\"var_v\":-5.4321637720216875,\"parent_id\":\"\"},{\"m1_r\":-11.970231479244198,\"total_r\":0,\"last\":true,\"risk_open\":0,\"clean_value\":4052000,\"date\":\"2014-03-20\",\"beta\":0.7503270033679666,\"fluctuate_rate\":46.87234830108459,\"id\":\"\",\"name\":\"航天信息-600271\",\"alpha\":0.11121130461268784,\"asset_value_percent\":4.45151524013831,\"m3_r\":-11.970231479244198,\"var_v\":-3.345924252649942,\"parent_id\":\"\"},{\"m1_r\":-5.789473684210522,\"total_r\":0,\"risk_open\":0,\"clean_value\":4911630.64,\"date\":\"2014-03-20\",\"beta\":0.014773488814936994,\"fluctuate_rate\":25.6153673141027,\"id\":\"\",\"name\":\"轻工制造\",\"alpha\":-0.013623284002855406,\"asset_value_percent\":5.395902923961075,\"m3_r\":-5.789473684210522,\"var_v\":-2.664752526782128,\"parent_id\":\"\"},{\"m1_r\":-15.241765942536778,\"total_r\":0,\"last\":true,\"risk_open\":0,\"clean_value\":4911630.64,\"date\":\"2014-03-20\",\"beta\":0.2737908561944983,\"fluctuate_rate\":50.40260920178531,\"id\":\"\",\"name\":\"宜华木业-600978\",\"alpha\":-0.25247459405468137,\"asset_value_percent\":5.395902923961075,\"m3_r\":-19.42038640906062,\"var_v\":-2.856006085263922,\"parent_id\":\"\"},{\"m1_r\":-9.372797744890772,\"total_r\":0,\"risk_open\":0,\"clean_value\":2047234.38,\"date\":\"2014-03-20\",\"beta\":-0.009680888604174836,\"fluctuate_rate\":78.05482834837164,\"id\":\"\",\"name\":\"钢铁\",\"alpha\":0.019687150975868414,\"asset_value_percent\":2.2490856472618717,\"m3_r\":-9.372797744890772,\"var_v\":-8.120000721377698,\"parent_id\":\"\"},{\"m1_r\":-20.52001019627835,\"total_r\":0,\"last\":true,\"risk_open\":0,\"clean_value\":2047234.38,\"date\":\"2014-03-20\",\"beta\":-0.4304366361485941,\"fluctuate_rate\":79.31488418502425,\"id\":\"\",\"name\":\"物产中拓-000906\",\"alpha\":0.8753402076900162,\"asset_value_percent\":2.2490856472618717,\"m3_r\":-20.52001019627835,\"var_v\":-8.120000721377698,\"parent_id\":\"\"},{\"m1_r\":-5.902951475737872,\"total_r\":0,\"risk_open\":0,\"clean_value\":2002000,\"date\":\"2014-03-20\",\"beta\":0.047764916818164506,\"fluctuate_rate\":41.58527336281463,\"id\":\"\",\"name\":\"汽车\",\"alpha\":0.01578075625765135,\"asset_value_percent\":2.1993912909074274,\"m3_r\":-9.990958408679928,\"var_v\":-4.326093040620823,\"parent_id\":\"\"},{\"m1_r\":-23.49514563106796,\"total_r\":0,\"last\":true,\"risk_open\":0,\"clean_value\":2002000,\"date\":\"2014-03-20\",\"beta\":2.1717334707848917,\"fluctuate_rate\":71.1750644385317,\"id\":\"\",\"name\":\"星宇股份-601799\",\"alpha\":0.7175056263472113,\"asset_value_percent\":2.1993912909074274,\"m3_r\":-23.49514563106796,\"var_v\":-6.562102676703684,\"parent_id\":\"\"},{\"m1_r\":-7.3002754820936655,\"total_r\":0,\"risk_open\":0,\"clean_value\":87840,\"date\":\"2014-03-20\",\"beta\":6.337663440246706E-4,\"fluctuate_rate\":11.065415236059,\"id\":\"\",\"name\":\"农林牧渔\",\"alpha\":2.2141853800926211E-4,\"asset_value_percent\":0.09650076473192229,\"m3_r\":-7.3002754820936655,\"var_v\":-1.1511290409623622,\"parent_id\":\"\"},{\"m1_r\":-12.307692307692308,\"total_r\":0,\"last\":true,\"risk_open\":0,\"clean_value\":87840,\"date\":\"2014-03-20\",\"beta\":0.6567474835927614,\"fluctuate_rate\":44.515202479629224,\"id\":\"\",\"name\":\"民和股份-002234\",\"alpha\":0.22944744388747546,\"asset_value_percent\":0.09650076473192229,\"m3_r\":-16.534472239170228,\"var_v\":-2.8196405054432208,\"parent_id\":\"\"},{\"m1_r\":-0.5633111016281056,\"total_r\":-1.6460442327173364,\"risk_open\":0,\"clean_value\":155431.15999999997,\"date\":\"2014-03-20\",\"beta\":0,\"fluctuate_rate\":6.060114405293136,\"id\":\"\",\"name\":\"债券类\",\"alpha\":0,\"asset_value_percent\":0.1707562136062132,\"m3_r\":-1.6460442327173364,\"var_v\":-0.6304303575300632,\"parent_id\":\"\"},{\"m1_r\":0,\"total_r\":0,\"last\":true,\"risk_open\":0,\"clean_value\":155431.15999999997,\"date\":\"2014-03-20\",\"beta\":0,\"fluctuate_rate\":null,\"id\":\"\",\"name\":\"深燃转债-113006\",\"alpha\":0,\"asset_value_percent\":0.1707562136062132,\"m3_r\":0,\"var_v\":-0.6304303575300632,\"parent_id\":\"\"},{\"m1_r\":0,\"total_r\":0,\"risk_open\":0,\"clean_value\":2.5080155840000004E7,\"date\":\"2014-03-20\",\"beta\":0,\"fluctuate_rate\":0,\"id\":\"\",\"name\":\"其他类\",\"alpha\":0,\"asset_value_percent\":27.55298517936916,\"m3_r\":0,\"var_v\":0,\"parent_id\":\"\"},{\"m1_r\":0,\"total_r\":0,\"last\":true,\"risk_open\":0,\"clean_value\":1179817.72,\"date\":\"2014-03-20\",\"beta\":0,\"fluctuate_rate\":0,\"id\":\"\",\"name\":\"银行存款\",\"alpha\":0,\"asset_value_percent\":1.2961442648482806,\"m3_r\":0,\"var_v\":0,\"parent_id\":\"\"},{\"m1_r\":0,\"total_r\":0,\"last\":true,\"risk_open\":0,\"clean_value\":4953544.56,\"date\":\"2014-03-20\",\"beta\":0,\"fluctuate_rate\":0,\"id\":\"\",\"name\":\"存出保证金\",\"alpha\":0,\"asset_value_percent\":5.441949432760172,\"m3_r\":0,\"var_v\":0,\"parent_id\":\"\"},{\"m1_r\":0,\"total_r\":0,\"last\":true,\"risk_open\":0,\"clean_value\":1.53129558E7,\"date\":\"2014-03-20\",\"beta\":0,\"fluctuate_rate\":0,\"id\":\"\",\"name\":\"清算备付金\",\"alpha\":0,\"asset_value_percent\":16.82276804424095,\"m3_r\":0,\"var_v\":0,\"parent_id\":\"\"},{\"m1_r\":0,\"total_r\":0,\"last\":true,\"risk_open\":0,\"clean_value\":3633837.760000005,\"date\":\"2014-03-20\",\"beta\":0,\"fluctuate_rate\":0,\"id\":\"\",\"name\":\"其他资产\",\"alpha\":0,\"asset_value_percent\":3.992123437519763,\"m3_r\":0,\"var_v\":0,\"parent_id\":\"\"},{\"m1_r\":0,\"total_r\":0,\"last\":true,\"risk_open\":0,\"clean_value\":-4259443.15,\"date\":\"2014-03-20\",\"beta\":0,\"fluctuate_rate\":0,\"id\":\"\",\"name\":\"其他负债\",\"alpha\":0,\"asset_value_percent\":-4.67941167244021,\"m3_r\":0,\"var_v\":0,\"parent_id\":\"\"},{\"m1_r\":-4.04472787629947,\"total_r\":-4.04472787629947,\"risk_open\":-1.3197820926275625,\"clean_value\":8.987608462E7,\"date\":\"2014-03-21\",\"beta\":0.20021494093778708,\"fluctuate_rate\":17.22163378156691,\"id\":\"\",\"name\":\"精选1号\",\"alpha\":0.014780974568255764,\"asset_value_percent\":100.38322964001158,\"m3_r\":-4.04472787629947,\"first\":true,\"var_v\":-1.7912824652008597},{\"m1_r\":-4.664648631069013,\"total_r\":0,\"risk_open\":0,\"clean_value\":6.909726296E7,\"date\":\"2014-03-21\",\"beta\":0.6514606791476325,\"fluctuate_rate\":21.457209999357218,\"id\":\"\",\"name\":\"股票类\",\"alpha\":0.04412498570899502,\"asset_value_percent\":77.17521790737244,\"m3_r\":-4.664648631069013,\"var_v\":-2.232181715856251,\"parent_id\":\"\"},{\"m1_r\":-7.13812165740787,\"total_r\":0,\"risk_open\":0,\"clean_value\":2.654955992E7,\"date\":\"2014-03-21\",\"beta\":0.2865206641002604,\"fluctuate_rate\":35.55782935421285,\"id\":\"\",\"name\":\"电子\",\"alpha\":-0.11415151405442284,\"asset_value_percent\":29.65338979283416,\"m3_r\":-7.13812165740787,\"var_v\":-3.6990613664305982,\"parent_id\":\"\"},{\"m1_r\":-16.000740775035883,\"total_r\":0,\"last\":true,\"risk_open\":0,\"clean_value\":7111400,\"date\":\"2014-03-21\",\"beta\":0.9058026635062686,\"fluctuate_rate\":43.90905612776588,\"id\":\"\",\"name\":\"三安光电-600703\",\"alpha\":-0.33970281909890526,\"asset_value_percent\":7.942772566030573,\"m3_r\":-17.234615209160165,\"var_v\":-4.492725789571552,\"parent_id\":\"\"},{\"m1_r\":-18.62360218891268,\"total_r\":0,\"last\":true,\"risk_open\":0,\"clean_value\":1838896.46,\"date\":\"2014-03-21\",\"beta\":1.1587371216918316,\"fluctuate_rate\":46.90020510883572,\"id\":\"\",\"name\":\"歌尔声学-002241\",\"alpha\":-0.4051912445477208,\"asset_value_percent\":2.0538763610904653,\"m3_r\":-23.38793224135517,\"var_v\":-4.799484280676467,\"parent_id\":\"\"},{\"m1_r\":-16.21515315403903,\"total_r\":0,\"last\":true,\"risk_open\":0,\"clean_value\":4552308.6,\"date\":\"2014-03-21\",\"beta\":0.8765272781543703,\"fluctuate_rate\":42.333356924847045,\"id\":\"\",\"name\":\"大族激光-002008\",\"alpha\":-0.39064732252381734,\"asset_value_percent\":5.08450542230574,\"m3_r\":-18.131155416766752,\"var_v\":-4.331582200310105,\"parent_id\":\"\"},{\"m1_r\":-19.337294793030512,\"total_r\":0,\"last\":true,\"risk_open\":0,\"clean_value\":5832963.12,\"date\":\"2014-03-21\",\"beta\":0.9289944045075674,\"fluctuate_rate\":47.58293379173328,\"id\":\"\",\"name\":\"德豪润达-002005\",\"alpha\":-0.28073461767441604,\"asset_value_percent\":6.514877443007578,\"m3_r\":-20.37975941942539,\"var_v\":-4.867365878322796,\"parent_id\":\"\"},{\"m1_r\":-19.949822649018078,\"total_r\":0,\"last\":true,\"risk_open\":0,\"clean_value\":1887291,\"date\":\"2014-03-21\",\"beta\":1.3272578138992568,\"fluctuate_rate\":47.51673709478427,\"id\":\"\",\"name\":\"长盈精密-300115\",\"alpha\":-0.5370249469734854,\"asset_value_percent\":2.107928562437271,\"m3_r\":-25.306748466257666,\"var_v\":-4.862760412272269,\"parent_id\":\"\"},{\"m1_r\":-16.44859813084113,\"total_r\":0,\"last\":true,\"risk_open\":0,\"clean_value\":352630.3,\"date\":\"2014-03-21\",\"beta\":0.19732163182157786,\"fluctuate_rate\":54.257566620033785,\"id\":\"\",\"name\":\"佛山照明-000541\",\"alpha\":-0.030585619379794305,\"asset_value_percent\":0.3938552567414476,\"m3_r\":-16.44859813084113,\"var_v\":-5.05597266313134,\"parent_id\":\"\"},{\"m1_r\":-26.29992464204973,\"total_r\":0,\"last\":true,\"risk_open\":0,\"clean_value\":816310.14,\"date\":\"2014-03-21\",\"beta\":1.2575165109932844,\"fluctuate_rate\":55.26333705879396,\"id\":\"\",\"name\":\"安洁科技-002635\",\"alpha\":-0.6740299669581076,\"asset_value_percent\":0.911742524026855,\"m3_r\":-28.288605367355913,\"var_v\":-4.923058284906295,\"parent_id\":\"\"},{\"m1_r\":-19.683138438325177,\"total_r\":0,\"last\":true,\"risk_open\":0,\"clean_value\":4157760.3,\"date\":\"2014-03-21\",\"beta\":0.9790567213108868,\"fluctuate_rate\":54.350469412575876,\"id\":\"\",\"name\":\"阳光照明-600261\",\"alpha\":-0.4976403652140204,\"asset_value_percent\":4.643831657194229,\"m3_r\":-24.34621944286527,\"var_v\":-5.204958600406037,\"parent_id\":\"\"},{\"m1_r\":-5.313550703302694,\"total_r\":0,\"risk_open\":0,\"clean_value\":1.33038408E7,\"date\":\"2014-03-21\",\"beta\":0.11121697583889023,\"fluctuate_rate\":33.63096426454192,\"id\":\"\",\"name\":\"化工\",\"alpha\":0.09641731504336956,\"asset_value_percent\":14.859153152554805,\"m3_r\":-6.552351476112051,\"var_v\":-3.4986106544221873,\"parent_id\":\"\"},{\"m1_r\":-15.802318486882239,\"total_r\":0,\"last\":true,\"risk_open\":0,\"clean_value\":1519917,\"date\":\"2014-03-21\",\"beta\":1.060086668511455,\"fluctuate_rate\":44.01925477703812,\"id\":\"\",\"name\":\"华峰超纤-300180\",\"alpha\":0.27393659419976213,\"asset_value_percent\":1.6976059636982157,\"m3_r\":-16.464891041162222,\"var_v\":-2.4191070555705734,\"parent_id\":\"\"},{\"m1_r\":-11.965960402917686,\"total_r\":0,\"last\":true,\"risk_open\":0,\"clean_value\":1.03649238E7,\"date\":\"2014-03-21\",\"beta\":0.7141585534409244,\"fluctuate_rate\":43.90358056706522,\"id\":\"\",\"name\":\"浙江龙盛-600352\",\"alpha\":0.7912810738385855,\"asset_value_percent\":11.576656130668695,\"m3_r\":-11.965960402917686,\"var_v\":-4.495726177118599,\"parent_id\":\"\"},{\"m1_r\":-11.710573800072178,\"total_r\":0,\"last\":true,\"risk_open\":0,\"clean_value\":1419000,\"date\":\"2014-03-21\",\"beta\":0.6653581216057463,\"fluctuate_rate\":47.0956434454609,\"id\":\"\",\"name\":\"华峰氨纶-002064\",\"alpha\":0.010288539220693907,\"asset_value_percent\":1.5848910581878932,\"m3_r\":-11.710573800072178,\"var_v\":-1.530055730842997,\"parent_id\":\"\"},{\"m1_r\":-5.136173541349454,\"total_r\":0,\"risk_open\":0,\"clean_value\":8884213.100000001,\"date\":\"2014-03-21\",\"beta\":0.07934859185575158,\"fluctuate_rate\":22.016908963060285,\"id\":\"\",\"name\":\"食品饮料\",\"alpha\":0.026490924000758385,\"asset_value_percent\":9.92283995858051,\"m3_r\":-5.136173541349454,\"var_v\":-2.29040689020087,\"parent_id\":\"\"},{\"m1_r\":-11.672862453531586,\"total_r\":0,\"last\":true,\"risk_open\":0,\"clean_value\":2099296.56,\"date\":\"2014-03-21\",\"beta\":1.1846339773107135,\"fluctuate_rate\":38.82760436387934,\"id\":\"\",\"name\":\"上海梅林-600073\",\"alpha\":0.13083932786925134,\"asset_value_percent\":2.3447190602033854,\"m3_r\":-12.550607287449388,\"var_v\":-3.96949785280683,\"parent_id\":\"\"},{\"m1_r\":-9.184549356223181,\"total_r\":0,\"last\":true,\"risk_open\":0,\"clean_value\":3005000,\"date\":\"2014-03-21\",\"beta\":0.915991129570967,\"fluctuate_rate\":36.59609530101033,\"id\":\"\",\"name\":\"得利斯-002330\",\"alpha\":0.5119951203358899,\"asset_value_percent\":3.3563055883401116,\"m3_r\":-9.184549356223181,\"var_v\":-3.5032374813700287,\"parent_id\":\"\"},{\"m1_r\":-16.823406478578896,\"total_r\":0,\"last\":true,\"risk_open\":0,\"clean_value\":1985472.54,\"date\":\"2014-03-21\",\"beta\":0.5252160400044729,\"fluctuate_rate\":60.72318334580773,\"id\":\"\",\"name\":\"惠泉啤酒-600573\",\"alpha\":0.4402091641949123,\"asset_value_percent\":2.2175882134768172,\"m3_r\":-16.823406478578896,\"var_v\":-6.203987965368101,\"parent_id\":\"\"},{\"m1_r\":-7.818430241384555,\"total_r\":0,\"last\":true,\"risk_open\":0,\"clean_value\":1794444,\"date\":\"2014-03-21\",\"beta\":0.458114888424627,\"fluctuate_rate\":28.744928001826658,\"id\":\"\",\"name\":\"青岛啤酒-600600\",\"alpha\":-0.17578038136365814,\"asset_value_percent\":2.0042270965601943,\"m3_r\":-11.718522826403033,\"var_v\":-2.3559887979856744,\"parent_id\":\"\"},{\"m1_r\":-5.411879340284409,\"total_r\":0,\"risk_open\":0,\"clean_value\":6707753,\"date\":\"2014-03-21\",\"beta\":0.08718586052646887,\"fluctuate_rate\":39.261439989689435,\"id\":\"\",\"name\":\"医药生物\",\"alpha\":0.04407525743481101,\"asset_value_percent\":7.491936399036655,\"m3_r\":-5.411879340284409,\"var_v\":-4.084345937137099,\"parent_id\":\"\"},{\"m1_r\":-8.999699006722183,\"total_r\":0,\"last\":true,\"risk_open\":0,\"clean_value\":4032553,\"date\":\"2014-03-21\",\"beta\":1.266225608359896,\"fluctuate_rate\":51.38208077159998,\"id\":\"\",\"name\":\"中国医药-600056\",\"alpha\":0.6281152570007172,\"asset_value_percent\":4.503986745150644,\"m3_r\":-8.999699006722183,\"var_v\":-5.196691679798963,\"parent_id\":\"\"},{\"m1_r\":-16.22060016220601,\"total_r\":0,\"last\":true,\"risk_open\":0,\"clean_value\":2675200,\"date\":\"2014-03-21\",\"beta\":1.0092280813037575,\"fluctuate_rate\":78.419768483721,\"id\":\"\",\"name\":\"运盛实业-600767\",\"alpha\":0.5282896749849987,\"asset_value_percent\":2.987949653886012,\"m3_r\":-16.22060016220601,\"var_v\":-8.242723855281458,\"parent_id\":\"\"},{\"m1_r\":-5.789473684210522,\"total_r\":0,\"risk_open\":0,\"clean_value\":5012429.03,\"date\":\"2014-03-21\",\"beta\":0.01863862713128538,\"fluctuate_rate\":26.449490818695644,\"id\":\"\",\"name\":\"轻工制造\",\"alpha\":-0.01667635777752543,\"asset_value_percent\":5.5984171595830965,\"m3_r\":-5.789473684210522,\"var_v\":-2.7515259346843712,\"parent_id\":\"\"},{\"m1_r\":-15.241765942536778,\"total_r\":0,\"last\":true,\"risk_open\":0,\"clean_value\":5012429.03,\"date\":\"2014-03-21\",\"beta\":0.3329267291091499,\"fluctuate_rate\":50.08902703459451,\"id\":\"\",\"name\":\"宜华木业-600978\",\"alpha\":-0.2978762979278823,\"asset_value_percent\":5.5984171595830965,\"m3_r\":-19.42038640906062,\"var_v\":-2.8978202075961446,\"parent_id\":\"\"},{\"m1_r\":-5.369904232850153,\"total_r\":0,\"risk_open\":0,\"clean_value\":4499500,\"date\":\"2014-03-21\",\"beta\":0.039357863141194716,\"fluctuate_rate\":26.187769022059754,\"id\":\"\",\"name\":\"计算机\",\"alpha\":-0.017553522752792393,\"asset_value_percent\":5.025523126368164,\"m3_r\":-5.369904232850153,\"var_v\":-2.724299160601945,\"parent_id\":\"\"},{\"m1_r\":-14.895448954489543,\"total_r\":0,\"last\":true,\"risk_open\":0,\"clean_value\":2443500,\"date\":\"2014-03-21\",\"beta\":0.8926881522132649,\"fluctuate_rate\":60.398708463287875,\"id\":\"\",\"name\":\"神州泰岳-300002\",\"alpha\":-0.6320488805611412,\"asset_value_percent\":2.7291622978732324,\"m3_r\":-23.339427178549666,\"var_v\":-5.3401016057804425,\"parent_id\":\"\"},{\"m1_r\":-15.792780167206299,\"total_r\":0,\"last\":true,\"risk_open\":0,\"clean_value\":2056000,\"date\":\"2014-03-21\",\"beta\":0.6529877390060247,\"fluctuate_rate\":46.36057171185128,\"id\":\"\",\"name\":\"航天信息-600271\",\"alpha\":-0.013233242642754842,\"asset_value_percent\":2.2963608284949317,\"m3_r\":-15.792780167206299,\"var_v\":-3.360185256865975,\"parent_id\":\"\"},{\"m1_r\":-5.902951475737872,\"total_r\":0,\"risk_open\":0,\"clean_value\":2060000,\"date\":\"2014-03-21\",\"beta\":0.041058696068800284,\"fluctuate_rate\":42.318592438303114,\"id\":\"\",\"name\":\"汽车\",\"alpha\":0.0072223627735349735,\"asset_value_percent\":2.3008284565659336,\"m3_r\":-9.990958408679928,\"var_v\":-4.402379819388568,\"parent_id\":\"\"},{\"m1_r\":-23.376118241929213,\"total_r\":0,\"last\":true,\"risk_open\":0,\"clean_value\":2060000,\"date\":\"2014-03-21\",\"beta\":1.7845179179538577,\"fluctuate_rate\":68.21368944110539,\"id\":\"\",\"name\":\"星宇股份-601799\",\"alpha\":0.31390270547655696,\"asset_value_percent\":2.3008284565659336,\"m3_r\":-23.49514563106796,\"var_v\":-6.420162033133719,\"parent_id\":\"\"},{\"m1_r\":-9.372797744890772,\"total_r\":0,\"risk_open\":0,\"clean_value\":1991029.11,\"date\":\"2014-03-21\",\"beta\":-0.012432318566432163,\"fluctuate_rate\":78.71082024181509,\"id\":\"\",\"name\":\"钢铁\",\"alpha\":0.01815841398878818,\"asset_value_percent\":2.223794385504439,\"m3_r\":-9.372797744890772,\"var_v\":-8.188243196067475,\"parent_id\":\"\"},{\"m1_r\":-22.686719347438178,\"total_r\":0,\"last\":true,\"risk_open\":0,\"clean_value\":1991029.11,\"date\":\"2014-03-21\",\"beta\":-0.5590588162049007,\"fluctuate_rate\":80.00064655888039,\"id\":\"\",\"name\":\"物产中拓-000906\",\"alpha\":0.8165509413618374,\"asset_value_percent\":2.223794385504439,\"m3_r\":-22.686719347438178,\"var_v\":-8.188243196067475,\"parent_id\":\"\"},{\"m1_r\":-7.3002754820936655,\"total_r\":0,\"risk_open\":0,\"clean_value\":88938,\"date\":\"2014-03-21\",\"beta\":5.657190514133226E-4,\"fluctuate_rate\":11.770123640612166,\"id\":\"\",\"name\":\"农林牧渔\",\"alpha\":1.4210705247353828E-4,\"asset_value_percent\":0.09933547634468981,\"m3_r\":-7.3002754820936655,\"var_v\":-1.2244394674204584,\"parent_id\":\"\"},{\"m1_r\":-11.570782159017456,\"total_r\":0,\"last\":true,\"risk_open\":0,\"clean_value\":88938,\"date\":\"2014-03-21\",\"beta\":0.5695035371354157,\"fluctuate_rate\":44.39720987022372,\"id\":\"\",\"name\":\"民和股份-002234\",\"alpha\":0.14305770476242843,\"asset_value_percent\":0.09933547634468981,\"m3_r\":-16.534472239170228,\"var_v\":-3.0786700485145255,\"parent_id\":\"\"},{\"m1_r\":-0.5633111016281056,\"total_r\":-1.6460442327173364,\"risk_open\":0,\"clean_value\":155916.81,\"date\":\"2014-03-21\",\"beta\":0,\"fluctuate_rate\":6.099545733099729,\"id\":\"\",\"name\":\"债券类\",\"alpha\":0,\"asset_value_percent\":0.17414457927426402,\"m3_r\":-1.6460442327173364,\"var_v\":-0.6345323768030464,\"parent_id\":\"\"},{\"m1_r\":0,\"total_r\":0,\"last\":true,\"risk_open\":0,\"clean_value\":155916.81,\"date\":\"2014-03-21\",\"beta\":0,\"fluctuate_rate\":null,\"id\":\"\",\"name\":\"深燃转债-113006\",\"alpha\":0,\"asset_value_percent\":0.17414457927426402,\"m3_r\":0,\"var_v\":-0.6345323768030464,\"parent_id\":\"\"},{\"m1_r\":0,\"total_r\":0,\"risk_open\":0,\"clean_value\":2.062290485000001E7,\"date\":\"2014-03-21\",\"beta\":0,\"fluctuate_rate\":0,\"id\":\"\",\"name\":\"其他类\",\"alpha\":0,\"asset_value_percent\":23.033867153364866,\"m3_r\":0,\"var_v\":0,\"parent_id\":\"\"},{\"m1_r\":0,\"total_r\":0,\"last\":true,\"risk_open\":0,\"clean_value\":856446.89,\"date\":\"2014-03-21\",\"beta\":0,\"fluctuate_rate\":0,\"id\":\"\",\"name\":\"银行存款\",\"alpha\":0,\"asset_value_percent\":0.9565715417715503,\"m3_r\":0,\"var_v\":0,\"parent_id\":\"\"},{\"m1_r\":0,\"total_r\":0,\"last\":true,\"risk_open\":0,\"clean_value\":8638461.36,\"date\":\"2014-03-21\",\"beta\":0,\"fluctuate_rate\":0,\"id\":\"\",\"name\":\"存出保证金\",\"alpha\":0,\"asset_value_percent\":9.648358115550124,\"m3_r\":0,\"var_v\":0,\"parent_id\":\"\"},{\"m1_r\":0,\"total_r\":0,\"last\":true,\"risk_open\":0,\"clean_value\":9393177.11,\"date\":\"2014-03-21\",\"beta\":0,\"fluctuate_rate\":0,\"id\":\"\",\"name\":\"清算备付金\",\"alpha\":0,\"asset_value_percent\":10.49130543313192,\"m3_r\":0,\"var_v\":0,\"parent_id\":\"\"},{\"m1_r\":0,\"total_r\":0,\"last\":true,\"risk_open\":0,\"clean_value\":1734819.49000001,\"date\":\"2014-03-21\",\"beta\":0,\"fluctuate_rate\":0,\"id\":\"\",\"name\":\"其他资产\",\"alpha\":0,\"asset_value_percent\":1.9376320629112733,\"m3_r\":0,\"var_v\":0,\"parent_id\":\"\"},{\"m1_r\":0,\"total_r\":0,\"last\":true,\"risk_open\":0,\"clean_value\":-343116.87,\"date\":\"2014-03-21\",\"beta\":0,\"fluctuate_rate\":0,\"id\":\"\",\"name\":\"其他负债\",\"alpha\":0,\"asset_value_percent\":-0.3832296400115699,\"m3_r\":0,\"var_v\":0,\"parent_id\":\"\"},{\"m1_r\":-3.8700096095046765,\"total_r\":-3.8700096095046765,\"risk_open\":32.08370848318596,\"clean_value\":9.700876359999998E7,\"date\":\"2014-03-18\",\"beta\":0.3667182010932133,\"fluctuate_rate\":16.501945142297338,\"id\":\"\",\"name\":\"汇总\",\"alpha\":0.20752940966255579,\"asset_value_percent\":104.35480642333627,\"m3_r\":-3.8700096095046765,\"first\":true,\"var_v\":-1.5523587229461118},{\"m1_r\":-4.664648631069013,\"total_r\":0,\"risk_open\":0,\"clean_value\":7.239291458E7,\"date\":\"2014-03-18\",\"beta\":0.7466221462332375,\"fluctuate_rate\":20.61068453569669,\"id\":\"\",\"name\":\"股票类\",\"alpha\":0.24510627206463492,\"asset_value_percent\":77.87490848318596,\"m3_r\":-4.664648631069013,\"var_v\":-2.1441181389957755,\"parent_id\":\"\"},{\"m1_r\":-7.13812165740787,\"total_r\":0,\"risk_open\":0,\"clean_value\":3.0530968509999998E7,\"date\":\"2014-03-18\",\"beta\":0.36111136291115603,\"fluctuate_rate\":32.873843709763385,\"id\":\"\",\"name\":\"电子\",\"alpha\":-0.007223269928414407,\"asset_value_percent\":32.84294315836458,\"m3_r\":-7.13812165740787,\"var_v\":-3.419847820897874,\"parent_id\":\"\"},{\"m1_r\":-17.649086521889,\"total_r\":0,\"last\":true,\"risk_open\":0,\"clean_value\":1646184,\"date\":\"2014-03-18\",\"beta\":1.2873926167090513,\"fluctuate_rate\":44.99845263461974,\"id\":\"\",\"name\":\"勤上光电-002638\",\"alpha\":-0.05550604842273661,\"asset_value_percent\":1.7708422031387838,\"m3_r\":-17.649086521889,\"var_v\":-4.119080015606117,\"parent_id\":\"\"},{\"m1_r\":-16.000740775035883,\"total_r\":0,\"last\":true,\"risk_open\":0,\"clean_value\":5927500,\"date\":\"2014-03-18\",\"beta\":0.9830510486061884,\"fluctuate_rate\":50.78629235453445,\"id\":\"\",\"name\":\"三安光电-600703\",\"alpha\":0.030410767848467118,\"asset_value_percent\":6.376363249251081,\"m3_r\":-17.234615209160165,\"var_v\":-5.194474994059902,\"parent_id\":\"\"},{\"m1_r\":-16.44859813084113,\"total_r\":0,\"last\":true,\"risk_open\":0,\"clean_value\":3056240,\"date\":\"2014-03-18\",\"beta\":0.15667575201559647,\"fluctuate_rate\":54.91489851633643,\"id\":\"\",\"name\":\"佛山照明-000541\",\"alpha\":0.2253598352795983,\"asset_value_percent\":3.28767548155059,\"m3_r\":-16.44859813084113,\"var_v\":-5.136059094795764,\"parent_id\":\"\"},{\"m1_r\":-19.75953079178886,\"total_r\":0,\"last\":true,\"risk_open\":0,\"clean_value\":1955640.56,\"date\":\"2014-03-18\",\"beta\":1.1639903570366794,\"fluctuate_rate\":45.68984217633276,\"id\":\"\",\"name\":\"歌尔声学-002241\",\"alpha\":-0.09308750558649206,\"asset_value_percent\":2.103732534041131,\"m3_r\":-23.38793224135517,\"var_v\":-4.673626885890354,\"parent_id\":\"\"},{\"m1_r\":-28.288605367355913,\"total_r\":0,\"last\":true,\"risk_open\":0,\"clean_value\":2078400,\"date\":\"2014-03-18\",\"beta\":1.8309076325381124,\"fluctuate_rate\":55.42261928791161,\"id\":\"\",\"name\":\"安洁科技-002635\",\"alpha\":-0.06371700922329412,\"asset_value_percent\":2.235788001222007,\"m3_r\":-28.288605367355913,\"var_v\":-4.5855829230102385,\"parent_id\":\"\"},{\"m1_r\":-16.469228546662805,\"total_r\":0,\"last\":true,\"risk_open\":0,\"clean_value\":4814500.6,\"date\":\"2014-03-18\",\"beta\":1.2019229143687369,\"fluctuate_rate\":44.49761383591027,\"id\":\"\",\"name\":\"大族激光-002008\",\"alpha\":-0.03287484172202393,\"asset_value_percent\":5.1790813478426445,\"m3_r\":-16.6658659620466,\"var_v\":-4.551201630658422,\"parent_id\":\"\"},{\"m1_r\":-19.683138438325177,\"total_r\":0,\"last\":true,\"risk_open\":0,\"clean_value\":2657916,\"date\":\"2014-03-18\",\"beta\":1.242294721781231,\"fluctuate_rate\":57.57791776143681,\"id\":\"\",\"name\":\"阳光照明-600261\",\"alpha\":0.09078823538154858,\"asset_value_percent\":2.8591881741031524,\"m3_r\":-24.34621944286527,\"var_v\":-5.166841968934775,\"parent_id\":\"\"},{\"m1_r\":-19.337294793030512,\"total_r\":0,\"last\":true,\"risk_open\":0,\"clean_value\":5448518.35,\"date\":\"2014-03-18\",\"beta\":1.0208497010198065,\"fluctuate_rate\":48.57024600749923,\"id\":\"\",\"name\":\"德豪润达-002005\",\"alpha\":-0.046092335662122584,\"asset_value_percent\":5.86111044619319,\"m3_r\":-20.37975941942539,\"var_v\":-4.9675097541703535,\"parent_id\":\"\"},{\"m1_r\":-21.704180064308687,\"total_r\":0,\"last\":true,\"risk_open\":0,\"clean_value\":2946069,\"date\":\"2014-03-18\",\"beta\":1.497433218440995,\"fluctuate_rate\":46.09393857423387,\"id\":\"\",\"name\":\"长盈精密-300115\",\"alpha\":-0.3280781163547086,\"asset_value_percent\":3.1691617210219967,\"m3_r\":-25.306748466257666,\"var_v\":-4.715618327870373,\"parent_id\":\"\"},{\"m1_r\":-5.313550703302694,\"total_r\":0,\"risk_open\":0,\"clean_value\":1.02053567E7,\"date\":\"2014-03-18\",\"beta\":0.12032575455252639,\"fluctuate_rate\":44.777122283918196,\"id\":\"\",\"name\":\"化工\",\"alpha\":0.09327372054071699,\"asset_value_percent\":10.978163037938133,\"m3_r\":-6.552351476112051,\"var_v\":-4.6581393225780925,\"parent_id\":\"\"},{\"m1_r\":-11.965960402917686,\"total_r\":0,\"last\":true,\"risk_open\":0,\"clean_value\":1.02053567E7,\"date\":\"2014-03-18\",\"beta\":1.096046343424732,\"fluctuate_rate\":45.49177848529223,\"id\":\"\",\"name\":\"浙江龙盛-600352\",\"alpha\":0.8496295802711564,\"asset_value_percent\":10.978163037938133,\"m3_r\":-11.965960402917686,\"var_v\":-4.6581393225780925,\"parent_id\":\"\"},{\"m1_r\":-4.695616029586047,\"total_r\":0,\"risk_open\":0,\"clean_value\":6993300,\"date\":\"2014-03-18\",\"beta\":0.06616345707390606,\"fluctuate_rate\":19.775481948323574,\"id\":\"\",\"name\":\"计算机\",\"alpha\":0.01629673943652076,\"asset_value_percent\":7.522871549723758,\"m3_r\":-4.695616029586047,\"var_v\":-2.0572324747073636,\"parent_id\":\"\"},{\"m1_r\":-13.109812365426022,\"total_r\":0,\"last\":true,\"risk_open\":0,\"clean_value\":2697300,\"date\":\"2014-03-18\",\"beta\":1.1823446544940013,\"fluctuate_rate\":59.80112555511382,\"id\":\"\",\"name\":\"神州泰岳-300002\",\"alpha\":-0.10583633839562148,\"asset_value_percent\":2.9015545495073707,\"m3_r\":-21.755027422303463,\"var_v\":-5.244223411016907,\"parent_id\":\"\"},{\"m1_r\":-11.303339293480896,\"total_r\":0,\"last\":true,\"risk_open\":0,\"clean_value\":4296000,\"date\":\"2014-03-18\",\"beta\":0.6893507188337541,\"fluctuate_rate\":47.91182740433298,\"id\":\"\",\"name\":\"航天信息-600271\",\"alpha\":0.41909348628029763,\"asset_value_percent\":4.621317000216388,\"m3_r\":-11.303339293480896,\"var_v\":-3.162810963501541,\"parent_id\":\"\"},{\"m1_r\":-5.411879340284409,\"total_r\":0,\"risk_open\":0,\"clean_value\":6818726,\"date\":\"2014-03-18\",\"beta\":0.09184916632693071,\"fluctuate_rate\":39.58464057939267,\"id\":\"\",\"name\":\"医药生物\",\"alpha\":0.050946517397570126,\"asset_value_percent\":7.335077836037591,\"m3_r\":-5.411879340284409,\"var_v\":-4.117968316137498,\"parent_id\":\"\"},{\"m1_r\":-16.22060016220601,\"total_r\":0,\"last\":true,\"risk_open\":0,\"clean_value\":1808000,\"date\":\"2014-03-18\",\"beta\":1.172648555853117,\"fluctuate_rate\":76.53964288606561,\"id\":\"\",\"name\":\"运盛实业-600767\",\"alpha\":1.0320726894541044,\"asset_value_percent\":1.9449118101469345,\"m3_r\":-16.22060016220601,\"var_v\":-8.474997082407485,\"parent_id\":\"\"},{\"m1_r\":-8.999699006722183,\"total_r\":0,\"last\":true,\"risk_open\":0,\"clean_value\":5010726,\"date\":\"2014-03-18\",\"beta\":1.2808916412035307,\"fluctuate_rate\":50.21792706590227,\"id\":\"\",\"name\":\"中国医药-600056\",\"alpha\":0.5727766755751216,\"asset_value_percent\":5.390166025890657,\"m3_r\":-8.999699006722183,\"var_v\":-5.311987529695158,\"parent_id\":\"\"},{\"m1_r\":-5.136173541349454,\"total_r\":0,\"risk_open\":0,\"clean_value\":6795334.73,\"date\":\"2014-03-18\",\"beta\":0.07288680498857111,\"fluctuate_rate\":24.208211026828995,\"id\":\"\",\"name\":\"食品饮料\",\"alpha\":0.021734940692043653,\"asset_value_percent\":7.309915249047916,\"m3_r\":-5.136173541349454,\"var_v\":-2.518366834704797,\"parent_id\":\"\"},{\"m1_r\":-16.823406478578896,\"total_r\":0,\"last\":true,\"risk_open\":0,\"clean_value\":1910942.79,\"date\":\"2014-03-18\",\"beta\":0.5420951943949447,\"fluctuate_rate\":59.25116676315657,\"id\":\"\",\"name\":\"惠泉啤酒-600573\",\"alpha\":0.3484562672509403,\"asset_value_percent\":2.055650000434808,\"m3_r\":-16.823406478578896,\"var_v\":-6.05017438139706,\"parent_id\":\"\"},{\"m1_r\":-12.35706381409073,\"total_r\":0,\"last\":true,\"risk_open\":0,\"clean_value\":2104391.94,\"date\":\"2014-03-18\",\"beta\":1.2490056427650498,\"fluctuate_rate\":37.42155792693686,\"id\":\"\",\"name\":\"上海梅林-600073\",\"alpha\":0.18597387910277768,\"asset_value_percent\":2.263748195400453,\"m3_r\":-12.550607287449388,\"var_v\":-3.8259729237693336,\"parent_id\":\"\"},{\"m1_r\":-9.184549356223181,\"total_r\":0,\"last\":true,\"risk_open\":0,\"clean_value\":2780000,\"date\":\"2014-03-18\",\"beta\":1.1191670814294727,\"fluctuate_rate\":34.36992108032278,\"id\":\"\",\"name\":\"得利斯-002330\",\"alpha\":0.3464925601928143,\"asset_value_percent\":2.9905170532126535,\"m3_r\":-9.184549356223181,\"var_v\":-3.0868681244219016,\"parent_id\":\"\"},{\"m1_r\":-5.789473684210522,\"total_r\":0,\"risk_open\":0,\"clean_value\":4911630.64,\"date\":\"2014-03-18\",\"beta\":0.017699174716027617,\"fluctuate_rate\":25.6039885062723,\"id\":\"\",\"name\":\"轻工制造\",\"alpha\":-0.007003531490822719,\"asset_value_percent\":5.283566614389129,\"m3_r\":-5.789473684210522,\"var_v\":-2.6635687956825107,\"parent_id\":\"\"},{\"m1_r\":-15.241765942536778,\"total_r\":0,\"last\":true,\"risk_open\":0,\"clean_value\":4911630.64,\"date\":\"2014-03-18\",\"beta\":0.3349853613622688,\"fluctuate_rate\":51.69745043557687,\"id\":\"\",\"name\":\"宜华木业-600978\",\"alpha\":-0.1325531028935924,\"asset_value_percent\":5.283566614389129,\"m3_r\":-19.42038640906062,\"var_v\":-2.9671604547581767,\"parent_id\":\"\"},{\"m1_r\":-9.372797744890772,\"total_r\":0,\"risk_open\":0,\"clean_value\":3873000,\"date\":\"2014-03-18\",\"beta\":-0.02924977124892555,\"fluctuate_rate\":75.29869575615662,\"id\":\"\",\"name\":\"钢铁\",\"alpha\":0.0457425631859529,\"asset_value_percent\":4.166285088882233,\"m3_r\":-9.372797744890772,\"var_v\":-7.833281768680578,\"parent_id\":\"\"},{\"m1_r\":-20.52001019627835,\"total_r\":0,\"last\":true,\"risk_open\":0,\"clean_value\":3873000,\"date\":\"2014-03-18\",\"beta\":-0.7020588035844885,\"fluctuate_rate\":76.49868495591728,\"id\":\"\",\"name\":\"物产中拓-000906\",\"alpha\":1.0979220627032296,\"asset_value_percent\":4.166285088882233,\"m3_r\":-20.52001019627835,\"var_v\":-7.833281768680578,\"parent_id\":\"\"},{\"m1_r\":-5.902951475737872,\"total_r\":0,\"risk_open\":0,\"clean_value\":2172000,\"date\":\"2014-03-18\",\"beta\":0.04534993141705713,\"fluctuate_rate\":37.36320503514759,\"id\":\"\",\"name\":\"汽车\",\"alpha\":0.03092597164760524,\"asset_value_percent\":2.336475913517224,\"m3_r\":-9.990958408679928,\"var_v\":-3.886873602287672,\"parent_id\":\"\"},{\"m1_r\":-23.49514563106796,\"total_r\":0,\"last\":true,\"risk_open\":0,\"clean_value\":2172000,\"date\":\"2014-03-18\",\"beta\":1.9409543729808632,\"fluctuate_rate\":73.54172710588351,\"id\":\"\",\"name\":\"星宇股份-601799\",\"alpha\":1.3236161121408991,\"asset_value_percent\":2.336475913517224,\"m3_r\":-23.49514563106796,\"var_v\":-6.278419592982737,\"parent_id\":\"\"},{\"m1_r\":-7.3002754820936655,\"total_r\":0,\"risk_open\":0,\"clean_value\":92598,\"date\":\"2014-03-18\",\"beta\":4.862654959879331E-4,\"fluctuate_rate\":0,\"id\":\"\",\"name\":\"农林牧渔\",\"alpha\":4.126205834624554E-4,\"asset_value_percent\":0.0996100352853904,\"m3_r\":-7.3002754820936655,\"var_v\":0,\"parent_id\":\"\"},{\"m1_r\":-12.307692307692308,\"total_r\":0,\"last\":true,\"risk_open\":0,\"clean_value\":92598,\"date\":\"2014-03-18\",\"beta\":0.4881691835513812,\"fluctuate_rate\":42.918600222843786,\"id\":\"\",\"name\":\"民和股份-002234\",\"alpha\":0.41423595753205567,\"asset_value_percent\":0.0996100352853904,\"m3_r\":-16.534472239170228,\"var_v\":0,\"parent_id\":\"\"},{\"m1_r\":-0.5633111016281056,\"total_r\":-1.6460442327173364,\"risk_open\":0,\"clean_value\":156150.37,\"date\":\"2014-03-18\",\"beta\":0,\"fluctuate_rate\":5.9459982164662915,\"id\":\"\",\"name\":\"债券类\",\"alpha\":0,\"asset_value_percent\":0.16797494401095883,\"m3_r\":-1.6460442327173364,\"var_v\":-0.6185589133772534,\"parent_id\":\"\"},{\"m1_r\":0,\"total_r\":0,\"last\":true,\"risk_open\":0,\"clean_value\":156150.37,\"date\":\"2014-03-18\",\"beta\":0,\"fluctuate_rate\":null,\"id\":\"\",\"name\":\"深燃转债-113006\",\"alpha\":0,\"asset_value_percent\":0.16797494401095883,\"m3_r\":0,\"var_v\":-0.6185589133772534,\"parent_id\":\"\"},{\"m1_r\":0,\"total_r\":0,\"risk_open\":0,\"clean_value\":2.4459698650000002E7,\"date\":\"2014-03-18\",\"beta\":0,\"fluctuate_rate\":0,\"id\":\"\",\"name\":\"其他类\",\"alpha\":0,\"asset_value_percent\":26.311922996139398,\"m3_r\":0,\"var_v\":0,\"parent_id\":\"\"},{\"m1_r\":0,\"total_r\":0,\"last\":true,\"risk_open\":0,\"clean_value\":1683069.82,\"date\":\"2014-03-18\",\"beta\":0,\"fluctuate_rate\":0,\"id\":\"\",\"name\":\"银行存款\",\"alpha\":0,\"asset_value_percent\":1.810521222466745,\"m3_r\":0,\"var_v\":0,\"parent_id\":\"\"},{\"m1_r\":0,\"total_r\":0,\"last\":true,\"risk_open\":0,\"clean_value\":5313134.16,\"date\":\"2014-03-18\",\"beta\":0,\"fluctuate_rate\":0,\"id\":\"\",\"name\":\"存出保证金\",\"alpha\":0,\"asset_value_percent\":5.715474212764995,\"m3_r\":0,\"var_v\":0,\"parent_id\":\"\"},{\"m1_r\":0,\"total_r\":0,\"last\":true,\"risk_open\":0,\"clean_value\":1.417945539E7,\"date\":\"2014-03-18\",\"beta\":0,\"fluctuate_rate\":0,\"id\":\"\",\"name\":\"清算备付金\",\"alpha\":0,\"asset_value_percent\":15.253202571605426,\"m3_r\":0,\"var_v\":0,\"parent_id\":\"\"},{\"m1_r\":0,\"total_r\":0,\"last\":true,\"risk_open\":0,\"clean_value\":3284039.280000001,\"date\":\"2014-03-18\",\"beta\":0,\"fluctuate_rate\":0,\"id\":\"\",\"name\":\"其他资产\",\"alpha\":0,\"asset_value_percent\":3.5327249893022334,\"m3_r\":0,\"var_v\":0,\"parent_id\":\"\"},{\"m1_r\":0,\"total_r\":0,\"last\":true,\"risk_open\":0,\"clean_value\":-4048250.4,\"date\":\"2014-03-18\",\"beta\":0,\"fluctuate_rate\":0,\"id\":\"\",\"name\":\"其他负债\",\"alpha\":0,\"asset_value_percent\":-4.354806423336312,\"m3_r\":0,\"var_v\":0,\"parent_id\":\"\"},{\"m1_r\":-3.8700096095046765,\"total_r\":-3.8700096095046765,\"risk_open\":30.15153854254997,\"clean_value\":9.293858135E7,\"date\":\"2014-03-19\",\"beta\":0.3733103092035551,\"fluctuate_rate\":16.566411455019693,\"id\":\"\",\"name\":\"汇总\",\"alpha\":0.20768834698239327,\"asset_value_percent\":100.33949811968527,\"m3_r\":-3.8700096095046765,\"first\":true,\"var_v\":-1.5741726171778108},{\"m1_r\":-4.664648631069013,\"total_r\":0,\"risk_open\":0,\"clean_value\":7.193517239E7,\"date\":\"2014-03-19\",\"beta\":0.7419909775015263,\"fluctuate_rate\":20.674331041913074,\"id\":\"\",\"name\":\"股票类\",\"alpha\":0.23475274396091805,\"asset_value_percent\":77.66353854254997,\"m3_r\":-4.664648631069013,\"var_v\":-2.1507392499164677,\"parent_id\":\"\"},{\"m1_r\":-7.13812165740787,\"total_r\":0,\"risk_open\":0,\"clean_value\":2.9867088030000005E7,\"date\":\"2014-03-19\",\"beta\":0.36017139520048036,\"fluctuate_rate\":33.385689274495284,\"id\":\"\",\"name\":\"电子\",\"alpha\":-0.019257766129583284,\"asset_value_percent\":32.245474158258816,\"m3_r\":-7.13812165740787,\"var_v\":-3.4730948325536715,\"parent_id\":\"\"},{\"m1_r\":-17.649086521889,\"total_r\":0,\"last\":true,\"risk_open\":0,\"clean_value\":1632624,\"date\":\"2014-03-19\",\"beta\":1.278921041845785,\"fluctuate_rate\":44.936720130603824,\"id\":\"\",\"name\":\"勤上光电-002638\",\"alpha\":-0.05940793332278983,\"asset_value_percent\":1.7626336705230228,\"m3_r\":-17.649086521889,\"var_v\":-4.1170182902256105,\"parent_id\":\"\"},{\"m1_r\":-16.000740775035883,\"total_r\":0,\"last\":true,\"risk_open\":0,\"clean_value\":5897500,\"date\":\"2014-03-19\",\"beta\":0.9871105418615234,\"fluctuate_rate\":50.79775272176079,\"id\":\"\",\"name\":\"三安光电-600703\",\"alpha\":0.06183820494709343,\"asset_value_percent\":6.367131728989362,\"m3_r\":-17.234615209160165,\"var_v\":-5.195667417955696,\"parent_id\":\"\"},{\"m1_r\":-19.75953079178886,\"total_r\":0,\"last\":true,\"risk_open\":0,\"clean_value\":1831821.06,\"date\":\"2014-03-19\",\"beta\":1.2683225692741966,\"fluctuate_rate\":48.82972644440609,\"id\":\"\",\"name\":\"歌尔声学-002241\",\"alpha\":-0.18701961403979403,\"asset_value_percent\":1.9776932586616236,\"m3_r\":-23.38793224135517,\"var_v\":-4.995644509463258,\"parent_id\":\"\"},{\"m1_r\":-16.44859813084113,\"total_r\":0,\"last\":true,\"risk_open\":0,\"clean_value\":2998860,\"date\":\"2014-03-19\",\"beta\":0.1975130821000642,\"fluctuate_rate\":55.19893832608594,\"id\":\"\",\"name\":\"佛山照明-000541\",\"alpha\":0.19568398744342597,\"asset_value_percent\":3.2376662410847032,\"m3_r\":-16.44859813084113,\"var_v\":-5.100149523476594,\"parent_id\":\"\"},{\"m1_r\":-28.288605367355913,\"total_r\":0,\"last\":true,\"risk_open\":0,\"clean_value\":1961400,\"date\":\"2014-03-19\",\"beta\":1.9051691888872204,\"fluctuate_rate\":57.5340959183834,\"id\":\"\",\"name\":\"安洁科技-002635\",\"alpha\":-0.15426044869198433,\"asset_value_percent\":2.117590872952901,\"m3_r\":-28.288605367355913,\"var_v\":-5.266126079458505,\"parent_id\":\"\"},{\"m1_r\":-16.469228546662805,\"total_r\":0,\"last\":true,\"risk_open\":0,\"clean_value\":4670295,\"date\":\"2014-03-19\",\"beta\":1.2216821322356712,\"fluctuate_rate\":45.00439568828328,\"id\":\"\",\"name\":\"大族激光-002008\",\"alpha\":-0.12557922252770273,\"asset_value_percent\":5.042201522380732,\"m3_r\":-16.6658659620466,\"var_v\":-4.603500697952904,\"parent_id\":\"\"},{\"m1_r\":-19.683138438325177,\"total_r\":0,\"last\":true,\"risk_open\":0,\"clean_value\":2630100.6,\"date\":\"2014-03-19\",\"beta\":1.2400588560013355,\"fluctuate_rate\":57.57496412075058,\"id\":\"\",\"name\":\"阳光照明-600261\",\"alpha\":0.07402885317054869,\"asset_value_percent\":2.8395416669256393,\"m3_r\":-24.34621944286527,\"var_v\":-5.074034719557775,\"parent_id\":\"\"},{\"m1_r\":-19.337294793030512,\"total_r\":0,\"last\":true,\"risk_open\":0,\"clean_value\":5290237.37,\"date\":\"2014-03-19\",\"beta\":1.0216426804740424,\"fluctuate_rate\":48.341139990250966,\"id\":\"\",\"name\":\"德豪润达-002005\",\"alpha\":-0.19753890206137625,\"asset_value_percent\":5.71151135437257,\"m3_r\":-20.37975941942539,\"var_v\":-4.944962495383801,\"parent_id\":\"\"},{\"m1_r\":-21.704180064308687,\"total_r\":0,\"last\":true,\"risk_open\":0,\"clean_value\":2954250,\"date\":\"2014-03-19\",\"beta\":1.4984506143148166,\"fluctuate_rate\":45.87139509184241,\"id\":\"\",\"name\":\"长盈精密-300115\",\"alpha\":-0.18830272414049407,\"asset_value_percent\":3.189503842368261,\"m3_r\":-25.306748466257666,\"var_v\":-4.692194649826352,\"parent_id\":\"\"},{\"m1_r\":-5.313550703302694,\"total_r\":0,\"risk_open\":0,\"clean_value\":1.03649238E7,\"date\":\"2014-03-19\",\"beta\":0.12171836362924161,\"fluctuate_rate\":44.782083211767535,\"id\":\"\",\"name\":\"化工\",\"alpha\":0.10586556783606993,\"asset_value_percent\":11.190306942863414,\"m3_r\":-6.552351476112051,\"var_v\":-4.658655405164752,\"parent_id\":\"\"},{\"m1_r\":-11.965960402917686,\"total_r\":0,\"last\":true,\"risk_open\":0,\"clean_value\":1.03649238E7,\"date\":\"2014-03-19\",\"beta\":1.087712466250688,\"fluctuate_rate\":45.48825016023912,\"id\":\"\",\"name\":\"浙江龙盛-600352\",\"alpha\":0.9460470421107205,\"asset_value_percent\":11.190306942863414,\"m3_r\":-11.965960402917686,\"var_v\":-4.658655405164752,\"parent_id\":\"\"},{\"m1_r\":-5.136173541349454,\"total_r\":0,\"risk_open\":0,\"clean_value\":6982221.41,\"date\":\"2014-03-19\",\"beta\":0.0718713837246722,\"fluctuate_rate\":25.352182520384407,\"id\":\"\",\"name\":\"食品饮料\",\"alpha\":0.03232268872225268,\"asset_value_percent\":7.538232043821931,\"m3_r\":-5.136173541349454,\"var_v\":-2.6373735579205206,\"parent_id\":\"\"},{\"m1_r\":-16.823406478578896,\"total_r\":0,\"last\":true,\"risk_open\":0,\"clean_value\":1985472.54,\"date\":\"2014-03-19\",\"beta\":0.488389981916587,\"fluctuate_rate\":60.1395276491756,\"id\":\"\",\"name\":\"惠泉啤酒-600573\",\"alpha\":0.49022276822173305,\"asset_value_percent\":2.143580365658516,\"m3_r\":-16.823406478578896,\"var_v\":-6.143281582052351,\"parent_id\":\"\"},{\"m1_r\":-12.35706381409073,\"total_r\":0,\"last\":true,\"risk_open\":0,\"clean_value\":2096748.87,\"date\":\"2014-03-19\",\"beta\":1.2612819881761856,\"fluctuate_rate\":37.320671309272434,\"id\":\"\",\"name\":\"上海梅林-600073\",\"alpha\":0.25669614984714206,\"asset_value_percent\":2.263717890275471,\"m3_r\":-12.550607287449388,\"var_v\":-3.8156976526313056,\"parent_id\":\"\"},{\"m1_r\":-9.184549356223181,\"total_r\":0,\"last\":true,\"risk_open\":0,\"clean_value\":2900000,\"date\":\"2014-03-19\",\"beta\":1.0492232725706656,\"fluctuate_rate\":36.37680229054522,\"id\":\"\",\"name\":\"得利斯-002330\",\"alpha\":0.5111412163628495,\"asset_value_percent\":3.1309337878879435,\"m3_r\":-9.184549356223181,\"var_v\":-3.5821840529548004,\"parent_id\":\"\"},{\"m1_r\":-4.695616029586047,\"total_r\":0,\"risk_open\":0,\"clean_value\":6912600,\"date\":\"2014-03-19\",\"beta\":0.06194514171299472,\"fluctuate_rate\":18.84126084658213,\"id\":\"\",\"name\":\"计算机\",\"alpha\":0.001391558179865894,\"asset_value_percent\":7.463066517984207,\"m3_r\":-4.695616029586047,\"var_v\":-1.9600459690089618,\"parent_id\":\"\"},{\"m1_r\":-13.109812365426022,\"total_r\":0,\"last\":true,\"risk_open\":0,\"clean_value\":2676600,\"date\":\"2014-03-19\",\"beta\":1.1215839063797153,\"fluctuate_rate\":57.711873422770154,\"id\":\"\",\"name\":\"神州泰岳-300002\",\"alpha\":-0.2620972210328936,\"asset_value_percent\":2.889743922986507,\"m3_r\":-21.755027422303463,\"var_v\":-5.138640892655736,\"parent_id\":\"\"},{\"m1_r\":-11.303339293480896,\"total_r\":0,\"last\":true,\"risk_open\":0,\"clean_value\":4236000,\"date\":\"2014-03-19\",\"beta\":0.6457939129309789,\"fluctuate_rate\":45.168196087580014,\"id\":\"\",\"name\":\"航天信息-600271\",\"alpha\":0.19603901782014924,\"asset_value_percent\":4.573322594997699,\"m3_r\":-11.303339293480896,\"var_v\":-3.078839213461736,\"parent_id\":\"\"},{\"m1_r\":-5.411879340284409,\"total_r\":0,\"risk_open\":0,\"clean_value\":6863738,\"date\":\"2014-03-19\",\"beta\":0.09410365326021985,\"fluctuate_rate\":39.57229051966683,\"id\":\"\",\"name\":\"医药生物\",\"alpha\":0.06086491573239658,\"asset_value_percent\":7.410313522555316,\"m3_r\":-5.411879340284409,\"var_v\":-4.116683546239147,\"parent_id\":\"\"},{\"m1_r\":-16.22060016220601,\"total_r\":0,\"last\":true,\"risk_open\":0,\"clean_value\":1826000,\"date\":\"2014-03-19\",\"beta\":1.201051730447929,\"fluctuate_rate\":76.02525450144185,\"id\":\"\",\"name\":\"运盛实业-600767\",\"alpha\":1.1843376510386938,\"asset_value_percent\":1.9714086540287536,\"m3_r\":-16.22060016220601,\"var_v\":-8.048281016104857,\"parent_id\":\"\"},{\"m1_r\":-8.999699006722183,\"total_r\":0,\"last\":true,\"risk_open\":0,\"clean_value\":5037738,\"date\":\"2014-03-19\",\"beta\":1.294856542064987,\"fluctuate_rate\":49.91975790998846,\"id\":\"\",\"name\":\"中国医药-600056\",\"alpha\":0.6897855670173262,\"asset_value_percent\":5.4389048685265635,\"m3_r\":-8.999699006722183,\"var_v\":-5.216627852750009,\"parent_id\":\"\"},{\"m1_r\":-5.789473684210522,\"total_r\":0,\"risk_open\":0,\"clean_value\":4902467.15,\"date\":\"2014-03-19\",\"beta\":0.01521571009205197,\"fluctuate_rate\":25.592666802085645,\"id\":\"\",\"name\":\"轻工制造\",\"alpha\":-0.013569198680307475,\"asset_value_percent\":5.2928620841192116,\"m3_r\":-5.789473684210522,\"var_v\":-2.6623910050434416,\"parent_id\":\"\"},{\"m1_r\":-15.241765942536778,\"total_r\":0,\"last\":true,\"risk_open\":0,\"clean_value\":4902467.15,\"date\":\"2014-03-19\",\"beta\":0.287476035653856,\"fluctuate_rate\":50.39822078689903,\"id\":\"\",\"name\":\"宜华木业-600978\",\"alpha\":-0.2563678868758118,\"asset_value_percent\":5.2928620841192116,\"m3_r\":-19.42038640906062,\"var_v\":-2.9076500579977784,\"parent_id\":\"\"},{\"m1_r\":-9.372797744890772,\"total_r\":0,\"risk_open\":0,\"clean_value\":3834000,\"date\":\"2014-03-19\",\"beta\":-0.02695607112196601,\"fluctuate_rate\":75.48019233681087,\"id\":\"\",\"name\":\"钢铁\",\"alpha\":0.04325001942539049,\"asset_value_percent\":4.139310394055991,\"m3_r\":-9.372797744890772,\"var_v\":-7.8521627578137885,\"parent_id\":\"\"},{\"m1_r\":-20.52001019627835,\"total_r\":0,\"last\":true,\"risk_open\":0,\"clean_value\":3834000,\"date\":\"2014-03-19\",\"beta\":-0.6512213039320428,\"fluctuate_rate\":76.68916467511065,\"id\":\"\",\"name\":\"物产中拓-000906\",\"alpha\":1.0448605035152012,\"asset_value_percent\":4.139310394055991,\"m3_r\":-20.52001019627835,\"var_v\":-7.8521627578137885,\"parent_id\":\"\"},{\"m1_r\":-5.902951475737872,\"total_r\":0,\"risk_open\":0,\"clean_value\":2117000,\"date\":\"2014-03-19\",\"beta\":0.04341510295656488,\"fluctuate_rate\":38.26155097235081,\"id\":\"\",\"name\":\"汽车\",\"alpha\":0.02352036665351758,\"asset_value_percent\":2.285581665158199,\"m3_r\":-9.990958408679928,\"var_v\":-3.9803280344155616,\"parent_id\":\"\"},{\"m1_r\":-23.49514563106796,\"total_r\":0,\"last\":true,\"risk_open\":0,\"clean_value\":2117000,\"date\":\"2014-03-19\",\"beta\":1.8995209673927738,\"fluctuate_rate\":70.93135654731348,\"id\":\"\",\"name\":\"星宇股份-601799\",\"alpha\":1.0290757496030927,\"asset_value_percent\":2.285581665158199,\"m3_r\":-23.49514563106796,\"var_v\":-6.222564824273399,\"parent_id\":\"\"},{\"m1_r\":-7.3002754820936655,\"total_r\":0,\"risk_open\":0,\"clean_value\":91134,\"date\":\"2014-03-19\",\"beta\":5.062980472668117E-4,\"fluctuate_rate\":4.489816871518305,\"id\":\"\",\"name\":\"农林牧渔\",\"alpha\":3.645922213156178E-4,\"asset_value_percent\":0.0983912137328896,\"m3_r\":-7.3002754820936655,\"var_v\":-0.46707317160275275,\"parent_id\":\"\"},{\"m1_r\":-12.307692307692308,\"total_r\":0,\"last\":true,\"risk_open\":0,\"clean_value\":91134,\"date\":\"2014-03-19\",\"beta\":0.5145764830600617,\"fluctuate_rate\":43.281624182773385,\"id\":\"\",\"name\":\"民和股份-002234\",\"alpha\":0.37055363734551044,\"asset_value_percent\":0.0983912137328896,\"m3_r\":-16.534472239170228,\"var_v\":-1.5014301822554261,\"parent_id\":\"\"},{\"m1_r\":-0.5633111016281056,\"total_r\":-1.6460442327173364,\"risk_open\":0,\"clean_value\":155927.62,\"date\":\"2014-03-19\",\"beta\":0,\"fluctuate_rate\":5.965789618409539,\"id\":\"\",\"name\":\"债券类\",\"alpha\":0,\"asset_value_percent\":0.16834450135274204,\"m3_r\":-1.6460442327173364,\"var_v\":-0.6206178020002477,\"parent_id\":\"\"},{\"m1_r\":0,\"total_r\":0,\"last\":true,\"risk_open\":0,\"clean_value\":155927.62,\"date\":\"2014-03-19\",\"beta\":0,\"fluctuate_rate\":null,\"id\":\"\",\"name\":\"深燃转债-113006\",\"alpha\":0,\"asset_value_percent\":0.16834450135274204,\"m3_r\":0,\"var_v\":-0.6206178020002477,\"parent_id\":\"\"},{\"m1_r\":0,\"total_r\":0,\"risk_open\":0,\"clean_value\":2.0847481339999992E7,\"date\":\"2014-03-19\",\"beta\":0,\"fluctuate_rate\":0,\"id\":\"\",\"name\":\"其他类\",\"alpha\":0,\"asset_value_percent\":22.50761507578255,\"m3_r\":0,\"var_v\":0,\"parent_id\":\"\"},{\"m1_r\":0,\"total_r\":0,\"last\":true,\"risk_open\":0,\"clean_value\":1179817.72,\"date\":\"2014-03-19\",\"beta\":0,\"fluctuate_rate\":0,\"id\":\"\",\"name\":\"银行存款\",\"alpha\":0,\"asset_value_percent\":1.2737693665851437,\"m3_r\":0,\"var_v\":0,\"parent_id\":\"\"},{\"m1_r\":0,\"total_r\":0,\"last\":true,\"risk_open\":0,\"clean_value\":5485912.56,\"date\":\"2014-03-19\",\"beta\":0,\"fluctuate_rate\":0,\"id\":\"\",\"name\":\"存出保证金\",\"alpha\":0,\"asset_value_percent\":5.922768617759601,\"m3_r\":0,\"var_v\":0,\"parent_id\":\"\"},{\"m1_r\":0,\"total_r\":0,\"last\":true,\"risk_open\":0,\"clean_value\":1.413224038E7,\"date\":\"2014-03-19\",\"beta\":0,\"fluctuate_rate\":0,\"id\":\"\",\"name\":\"清算备付金\",\"alpha\":0,\"asset_value_percent\":15.25762376010219,\"m3_r\":0,\"var_v\":0,\"parent_id\":\"\"},{\"m1_r\":0,\"total_r\":0,\"last\":true,\"risk_open\":0,\"clean_value\":49510.67999999225,\"date\":\"2014-03-19\",\"beta\":0,\"fluctuate_rate\":0,\"id\":\"\",\"name\":\"其他资产\",\"alpha\":0,\"asset_value_percent\":0.05345333133561503,\"m3_r\":0,\"var_v\":0,\"parent_id\":\"\"},{\"m1_r\":0,\"total_r\":0,\"last\":true,\"risk_open\":0,\"clean_value\":-314457.16,\"date\":\"2014-03-19\",\"beta\":0,\"fluctuate_rate\":0,\"id\":\"\",\"name\":\"其他负债\",\"alpha\":0,\"asset_value_percent\":-0.3394981196852707,\"m3_r\":0,\"var_v\":0,\"parent_id\":\"\"},{\"m1_r\":-3.8700096095046765,\"total_r\":-3.8700096095046765,\"risk_open\":33.482870279464855,\"clean_value\":9.528462854000002E7,\"date\":\"2014-03-20\",\"beta\":0.40876117519969873,\"fluctuate_rate\":17.277862951780264,\"id\":\"\",\"name\":\"汇总\",\"alpha\":0.17990361055544546,\"asset_value_percent\":104.67941167244024,\"m3_r\":-3.8700096095046765,\"first\":true,\"var_v\":-1.687809420754519},{\"m1_r\":-4.664648631069013,\"total_r\":0,\"risk_open\":0,\"clean_value\":7.004904154E7,\"date\":\"2014-03-20\",\"beta\":0.7906625634734507,\"fluctuate_rate\":21.40421662468272,\"id\":\"\",\"name\":\"股票类\",\"alpha\":0.2029446041063075,\"asset_value_percent\":76.95567027946485,\"m3_r\":-4.664648631069013,\"var_v\":-2.2266688443313196,\"parent_id\":\"\"},{\"m1_r\":-7.13812165740787,\"total_r\":0,\"risk_open\":0,\"clean_value\":2.536522736E7,\"date\":\"2014-03-20\",\"beta\":0.33377022674791756,\"fluctuate_rate\":37.56825466964286,\"id\":\"\",\"name\":\"电子\",\"alpha\":-0.02588031851459764,\"asset_value_percent\":27.86616390982557,\"m3_r\":-7.13812165740787,\"var_v\":-3.9082048026150713,\"parent_id\":\"\"},{\"m1_r\":-16.000740775035883,\"total_r\":0,\"last\":true,\"risk_open\":0,\"clean_value\":6934700,\"date\":\"2014-03-20\",\"beta\":1.0630499993630478,\"fluctuate_rate\":52.23274626032953,\"id\":\"\",\"name\":\"三安光电-600703\",\"alpha\":0.01784984798838048,\"asset_value_percent\":7.618440951576293,\"m3_r\":-17.234615209160165,\"var_v\":-5.3426189702946045,\"parent_id\":\"\"},{\"m1_r\":-19.75953079178886,\"total_r\":0,\"last\":true,\"risk_open\":0,\"clean_value\":1783000.8,\"date\":\"2014-03-20\",\"beta\":1.2739734128877205,\"fluctuate_rate\":49.045805453176605,\"id\":\"\",\"name\":\"歌尔声学-002241\",\"alpha\":-0.18746677360619196,\"asset_value_percent\":1.9587994161843036,\"m3_r\":-23.38793224135517,\"var_v\":-5.01795805052707,\"parent_id\":\"\"},{\"m1_r\":-16.469228546662805,\"total_r\":0,\"last\":true,\"risk_open\":0,\"clean_value\":4571973,\"date\":\"2014-03-20\",\"beta\":1.1920302267744114,\"fluctuate_rate\":44.66705363408538,\"id\":\"\",\"name\":\"大族激光-002008\",\"alpha\":-0.08527970986546991,\"asset_value_percent\":5.022756043188763,\"m3_r\":-16.6658659620466,\"var_v\":-4.5689624331516026,\"parent_id\":\"\"},{\"m1_r\":-19.337294793030512,\"total_r\":0,\"last\":true,\"risk_open\":0,\"clean_value\":5733738.96,\"date\":\"2014-03-20\",\"beta\":1.0527853715114868,\"fluctuate_rate\":47.683234306782005,\"id\":\"\",\"name\":\"德豪润达-002005\",\"alpha\":-0.15857100197181673,\"asset_value_percent\":6.2990686977825225,\"m3_r\":-20.37975941942539,\"var_v\":-4.877570582042848,\"parent_id\":\"\"},{\"m1_r\":-21.704180064308687,\"total_r\":0,\"last\":true,\"risk_open\":0,\"clean_value\":1878765,\"date\":\"2014-03-20\",\"beta\":1.6354880430716667,\"fluctuate_rate\":47.65509721585353,\"id\":\"\",\"name\":\"长盈精密-300115\",\"alpha\":-0.33306500328876243,\"asset_value_percent\":2.064005683647199,\"m3_r\":-25.306748466257666,\"var_v\":-4.876521486581082,\"parent_id\":\"\"},{\"m1_r\":-16.44859813084113,\"total_r\":0,\"last\":true,\"risk_open\":0,\"clean_value\":350803.2,\"date\":\"2014-03-20\",\"beta\":0.2746111623184431,\"fluctuate_rate\":55.97455221991221,\"id\":\"\",\"name\":\"佛山照明-000541\",\"alpha\":0.1428924987437939,\"asset_value_percent\":0.3853913600911371,\"m3_r\":-16.44859813084113,\"var_v\":-5.164710669776959,\"parent_id\":\"\"},{\"m1_r\":-28.288605367355913,\"total_r\":0,\"last\":true,\"risk_open\":0,\"clean_value\":841811.7,\"date\":\"2014-03-20\",\"beta\":1.8851247145512604,\"fluctuate_rate\":57.54607220110199,\"id\":\"\",\"name\":\"安洁科技-002635\",\"alpha\":-0.16158797450418383,\"asset_value_percent\":0.924811848933055,\"m3_r\":-28.288605367355913,\"var_v\":-5.005138243782739,\"parent_id\":\"\"},{\"m1_r\":-19.683138438325177,\"total_r\":0,\"last\":true,\"risk_open\":0,\"clean_value\":3270434.7,\"date\":\"2014-03-20\",\"beta\":1.3746764614789952,\"fluctuate_rate\":59.9928959076263,\"id\":\"\",\"name\":\"阳光照明-600261\",\"alpha\":-0.04113798351792235,\"asset_value_percent\":3.5928899084223005,\"m3_r\":-24.34621944286527,\"var_v\":-5.300403530551675,\"parent_id\":\"\"},{\"m1_r\":-5.313550703302694,\"total_r\":0,\"risk_open\":0,\"clean_value\":1.38559849E7,\"date\":\"2014-03-20\",\"beta\":0.1541216428384492,\"fluctuate_rate\":32.819212860411746,\"id\":\"\",\"name\":\"化工\",\"alpha\":0.12694183237944037,\"asset_value_percent\":15.222144113888522,\"m3_r\":-6.552351476112051,\"var_v\":-3.4141646037858595,\"parent_id\":\"\"},{\"m1_r\":-16.464891041162222,\"total_r\":0,\"last\":true,\"risk_open\":0,\"clean_value\":2094561.1,\"date\":\"2014-03-20\",\"beta\":1.1808112632366043,\"fluctuate_rate\":43.59301672164055,\"id\":\"\",\"name\":\"华峰超纤-300180\",\"alpha\":0.3592307354399966,\"asset_value_percent\":2.301078642164576,\"m3_r\":-16.464891041162222,\"var_v\":0,\"parent_id\":\"\"},{\"m1_r\":-11.965960402917686,\"total_r\":0,\"last\":true,\"risk_open\":0,\"clean_value\":1.03649238E7,\"date\":\"2014-03-20\",\"beta\":1.0153495515695898,\"fluctuate_rate\":44.55277535481897,\"id\":\"\",\"name\":\"浙江龙盛-600352\",\"alpha\":1.0308206702193532,\"asset_value_percent\":11.386874693625934,\"m3_r\":-11.965960402917686,\"var_v\":-4.56410622103863,\"parent_id\":\"\"},{\"m1_r\":-11.710573800072178,\"total_r\":0,\"last\":true,\"risk_open\":0,\"clean_value\":1396500,\"date\":\"2014-03-20\",\"beta\":0.7387390198216841,\"fluctuate_rate\":47.05589358265681,\"id\":\"\",\"name\":\"华峰氨纶-002064\",\"alpha\":0.08456527276715406,\"asset_value_percent\":1.534190778098013,\"m3_r\":-11.710573800072178,\"var_v\":0,\"parent_id\":\"\"},{\"m1_r\":-5.136173541349454,\"total_r\":0,\"risk_open\":0,\"clean_value\":8678565.26,\"date\":\"2014-03-20\",\"beta\":0.08176957519120989,\"fluctuate_rate\":21.05716562948834,\"id\":\"\",\"name\":\"食品饮料\",\"alpha\":0.029599691183486862,\"asset_value_percent\":9.534246179028848,\"m3_r\":-5.136173541349454,\"var_v\":-2.190565320808652,\"parent_id\":\"\"},{\"m1_r\":-12.35706381409073,\"total_r\":0,\"last\":true,\"risk_open\":0,\"clean_value\":2043247.38,\"date\":\"2014-03-20\",\"beta\":1.3075508419903512,\"fluctuate_rate\":38.07098656792773,\"id\":\"\",\"name\":\"上海梅林-600073\",\"alpha\":0.2070885592686059,\"asset_value_percent\":2.2447055408298793,\"m3_r\":-12.550607287449388,\"var_v\":-3.8922505108819387,\"parent_id\":\"\"},{\"m1_r\":-9.184549356223181,\"total_r\":0,\"last\":true,\"risk_open\":0,\"clean_value\":2915000,\"date\":\"2014-03-20\",\"beta\":0.9810875939069932,\"fluctuate_rate\":36.040687919427754,\"id\":\"\",\"name\":\"得利斯-002330\",\"alpha\":0.576153838736886,\"asset_value_percent\":3.202410396101474,\"m3_r\":-9.184549356223181,\"var_v\":-3.4302980969131416,\"parent_id\":\"\"},{\"m1_r\":-7.818430241384555,\"total_r\":0,\"last\":true,\"risk_open\":0,\"clean_value\":1776582,\"date\":\"2014-03-20\",\"beta\":0.48830953271735345,\"fluctuate_rate\":28.517571550353264,\"id\":\"\",\"name\":\"青岛啤酒-600600\",\"alpha\":-0.16302408354863265,\"asset_value_percent\":1.9517477414499995,\"m3_r\":-11.718522826403033,\"var_v\":-2.390342863659697,\"parent_id\":\"\"},{\"m1_r\":-16.823406478578896,\"total_r\":0,\"last\":true,\"risk_open\":0,\"clean_value\":1943735.88,\"date\":\"2014-03-20\",\"beta\":0.5371350383442526,\"fluctuate_rate\":60.52240826166335,\"id\":\"\",\"name\":\"惠泉啤酒-600573\",\"alpha\":0.4534162500468226,\"asset_value_percent\":2.1353825006474945,\"m3_r\":-16.823406478578896,\"var_v\":-6.182545250649084,\"parent_id\":\"\"},{\"m1_r\":-5.411879340284409,\"total_r\":0,\"risk_open\":0,\"clean_value\":6559159,\"date\":\"2014-03-20\",\"beta\":0.0994999251428347,\"fluctuate_rate\":38.67412811876319,\"id\":\"\",\"name\":\"医药生物\",\"alpha\":0.05557807632338965,\"asset_value_percent\":7.205872717421114,\"m3_r\":-5.411879340284409,\"var_v\":-4.023248207291227,\"parent_id\":\"\"},{\"m1_r\":-8.999699006722183,\"total_r\":0,\"last\":true,\"risk_open\":0,\"clean_value\":3867959,\"date\":\"2014-03-20\",\"beta\":1.321855700471882,\"fluctuate_rate\":50.18613839007857,\"id\":\"\",\"name\":\"中国医药-600056\",\"alpha\":0.6522559615909989,\"asset_value_percent\":4.249328340752748,\"m3_r\":-8.999699006722183,\"var_v\":-5.149538833930915,\"parent_id\":\"\"},{\"m1_r\":-16.22060016220601,\"total_r\":0,\"last\":true,\"risk_open\":0,\"clean_value\":2691200,\"date\":\"2014-03-20\",\"beta\":1.4655601512619396,\"fluctuate_rate\":80.22555726734504,\"id\":\"\",\"name\":\"运盛实业-600767\",\"alpha\":0.9423697176042488,\"asset_value_percent\":2.956544376668366,\"m3_r\":-16.22060016220601,\"var_v\":-8.608485250265424,\"parent_id\":\"\"},{\"m1_r\":-5.369904232850153,\"total_r\":0,\"risk_open\":0,\"clean_value\":6541400,\"date\":\"2014-03-20\",\"beta\":0.06800991018008784,\"fluctuate_rate\":23.477500207379727,\"id\":\"\",\"name\":\"计算机\",\"alpha\":-0.005360719034085326,\"asset_value_percent\":7.186362732438484,\"m3_r\":-5.369904232850153,\"var_v\":-2.442351391373542,\"parent_id\":\"\"},{\"m1_r\":-13.109812365426022,\"total_r\":0,\"last\":true,\"risk_open\":0,\"clean_value\":2489400,\"date\":\"2014-03-20\",\"beta\":1.2654815075330377,\"fluctuate_rate\":60.54421125983202,\"id\":\"\",\"name\":\"神州泰岳-300002\",\"alpha\":-0.3770340845954566,\"asset_value_percent\":2.7348474923001747,\"m3_r\":-21.755027422303463,\"var_v\":-5.4321637720216875,\"parent_id\":\"\"},{\"m1_r\":-11.970231479244198,\"total_r\":0,\"last\":true,\"risk_open\":0,\"clean_value\":4052000,\"date\":\"2014-03-20\",\"beta\":0.7503270033679666,\"fluctuate_rate\":46.87234830108459,\"id\":\"\",\"name\":\"航天信息-600271\",\"alpha\":0.11121130461268784,\"asset_value_percent\":4.45151524013831,\"m3_r\":-11.970231479244198,\"var_v\":-3.345924252649942,\"parent_id\":\"\"},{\"m1_r\":-5.789473684210522,\"total_r\":0,\"risk_open\":0,\"clean_value\":4911630.64,\"date\":\"2014-03-20\",\"beta\":0.014773488814936994,\"fluctuate_rate\":25.6153673141027,\"id\":\"\",\"name\":\"轻工制造\",\"alpha\":-0.013623284002855406,\"asset_value_percent\":5.395902923961075,\"m3_r\":-5.789473684210522,\"var_v\":-2.664752526782128,\"parent_id\":\"\"},{\"m1_r\":-15.241765942536778,\"total_r\":0,\"last\":true,\"risk_open\":0,\"clean_value\":4911630.64,\"date\":\"2014-03-20\",\"beta\":0.2737908561944983,\"fluctuate_rate\":50.40260920178531,\"id\":\"\",\"name\":\"宜华木业-600978\",\"alpha\":-0.25247459405468137,\"asset_value_percent\":5.395902923961075,\"m3_r\":-19.42038640906062,\"var_v\":-2.856006085263922,\"parent_id\":\"\"},{\"m1_r\":-9.372797744890772,\"total_r\":0,\"risk_open\":0,\"clean_value\":2047234.38,\"date\":\"2014-03-20\",\"beta\":-0.009680888604174836,\"fluctuate_rate\":78.05482834837164,\"id\":\"\",\"name\":\"钢铁\",\"alpha\":0.019687150975868414,\"asset_value_percent\":2.2490856472618717,\"m3_r\":-9.372797744890772,\"var_v\":-8.120000721377698,\"parent_id\":\"\"},{\"m1_r\":-20.52001019627835,\"total_r\":0,\"last\":true,\"risk_open\":0,\"clean_value\":2047234.38,\"date\":\"2014-03-20\",\"beta\":-0.4304366361485941,\"fluctuate_rate\":79.31488418502425,\"id\":\"\",\"name\":\"物产中拓-000906\",\"alpha\":0.8753402076900162,\"asset_value_percent\":2.2490856472618717,\"m3_r\":-20.52001019627835,\"var_v\":-8.120000721377698,\"parent_id\":\"\"},{\"m1_r\":-5.902951475737872,\"total_r\":0,\"risk_open\":0,\"clean_value\":2002000,\"date\":\"2014-03-20\",\"beta\":0.047764916818164506,\"fluctuate_rate\":41.58527336281463,\"id\":\"\",\"name\":\"汽车\",\"alpha\":0.01578075625765135,\"asset_value_percent\":2.1993912909074274,\"m3_r\":-9.990958408679928,\"var_v\":-4.326093040620823,\"parent_id\":\"\"},{\"m1_r\":-23.49514563106796,\"total_r\":0,\"last\":true,\"risk_open\":0,\"clean_value\":2002000,\"date\":\"2014-03-20\",\"beta\":2.1717334707848917,\"fluctuate_rate\":71.1750644385317,\"id\":\"\",\"name\":\"星宇股份-601799\",\"alpha\":0.7175056263472113,\"asset_value_percent\":2.1993912909074274,\"m3_r\":-23.49514563106796,\"var_v\":-6.562102676703684,\"parent_id\":\"\"},{\"m1_r\":-7.3002754820936655,\"total_r\":0,\"risk_open\":0,\"clean_value\":87840,\"date\":\"2014-03-20\",\"beta\":6.337663440246706E-4,\"fluctuate_rate\":11.065415236059,\"id\":\"\",\"name\":\"农林牧渔\",\"alpha\":2.2141853800926211E-4,\"asset_value_percent\":0.09650076473192229,\"m3_r\":-7.3002754820936655,\"var_v\":-1.1511290409623622,\"parent_id\":\"\"},{\"m1_r\":-12.307692307692308,\"total_r\":0,\"last\":true,\"risk_open\":0,\"clean_value\":87840,\"date\":\"2014-03-20\",\"beta\":0.6567474835927614,\"fluctuate_rate\":44.515202479629224,\"id\":\"\",\"name\":\"民和股份-002234\",\"alpha\":0.22944744388747546,\"asset_value_percent\":0.09650076473192229,\"m3_r\":-16.534472239170228,\"var_v\":-2.8196405054432208,\"parent_id\":\"\"},{\"m1_r\":-0.5633111016281056,\"total_r\":-1.6460442327173364,\"risk_open\":0,\"clean_value\":155431.15999999997,\"date\":\"2014-03-20\",\"beta\":0,\"fluctuate_rate\":6.060114405293136,\"id\":\"\",\"name\":\"债券类\",\"alpha\":0,\"asset_value_percent\":0.1707562136062132,\"m3_r\":-1.6460442327173364,\"var_v\":-0.6304303575300632,\"parent_id\":\"\"},{\"m1_r\":0,\"total_r\":0,\"last\":true,\"risk_open\":0,\"clean_value\":155431.15999999997,\"date\":\"2014-03-20\",\"beta\":0,\"fluctuate_rate\":null,\"id\":\"\",\"name\":\"深燃转债-113006\",\"alpha\":0,\"asset_value_percent\":0.1707562136062132,\"m3_r\":0,\"var_v\":-0.6304303575300632,\"parent_id\":\"\"},{\"m1_r\":0,\"total_r\":0,\"risk_open\":0,\"clean_value\":2.5080155840000004E7,\"date\":\"2014-03-20\",\"beta\":0,\"fluctuate_rate\":0,\"id\":\"\",\"name\":\"其他类\",\"alpha\":0,\"asset_value_percent\":27.55298517936916,\"m3_r\":0,\"var_v\":0,\"parent_id\":\"\"},{\"m1_r\":0,\"total_r\":0,\"last\":true,\"risk_open\":0,\"clean_value\":1179817.72,\"date\":\"2014-03-20\",\"beta\":0,\"fluctuate_rate\":0,\"id\":\"\",\"name\":\"银行存款\",\"alpha\":0,\"asset_value_percent\":1.2961442648482806,\"m3_r\":0,\"var_v\":0,\"parent_id\":\"\"},{\"m1_r\":0,\"total_r\":0,\"last\":true,\"risk_open\":0,\"clean_value\":4953544.56,\"date\":\"2014-03-20\",\"beta\":0,\"fluctuate_rate\":0,\"id\":\"\",\"name\":\"存出保证金\",\"alpha\":0,\"asset_value_percent\":5.441949432760172,\"m3_r\":0,\"var_v\":0,\"parent_id\":\"\"},{\"m1_r\":0,\"total_r\":0,\"last\":true,\"risk_open\":0,\"clean_value\":1.53129558E7,\"date\":\"2014-03-20\",\"beta\":0,\"fluctuate_rate\":0,\"id\":\"\",\"name\":\"清算备付金\",\"alpha\":0,\"asset_value_percent\":16.82276804424095,\"m3_r\":0,\"var_v\":0,\"parent_id\":\"\"},{\"m1_r\":0,\"total_r\":0,\"last\":true,\"risk_open\":0,\"clean_value\":3633837.760000005,\"date\":\"2014-03-20\",\"beta\":0,\"fluctuate_rate\":0,\"id\":\"\",\"name\":\"其他资产\",\"alpha\":0,\"asset_value_percent\":3.992123437519763,\"m3_r\":0,\"var_v\":0,\"parent_id\":\"\"},{\"m1_r\":0,\"total_r\":0,\"last\":true,\"risk_open\":0,\"clean_value\":-4259443.15,\"date\":\"2014-03-20\",\"beta\":0,\"fluctuate_rate\":0,\"id\":\"\",\"name\":\"其他负债\",\"alpha\":0,\"asset_value_percent\":-4.67941167244021,\"m3_r\":0,\"var_v\":0,\"parent_id\":\"\"},{\"m1_r\":-4.04472787629947,\"total_r\":-4.04472787629947,\"risk_open\":-1.3197820926275625,\"clean_value\":8.987608462E7,\"date\":\"2014-03-21\",\"beta\":0.20021494093778708,\"fluctuate_rate\":17.22163378156691,\"id\":\"\",\"name\":\"汇总\",\"alpha\":0.014780974568255764,\"asset_value_percent\":100.38322964001158,\"m3_r\":-4.04472787629947,\"first\":true,\"var_v\":-1.7912824652008597},{\"m1_r\":-4.664648631069013,\"total_r\":0,\"risk_open\":0,\"clean_value\":6.909726296E7,\"date\":\"2014-03-21\",\"beta\":0.6514606791476325,\"fluctuate_rate\":21.457209999357218,\"id\":\"\",\"name\":\"股票类\",\"alpha\":0.04412498570899502,\"asset_value_percent\":77.17521790737244,\"m3_r\":-4.664648631069013,\"var_v\":-2.232181715856251,\"parent_id\":\"\"},{\"m1_r\":-7.13812165740787,\"total_r\":0,\"risk_open\":0,\"clean_value\":2.654955992E7,\"date\":\"2014-03-21\",\"beta\":0.2865206641002604,\"fluctuate_rate\":35.55782935421285,\"id\":\"\",\"name\":\"电子\",\"alpha\":-0.11415151405442284,\"asset_value_percent\":29.65338979283416,\"m3_r\":-7.13812165740787,\"var_v\":-3.6990613664305982,\"parent_id\":\"\"},{\"m1_r\":-16.000740775035883,\"total_r\":0,\"last\":true,\"risk_open\":0,\"clean_value\":7111400,\"date\":\"2014-03-21\",\"beta\":0.9058026635062686,\"fluctuate_rate\":43.90905612776588,\"id\":\"\",\"name\":\"三安光电-600703\",\"alpha\":-0.33970281909890526,\"asset_value_percent\":7.942772566030573,\"m3_r\":-17.234615209160165,\"var_v\":-4.492725789571552,\"parent_id\":\"\"},{\"m1_r\":-18.62360218891268,\"total_r\":0,\"last\":true,\"risk_open\":0,\"clean_value\":1838896.46,\"date\":\"2014-03-21\",\"beta\":1.1587371216918316,\"fluctuate_rate\":46.90020510883572,\"id\":\"\",\"name\":\"歌尔声学-002241\",\"alpha\":-0.4051912445477208,\"asset_value_percent\":2.0538763610904653,\"m3_r\":-23.38793224135517,\"var_v\":-4.799484280676467,\"parent_id\":\"\"},{\"m1_r\":-16.21515315403903,\"total_r\":0,\"last\":true,\"risk_open\":0,\"clean_value\":4552308.6,\"date\":\"2014-03-21\",\"beta\":0.8765272781543703,\"fluctuate_rate\":42.333356924847045,\"id\":\"\",\"name\":\"大族激光-002008\",\"alpha\":-0.39064732252381734,\"asset_value_percent\":5.08450542230574,\"m3_r\":-18.131155416766752,\"var_v\":-4.331582200310105,\"parent_id\":\"\"},{\"m1_r\":-19.337294793030512,\"total_r\":0,\"last\":true,\"risk_open\":0,\"clean_value\":5832963.12,\"date\":\"2014-03-21\",\"beta\":0.9289944045075674,\"fluctuate_rate\":47.58293379173328,\"id\":\"\",\"name\":\"德豪润达-002005\",\"alpha\":-0.28073461767441604,\"asset_value_percent\":6.514877443007578,\"m3_r\":-20.37975941942539,\"var_v\":-4.867365878322796,\"parent_id\":\"\"},{\"m1_r\":-19.949822649018078,\"total_r\":0,\"last\":true,\"risk_open\":0,\"clean_value\":1887291,\"date\":\"2014-03-21\",\"beta\":1.3272578138992568,\"fluctuate_rate\":47.51673709478427,\"id\":\"\",\"name\":\"长盈精密-300115\",\"alpha\":-0.5370249469734854,\"asset_value_percent\":2.107928562437271,\"m3_r\":-25.306748466257666,\"var_v\":-4.862760412272269,\"parent_id\":\"\"},{\"m1_r\":-16.44859813084113,\"total_r\":0,\"last\":true,\"risk_open\":0,\"clean_value\":352630.3,\"date\":\"2014-03-21\",\"beta\":0.19732163182157786,\"fluctuate_rate\":54.257566620033785,\"id\":\"\",\"name\":\"佛山照明-000541\",\"alpha\":-0.030585619379794305,\"asset_value_percent\":0.3938552567414476,\"m3_r\":-16.44859813084113,\"var_v\":-5.05597266313134,\"parent_id\":\"\"},{\"m1_r\":-26.29992464204973,\"total_r\":0,\"last\":true,\"risk_open\":0,\"clean_value\":816310.14,\"date\":\"2014-03-21\",\"beta\":1.2575165109932844,\"fluctuate_rate\":55.26333705879396,\"id\":\"\",\"name\":\"安洁科技-002635\",\"alpha\":-0.6740299669581076,\"asset_value_percent\":0.911742524026855,\"m3_r\":-28.288605367355913,\"var_v\":-4.923058284906295,\"parent_id\":\"\"},{\"m1_r\":-19.683138438325177,\"total_r\":0,\"last\":true,\"risk_open\":0,\"clean_value\":4157760.3,\"date\":\"2014-03-21\",\"beta\":0.9790567213108868,\"fluctuate_rate\":54.350469412575876,\"id\":\"\",\"name\":\"阳光照明-600261\",\"alpha\":-0.4976403652140204,\"asset_value_percent\":4.643831657194229,\"m3_r\":-24.34621944286527,\"var_v\":-5.204958600406037,\"parent_id\":\"\"},{\"m1_r\":-5.313550703302694,\"total_r\":0,\"risk_open\":0,\"clean_value\":1.33038408E7,\"date\":\"2014-03-21\",\"beta\":0.11121697583889023,\"fluctuate_rate\":33.63096426454192,\"id\":\"\",\"name\":\"化工\",\"alpha\":0.09641731504336956,\"asset_value_percent\":14.859153152554805,\"m3_r\":-6.552351476112051,\"var_v\":-3.4986106544221873,\"parent_id\":\"\"},{\"m1_r\":-15.802318486882239,\"total_r\":0,\"last\":true,\"risk_open\":0,\"clean_value\":1519917,\"date\":\"2014-03-21\",\"beta\":1.060086668511455,\"fluctuate_rate\":44.01925477703812,\"id\":\"\",\"name\":\"华峰超纤-300180\",\"alpha\":0.27393659419976213,\"asset_value_percent\":1.6976059636982157,\"m3_r\":-16.464891041162222,\"var_v\":-2.4191070555705734,\"parent_id\":\"\"},{\"m1_r\":-11.965960402917686,\"total_r\":0,\"last\":true,\"risk_open\":0,\"clean_value\":1.03649238E7,\"date\":\"2014-03-21\",\"beta\":0.7141585534409244,\"fluctuate_rate\":43.90358056706522,\"id\":\"\",\"name\":\"浙江龙盛-600352\",\"alpha\":0.7912810738385855,\"asset_value_percent\":11.576656130668695,\"m3_r\":-11.965960402917686,\"var_v\":-4.495726177118599,\"parent_id\":\"\"},{\"m1_r\":-11.710573800072178,\"total_r\":0,\"last\":true,\"risk_open\":0,\"clean_value\":1419000,\"date\":\"2014-03-21\",\"beta\":0.6653581216057463,\"fluctuate_rate\":47.0956434454609,\"id\":\"\",\"name\":\"华峰氨纶-002064\",\"alpha\":0.010288539220693907,\"asset_value_percent\":1.5848910581878932,\"m3_r\":-11.710573800072178,\"var_v\":-1.530055730842997,\"parent_id\":\"\"},{\"m1_r\":-5.136173541349454,\"total_r\":0,\"risk_open\":0,\"clean_value\":8884213.100000001,\"date\":\"2014-03-21\",\"beta\":0.07934859185575158,\"fluctuate_rate\":22.016908963060285,\"id\":\"\",\"name\":\"食品饮料\",\"alpha\":0.026490924000758385,\"asset_value_percent\":9.92283995858051,\"m3_r\":-5.136173541349454,\"var_v\":-2.29040689020087,\"parent_id\":\"\"},{\"m1_r\":-11.672862453531586,\"total_r\":0,\"last\":true,\"risk_open\":0,\"clean_value\":2099296.56,\"date\":\"2014-03-21\",\"beta\":1.1846339773107135,\"fluctuate_rate\":38.82760436387934,\"id\":\"\",\"name\":\"上海梅林-600073\",\"alpha\":0.13083932786925134,\"asset_value_percent\":2.3447190602033854,\"m3_r\":-12.550607287449388,\"var_v\":-3.96949785280683,\"parent_id\":\"\"},{\"m1_r\":-9.184549356223181,\"total_r\":0,\"last\":true,\"risk_open\":0,\"clean_value\":3005000,\"date\":\"2014-03-21\",\"beta\":0.915991129570967,\"fluctuate_rate\":36.59609530101033,\"id\":\"\",\"name\":\"得利斯-002330\",\"alpha\":0.5119951203358899,\"asset_value_percent\":3.3563055883401116,\"m3_r\":-9.184549356223181,\"var_v\":-3.5032374813700287,\"parent_id\":\"\"},{\"m1_r\":-16.823406478578896,\"total_r\":0,\"last\":true,\"risk_open\":0,\"clean_value\":1985472.54,\"date\":\"2014-03-21\",\"beta\":0.5252160400044729,\"fluctuate_rate\":60.72318334580773,\"id\":\"\",\"name\":\"惠泉啤酒-600573\",\"alpha\":0.4402091641949123,\"asset_value_percent\":2.2175882134768172,\"m3_r\":-16.823406478578896,\"var_v\":-6.203987965368101,\"parent_id\":\"\"},{\"m1_r\":-7.818430241384555,\"total_r\":0,\"last\":true,\"risk_open\":0,\"clean_value\":1794444,\"date\":\"2014-03-21\",\"beta\":0.458114888424627,\"fluctuate_rate\":28.744928001826658,\"id\":\"\",\"name\":\"青岛啤酒-600600\",\"alpha\":-0.17578038136365814,\"asset_value_percent\":2.0042270965601943,\"m3_r\":-11.718522826403033,\"var_v\":-2.3559887979856744,\"parent_id\":\"\"},{\"m1_r\":-5.411879340284409,\"total_r\":0,\"risk_open\":0,\"clean_value\":6707753,\"date\":\"2014-03-21\",\"beta\":0.08718586052646887,\"fluctuate_rate\":39.261439989689435,\"id\":\"\",\"name\":\"医药生物\",\"alpha\":0.04407525743481101,\"asset_value_percent\":7.491936399036655,\"m3_r\":-5.411879340284409,\"var_v\":-4.084345937137099,\"parent_id\":\"\"},{\"m1_r\":-8.999699006722183,\"total_r\":0,\"last\":true,\"risk_open\":0,\"clean_value\":4032553,\"date\":\"2014-03-21\",\"beta\":1.266225608359896,\"fluctuate_rate\":51.38208077159998,\"id\":\"\",\"name\":\"中国医药-600056\",\"alpha\":0.6281152570007172,\"asset_value_percent\":4.503986745150644,\"m3_r\":-8.999699006722183,\"var_v\":-5.196691679798963,\"parent_id\":\"\"},{\"m1_r\":-16.22060016220601,\"total_r\":0,\"last\":true,\"risk_open\":0,\"clean_value\":2675200,\"date\":\"2014-03-21\",\"beta\":1.0092280813037575,\"fluctuate_rate\":78.419768483721,\"id\":\"\",\"name\":\"运盛实业-600767\",\"alpha\":0.5282896749849987,\"asset_value_percent\":2.987949653886012,\"m3_r\":-16.22060016220601,\"var_v\":-8.242723855281458,\"parent_id\":\"\"},{\"m1_r\":-5.789473684210522,\"total_r\":0,\"risk_open\":0,\"clean_value\":5012429.03,\"date\":\"2014-03-21\",\"beta\":0.01863862713128538,\"fluctuate_rate\":26.449490818695644,\"id\":\"\",\"name\":\"轻工制造\",\"alpha\":-0.01667635777752543,\"asset_value_percent\":5.5984171595830965,\"m3_r\":-5.789473684210522,\"var_v\":-2.7515259346843712,\"parent_id\":\"\"},{\"m1_r\":-15.241765942536778,\"total_r\":0,\"last\":true,\"risk_open\":0,\"clean_value\":5012429.03,\"date\":\"2014-03-21\",\"beta\":0.3329267291091499,\"fluctuate_rate\":50.08902703459451,\"id\":\"\",\"name\":\"宜华木业-600978\",\"alpha\":-0.2978762979278823,\"asset_value_percent\":5.5984171595830965,\"m3_r\":-19.42038640906062,\"var_v\":-2.8978202075961446,\"parent_id\":\"\"},{\"m1_r\":-5.369904232850153,\"total_r\":0,\"risk_open\":0,\"clean_value\":4499500,\"date\":\"2014-03-21\",\"beta\":0.039357863141194716,\"fluctuate_rate\":26.187769022059754,\"id\":\"\",\"name\":\"计算机\",\"alpha\":-0.017553522752792393,\"asset_value_percent\":5.025523126368164,\"m3_r\":-5.369904232850153,\"var_v\":-2.724299160601945,\"parent_id\":\"\"},{\"m1_r\":-14.895448954489543,\"total_r\":0,\"last\":true,\"risk_open\":0,\"clean_value\":2443500,\"date\":\"2014-03-21\",\"beta\":0.8926881522132649,\"fluctuate_rate\":60.398708463287875,\"id\":\"\",\"name\":\"神州泰岳-300002\",\"alpha\":-0.6320488805611412,\"asset_value_percent\":2.7291622978732324,\"m3_r\":-23.339427178549666,\"var_v\":-5.3401016057804425,\"parent_id\":\"\"},{\"m1_r\":-15.792780167206299,\"total_r\":0,\"last\":true,\"risk_open\":0,\"clean_value\":2056000,\"date\":\"2014-03-21\",\"beta\":0.6529877390060247,\"fluctuate_rate\":46.36057171185128,\"id\":\"\",\"name\":\"航天信息-600271\",\"alpha\":-0.013233242642754842,\"asset_value_percent\":2.2963608284949317,\"m3_r\":-15.792780167206299,\"var_v\":-3.360185256865975,\"parent_id\":\"\"},{\"m1_r\":-5.902951475737872,\"total_r\":0,\"risk_open\":0,\"clean_value\":2060000,\"date\":\"2014-03-21\",\"beta\":0.041058696068800284,\"fluctuate_rate\":42.318592438303114,\"id\":\"\",\"name\":\"汽车\",\"alpha\":0.0072223627735349735,\"asset_value_percent\":2.3008284565659336,\"m3_r\":-9.990958408679928,\"var_v\":-4.402379819388568,\"parent_id\":\"\"},{\"m1_r\":-23.376118241929213,\"total_r\":0,\"last\":true,\"risk_open\":0,\"clean_value\":2060000,\"date\":\"2014-03-21\",\"beta\":1.7845179179538577,\"fluctuate_rate\":68.21368944110539,\"id\":\"\",\"name\":\"星宇股份-601799\",\"alpha\":0.31390270547655696,\"asset_value_percent\":2.3008284565659336,\"m3_r\":-23.49514563106796,\"var_v\":-6.420162033133719,\"parent_id\":\"\"},{\"m1_r\":-9.372797744890772,\"total_r\":0,\"risk_open\":0,\"clean_value\":1991029.11,\"date\":\"2014-03-21\",\"beta\":-0.012432318566432163,\"fluctuate_rate\":78.71082024181509,\"id\":\"\",\"name\":\"钢铁\",\"alpha\":0.01815841398878818,\"asset_value_percent\":2.223794385504439,\"m3_r\":-9.372797744890772,\"var_v\":-8.188243196067475,\"parent_id\":\"\"},{\"m1_r\":-22.686719347438178,\"total_r\":0,\"last\":true,\"risk_open\":0,\"clean_value\":1991029.11,\"date\":\"2014-03-21\",\"beta\":-0.5590588162049007,\"fluctuate_rate\":80.00064655888039,\"id\":\"\",\"name\":\"物产中拓-000906\",\"alpha\":0.8165509413618374,\"asset_value_percent\":2.223794385504439,\"m3_r\":-22.686719347438178,\"var_v\":-8.188243196067475,\"parent_id\":\"\"},{\"m1_r\":-7.3002754820936655,\"total_r\":0,\"risk_open\":0,\"clean_value\":88938,\"date\":\"2014-03-21\",\"beta\":5.657190514133226E-4,\"fluctuate_rate\":11.770123640612166,\"id\":\"\",\"name\":\"农林牧渔\",\"alpha\":1.4210705247353828E-4,\"asset_value_percent\":0.09933547634468981,\"m3_r\":-7.3002754820936655,\"var_v\":-1.2244394674204584,\"parent_id\":\"\"},{\"m1_r\":-11.570782159017456,\"total_r\":0,\"last\":true,\"risk_open\":0,\"clean_value\":88938,\"date\":\"2014-03-21\",\"beta\":0.5695035371354157,\"fluctuate_rate\":44.39720987022372,\"id\":\"\",\"name\":\"民和股份-002234\",\"alpha\":0.14305770476242843,\"asset_value_percent\":0.09933547634468981,\"m3_r\":-16.534472239170228,\"var_v\":-3.0786700485145255,\"parent_id\":\"\"},{\"m1_r\":-0.5633111016281056,\"total_r\":-1.6460442327173364,\"risk_open\":0,\"clean_value\":155916.81,\"date\":\"2014-03-21\",\"beta\":0,\"fluctuate_rate\":6.099545733099729,\"id\":\"\",\"name\":\"债券类\",\"alpha\":0,\"asset_value_percent\":0.17414457927426402,\"m3_r\":-1.6460442327173364,\"var_v\":-0.6345323768030464,\"parent_id\":\"\"},{\"m1_r\":0,\"total_r\":0,\"last\":true,\"risk_open\":0,\"clean_value\":155916.81,\"date\":\"2014-03-21\",\"beta\":0,\"fluctuate_rate\":null,\"id\":\"\",\"name\":\"深燃转债-113006\",\"alpha\":0,\"asset_value_percent\":0.17414457927426402,\"m3_r\":0,\"var_v\":-0.6345323768030464,\"parent_id\":\"\"},{\"m1_r\":0,\"total_r\":0,\"risk_open\":0,\"clean_value\":2.062290485000001E7,\"date\":\"2014-03-21\",\"beta\":0,\"fluctuate_rate\":0,\"id\":\"\",\"name\":\"其他类\",\"alpha\":0,\"asset_value_percent\":23.033867153364866,\"m3_r\":0,\"var_v\":0,\"parent_id\":\"\"},{\"m1_r\":0,\"total_r\":0,\"last\":true,\"risk_open\":0,\"clean_value\":856446.89,\"date\":\"2014-03-21\",\"beta\":0,\"fluctuate_rate\":0,\"id\":\"\",\"name\":\"银行存款\",\"alpha\":0,\"asset_value_percent\":0.9565715417715503,\"m3_r\":0,\"var_v\":0,\"parent_id\":\"\"},{\"m1_r\":0,\"total_r\":0,\"last\":true,\"risk_open\":0,\"clean_value\":8638461.36,\"date\":\"2014-03-21\",\"beta\":0,\"fluctuate_rate\":0,\"id\":\"\",\"name\":\"存出保证金\",\"alpha\":0,\"asset_value_percent\":9.648358115550124,\"m3_r\":0,\"var_v\":0,\"parent_id\":\"\"},{\"m1_r\":0,\"total_r\":0,\"last\":true,\"risk_open\":0,\"clean_value\":9393177.11,\"date\":\"2014-03-21\",\"beta\":0,\"fluctuate_rate\":0,\"id\":\"\",\"name\":\"清算备付金\",\"alpha\":0,\"asset_value_percent\":10.49130543313192,\"m3_r\":0,\"var_v\":0,\"parent_id\":\"\"},{\"m1_r\":0,\"total_r\":0,\"last\":true,\"risk_open\":0,\"clean_value\":1734819.49000001,\"date\":\"2014-03-21\",\"beta\":0,\"fluctuate_rate\":0,\"id\":\"\",\"name\":\"其他资产\",\"alpha\":0,\"asset_value_percent\":1.9376320629112733,\"m3_r\":0,\"var_v\":0,\"parent_id\":\"\"},{\"m1_r\":0,\"total_r\":0,\"last\":true,\"risk_open\":0,\"clean_value\":-343116.87,\"date\":\"2014-03-21\",\"beta\":0,\"fluctuate_rate\":0,\"id\":\"\",\"name\":\"其他负债\",\"alpha\":0,\"asset_value_percent\":-0.3832296400115699,\"m3_r\":0,\"var_v\":0,\"parent_id\":\"\"}]},\"message\":\"成功\"}"
     but: was "{\"code\":0,\"data\":{\"count\":8,\"result\":[{\"m1_r\":-3.8700096095046765,\"total_r\":-3.8700096095046765,\"risk_open\":32.08370848318596,\"clean_value\":9.700876359999998E7,\"date\":\"2014-03-18\",\"beta\":0.3667182010932133,\"fluctuate_rate\":16.501945142297338,\"id\":\"\",\"name\":\"精选1号\",\"alpha\":0.20752940966255579,\"asset_value_percent\":104.35480642333627,\"m3_r\":-3.8700096095046765,\"first\":true,\"var_v\":-1.5523587229461118},{\"m1_r\":-4.664648631069013,\"total_r\":0,\"risk_open\":0,\"clean_value\":7.239291458E7,\"date\":\"2014-03-18\",\"beta\":0.7466221462332375,\"fluctuate_rate\":20.61068453569669,\"id\":\"\",\"name\":\"股票类\",\"alpha\":0.24510627206463492,\"asset_value_percent\":77.87490848318596,\"m3_r\":-4.664648631069013,\"var_v\":-2.1441181389957755,\"parent_id\":\"\"},{\"m1_r\":-7.13812165740787,\"total_r\":0,\"risk_open\":0,\"clean_value\":3.0530968509999998E7,\"date\":\"2014-03-18\",\"beta\":0.36111136291115603,\"fluctuate_rate\":32.873843709763385,\"id\":\"\",\"name\":\"电子\",\"alpha\":-0.007223269928414407,\"asset_value_percent\":32.84294315836458,\"m3_r\":-7.13812165740787,\"var_v\":-3.419847820897874,\"parent_id\":\"\"},{\"m1_r\":-17.649086521889,\"total_r\":0,\"last\":true,\"risk_open\":0,\"clean_value\":1646184,\"date\":\"2014-03-18\",\"beta\":1.2873926167090513,\"fluctuate_rate\":44.99845263461974,\"id\":\"\",\"name\":\"勤上光电-002638\",\"alpha\":-0.05550604842273661,\"asset_value_percent\":1.7708422031387838,\"m3_r\":-17.649086521889,\"var_v\":-4.119080015606117,\"parent_id\":\"\"},{\"m1_r\":-16.000740775035883,\"total_r\":0,\"last\":true,\"risk_open\":0,\"clean_value\":5927500,\"date\":\"2014-03-18\",\"beta\":0.9830510486061884,\"fluctuate_rate\":50.78629235453445,\"id\":\"\",\"name\":\"三安光电-600703\",\"alpha\":0.030410767848467118,\"asset_value_percent\":6.376363249251081,\"m3_r\":-17.234615209160165,\"var_v\":-5.194474994059902,\"parent_id\":\"\"},{\"m1_r\":-16.44859813084113,\"total_r\":0,\"last\":true,\"risk_open\":0,\"clean_value\":3056240,\"date\":\"2014-03-18\",\"beta\":0.15667575201559647,\"fluctuate_rate\":54.91489851633643,\"id\":\"\",\"name\":\"佛山照明-000541\",\"alpha\":0.2253598352795983,\"asset_value_percent\":3.28767548155059,\"m3_r\":-16.44859813084113,\"var_v\":-5.136059094795764,\"parent_id\":\"\"},{\"m1_r\":-19.75953079178886,\"total_r\":0,\"last\":true,\"risk_open\":0,\"clean_value\":1955640.56,\"date\":\"2014-03-18\",\"beta\":1.1639903570366794,\"fluctuate_rate\":45.68984217633276,\"id\":\"\",\"name\":\"歌尔声学-002241\",\"alpha\":-0.09308750558649206,\"asset_value_percent\":2.103732534041131,\"m3_r\":-23.38793224135517,\"var_v\":-4.673626885890354,\"parent_id\":\"\"},{\"m1_r\":-28.288605367355913,\"total_r\":0,\"last\":true,\"risk_open\":0,\"clean_value\":2078400,\"date\":\"2014-03-18\",\"beta\":1.8309076325381124,\"fluctuate_rate\":55.42261928791161,\"id\":\"\",\"name\":\"安洁科技-002635\",\"alpha\":-0.06371700922329412,\"asset_value_percent\":2.235788001222007,\"m3_r\":-28.288605367355913,\"var_v\":-4.5855829230102385,\"parent_id\":\"\"},{\"m1_r\":-16.469228546662805,\"total_r\":0,\"last\":true,\"risk_open\":0,\"clean_value\":4814500.6,\"date\":\"2014-03-18\",\"beta\":1.2019229143687369,\"fluctuate_rate\":44.49761383591027,\"id\":\"\",\"name\":\"大族激光-002008\",\"alpha\":-0.03287484172202393,\"asset_value_percent\":5.1790813478426445,\"m3_r\":-16.6658659620466,\"var_v\":-4.551201630658422,\"parent_id\":\"\"},{\"m1_r\":-19.683138438325177,\"total_r\":0,\"last\":true,\"risk_open\":0,\"clean_value\":2657916,\"date\":\"2014-03-18\",\"beta\":1.242294721781231,\"fluctuate_rate\":57.57791776143681,\"id\":\"\",\"name\":\"阳光照明-600261\",\"alpha\":0.09078823538154858,\"asset_value_percent\":2.8591881741031524,\"m3_r\":-24.34621944286527,\"var_v\":-5.166841968934775,\"parent_id\":\"\"},{\"m1_r\":-19.337294793030512,\"total_r\":0,\"last\":true,\"risk_open\":0,\"clean_value\":5448518.35,\"date\":\"2014-03-18\",\"beta\":1.0208497010198065,\"fluctuate_rate\":48.57024600749923,\"id\":\"\",\"name\":\"德豪润达-002005\",\"alpha\":-0.046092335662122584,\"asset_value_percent\":5.86111044619319,\"m3_r\":-20.37975941942539,\"var_v\":-4.9675097541703535,\"parent_id\":\"\"},{\"m1_r\":-21.704180064308687,\"total_r\":0,\"last\":true,\"risk_open\":0,\"clean_value\":2946069,\"date\":\"2014-03-18\",\"beta\":1.497433218440995,\"fluctuate_rate\":46.09393857423387,\"id\":\"\",\"name\":\"长盈精密-300115\",\"alpha\":-0.3280781163547086,\"asset_value_percent\":3.1691617210219967,\"m3_r\":-25.306748466257666,\"var_v\":-4.715618327870373,\"parent_id\":\"\"},{\"m1_r\":-5.313550703302694,\"total_r\":0,\"risk_open\":0,\"clean_value\":1.02053567E7,\"date\":\"2014-03-18\",\"beta\":0.12032575455252639,\"fluctuate_rate\":44.777122283918196,\"id\":\"\",\"name\":\"化工\",\"alpha\":0.09327372054071699,\"asset_value_percent\":10.978163037938133,\"m3_r\":-6.552351476112051,\"var_v\":-4.6581393225780925,\"parent_id\":\"\"},{\"m1_r\":-11.965960402917686,\"total_r\":0,\"last\":true,\"risk_open\":0,\"clean_value\":1.02053567E7,\"date\":\"2014-03-18\",\"beta\":1.096046343424732,\"fluctuate_rate\":45.49177848529223,\"id\":\"\",\"name\":\"浙江龙盛-600352\",\"alpha\":0.8496295802711564,\"asset_value_percent\":10.978163037938133,\"m3_r\":-11.965960402917686,\"var_v\":-4.6581393225780925,\"parent_id\":\"\"},{\"m1_r\":-4.695616029586047,\"total_r\":0,\"risk_open\":0,\"clean_value\":6993300,\"date\":\"2014-03-18\",\"beta\":0.06616345707390606,\"fluctuate_rate\":19.775481948323574,\"id\":\"\",\"name\":\"计算机\",\"alpha\":0.01629673943652076,\"asset_value_percent\":7.522871549723758,\"m3_r\":-4.695616029586047,\"var_v\":-2.0572324747073636,\"parent_id\":\"\"},{\"m1_r\":-13.109812365426022,\"total_r\":0,\"last\":true,\"risk_open\":0,\"clean_value\":2697300,\"date\":\"2014-03-18\",\"beta\":1.1823446544940013,\"fluctuate_rate\":59.80112555511382,\"id\":\"\",\"name\":\"神州泰岳-300002\",\"alpha\":-0.10583633839562148,\"asset_value_percent\":2.9015545495073707,\"m3_r\":-21.755027422303463,\"var_v\":-5.244223411016907,\"parent_id\":\"\"},{\"m1_r\":-11.303339293480896,\"total_r\":0,\"last\":true,\"risk_open\":0,\"clean_value\":4296000,\"date\":\"2014-03-18\",\"beta\":0.6893507188337541,\"fluctuate_rate\":47.91182740433298,\"id\":\"\",\"name\":\"航天信息-600271\",\"alpha\":0.41909348628029763,\"asset_value_percent\":4.621317000216388,\"m3_r\":-11.303339293480896,\"var_v\":-3.162810963501541,\"parent_id\":\"\"},{\"m1_r\":-5.411879340284409,\"total_r\":0,\"risk_open\":0,\"clean_value\":6818726,\"date\":\"2014-03-18\",\"beta\":0.09184916632693071,\"fluctuate_rate\":39.58464057939267,\"id\":\"\",\"name\":\"医药生物\",\"alpha\":0.050946517397570126,\"asset_value_percent\":7.335077836037591,\"m3_r\":-5.411879340284409,\"var_v\":-4.117968316137498,\"parent_id\":\"\"},{\"m1_r\":-16.22060016220601,\"total_r\":0,\"last\":true,\"risk_open\":0,\"clean_value\":1808000,\"date\":\"2014-03-18\",\"beta\":1.172648555853117,\"fluctuate_rate\":76.53964288606561,\"id\":\"\",\"name\":\"运盛实业-600767\",\"alpha\":1.0320726894541044,\"asset_value_percent\":1.9449118101469345,\"m3_r\":-16.22060016220601,\"var_v\":-8.474997082407485,\"parent_id\":\"\"},{\"m1_r\":-8.999699006722183,\"total_r\":0,\"last\":true,\"risk_open\":0,\"clean_value\":5010726,\"date\":\"2014-03-18\",\"beta\":1.2808916412035307,\"fluctuate_rate\":50.21792706590227,\"id\":\"\",\"name\":\"中国医药-600056\",\"alpha\":0.5727766755751216,\"asset_value_percent\":5.390166025890657,\"m3_r\":-8.999699006722183,\"var_v\":-5.311987529695158,\"parent_id\":\"\"},{\"m1_r\":-5.136173541349454,\"total_r\":0,\"risk_open\":0,\"clean_value\":6795334.73,\"date\":\"2014-03-18\",\"beta\":0.07288680498857111,\"fluctuate_rate\":24.208211026828995,\"id\":\"\",\"name\":\"食品饮料\",\"alpha\":0.021734940692043653,\"asset_value_percent\":7.309915249047916,\"m3_r\":-5.136173541349454,\"var_v\":-2.518366834704797,\"parent_id\":\"\"},{\"m1_r\":-16.823406478578896,\"total_r\":0,\"last\":true,\"risk_open\":0,\"clean_value\":1910942.79,\"date\":\"2014-03-18\",\"beta\":0.5420951943949447,\"fluctuate_rate\":59.25116676315657,\"id\":\"\",\"name\":\"惠泉啤酒-600573\",\"alpha\":0.3484562672509403,\"asset_value_percent\":2.055650000434808,\"m3_r\":-16.823406478578896,\"var_v\":-6.05017438139706,\"parent_id\":\"\"},{\"m1_r\":-12.35706381409073,\"total_r\":0,\"last\":true,\"risk_open\":0,\"clean_value\":2104391.94,\"date\":\"2014-03-18\",\"beta\":1.2490056427650498,\"fluctuate_rate\":37.42155792693686,\"id\":\"\",\"name\":\"上海梅林-600073\",\"alpha\":0.18597387910277768,\"asset_value_percent\":2.263748195400453,\"m3_r\":-12.550607287449388,\"var_v\":-3.8259729237693336,\"parent_id\":\"\"},{\"m1_r\":-9.184549356223181,\"total_r\":0,\"last\":true,\"risk_open\":0,\"clean_value\":2780000,\"date\":\"2014-03-18\",\"beta\":1.1191670814294727,\"fluctuate_rate\":34.36992108032278,\"id\":\"\",\"name\":\"得利斯-002330\",\"alpha\":0.3464925601928143,\"asset_value_percent\":2.9905170532126535,\"m3_r\":-9.184549356223181,\"var_v\":-3.0868681244219016,\"parent_id\":\"\"},{\"m1_r\":-5.789473684210522,\"total_r\":0,\"risk_open\":0,\"clean_value\":4911630.64,\"date\":\"2014-03-18\",\"beta\":0.017699174716027617,\"fluctuate_rate\":25.6039885062723,\"id\":\"\",\"name\":\"轻工制造\",\"alpha\":-0.007003531490822719,\"asset_value_percent\":5.283566614389129,\"m3_r\":-5.789473684210522,\"var_v\":-2.6635687956825107,\"parent_id\":\"\"},{\"m1_r\":-15.241765942536778,\"total_r\":0,\"last\":true,\"risk_open\":0,\"clean_value\":4911630.64,\"date\":\"2014-03-18\",\"beta\":0.3349853613622688,\"fluctuate_rate\":51.69745043557687,\"id\":\"\",\"name\":\"宜华木业-600978\",\"alpha\":-0.1325531028935924,\"asset_value_percent\":5.283566614389129,\"m3_r\":-19.42038640906062,\"var_v\":-2.9671604547581767,\"parent_id\":\"\"},{\"m1_r\":-9.372797744890772,\"total_r\":0,\"risk_open\":0,\"clean_value\":3873000,\"date\":\"2014-03-18\",\"beta\":-0.02924977124892555,\"fluctuate_rate\":75.29869575615662,\"id\":\"\",\"name\":\"钢铁\",\"alpha\":0.0457425631859529,\"asset_value_percent\":4.166285088882233,\"m3_r\":-9.372797744890772,\"var_v\":-7.833281768680578,\"parent_id\":\"\"},{\"m1_r\":-20.52001019627835,\"total_r\":0,\"last\":true,\"risk_open\":0,\"clean_value\":3873000,\"date\":\"2014-03-18\",\"beta\":-0.7020588035844885,\"fluctuate_rate\":76.49868495591728,\"id\":\"\",\"name\":\"物产中拓-000906\",\"alpha\":1.0979220627032296,\"asset_value_percent\":4.166285088882233,\"m3_r\":-20.52001019627835,\"var_v\":-7.833281768680578,\"parent_id\":\"\"},{\"m1_r\":-5.902951475737872,\"total_r\":0,\"risk_open\":0,\"clean_value\":2172000,\"date\":\"2014-03-18\",\"beta\":0.04534993141705713,\"fluctuate_rate\":37.36320503514759,\"id\":\"\",\"name\":\"汽车\",\"alpha\":0.03092597164760524,\"asset_value_percent\":2.336475913517224,\"m3_r\":-9.990958408679928,\"var_v\":-3.886873602287672,\"parent_id\":\"\"},{\"m1_r\":-23.49514563106796,\"total_r\":0,\"last\":true,\"risk_open\":0,\"clean_value\":2172000,\"date\":\"2014-03-18\",\"beta\":1.9409543729808632,\"fluctuate_rate\":73.54172710588351,\"id\":\"\",\"name\":\"星宇股份-601799\",\"alpha\":1.3236161121408991,\"asset_value_percent\":2.336475913517224,\"m3_r\":-23.49514563106796,\"var_v\":-6.278419592982737,\"parent_id\":\"\"},{\"m1_r\":-7.3002754820936655,\"total_r\":0,\"risk_open\":0,\"clean_value\":92598,\"date\":\"2014-03-18\",\"beta\":4.862654959879331E-4,\"fluctuate_rate\":0,\"id\":\"\",\"name\":\"农林牧渔\",\"alpha\":4.126205834624554E-4,\"asset_value_percent\":0.0996100352853904,\"m3_r\":-7.3002754820936655,\"var_v\":0,\"parent_id\":\"\"},{\"m1_r\":-12.307692307692308,\"total_r\":0,\"last\":true,\"risk_open\":0,\"clean_value\":92598,\"date\":\"2014-03-18\",\"beta\":0.4881691835513812,\"fluctuate_rate\":42.918600222843786,\"id\":\"\",\"name\":\"民和股份-002234\",\"alpha\":0.41423595753205567,\"asset_value_percent\":0.0996100352853904,\"m3_r\":-16.534472239170228,\"var_v\":0,\"parent_id\":\"\"},{\"m1_r\":-0.5633111016281056,\"total_r\":-1.6460442327173364,\"risk_open\":0,\"clean_value\":156150.37,\"date\":\"2014-03-18\",\"beta\":1.802505585727596E-4,\"fluctuate_rate\":5.9459982164662915,\"id\":\"\",\"name\":\"债券类\",\"alpha\":1.4404955928868133E-4,\"asset_value_percent\":0.16797494401095883,\"m3_r\":-1.6460442327173364,\"var_v\":-0.6185589133772534,\"parent_id\":\"\"},{\"m1_r\":-1.1971758927657894,\"total_r\":-4.87435664547381,\"last\":true,\"risk_open\":0,\"clean_value\":156150.37,\"date\":\"2014-03-18\",\"beta\":0.10730800336566858,\"fluctuate_rate\":6.053820261698015,\"id\":\"\",\"name\":\"深燃转债-113006\",\"alpha\":0.08575657526594169,\"asset_value_percent\":0.16797494401095883,\"m3_r\":-4.87435664547381,\"var_v\":-0.6185589133772534,\"parent_id\":\"\"},{\"m1_r\":0,\"total_r\":0,\"risk_open\":0,\"clean_value\":2.4459698650000002E7,\"date\":\"2014-03-18\",\"beta\":0,\"fluctuate_rate\":0,\"id\":\"\",\"name\":\"其他类\",\"alpha\":0,\"asset_value_percent\":26.311922996139398,\"m3_r\":0,\"var_v\":0,\"parent_id\":\"\"},{\"m1_r\":0,\"total_r\":0,\"last\":true,\"risk_open\":0,\"clean_value\":1683069.82,\"date\":\"2014-03-18\",\"beta\":0,\"fluctuate_rate\":0,\"id\":\"\",\"name\":\"银行存款\",\"alpha\":0,\"asset_value_percent\":1.810521222466745,\"m3_r\":0,\"var_v\":0,\"parent_id\":\"\"},{\"m1_r\":0,\"total_r\":0,\"last\":true,\"risk_open\":0,\"clean_value\":5313134.16,\"date\":\"2014-03-18\",\"beta\":0,\"fluctuate_rate\":0,\"id\":\"\",\"name\":\"存出保证金\",\"alpha\":0,\"asset_value_percent\":5.715474212764995,\"m3_r\":0,\"var_v\":0,\"parent_id\":\"\"},{\"m1_r\":0,\"total_r\":0,\"last\":true,\"risk_open\":0,\"clean_value\":1.417945539E7,\"date\":\"2014-03-18\",\"beta\":0,\"fluctuate_rate\":0,\"id\":\"\",\"name\":\"清算备付金\",\"alpha\":0,\"asset_value_percent\":15.253202571605426,\"m3_r\":0,\"var_v\":0,\"parent_id\":\"\"},{\"m1_r\":0,\"total_r\":0,\"last\":true,\"risk_open\":0,\"clean_value\":3284039.280000001,\"date\":\"2014-03-18\",\"beta\":0,\"fluctuate_rate\":0,\"id\":\"\",\"name\":\"其他资产\",\"alpha\":0,\"asset_value_percent\":3.5327249893022334,\"m3_r\":0,\"var_v\":0,\"parent_id\":\"\"},{\"m1_r\":0,\"total_r\":0,\"last\":true,\"risk_open\":0,\"clean_value\":-4048250.4,\"date\":\"2014-03-18\",\"beta\":0,\"fluctuate_rate\":0,\"id\":\"\",\"name\":\"其他负债\",\"alpha\":0,\"asset_value_percent\":-4.354806423336312,\"m3_r\":0,\"var_v\":0,\"parent_id\":\"\"},{\"m1_r\":-3.8700096095046765,\"total_r\":-3.8700096095046765,\"risk_open\":30.15153854254997,\"clean_value\":9.293858135E7,\"date\":\"2014-03-19\",\"beta\":0.3733103092035551,\"fluctuate_rate\":16.566411455019693,\"id\":\"\",\"name\":\"精选1号\",\"alpha\":0.20768834698239327,\"asset_value_percent\":100.33949811968527,\"m3_r\":-3.8700096095046765,\"first\":true,\"var_v\":-1.5741726171778108},{\"m1_r\":-4.664648631069013,\"total_r\":0,\"risk_open\":0,\"clean_value\":7.193517239E7,\"date\":\"2014-03-19\",\"beta\":0.7419909775015263,\"fluctuate_rate\":20.674331041913074,\"id\":\"\",\"name\":\"股票类\",\"alpha\":0.23475274396091805,\"asset_value_percent\":77.66353854254997,\"m3_r\":-4.664648631069013,\"var_v\":-2.1507392499164677,\"parent_id\":\"\"},{\"m1_r\":-7.13812165740787,\"total_r\":0,\"risk_open\":0,\"clean_value\":2.9867088030000005E7,\"date\":\"2014-03-19\",\"beta\":0.36017139520048036,\"fluctuate_rate\":33.385689274495284,\"id\":\"\",\"name\":\"电子\",\"alpha\":-0.019257766129583284,\"asset_value_percent\":32.245474158258816,\"m3_r\":-7.13812165740787,\"var_v\":-3.4730948325536715,\"parent_id\":\"\"},{\"m1_r\":-17.649086521889,\"total_r\":0,\"last\":true,\"risk_open\":0,\"clean_value\":1632624,\"date\":\"2014-03-19\",\"beta\":1.278921041845785,\"fluctuate_rate\":44.936720130603824,\"id\":\"\",\"name\":\"勤上光电-002638\",\"alpha\":-0.05940793332278983,\"asset_value_percent\":1.7626336705230228,\"m3_r\":-17.649086521889,\"var_v\":-4.1170182902256105,\"parent_id\":\"\"},{\"m1_r\":-16.000740775035883,\"total_r\":0,\"last\":true,\"risk_open\":0,\"clean_value\":5897500,\"date\":\"2014-03-19\",\"beta\":0.9871105418615234,\"fluctuate_rate\":50.79775272176079,\"id\":\"\",\"name\":\"三安光电-600703\",\"alpha\":0.06183820494709343,\"asset_value_percent\":6.367131728989362,\"m3_r\":-17.234615209160165,\"var_v\":-5.195667417955696,\"parent_id\":\"\"},{\"m1_r\":-19.75953079178886,\"total_r\":0,\"last\":true,\"risk_open\":0,\"clean_value\":1831821.06,\"date\":\"2014-03-19\",\"beta\":1.2683225692741966,\"fluctuate_rate\":48.82972644440609,\"id\":\"\",\"name\":\"歌尔声学-002241\",\"alpha\":-0.18701961403979403,\"asset_value_percent\":1.9776932586616236,\"m3_r\":-23.38793224135517,\"var_v\":-4.995644509463258,\"parent_id\":\"\"},{\"m1_r\":-16.44859813084113,\"total_r\":0,\"last\":true,\"risk_open\":0,\"clean_value\":2998860,\"date\":\"2014-03-19\",\"beta\":0.1975130821000642,\"fluctuate_rate\":55.19893832608594,\"id\":\"\",\"name\":\"佛山照明-000541\",\"alpha\":0.19568398744342597,\"asset_value_percent\":3.2376662410847032,\"m3_r\":-16.44859813084113,\"var_v\":-5.100149523476594,\"parent_id\":\"\"},{\"m1_r\":-28.288605367355913,\"total_r\":0,\"last\":true,\"risk_open\":0,\"clean_value\":1961400,\"date\":\"2014-03-19\",\"beta\":1.9051691888872204,\"fluctuate_rate\":57.5340959183834,\"id\":\"\",\"name\":\"安洁科技-002635\",\"alpha\":-0.15426044869198433,\"asset_value_percent\":2.117590872952901,\"m3_r\":-28.288605367355913,\"var_v\":-5.266126079458505,\"parent_id\":\"\"},{\"m1_r\":-16.469228546662805,\"total_r\":0,\"last\":true,\"risk_open\":0,\"clean_value\":4670295,\"date\":\"2014-03-19\",\"beta\":1.2216821322356712,\"fluctuate_rate\":45.00439568828328,\"id\":\"\",\"name\":\"大族激光-002008\",\"alpha\":-0.12557922252770273,\"asset_value_percent\":5.042201522380732,\"m3_r\":-16.6658659620466,\"var_v\":-4.603500697952904,\"parent_id\":\"\"},{\"m1_r\":-19.683138438325177,\"total_r\":0,\"last\":true,\"risk_open\":0,\"clean_value\":2630100.6,\"date\":\"2014-03-19\",\"beta\":1.2400588560013355,\"fluctuate_rate\":57.57496412075058,\"id\":\"\",\"name\":\"阳光照明-600261\",\"alpha\":0.07402885317054869,\"asset_value_percent\":2.8395416669256393,\"m3_r\":-24.34621944286527,\"var_v\":-5.074034719557775,\"parent_id\":\"\"},{\"m1_r\":-19.337294793030512,\"total_r\":0,\"last\":true,\"risk_open\":0,\"clean_value\":5290237.37,\"date\":\"2014-03-19\",\"beta\":1.0216426804740424,\"fluctuate_rate\":48.341139990250966,\"id\":\"\",\"name\":\"德豪润达-002005\",\"alpha\":-0.19753890206137625,\"asset_value_percent\":5.71151135437257,\"m3_r\":-20.37975941942539,\"var_v\":-4.944962495383801,\"parent_id\":\"\"},{\"m1_r\":-21.704180064308687,\"total_r\":0,\"last\":true,\"risk_open\":0,\"clean_value\":2954250,\"date\":\"2014-03-19\",\"beta\":1.4984506143148166,\"fluctuate_rate\":45.87139509184241,\"id\":\"\",\"name\":\"长盈精密-300115\",\"alpha\":-0.18830272414049407,\"asset_value_percent\":3.189503842368261,\"m3_r\":-25.306748466257666,\"var_v\":-4.692194649826352,\"parent_id\":\"\"},{\"m1_r\":-5.313550703302694,\"total_r\":0,\"risk_open\":0,\"clean_value\":1.03649238E7,\"date\":\"2014-03-19\",\"beta\":0.12171836362924161,\"fluctuate_rate\":44.782083211767535,\"id\":\"\",\"name\":\"化工\",\"alpha\":0.10586556783606993,\"asset_value_percent\":11.190306942863414,\"m3_r\":-6.552351476112051,\"var_v\":-4.658655405164752,\"parent_id\":\"\"},{\"m1_r\":-11.965960402917686,\"total_r\":0,\"last\":true,\"risk_open\":0,\"clean_value\":1.03649238E7,\"date\":\"2014-03-19\",\"beta\":1.087712466250688,\"fluctuate_rate\":45.48825016023912,\"id\":\"\",\"name\":\"浙江龙盛-600352\",\"alpha\":0.9460470421107205,\"asset_value_percent\":11.190306942863414,\"m3_r\":-11.965960402917686,\"var_v\":-4.658655405164752,\"parent_id\":\"\"},{\"m1_r\":-5.136173541349454,\"total_r\":0,\"risk_open\":0,\"clean_value\":6982221.41,\"date\":\"2014-03-19\",\"beta\":0.0718713837246722,\"fluctuate_rate\":25.352182520384407,\"id\":\"\",\"name\":\"食品饮料\",\"alpha\":0.03232268872225268,\"asset_value_percent\":7.538232043821931,\"m3_r\":-5.136173541349454,\"var_v\":-2.6373735579205206,\"parent_id\":\"\"},{\"m1_r\":-16.823406478578896,\"total_r\":0,\"last\":true,\"risk_open\":0,\"clean_value\":1985472.54,\"date\":\"2014-03-19\",\"beta\":0.488389981916587,\"fluctuate_rate\":60.1395276491756,\"id\":\"\",\"name\":\"惠泉啤酒-600573\",\"alpha\":0.49022276822173305,\"asset_value_percent\":2.143580365658516,\"m3_r\":-16.823406478578896,\"var_v\":-6.143281582052351,\"parent_id\":\"\"},{\"m1_r\":-12.35706381409073,\"total_r\":0,\"last\":true,\"risk_open\":0,\"clean_value\":2096748.87,\"date\":\"2014-03-19\",\"beta\":1.2612819881761856,\"fluctuate_rate\":37.320671309272434,\"id\":\"\",\"name\":\"上海梅林-600073\",\"alpha\":0.25669614984714206,\"asset_value_percent\":2.263717890275471,\"m3_r\":-12.550607287449388,\"var_v\":-3.8156976526313056,\"parent_id\":\"\"},{\"m1_r\":-9.184549356223181,\"total_r\":0,\"last\":true,\"risk_open\":0,\"clean_value\":2900000,\"date\":\"2014-03-19\",\"beta\":1.0492232725706656,\"fluctuate_rate\":36.37680229054522,\"id\":\"\",\"name\":\"得利斯-002330\",\"alpha\":0.5111412163628495,\"asset_value_percent\":3.1309337878879435,\"m3_r\":-9.184549356223181,\"var_v\":-3.5821840529548004,\"parent_id\":\"\"},{\"m1_r\":-4.695616029586047,\"total_r\":0,\"risk_open\":0,\"clean_value\":6912600,\"date\":\"2014-03-19\",\"beta\":0.06194514171299472,\"fluctuate_rate\":18.84126084658213,\"id\":\"\",\"name\":\"计算机\",\"alpha\":0.001391558179865894,\"asset_value_percent\":7.463066517984207,\"m3_r\":-4.695616029586047,\"var_v\":-1.9600459690089618,\"parent_id\":\"\"},{\"m1_r\":-13.109812365426022,\"total_r\":0,\"last\":true,\"risk_open\":0,\"clean_value\":2676600,\"date\":\"2014-03-19\",\"beta\":1.1215839063797153,\"fluctuate_rate\":57.711873422770154,\"id\":\"\",\"name\":\"神州泰岳-300002\",\"alpha\":-0.2620972210328936,\"asset_value_percent\":2.889743922986507,\"m3_r\":-21.755027422303463,\"var_v\":-5.138640892655736,\"parent_id\":\"\"},{\"m1_r\":-11.303339293480896,\"total_r\":0,\"last\":true,\"risk_open\":0,\"clean_value\":4236000,\"date\":\"2014-03-19\",\"beta\":0.6457939129309789,\"fluctuate_rate\":45.168196087580014,\"id\":\"\",\"name\":\"航天信息-600271\",\"alpha\":0.19603901782014924,\"asset_value_percent\":4.573322594997699,\"m3_r\":-11.303339293480896,\"var_v\":-3.078839213461736,\"parent_id\":\"\"},{\"m1_r\":-5.411879340284409,\"total_r\":0,\"risk_open\":0,\"clean_value\":6863738,\"date\":\"2014-03-19\",\"beta\":0.09410365326021985,\"fluctuate_rate\":39.57229051966683,\"id\":\"\",\"name\":\"医药生物\",\"alpha\":0.06086491573239658,\"asset_value_percent\":7.410313522555316,\"m3_r\":-5.411879340284409,\"var_v\":-4.116683546239147,\"parent_id\":\"\"},{\"m1_r\":-16.22060016220601,\"total_r\":0,\"last\":true,\"risk_open\":0,\"clean_value\":1826000,\"date\":\"2014-03-19\",\"beta\":1.201051730447929,\"fluctuate_rate\":76.02525450144185,\"id\":\"\",\"name\":\"运盛实业-600767\",\"alpha\":1.1843376510386938,\"asset_value_percent\":1.9714086540287536,\"m3_r\":-16.22060016220601,\"var_v\":-8.048281016104857,\"parent_id\":\"\"},{\"m1_r\":-8.999699006722183,\"total_r\":0,\"last\":true,\"risk_open\":0,\"clean_value\":5037738,\"date\":\"2014-03-19\",\"beta\":1.294856542064987,\"fluctuate_rate\":49.91975790998846,\"id\":\"\",\"name\":\"中国医药-600056\",\"alpha\":0.6897855670173262,\"asset_value_percent\":5.4389048685265635,\"m3_r\":-8.999699006722183,\"var_v\":-5.216627852750009,\"parent_id\":\"\"},{\"m1_r\":-5.789473684210522,\"total_r\":0,\"risk_open\":0,\"clean_value\":4902467.15,\"date\":\"2014-03-19\",\"beta\":0.01521571009205197,\"fluctuate_rate\":25.592666802085645,\"id\":\"\",\"name\":\"轻工制造\",\"alpha\":-0.013569198680307475,\"asset_value_percent\":5.2928620841192116,\"m3_r\":-5.789473684210522,\"var_v\":-2.6623910050434416,\"parent_id\":\"\"},{\"m1_r\":-15.241765942536778,\"total_r\":0,\"last\":true,\"risk_open\":0,\"clean_value\":4902467.15,\"date\":\"2014-03-19\",\"beta\":0.287476035653856,\"fluctuate_rate\":50.39822078689903,\"id\":\"\",\"name\":\"宜华木业-600978\",\"alpha\":-0.2563678868758118,\"asset_value_percent\":5.2928620841192116,\"m3_r\":-19.42038640906062,\"var_v\":-2.9076500579977784,\"parent_id\":\"\"},{\"m1_r\":-9.372797744890772,\"total_r\":0,\"risk_open\":0,\"clean_value\":3834000,\"date\":\"2014-03-19\",\"beta\":-0.02695607112196601,\"fluctuate_rate\":75.48019233681087,\"id\":\"\",\"name\":\"钢铁\",\"alpha\":0.04325001942539049,\"asset_value_percent\":4.139310394055991,\"m3_r\":-9.372797744890772,\"var_v\":-7.8521627578137885,\"parent_id\":\"\"},{\"m1_r\":-20.52001019627835,\"total_r\":0,\"last\":true,\"risk_open\":0,\"clean_value\":3834000,\"date\":\"2014-03-19\",\"beta\":-0.6512213039320428,\"fluctuate_rate\":76.68916467511065,\"id\":\"\",\"name\":\"物产中拓-000906\",\"alpha\":1.0448605035152012,\"asset_value_percent\":4.139310394055991,\"m3_r\":-20.52001019627835,\"var_v\":-7.8521627578137885,\"parent_id\":\"\"},{\"m1_r\":-5.902951475737872,\"total_r\":0,\"risk_open\":0,\"clean_value\":2117000,\"date\":\"2014-03-19\",\"beta\":0.04341510295656488,\"fluctuate_rate\":38.26155097235081,\"id\":\"\",\"name\":\"汽车\",\"alpha\":0.02352036665351758,\"asset_value_percent\":2.285581665158199,\"m3_r\":-9.990958408679928,\"var_v\":-3.9803280344155616,\"parent_id\":\"\"},{\"m1_r\":-23.49514563106796,\"total_r\":0,\"last\":true,\"risk_open\":0,\"clean_value\":2117000,\"date\":\"2014-03-19\",\"beta\":1.8995209673927738,\"fluctuate_rate\":70.93135654731348,\"id\":\"\",\"name\":\"星宇股份-601799\",\"alpha\":1.0290757496030927,\"asset_value_percent\":2.285581665158199,\"m3_r\":-23.49514563106796,\"var_v\":-6.222564824273399,\"parent_id\":\"\"},{\"m1_r\":-7.3002754820936655,\"total_r\":0,\"risk_open\":0,\"clean_value\":91134,\"date\":\"2014-03-19\",\"beta\":5.062980472668117E-4,\"fluctuate_rate\":4.489816871518305,\"id\":\"\",\"name\":\"农林牧渔\",\"alpha\":3.645922213156178E-4,\"asset_value_percent\":0.0983912137328896,\"m3_r\":-7.3002754820936655,\"var_v\":-0.46707317160275275,\"parent_id\":\"\"},{\"m1_r\":-12.307692307692308,\"total_r\":0,\"last\":true,\"risk_open\":0,\"clean_value\":91134,\"date\":\"2014-03-19\",\"beta\":0.5145764830600617,\"fluctuate_rate\":43.281624182773385,\"id\":\"\",\"name\":\"民和股份-002234\",\"alpha\":0.37055363734551044,\"asset_value_percent\":0.0983912137328896,\"m3_r\":-16.534472239170228,\"var_v\":-1.5014301822554261,\"parent_id\":\"\"},{\"m1_r\":-0.5633111016281056,\"total_r\":-1.6460442327173364,\"risk_open\":0,\"clean_value\":155927.62,\"date\":\"2014-03-19\",\"beta\":1.8299163078737226E-4,\"fluctuate_rate\":5.965789618409539,\"id\":\"\",\"name\":\"债券类\",\"alpha\":1.3297180068794364E-4,\"asset_value_percent\":0.16834450135274204,\"m3_r\":-1.6460442327173364,\"var_v\":-0.6206178020002477,\"parent_id\":\"\"},{\"m1_r\":-1.1971758927657894,\"total_r\":-4.87435664547381,\"last\":true,\"risk_open\":0,\"clean_value\":155927.62,\"date\":\"2014-03-19\",\"beta\":0.10870068776641492,\"fluctuate_rate\":6.075147115449368,\"id\":\"\",\"name\":\"深燃转债-113006\",\"alpha\":0.07898790849682703,\"asset_value_percent\":0.16834450135274204,\"m3_r\":-4.87435664547381,\"var_v\":-0.6206178020002477,\"parent_id\":\"\"},{\"m1_r\":0,\"total_r\":0,\"risk_open\":0,\"clean_value\":2.0847481339999992E7,\"date\":\"2014-03-19\",\"beta\":0,\"fluctuate_rate\":0,\"id\":\"\",\"name\":\"其他类\",\"alpha\":0,\"asset_value_percent\":22.50761507578255,\"m3_r\":0,\"var_v\":0,\"parent_id\":\"\"},{\"m1_r\":0,\"total_r\":0,\"last\":true,\"risk_open\":0,\"clean_value\":1179817.72,\"date\":\"2014-03-19\",\"beta\":0,\"fluctuate_rate\":0,\"id\":\"\",\"name\":\"银行存款\",\"alpha\":0,\"asset_value_percent\":1.2737693665851437,\"m3_r\":0,\"var_v\":0,\"parent_id\":\"\"},{\"m1_r\":0,\"total_r\":0,\"last\":true,\"risk_open\":0,\"clean_value\":5485912.56,\"date\":\"2014-03-19\",\"beta\":0,\"fluctuate_rate\":0,\"id\":\"\",\"name\":\"存出保证金\",\"alpha\":0,\"asset_value_percent\":5.922768617759601,\"m3_r\":0,\"var_v\":0,\"parent_id\":\"\"},{\"m1_r\":0,\"total_r\":0,\"last\":true,\"risk_open\":0,\"clean_value\":1.413224038E7,\"date\":\"2014-03-19\",\"beta\":0,\"fluctuate_rate\":0,\"id\":\"\",\"name\":\"清算备付金\",\"alpha\":0,\"asset_value_percent\":15.25762376010219,\"m3_r\":0,\"var_v\":0,\"parent_id\":\"\"},{\"m1_r\":0,\"total_r\":0,\"last\":true,\"risk_open\":0,\"clean_value\":49510.67999999225,\"date\":\"2014-03-19\",\"beta\":0,\"fluctuate_rate\":0,\"id\":\"\",\"name\":\"其他资产\",\"alpha\":0,\"asset_value_percent\":0.05345333133561503,\"m3_r\":0,\"var_v\":0,\"parent_id\":\"\"},{\"m1_r\":0,\"total_r\":0,\"last\":true,\"risk_open\":0,\"clean_value\":-314457.16,\"date\":\"2014-03-19\",\"beta\":0,\"fluctuate_rate\":0,\"id\":\"\",\"name\":\"其他负债\",\"alpha\":0,\"asset_value_percent\":-0.3394981196852707,\"m3_r\":0,\"var_v\":0,\"parent_id\":\"\"},{\"m1_r\":-3.8700096095046765,\"total_r\":-3.8700096095046765,\"risk_open\":33.482870279464855,\"clean_value\":9.528462854000002E7,\"date\":\"2014-03-20\",\"beta\":0.40876117519969873,\"fluctuate_rate\":17.277862951780264,\"id\":\"\",\"name\":\"精选1号\",\"alpha\":0.17990361055544546,\"asset_value_percent\":104.67941167244024,\"m3_r\":-3.8700096095046765,\"first\":true,\"var_v\":-1.687809420754519},{\"m1_r\":-4.664648631069013,\"total_r\":0,\"risk_open\":0,\"clean_value\":7.004904154E7,\"date\":\"2014-03-20\",\"beta\":0.7906625634734507,\"fluctuate_rate\":21.40421662468272,\"id\":\"\",\"name\":\"股票类\",\"alpha\":0.2029446041063075,\"asset_value_percent\":76.95567027946485,\"m3_r\":-4.664648631069013,\"var_v\":-2.2266688443313196,\"parent_id\":\"\"},{\"m1_r\":-7.13812165740787,\"total_r\":0,\"risk_open\":0,\"clean_value\":2.536522736E7,\"date\":\"2014-03-20\",\"beta\":0.33377022674791756,\"fluctuate_rate\":37.56825466964286,\"id\":\"\",\"name\":\"电子\",\"alpha\":-0.02588031851459764,\"asset_value_percent\":27.86616390982557,\"m3_r\":-7.13812165740787,\"var_v\":-3.9082048026150713,\"parent_id\":\"\"},{\"m1_r\":-16.000740775035883,\"total_r\":0,\"last\":true,\"risk_open\":0,\"clean_value\":6934700,\"date\":\"2014-03-20\",\"beta\":1.0630499993630478,\"fluctuate_rate\":52.23274626032953,\"id\":\"\",\"name\":\"三安光电-600703\",\"alpha\":0.01784984798838048,\"asset_value_percent\":7.618440951576293,\"m3_r\":-17.234615209160165,\"var_v\":-5.3426189702946045,\"parent_id\":\"\"},{\"m1_r\":-19.75953079178886,\"total_r\":0,\"last\":true,\"risk_open\":0,\"clean_value\":1783000.8,\"date\":\"2014-03-20\",\"beta\":1.2739734128877205,\"fluctuate_rate\":49.045805453176605,\"id\":\"\",\"name\":\"歌尔声学-002241\",\"alpha\":-0.18746677360619196,\"asset_value_percent\":1.9587994161843036,\"m3_r\":-23.38793224135517,\"var_v\":-5.01795805052707,\"parent_id\":\"\"},{\"m1_r\":-16.469228546662805,\"total_r\":0,\"last\":true,\"risk_open\":0,\"clean_value\":4571973,\"date\":\"2014-03-20\",\"beta\":1.1920302267744114,\"fluctuate_rate\":44.66705363408538,\"id\":\"\",\"name\":\"大族激光-002008\",\"alpha\":-0.08527970986546991,\"asset_value_percent\":5.022756043188763,\"m3_r\":-16.6658659620466,\"var_v\":-4.5689624331516026,\"parent_id\":\"\"},{\"m1_r\":-19.337294793030512,\"total_r\":0,\"last\":true,\"risk_open\":0,\"clean_value\":5733738.96,\"date\":\"2014-03-20\",\"beta\":1.0527853715114868,\"fluctuate_rate\":47.683234306782005,\"id\":\"\",\"name\":\"德豪润达-002005\",\"alpha\":-0.15857100197181673,\"asset_value_percent\":6.2990686977825225,\"m3_r\":-20.37975941942539,\"var_v\":-4.877570582042848,\"parent_id\":\"\"},{\"m1_r\":-21.704180064308687,\"total_r\":0,\"last\":true,\"risk_open\":0,\"clean_value\":1878765,\"date\":\"2014-03-20\",\"beta\":1.6354880430716667,\"fluctuate_rate\":47.65509721585353,\"id\":\"\",\"name\":\"长盈精密-300115\",\"alpha\":-0.33306500328876243,\"asset_value_percent\":2.064005683647199,\"m3_r\":-25.306748466257666,\"var_v\":-4.876521486581082,\"parent_id\":\"\"},{\"m1_r\":-16.44859813084113,\"total_r\":0,\"last\":true,\"risk_open\":0,\"clean_value\":350803.2,\"date\":\"2014-03-20\",\"beta\":0.2746111623184431,\"fluctuate_rate\":55.97455221991221,\"id\":\"\",\"name\":\"佛山照明-000541\",\"alpha\":0.1428924987437939,\"asset_value_percent\":0.3853913600911371,\"m3_r\":-16.44859813084113,\"var_v\":-5.164710669776959,\"parent_id\":\"\"},{\"m1_r\":-28.288605367355913,\"total_r\":0,\"last\":true,\"risk_open\":0,\"clean_value\":841811.7,\"date\":\"2014-03-20\",\"beta\":1.8851247145512604,\"fluctuate_rate\":57.54607220110199,\"id\":\"\",\"name\":\"安洁科技-002635\",\"alpha\":-0.16158797450418383,\"asset_value_percent\":0.924811848933055,\"m3_r\":-28.288605367355913,\"var_v\":-5.005138243782739,\"parent_id\":\"\"},{\"m1_r\":-19.683138438325177,\"total_r\":0,\"last\":true,\"risk_open\":0,\"clean_value\":3270434.7,\"date\":\"2014-03-20\",\"beta\":1.3746764614789952,\"fluctuate_rate\":59.9928959076263,\"id\":\"\",\"name\":\"阳光照明-600261\",\"alpha\":-0.04113798351792235,\"asset_value_percent\":3.5928899084223005,\"m3_r\":-24.34621944286527,\"var_v\":-5.300403530551675,\"parent_id\":\"\"},{\"m1_r\":-5.313550703302694,\"total_r\":0,\"risk_open\":0,\"clean_value\":1.38559849E7,\"date\":\"2014-03-20\",\"beta\":0.1541216428384492,\"fluctuate_rate\":32.819212860411746,\"id\":\"\",\"name\":\"化工\",\"alpha\":0.12694183237944037,\"asset_value_percent\":15.222144113888522,\"m3_r\":-6.552351476112051,\"var_v\":-3.4141646037858595,\"parent_id\":\"\"},{\"m1_r\":-16.464891041162222,\"total_r\":0,\"last\":true,\"risk_open\":0,\"clean_value\":2094561.1,\"date\":\"2014-03-20\",\"beta\":1.1808112632366043,\"fluctuate_rate\":43.59301672164055,\"id\":\"\",\"name\":\"华峰超纤-300180\",\"alpha\":0.3592307354399966,\"asset_value_percent\":2.301078642164576,\"m3_r\":-16.464891041162222,\"var_v\":0,\"parent_id\":\"\"},{\"m1_r\":-11.965960402917686,\"total_r\":0,\"last\":true,\"risk_open\":0,\"clean_value\":1.03649238E7,\"date\":\"2014-03-20\",\"beta\":1.0153495515695898,\"fluctuate_rate\":44.55277535481897,\"id\":\"\",\"name\":\"浙江龙盛-600352\",\"alpha\":1.0308206702193532,\"asset_value_percent\":11.386874693625934,\"m3_r\":-11.965960402917686,\"var_v\":-4.56410622103863,\"parent_id\":\"\"},{\"m1_r\":-11.710573800072178,\"total_r\":0,\"last\":true,\"risk_open\":0,\"clean_value\":1396500,\"date\":\"2014-03-20\",\"beta\":0.7387390198216841,\"fluctuate_rate\":47.05589358265681,\"id\":\"\",\"name\":\"华峰氨纶-002064\",\"alpha\":0.08456527276715406,\"asset_value_percent\":1.534190778098013,\"m3_r\":-11.710573800072178,\"var_v\":0,\"parent_id\":\"\"},{\"m1_r\":-5.136173541349454,\"total_r\":0,\"risk_open\":0,\"clean_value\":8678565.26,\"date\":\"2014-03-20\",\"beta\":0.08176957519120989,\"fluctuate_rate\":21.05716562948834,\"id\":\"\",\"name\":\"食品饮料\",\"alpha\":0.029599691183486862,\"asset_value_percent\":9.534246179028848,\"m3_r\":-5.136173541349454,\"var_v\":-2.190565320808652,\"parent_id\":\"\"},{\"m1_r\":-12.35706381409073,\"total_r\":0,\"last\":true,\"risk_open\":0,\"clean_value\":2043247.38,\"date\":\"2014-03-20\",\"beta\":1.3075508419903512,\"fluctuate_rate\":38.07098656792773,\"id\":\"\",\"name\":\"上海梅林-600073\",\"alpha\":0.2070885592686059,\"asset_value_percent\":2.2447055408298793,\"m3_r\":-12.550607287449388,\"var_v\":-3.8922505108819387,\"parent_id\":\"\"},{\"m1_r\":-9.184549356223181,\"total_r\":0,\"last\":true,\"risk_open\":0,\"clean_value\":2915000,\"date\":\"2014-03-20\",\"beta\":0.9810875939069932,\"fluctuate_rate\":36.040687919427754,\"id\":\"\",\"name\":\"得利斯-002330\",\"alpha\":0.576153838736886,\"asset_value_percent\":3.202410396101474,\"m3_r\":-9.184549356223181,\"var_v\":-3.4302980969131416,\"parent_id\":\"\"},{\"m1_r\":-7.818430241384555,\"total_r\":0,\"last\":true,\"risk_open\":0,\"clean_value\":1776582,\"date\":\"2014-03-20\",\"beta\":0.48830953271735345,\"fluctuate_rate\":28.517571550353264,\"id\":\"\",\"name\":\"青岛啤酒-600600\",\"alpha\":-0.16302408354863265,\"asset_value_percent\":1.9517477414499995,\"m3_r\":-11.718522826403033,\"var_v\":-2.390342863659697,\"parent_id\":\"\"},{\"m1_r\":-16.823406478578896,\"total_r\":0,\"last\":true,\"risk_open\":0,\"clean_value\":1943735.88,\"date\":\"2014-03-20\",\"beta\":0.5371350383442526,\"fluctuate_rate\":60.52240826166335,\"id\":\"\",\"name\":\"惠泉啤酒-600573\",\"alpha\":0.4534162500468226,\"asset_value_percent\":2.1353825006474945,\"m3_r\":-16.823406478578896,\"var_v\":-6.182545250649084,\"parent_id\":\"\"},{\"m1_r\":-5.411879340284409,\"total_r\":0,\"risk_open\":0,\"clean_value\":6559159,\"date\":\"2014-03-20\",\"beta\":0.0994999251428347,\"fluctuate_rate\":38.67412811876319,\"id\":\"\",\"name\":\"医药生物\",\"alpha\":0.05557807632338965,\"asset_value_percent\":7.205872717421114,\"m3_r\":-5.411879340284409,\"var_v\":-4.023248207291227,\"parent_id\":\"\"},{\"m1_r\":-8.999699006722183,\"total_r\":0,\"last\":true,\"risk_open\":0,\"clean_value\":3867959,\"date\":\"2014-03-20\",\"beta\":1.321855700471882,\"fluctuate_rate\":50.18613839007857,\"id\":\"\",\"name\":\"中国医药-600056\",\"alpha\":0.6522559615909989,\"asset_value_percent\":4.249328340752748,\"m3_r\":-8.999699006722183,\"var_v\":-5.149538833930915,\"parent_id\":\"\"},{\"m1_r\":-16.22060016220601,\"total_r\":0,\"last\":true,\"risk_open\":0,\"clean_value\":2691200,\"date\":\"2014-03-20\",\"beta\":1.4655601512619396,\"fluctuate_rate\":80.22555726734504,\"id\":\"\",\"name\":\"运盛实业-600767\",\"alpha\":0.9423697176042488,\"asset_value_percent\":2.956544376668366,\"m3_r\":-16.22060016220601,\"var_v\":-8.608485250265424,\"parent_id\":\"\"},{\"m1_r\":-5.369904232850153,\"total_r\":0,\"risk_open\":0,\"clean_value\":6541400,\"date\":\"2014-03-20\",\"beta\":0.06800991018008784,\"fluctuate_rate\":23.477500207379727,\"id\":\"\",\"name\":\"计算机\",\"alpha\":-0.005360719034085326,\"asset_value_percent\":7.186362732438484,\"m3_r\":-5.369904232850153,\"var_v\":-2.442351391373542,\"parent_id\":\"\"},{\"m1_r\":-13.109812365426022,\"total_r\":0,\"last\":true,\"risk_open\":0,\"clean_value\":2489400,\"date\":\"2014-03-20\",\"beta\":1.2654815075330377,\"fluctuate_rate\":60.54421125983202,\"id\":\"\",\"name\":\"神州泰岳-300002\",\"alpha\":-0.3770340845954566,\"asset_value_percent\":2.7348474923001747,\"m3_r\":-21.755027422303463,\"var_v\":-5.4321637720216875,\"parent_id\":\"\"},{\"m1_r\":-11.970231479244198,\"total_r\":0,\"last\":true,\"risk_open\":0,\"clean_value\":4052000,\"date\":\"2014-03-20\",\"beta\":0.7503270033679666,\"fluctuate_rate\":46.87234830108459,\"id\":\"\",\"name\":\"航天信息-600271\",\"alpha\":0.11121130461268784,\"asset_value_percent\":4.45151524013831,\"m3_r\":-11.970231479244198,\"var_v\":-3.345924252649942,\"parent_id\":\"\"},{\"m1_r\":-5.789473684210522,\"total_r\":0,\"risk_open\":0,\"clean_value\":4911630.64,\"date\":\"2014-03-20\",\"beta\":0.014773488814936994,\"fluctuate_rate\":25.6153673141027,\"id\":\"\",\"name\":\"轻工制造\",\"alpha\":-0.013623284002855406,\"asset_value_percent\":5.395902923961075,\"m3_r\":-5.789473684210522,\"var_v\":-2.664752526782128,\"parent_id\":\"\"},{\"m1_r\":-15.241765942536778,\"total_r\":0,\"last\":true,\"risk_open\":0,\"clean_value\":4911630.64,\"date\":\"2014-03-20\",\"beta\":0.2737908561944983,\"fluctuate_rate\":50.40260920178531,\"id\":\"\",\"name\":\"宜华木业-600978\",\"alpha\":-0.25247459405468137,\"asset_value_percent\":5.395902923961075,\"m3_r\":-19.42038640906062,\"var_v\":-2.856006085263922,\"parent_id\":\"\"},{\"m1_r\":-9.372797744890772,\"total_r\":0,\"risk_open\":0,\"clean_value\":2047234.38,\"date\":\"2014-03-20\",\"beta\":-0.009680888604174836,\"fluctuate_rate\":78.05482834837164,\"id\":\"\",\"name\":\"钢铁\",\"alpha\":0.019687150975868414,\"asset_value_percent\":2.2490856472618717,\"m3_r\":-9.372797744890772,\"var_v\":-8.120000721377698,\"parent_id\":\"\"},{\"m1_r\":-20.52001019627835,\"total_r\":0,\"last\":true,\"risk_open\":0,\"clean_value\":2047234.38,\"date\":\"2014-03-20\",\"beta\":-0.4304366361485941,\"fluctuate_rate\":79.31488418502425,\"id\":\"\",\"name\":\"物产中拓-000906\",\"alpha\":0.8753402076900162,\"asset_value_percent\":2.2490856472618717,\"m3_r\":-20.52001019627835,\"var_v\":-8.120000721377698,\"parent_id\":\"\"},{\"m1_r\":-5.902951475737872,\"total_r\":0,\"risk_open\":0,\"clean_value\":2002000,\"date\":\"2014-03-20\",\"beta\":0.047764916818164506,\"fluctuate_rate\":41.58527336281463,\"id\":\"\",\"name\":\"汽车\",\"alpha\":0.01578075625765135,\"asset_value_percent\":2.1993912909074274,\"m3_r\":-9.990958408679928,\"var_v\":-4.326093040620823,\"parent_id\":\"\"},{\"m1_r\":-23.49514563106796,\"total_r\":0,\"last\":true,\"risk_open\":0,\"clean_value\":2002000,\"date\":\"2014-03-20\",\"beta\":2.1717334707848917,\"fluctuate_rate\":71.1750644385317,\"id\":\"\",\"name\":\"星宇股份-601799\",\"alpha\":0.7175056263472113,\"asset_value_percent\":2.1993912909074274,\"m3_r\":-23.49514563106796,\"var_v\":-6.562102676703684,\"parent_id\":\"\"},{\"m1_r\":-7.3002754820936655,\"total_r\":0,\"risk_open\":0,\"clean_value\":87840,\"date\":\"2014-03-20\",\"beta\":6.337663440246706E-4,\"fluctuate_rate\":11.065415236059,\"id\":\"\",\"name\":\"农林牧渔\",\"alpha\":2.2141853800926211E-4,\"asset_value_percent\":0.09650076473192229,\"m3_r\":-7.3002754820936655,\"var_v\":-1.1511290409623622,\"parent_id\":\"\"},{\"m1_r\":-12.307692307692308,\"total_r\":0,\"last\":true,\"risk_open\":0,\"clean_value\":87840,\"date\":\"2014-03-20\",\"beta\":0.6567474835927614,\"fluctuate_rate\":44.515202479629224,\"id\":\"\",\"name\":\"民和股份-002234\",\"alpha\":0.22944744388747546,\"asset_value_percent\":0.09650076473192229,\"m3_r\":-16.534472239170228,\"var_v\":-2.8196405054432208,\"parent_id\":\"\"},{\"m1_r\":-0.5633111016281056,\"total_r\":-1.6460442327173364,\"risk_open\":0,\"clean_value\":155431.15999999997,\"date\":\"2014-03-20\",\"beta\":1.994071704599392E-4,\"fluctuate_rate\":6.060114405293136,\"id\":\"\",\"name\":\"债券类\",\"alpha\":1.224553504922874E-4,\"asset_value_percent\":0.1707562136062132,\"m3_r\":-1.6460442327173364,\"var_v\":-0.6304303575300632,\"parent_id\":\"\"},{\"m1_r\":-1.1971758927657894,\"total_r\":-4.87435664547381,\"last\":true,\"risk_open\":0,\"clean_value\":155431.15999999997,\"date\":\"2014-03-20\",\"beta\":0.1167788663432178,\"fluctuate_rate\":6.172214792463817,\"id\":\"\",\"name\":\"深燃转债-113006\",\"alpha\":0.07171355460872768,\"asset_value_percent\":0.1707562136062132,\"m3_r\":-4.87435664547381,\"var_v\":-0.6304303575300632,\"parent_id\":\"\"},{\"m1_r\":0,\"total_r\":0,\"risk_open\":0,\"clean_value\":2.5080155840000004E7,\"date\":\"2014-03-20\",\"beta\":0,\"fluctuate_rate\":0,\"id\":\"\",\"name\":\"其他类\",\"alpha\":0,\"asset_value_percent\":27.55298517936916,\"m3_r\":0,\"var_v\":0,\"parent_id\":\"\"},{\"m1_r\":0,\"total_r\":0,\"last\":true,\"risk_open\":0,\"clean_value\":1179817.72,\"date\":\"2014-03-20\",\"beta\":0,\"fluctuate_rate\":0,\"id\":\"\",\"name\":\"银行存款\",\"alpha\":0,\"asset_value_percent\":1.2961442648482806,\"m3_r\":0,\"var_v\":0,\"parent_id\":\"\"},{\"m1_r\":0,\"total_r\":0,\"last\":true,\"risk_open\":0,\"clean_value\":4953544.56,\"date\":\"2014-03-20\",\"beta\":0,\"fluctuate_rate\":0,\"id\":\"\",\"name\":\"存出保证金\",\"alpha\":0,\"asset_value_percent\":5.441949432760172,\"m3_r\":0,\"var_v\":0,\"parent_id\":\"\"},{\"m1_r\":0,\"total_r\":0,\"last\":true,\"risk_open\":0,\"clean_value\":1.53129558E7,\"date\":\"2014-03-20\",\"beta\":0,\"fluctuate_rate\":0,\"id\":\"\",\"name\":\"清算备付金\",\"alpha\":0,\"asset_value_percent\":16.82276804424095,\"m3_r\":0,\"var_v\":0,\"parent_id\":\"\"},{\"m1_r\":0,\"total_r\":0,\"last\":true,\"risk_open\":0,\"clean_value\":3633837.760000005,\"date\":\"2014-03-20\",\"beta\":0,\"fluctuate_rate\":0,\"id\":\"\",\"name\":\"其他资产\",\"alpha\":0,\"asset_value_percent\":3.992123437519763,\"m3_r\":0,\"var_v\":0,\"parent_id\":\"\"},{\"m1_r\":0,\"total_r\":0,\"last\":true,\"risk_open\":0,\"clean_value\":-4259443.15,\"date\":\"2014-03-20\",\"beta\":0,\"fluctuate_rate\":0,\"id\":\"\",\"name\":\"其他负债\",\"alpha\":0,\"asset_value_percent\":-4.67941167244021,\"m3_r\":0,\"var_v\":0,\"parent_id\":\"\"},{\"m1_r\":-4.04472787629947,\"total_r\":-4.04472787629947,\"risk_open\":-1.3197820926275625,\"clean_value\":8.987608462E7,\"date\":\"2014-03-21\",\"beta\":0.20021494093778708,\"fluctuate_rate\":17.22163378156691,\"id\":\"\",\"name\":\"精选1号\",\"alpha\":0.014780974568255764,\"asset_value_percent\":100.38322964001158,\"m3_r\":-4.04472787629947,\"first\":true,\"var_v\":-1.7912824652008597},{\"m1_r\":-4.664648631069013,\"total_r\":0,\"risk_open\":0,\"clean_value\":6.909726296E7,\"date\":\"2014-03-21\",\"beta\":0.6514606791476325,\"fluctuate_rate\":21.457209999357218,\"id\":\"\",\"name\":\"股票类\",\"alpha\":0.04412498570899502,\"asset_value_percent\":77.17521790737244,\"m3_r\":-4.664648631069013,\"var_v\":-2.232181715856251,\"parent_id\":\"\"},{\"m1_r\":-7.13812165740787,\"total_r\":0,\"risk_open\":0,\"clean_value\":2.654955992E7,\"date\":\"2014-03-21\",\"beta\":0.2865206641002604,\"fluctuate_rate\":35.55782935421285,\"id\":\"\",\"name\":\"电子\",\"alpha\":-0.11415151405442284,\"asset_value_percent\":29.65338979283416,\"m3_r\":-7.13812165740787,\"var_v\":-3.6990613664305982,\"parent_id\":\"\"},{\"m1_r\":-16.000740775035883,\"total_r\":0,\"last\":true,\"risk_open\":0,\"clean_value\":7111400,\"date\":\"2014-03-21\",\"beta\":0.9058026635062686,\"fluctuate_rate\":43.90905612776588,\"id\":\"\",\"name\":\"三安光电-600703\",\"alpha\":-0.33970281909890526,\"asset_value_percent\":7.942772566030573,\"m3_r\":-17.234615209160165,\"var_v\":-4.492725789571552,\"parent_id\":\"\"},{\"m1_r\":-18.62360218891268,\"total_r\":0,\"last\":true,\"risk_open\":0,\"clean_value\":1838896.46,\"date\":\"2014-03-21\",\"beta\":1.1587371216918316,\"fluctuate_rate\":46.90020510883572,\"id\":\"\",\"name\":\"歌尔声学-002241\",\"alpha\":-0.4051912445477208,\"asset_value_percent\":2.0538763610904653,\"m3_r\":-23.38793224135517,\"var_v\":-4.799484280676467,\"parent_id\":\"\"},{\"m1_r\":-16.21515315403903,\"total_r\":0,\"last\":true,\"risk_open\":0,\"clean_value\":4552308.6,\"date\":\"2014-03-21\",\"beta\":0.8765272781543703,\"fluctuate_rate\":42.333356924847045,\"id\":\"\",\"name\":\"大族激光-002008\",\"alpha\":-0.39064732252381734,\"asset_value_percent\":5.08450542230574,\"m3_r\":-18.131155416766752,\"var_v\":-4.331582200310105,\"parent_id\":\"\"},{\"m1_r\":-19.337294793030512,\"total_r\":0,\"last\":true,\"risk_open\":0,\"clean_value\":5832963.12,\"date\":\"2014-03-21\",\"beta\":0.9289944045075674,\"fluctuate_rate\":47.58293379173328,\"id\":\"\",\"name\":\"德豪润达-002005\",\"alpha\":-0.28073461767441604,\"asset_value_percent\":6.514877443007578,\"m3_r\":-20.37975941942539,\"var_v\":-4.867365878322796,\"parent_id\":\"\"},{\"m1_r\":-19.949822649018078,\"total_r\":0,\"last\":true,\"risk_open\":0,\"clean_value\":1887291,\"date\":\"2014-03-21\",\"beta\":1.3272578138992568,\"fluctuate_rate\":47.51673709478427,\"id\":\"\",\"name\":\"长盈精密-300115\",\"alpha\":-0.5370249469734854,\"asset_value_percent\":2.107928562437271,\"m3_r\":-25.306748466257666,\"var_v\":-4.862760412272269,\"parent_id\":\"\"},{\"m1_r\":-16.44859813084113,\"total_r\":0,\"last\":true,\"risk_open\":0,\"clean_value\":352630.3,\"date\":\"2014-03-21\",\"beta\":0.19732163182157786,\"fluctuate_rate\":54.257566620033785,\"id\":\"\",\"name\":\"佛山照明-000541\",\"alpha\":-0.030585619379794305,\"asset_value_percent\":0.3938552567414476,\"m3_r\":-16.44859813084113,\"var_v\":-5.05597266313134,\"parent_id\":\"\"},{\"m1_r\":-26.29992464204973,\"total_r\":0,\"last\":true,\"risk_open\":0,\"clean_value\":816310.14,\"date\":\"2014-03-21\",\"beta\":1.2575165109932844,\"fluctuate_rate\":55.26333705879396,\"id\":\"\",\"name\":\"安洁科技-002635\",\"alpha\":-0.6740299669581076,\"asset_value_percent\":0.911742524026855,\"m3_r\":-28.288605367355913,\"var_v\":-4.923058284906295,\"parent_id\":\"\"},{\"m1_r\":-19.683138438325177,\"total_r\":0,\"last\":true,\"risk_open\":0,\"clean_value\":4157760.3,\"date\":\"2014-03-21\",\"beta\":0.9790567213108868,\"fluctuate_rate\":54.350469412575876,\"id\":\"\",\"name\":\"阳光照明-600261\",\"alpha\":-0.4976403652140204,\"asset_value_percent\":4.643831657194229,\"m3_r\":-24.34621944286527,\"var_v\":-5.204958600406037,\"parent_id\":\"\"},{\"m1_r\":-5.313550703302694,\"total_r\":0,\"risk_open\":0,\"clean_value\":1.33038408E7,\"date\":\"2014-03-21\",\"beta\":0.11121697583889023,\"fluctuate_rate\":33.63096426454192,\"id\":\"\",\"name\":\"化工\",\"alpha\":0.09641731504336956,\"asset_value_percent\":14.859153152554805,\"m3_r\":-6.552351476112051,\"var_v\":-3.4986106544221873,\"parent_id\":\"\"},{\"m1_r\":-15.802318486882239,\"total_r\":0,\"last\":true,\"risk_open\":0,\"clean_value\":1519917,\"date\":\"2014-03-21\",\"beta\":1.060086668511455,\"fluctuate_rate\":44.01925477703812,\"id\":\"\",\"name\":\"华峰超纤-300180\",\"alpha\":0.27393659419976213,\"asset_value_percent\":1.6976059636982157,\"m3_r\":-16.464891041162222,\"var_v\":-2.4191070555705734,\"parent_id\":\"\"},{\"m1_r\":-11.965960402917686,\"total_r\":0,\"last\":true,\"risk_open\":0,\"clean_value\":1.03649238E7,\"date\":\"2014-03-21\",\"beta\":0.7141585534409244,\"fluctuate_rate\":43.90358056706522,\"id\":\"\",\"name\":\"浙江龙盛-600352\",\"alpha\":0.7912810738385855,\"asset_value_percent\":11.576656130668695,\"m3_r\":-11.965960402917686,\"var_v\":-4.495726177118599,\"parent_id\":\"\"},{\"m1_r\":-11.710573800072178,\"total_r\":0,\"last\":true,\"risk_open\":0,\"clean_value\":1419000,\"date\":\"2014-03-21\",\"beta\":0.6653581216057463,\"fluctuate_rate\":47.0956434454609,\"id\":\"\",\"name\":\"华峰氨纶-002064\",\"alpha\":0.010288539220693907,\"asset_value_percent\":1.5848910581878932,\"m3_r\":-11.710573800072178,\"var_v\":-1.530055730842997,\"parent_id\":\"\"},{\"m1_r\":-5.136173541349454,\"total_r\":0,\"risk_open\":0,\"clean_value\":8884213.100000001,\"date\":\"2014-03-21\",\"beta\":0.07934859185575158,\"fluctuate_rate\":22.016908963060285,\"id\":\"\",\"name\":\"食品饮料\",\"alpha\":0.026490924000758385,\"asset_value_percent\":9.92283995858051,\"m3_r\":-5.136173541349454,\"var_v\":-2.29040689020087,\"parent_id\":\"\"},{\"m1_r\":-11.672862453531586,\"total_r\":0,\"last\":true,\"risk_open\":0,\"clean_value\":2099296.56,\"date\":\"2014-03-21\",\"beta\":1.1846339773107135,\"fluctuate_rate\":38.82760436387934,\"id\":\"\",\"name\":\"上海梅林-600073\",\"alpha\":0.13083932786925134,\"asset_value_percent\":2.3447190602033854,\"m3_r\":-12.550607287449388,\"var_v\":-3.96949785280683,\"parent_id\":\"\"},{\"m1_r\":-9.184549356223181,\"total_r\":0,\"last\":true,\"risk_open\":0,\"clean_value\":3005000,\"date\":\"2014-03-21\",\"beta\":0.915991129570967,\"fluctuate_rate\":36.59609530101033,\"id\":\"\",\"name\":\"得利斯-002330\",\"alpha\":0.5119951203358899,\"asset_value_percent\":3.3563055883401116,\"m3_r\":-9.184549356223181,\"var_v\":-3.5032374813700287,\"parent_id\":\"\"},{\"m1_r\":-16.823406478578896,\"total_r\":0,\"last\":true,\"risk_open\":0,\"clean_value\":1985472.54,\"date\":\"2014-03-21\",\"beta\":0.5252160400044729,\"fluctuate_rate\":60.72318334580773,\"id\":\"\",\"name\":\"惠泉啤酒-600573\",\"alpha\":0.4402091641949123,\"asset_value_percent\":2.2175882134768172,\"m3_r\":-16.823406478578896,\"var_v\":-6.203987965368101,\"parent_id\":\"\"},{\"m1_r\":-7.818430241384555,\"total_r\":0,\"last\":true,\"risk_open\":0,\"clean_value\":1794444,\"date\":\"2014-03-21\",\"beta\":0.458114888424627,\"fluctuate_rate\":28.744928001826658,\"id\":\"\",\"name\":\"青岛啤酒-600600\",\"alpha\":-0.17578038136365814,\"asset_value_percent\":2.0042270965601943,\"m3_r\":-11.718522826403033,\"var_v\":-2.3559887979856744,\"parent_id\":\"\"},{\"m1_r\":-5.411879340284409,\"total_r\":0,\"risk_open\":0,\"clean_value\":6707753,\"date\":\"2014-03-21\",\"beta\":0.08718586052646887,\"fluctuate_rate\":39.261439989689435,\"id\":\"\",\"name\":\"医药生物\",\"alpha\":0.04407525743481101,\"asset_value_percent\":7.491936399036655,\"m3_r\":-5.411879340284409,\"var_v\":-4.084345937137099,\"parent_id\":\"\"},{\"m1_r\":-8.999699006722183,\"total_r\":0,\"last\":true,\"risk_open\":0,\"clean_value\":4032553,\"date\":\"2014-03-21\",\"beta\":1.266225608359896,\"fluctuate_rate\":51.38208077159998,\"id\":\"\",\"name\":\"中国医药-600056\",\"alpha\":0.6281152570007172,\"asset_value_percent\":4.503986745150644,\"m3_r\":-8.999699006722183,\"var_v\":-5.196691679798963,\"parent_id\":\"\"},{\"m1_r\":-16.22060016220601,\"total_r\":0,\"last\":true,\"risk_open\":0,\"clean_value\":2675200,\"date\":\"2014-03-21\",\"beta\":1.0092280813037575,\"fluctuate_rate\":78.419768483721,\"id\":\"\",\"name\":\"运盛实业-600767\",\"alpha\":0.5282896749849987,\"asset_value_percent\":2.987949653886012,\"m3_r\":-16.22060016220601,\"var_v\":-8.242723855281458,\"parent_id\":\"\"},{\"m1_r\":-5.789473684210522,\"total_r\":0,\"risk_open\":0,\"clean_value\":5012429.03,\"date\":\"2014-03-21\",\"beta\":0.01863862713128538,\"fluctuate_rate\":26.449490818695644,\"id\":\"\",\"name\":\"轻工制造\",\"alpha\":-0.01667635777752543,\"asset_value_percent\":5.5984171595830965,\"m3_r\":-5.789473684210522,\"var_v\":-2.7515259346843712,\"parent_id\":\"\"},{\"m1_r\":-15.241765942536778,\"total_r\":0,\"last\":true,\"risk_open\":0,\"clean_value\":5012429.03,\"date\":\"2014-03-21\",\"beta\":0.3329267291091499,\"fluctuate_rate\":50.08902703459451,\"id\":\"\",\"name\":\"宜华木业-600978\",\"alpha\":-0.2978762979278823,\"asset_value_percent\":5.5984171595830965,\"m3_r\":-19.42038640906062,\"var_v\":-2.8978202075961446,\"parent_id\":\"\"},{\"m1_r\":-5.369904232850153,\"total_r\":0,\"risk_open\":0,\"clean_value\":4499500,\"date\":\"2014-03-21\",\"beta\":0.039357863141194716,\"fluctuate_rate\":26.187769022059754,\"id\":\"\",\"name\":\"计算机\",\"alpha\":-0.017553522752792393,\"asset_value_percent\":5.025523126368164,\"m3_r\":-5.369904232850153,\"var_v\":-2.724299160601945,\"parent_id\":\"\"},{\"m1_r\":-14.895448954489543,\"total_r\":0,\"last\":true,\"risk_open\":0,\"clean_value\":2443500,\"date\":\"2014-03-21\",\"beta\":0.8926881522132649,\"fluctuate_rate\":60.398708463287875,\"id\":\"\",\"name\":\"神州泰岳-300002\",\"alpha\":-0.6320488805611412,\"asset_value_percent\":2.7291622978732324,\"m3_r\":-23.339427178549666,\"var_v\":-5.3401016057804425,\"parent_id\":\"\"},{\"m1_r\":-15.792780167206299,\"total_r\":0,\"last\":true,\"risk_open\":0,\"clean_value\":2056000,\"date\":\"2014-03-21\",\"beta\":0.6529877390060247,\"fluctuate_rate\":46.36057171185128,\"id\":\"\",\"name\":\"航天信息-600271\",\"alpha\":-0.013233242642754842,\"asset_value_percent\":2.2963608284949317,\"m3_r\":-15.792780167206299,\"var_v\":-3.360185256865975,\"parent_id\":\"\"},{\"m1_r\":-5.902951475737872,\"total_r\":0,\"risk_open\":0,\"clean_value\":2060000,\"date\":\"2014-03-21\",\"beta\":0.041058696068800284,\"fluctuate_rate\":42.318592438303114,\"id\":\"\",\"name\":\"汽车\",\"alpha\":0.0072223627735349735,\"asset_value_percent\":2.3008284565659336,\"m3_r\":-9.990958408679928,\"var_v\":-4.402379819388568,\"parent_id\":\"\"},{\"m1_r\":-23.376118241929213,\"total_r\":0,\"last\":true,\"risk_open\":0,\"clean_value\":2060000,\"date\":\"2014-03-21\",\"beta\":1.7845179179538577,\"fluctuate_rate\":68.21368944110539,\"id\":\"\",\"name\":\"星宇股份-601799\",\"alpha\":0.31390270547655696,\"asset_value_percent\":2.3008284565659336,\"m3_r\":-23.49514563106796,\"var_v\":-6.420162033133719,\"parent_id\":\"\"},{\"m1_r\":-9.372797744890772,\"total_r\":0,\"risk_open\":0,\"clean_value\":1991029.11,\"date\":\"2014-03-21\",\"beta\":-0.012432318566432163,\"fluctuate_rate\":78.71082024181509,\"id\":\"\",\"name\":\"钢铁\",\"alpha\":0.01815841398878818,\"asset_value_percent\":2.223794385504439,\"m3_r\":-9.372797744890772,\"var_v\":-8.188243196067475,\"parent_id\":\"\"},{\"m1_r\":-22.686719347438178,\"total_r\":0,\"last\":true,\"risk_open\":0,\"clean_value\":1991029.11,\"date\":\"2014-03-21\",\"beta\":-0.5590588162049007,\"fluctuate_rate\":80.00064655888039,\"id\":\"\",\"name\":\"物产中拓-000906\",\"alpha\":0.8165509413618374,\"asset_value_percent\":2.223794385504439,\"m3_r\":-22.686719347438178,\"var_v\":-8.188243196067475,\"parent_id\":\"\"},{\"m1_r\":-7.3002754820936655,\"total_r\":0,\"risk_open\":0,\"clean_value\":88938,\"date\":\"2014-03-21\",\"beta\":5.657190514133226E-4,\"fluctuate_rate\":11.770123640612166,\"id\":\"\",\"name\":\"农林牧渔\",\"alpha\":1.4210705247353828E-4,\"asset_value_percent\":0.09933547634468981,\"m3_r\":-7.3002754820936655,\"var_v\":-1.2244394674204584,\"parent_id\":\"\"},{\"m1_r\":-11.570782159017456,\"total_r\":0,\"last\":true,\"risk_open\":0,\"clean_value\":88938,\"date\":\"2014-03-21\",\"beta\":0.5695035371354157,\"fluctuate_rate\":44.39720987022372,\"id\":\"\",\"name\":\"民和股份-002234\",\"alpha\":0.14305770476242843,\"asset_value_percent\":0.09933547634468981,\"m3_r\":-16.534472239170228,\"var_v\":-3.0786700485145255,\"parent_id\":\"\"},{\"m1_r\":-0.5633111016281056,\"total_r\":-1.6460442327173364,\"risk_open\":0,\"clean_value\":155916.81,\"date\":\"2014-03-21\",\"beta\":1.8827399382537714E-4,\"fluctuate_rate\":6.099545733099729,\"id\":\"\",\"name\":\"债券类\",\"alpha\":1.2345126299784568E-4,\"asset_value_percent\":0.17414457927426402,\"m3_r\":-1.6460442327173364,\"var_v\":-0.6345323768030464,\"parent_id\":\"\"},{\"m1_r\":-1.3813567993451459,\"total_r\":-4.87435664547381,\"last\":true,\"risk_open\":0,\"clean_value\":155916.81,\"date\":\"2014-03-21\",\"beta\":0.10811361146582714,\"fluctuate_rate\":6.211592206050543,\"id\":\"\",\"name\":\"深燃转债-113006\",\"alpha\":0.07089009805089577,\"asset_value_percent\":0.17414457927426402,\"m3_r\":-4.87435664547381,\"var_v\":-0.6345323768030464,\"parent_id\":\"\"},{\"m1_r\":0,\"total_r\":0,\"risk_open\":0,\"clean_value\":2.062290485000001E7,\"date\":\"2014-03-21\",\"beta\":0,\"fluctuate_rate\":0,\"id\":\"\",\"name\":\"其他类\",\"alpha\":0,\"asset_value_percent\":23.033867153364866,\"m3_r\":0,\"var_v\":0,\"parent_id\":\"\"},{\"m1_r\":0,\"total_r\":0,\"last\":true,\"risk_open\":0,\"clean_value\":856446.89,\"date\":\"2014-03-21\",\"beta\":0,\"fluctuate_rate\":0,\"id\":\"\",\"name\":\"银行存款\",\"alpha\":0,\"asset_value_percent\":0.9565715417715503,\"m3_r\":0,\"var_v\":0,\"parent_id\":\"\"},{\"m1_r\":0,\"total_r\":0,\"last\":true,\"risk_open\":0,\"clean_value\":8638461.36,\"date\":\"2014-03-21\",\"beta\":0,\"fluctuate_rate\":0,\"id\":\"\",\"name\":\"存出保证金\",\"alpha\":0,\"asset_value_percent\":9.648358115550124,\"m3_r\":0,\"var_v\":0,\"parent_id\":\"\"},{\"m1_r\":0,\"total_r\":0,\"last\":true,\"risk_open\":0,\"clean_value\":9393177.11,\"date\":\"2014-03-21\",\"beta\":0,\"fluctuate_rate\":0,\"id\":\"\",\"name\":\"清算备付金\",\"alpha\":0,\"asset_value_percent\":10.49130543313192,\"m3_r\":0,\"var_v\":0,\"parent_id\":\"\"},{\"m1_r\":0,\"total_r\":0,\"last\":true,\"risk_open\":0,\"clean_value\":1734819.49000001,\"date\":\"2014-03-21\",\"beta\":0,\"fluctuate_rate\":0,\"id\":\"\",\"name\":\"其他资产\",\"alpha\":0,\"asset_value_percent\":1.9376320629112733,\"m3_r\":0,\"var_v\":0,\"parent_id\":\"\"},{\"m1_r\":0,\"total_r\":0,\"last\":true,\"risk_open\":0,\"clean_value\":-343116.87,\"date\":\"2014-03-21\",\"beta\":0,\"fluctuate_rate\":0,\"id\":\"\",\"name\":\"其他负债\",\"alpha\":0,\"asset_value_percent\":-0.3832296400115699,\"m3_r\":0,\"var_v\":0,\"parent_id\":\"\"},{\"m1_r\":-3.8700096095046765,\"total_r\":-3.8700096095046765,\"risk_open\":32.08370848318596,\"clean_value\":9.700876359999998E7,\"date\":\"2014-03-18\",\"beta\":0.3667182010932133,\"fluctuate_rate\":16.501945142297338,\"id\":\"\",\"name\":\"汇总\",\"alpha\":0.20752940966255579,\"asset_value_percent\":104.35480642333627,\"m3_r\":-3.8700096095046765,\"first\":true,\"var_v\":-1.5523587229461118},{\"m1_r\":-4.664648631069013,\"total_r\":0,\"risk_open\":0,\"clean_value\":7.239291458E7,\"date\":\"2014-03-18\",\"beta\":0.7466221462332375,\"fluctuate_rate\":20.61068453569669,\"id\":\"\",\"name\":\"股票类\",\"alpha\":0.24510627206463492,\"asset_value_percent\":77.87490848318596,\"m3_r\":-4.664648631069013,\"var_v\":-2.1441181389957755,\"parent_id\":\"\"},{\"m1_r\":-7.13812165740787,\"total_r\":0,\"risk_open\":0,\"clean_value\":3.0530968509999998E7,\"date\":\"2014-03-18\",\"beta\":0.36111136291115603,\"fluctuate_rate\":32.873843709763385,\"id\":\"\",\"name\":\"电子\",\"alpha\":-0.007223269928414407,\"asset_value_percent\":32.84294315836458,\"m3_r\":-7.13812165740787,\"var_v\":-3.419847820897874,\"parent_id\":\"\"},{\"m1_r\":-17.649086521889,\"total_r\":0,\"last\":true,\"risk_open\":0,\"clean_value\":1646184,\"date\":\"2014-03-18\",\"beta\":1.2873926167090513,\"fluctuate_rate\":44.99845263461974,\"id\":\"\",\"name\":\"勤上光电-002638\",\"alpha\":-0.05550604842273661,\"asset_value_percent\":1.7708422031387838,\"m3_r\":-17.649086521889,\"var_v\":-4.119080015606117,\"parent_id\":\"\"},{\"m1_r\":-16.000740775035883,\"total_r\":0,\"last\":true,\"risk_open\":0,\"clean_value\":5927500,\"date\":\"2014-03-18\",\"beta\":0.9830510486061884,\"fluctuate_rate\":50.78629235453445,\"id\":\"\",\"name\":\"三安光电-600703\",\"alpha\":0.030410767848467118,\"asset_value_percent\":6.376363249251081,\"m3_r\":-17.234615209160165,\"var_v\":-5.194474994059902,\"parent_id\":\"\"},{\"m1_r\":-16.44859813084113,\"total_r\":0,\"last\":true,\"risk_open\":0,\"clean_value\":3056240,\"date\":\"2014-03-18\",\"beta\":0.15667575201559647,\"fluctuate_rate\":54.91489851633643,\"id\":\"\",\"name\":\"佛山照明-000541\",\"alpha\":0.2253598352795983,\"asset_value_percent\":3.28767548155059,\"m3_r\":-16.44859813084113,\"var_v\":-5.136059094795764,\"parent_id\":\"\"},{\"m1_r\":-19.75953079178886,\"total_r\":0,\"last\":true,\"risk_open\":0,\"clean_value\":1955640.56,\"date\":\"2014-03-18\",\"beta\":1.1639903570366794,\"fluctuate_rate\":45.68984217633276,\"id\":\"\",\"name\":\"歌尔声学-002241\",\"alpha\":-0.09308750558649206,\"asset_value_percent\":2.103732534041131,\"m3_r\":-23.38793224135517,\"var_v\":-4.673626885890354,\"parent_id\":\"\"},{\"m1_r\":-28.288605367355913,\"total_r\":0,\"last\":true,\"risk_open\":0,\"clean_value\":2078400,\"date\":\"2014-03-18\",\"beta\":1.8309076325381124,\"fluctuate_rate\":55.42261928791161,\"id\":\"\",\"name\":\"安洁科技-002635\",\"alpha\":-0.06371700922329412,\"asset_value_percent\":2.235788001222007,\"m3_r\":-28.288605367355913,\"var_v\":-4.5855829230102385,\"parent_id\":\"\"},{\"m1_r\":-16.469228546662805,\"total_r\":0,\"last\":true,\"risk_open\":0,\"clean_value\":4814500.6,\"date\":\"2014-03-18\",\"beta\":1.2019229143687369,\"fluctuate_rate\":44.49761383591027,\"id\":\"\",\"name\":\"大族激光-002008\",\"alpha\":-0.03287484172202393,\"asset_value_percent\":5.1790813478426445,\"m3_r\":-16.6658659620466,\"var_v\":-4.551201630658422,\"parent_id\":\"\"},{\"m1_r\":-19.683138438325177,\"total_r\":0,\"last\":true,\"risk_open\":0,\"clean_value\":2657916,\"date\":\"2014-03-18\",\"beta\":1.242294721781231,\"fluctuate_rate\":57.57791776143681,\"id\":\"\",\"name\":\"阳光照明-600261\",\"alpha\":0.09078823538154858,\"asset_value_percent\":2.8591881741031524,\"m3_r\":-24.34621944286527,\"var_v\":-5.166841968934775,\"parent_id\":\"\"},{\"m1_r\":-19.337294793030512,\"total_r\":0,\"last\":true,\"risk_open\":0,\"clean_value\":5448518.35,\"date\":\"2014-03-18\",\"beta\":1.0208497010198065,\"fluctuate_rate\":48.57024600749923,\"id\":\"\",\"name\":\"德豪润达-002005\",\"alpha\":-0.046092335662122584,\"asset_value_percent\":5.86111044619319,\"m3_r\":-20.37975941942539,\"var_v\":-4.9675097541703535,\"parent_id\":\"\"},{\"m1_r\":-21.704180064308687,\"total_r\":0,\"last\":true,\"risk_open\":0,\"clean_value\":2946069,\"date\":\"2014-03-18\",\"beta\":1.497433218440995,\"fluctuate_rate\":46.09393857423387,\"id\":\"\",\"name\":\"长盈精密-300115\",\"alpha\":-0.3280781163547086,\"asset_value_percent\":3.1691617210219967,\"m3_r\":-25.306748466257666,\"var_v\":-4.715618327870373,\"parent_id\":\"\"},{\"m1_r\":-5.313550703302694,\"total_r\":0,\"risk_open\":0,\"clean_value\":1.02053567E7,\"date\":\"2014-03-18\",\"beta\":0.12032575455252639,\"fluctuate_rate\":44.777122283918196,\"id\":\"\",\"name\":\"化工\",\"alpha\":0.09327372054071699,\"asset_value_percent\":10.978163037938133,\"m3_r\":-6.552351476112051,\"var_v\":-4.6581393225780925,\"parent_id\":\"\"},{\"m1_r\":-11.965960402917686,\"total_r\":0,\"last\":true,\"risk_open\":0,\"clean_value\":1.02053567E7,\"date\":\"2014-03-18\",\"beta\":1.096046343424732,\"fluctuate_rate\":45.49177848529223,\"id\":\"\",\"name\":\"浙江龙盛-600352\",\"alpha\":0.8496295802711564,\"asset_value_percent\":10.978163037938133,\"m3_r\":-11.965960402917686,\"var_v\":-4.6581393225780925,\"parent_id\":\"\"},{\"m1_r\":-4.695616029586047,\"total_r\":0,\"risk_open\":0,\"clean_value\":6993300,\"date\":\"2014-03-18\",\"beta\":0.06616345707390606,\"fluctuate_rate\":19.775481948323574,\"id\":\"\",\"name\":\"计算机\",\"alpha\":0.01629673943652076,\"asset_value_percent\":7.522871549723758,\"m3_r\":-4.695616029586047,\"var_v\":-2.0572324747073636,\"parent_id\":\"\"},{\"m1_r\":-13.109812365426022,\"total_r\":0,\"last\":true,\"risk_open\":0,\"clean_value\":2697300,\"date\":\"2014-03-18\",\"beta\":1.1823446544940013,\"fluctuate_rate\":59.80112555511382,\"id\":\"\",\"name\":\"神州泰岳-300002\",\"alpha\":-0.10583633839562148,\"asset_value_percent\":2.9015545495073707,\"m3_r\":-21.755027422303463,\"var_v\":-5.244223411016907,\"parent_id\":\"\"},{\"m1_r\":-11.303339293480896,\"total_r\":0,\"last\":true,\"risk_open\":0,\"clean_value\":4296000,\"date\":\"2014-03-18\",\"beta\":0.6893507188337541,\"fluctuate_rate\":47.91182740433298,\"id\":\"\",\"name\":\"航天信息-600271\",\"alpha\":0.41909348628029763,\"asset_value_percent\":4.621317000216388,\"m3_r\":-11.303339293480896,\"var_v\":-3.162810963501541,\"parent_id\":\"\"},{\"m1_r\":-5.411879340284409,\"total_r\":0,\"risk_open\":0,\"clean_value\":6818726,\"date\":\"2014-03-18\",\"beta\":0.09184916632693071,\"fluctuate_rate\":39.58464057939267,\"id\":\"\",\"name\":\"医药生物\",\"alpha\":0.050946517397570126,\"asset_value_percent\":7.335077836037591,\"m3_r\":-5.411879340284409,\"var_v\":-4.117968316137498,\"parent_id\":\"\"},{\"m1_r\":-16.22060016220601,\"total_r\":0,\"last\":true,\"risk_open\":0,\"clean_value\":1808000,\"date\":\"2014-03-18\",\"beta\":1.172648555853117,\"fluctuate_rate\":76.53964288606561,\"id\":\"\",\"name\":\"运盛实业-600767\",\"alpha\":1.0320726894541044,\"asset_value_percent\":1.9449118101469345,\"m3_r\":-16.22060016220601,\"var_v\":-8.474997082407485,\"parent_id\":\"\"},{\"m1_r\":-8.999699006722183,\"total_r\":0,\"last\":true,\"risk_open\":0,\"clean_value\":5010726,\"date\":\"2014-03-18\",\"beta\":1.2808916412035307,\"fluctuate_rate\":50.21792706590227,\"id\":\"\",\"name\":\"中国医药-600056\",\"alpha\":0.5727766755751216,\"asset_value_percent\":5.390166025890657,\"m3_r\":-8.999699006722183,\"var_v\":-5.311987529695158,\"parent_id\":\"\"},{\"m1_r\":-5.136173541349454,\"total_r\":0,\"risk_open\":0,\"clean_value\":6795334.73,\"date\":\"2014-03-18\",\"beta\":0.07288680498857111,\"fluctuate_rate\":24.208211026828995,\"id\":\"\",\"name\":\"食品饮料\",\"alpha\":0.021734940692043653,\"asset_value_percent\":7.309915249047916,\"m3_r\":-5.136173541349454,\"var_v\":-2.518366834704797,\"parent_id\":\"\"},{\"m1_r\":-16.823406478578896,\"total_r\":0,\"last\":true,\"risk_open\":0,\"clean_value\":1910942.79,\"date\":\"2014-03-18\",\"beta\":0.5420951943949447,\"fluctuate_rate\":59.25116676315657,\"id\":\"\",\"name\":\"惠泉啤酒-600573\",\"alpha\":0.3484562672509403,\"asset_value_percent\":2.055650000434808,\"m3_r\":-16.823406478578896,\"var_v\":-6.05017438139706,\"parent_id\":\"\"},{\"m1_r\":-12.35706381409073,\"total_r\":0,\"last\":true,\"risk_open\":0,\"clean_value\":2104391.94,\"date\":\"2014-03-18\",\"beta\":1.2490056427650498,\"fluctuate_rate\":37.42155792693686,\"id\":\"\",\"name\":\"上海梅林-600073\",\"alpha\":0.18597387910277768,\"asset_value_percent\":2.263748195400453,\"m3_r\":-12.550607287449388,\"var_v\":-3.8259729237693336,\"parent_id\":\"\"},{\"m1_r\":-9.184549356223181,\"total_r\":0,\"last\":true,\"risk_open\":0,\"clean_value\":2780000,\"date\":\"2014-03-18\",\"beta\":1.1191670814294727,\"fluctuate_rate\":34.36992108032278,\"id\":\"\",\"name\":\"得利斯-002330\",\"alpha\":0.3464925601928143,\"asset_value_percent\":2.9905170532126535,\"m3_r\":-9.184549356223181,\"var_v\":-3.0868681244219016,\"parent_id\":\"\"},{\"m1_r\":-5.789473684210522,\"total_r\":0,\"risk_open\":0,\"clean_value\":4911630.64,\"date\":\"2014-03-18\",\"beta\":0.017699174716027617,\"fluctuate_rate\":25.6039885062723,\"id\":\"\",\"name\":\"轻工制造\",\"alpha\":-0.007003531490822719,\"asset_value_percent\":5.283566614389129,\"m3_r\":-5.789473684210522,\"var_v\":-2.6635687956825107,\"parent_id\":\"\"},{\"m1_r\":-15.241765942536778,\"total_r\":0,\"last\":true,\"risk_open\":0,\"clean_value\":4911630.64,\"date\":\"2014-03-18\",\"beta\":0.3349853613622688,\"fluctuate_rate\":51.69745043557687,\"id\":\"\",\"name\":\"宜华木业-600978\",\"alpha\":-0.1325531028935924,\"asset_value_percent\":5.283566614389129,\"m3_r\":-19.42038640906062,\"var_v\":-2.9671604547581767,\"parent_id\":\"\"},{\"m1_r\":-9.372797744890772,\"total_r\":0,\"risk_open\":0,\"clean_value\":3873000,\"date\":\"2014-03-18\",\"beta\":-0.02924977124892555,\"fluctuate_rate\":75.29869575615662,\"id\":\"\",\"name\":\"钢铁\",\"alpha\":0.0457425631859529,\"asset_value_percent\":4.166285088882233,\"m3_r\":-9.372797744890772,\"var_v\":-7.833281768680578,\"parent_id\":\"\"},{\"m1_r\":-20.52001019627835,\"total_r\":0,\"last\":true,\"risk_open\":0,\"clean_value\":3873000,\"date\":\"2014-03-18\",\"beta\":-0.7020588035844885,\"fluctuate_rate\":76.49868495591728,\"id\":\"\",\"name\":\"物产中拓-000906\",\"alpha\":1.0979220627032296,\"asset_value_percent\":4.166285088882233,\"m3_r\":-20.52001019627835,\"var_v\":-7.833281768680578,\"parent_id\":\"\"},{\"m1_r\":-5.902951475737872,\"total_r\":0,\"risk_open\":0,\"clean_value\":2172000,\"date\":\"2014-03-18\",\"beta\":0.04534993141705713,\"fluctuate_rate\":37.36320503514759,\"id\":\"\",\"name\":\"汽车\",\"alpha\":0.03092597164760524,\"asset_value_percent\":2.336475913517224,\"m3_r\":-9.990958408679928,\"var_v\":-3.886873602287672,\"parent_id\":\"\"},{\"m1_r\":-23.49514563106796,\"total_r\":0,\"last\":true,\"risk_open\":0,\"clean_value\":2172000,\"date\":\"2014-03-18\",\"beta\":1.9409543729808632,\"fluctuate_rate\":73.54172710588351,\"id\":\"\",\"name\":\"星宇股份-601799\",\"alpha\":1.3236161121408991,\"asset_value_percent\":2.336475913517224,\"m3_r\":-23.49514563106796,\"var_v\":-6.278419592982737,\"parent_id\":\"\"},{\"m1_r\":-7.3002754820936655,\"total_r\":0,\"risk_open\":0,\"clean_value\":92598,\"date\":\"2014-03-18\",\"beta\":4.862654959879331E-4,\"fluctuate_rate\":0,\"id\":\"\",\"name\":\"农林牧渔\",\"alpha\":4.126205834624554E-4,\"asset_value_percent\":0.0996100352853904,\"m3_r\":-7.3002754820936655,\"var_v\":0,\"parent_id\":\"\"},{\"m1_r\":-12.307692307692308,\"total_r\":0,\"last\":true,\"risk_open\":0,\"clean_value\":92598,\"date\":\"2014-03-18\",\"beta\":0.4881691835513812,\"fluctuate_rate\":42.918600222843786,\"id\":\"\",\"name\":\"民和股份-002234\",\"alpha\":0.41423595753205567,\"asset_value_percent\":0.0996100352853904,\"m3_r\":-16.534472239170228,\"var_v\":0,\"parent_id\":\"\"},{\"m1_r\":-0.5633111016281056,\"total_r\":-1.6460442327173364,\"risk_open\":0,\"clean_value\":156150.37,\"date\":\"2014-03-18\",\"beta\":1.802505585727596E-4,\"fluctuate_rate\":5.9459982164662915,\"id\":\"\",\"name\":\"债券类\",\"alpha\":1.4404955928868133E-4,\"asset_value_percent\":0.16797494401095883,\"m3_r\":-1.6460442327173364,\"var_v\":-0.6185589133772534,\"parent_id\":\"\"},{\"m1_r\":-1.1971758927657894,\"total_r\":-4.87435664547381,\"last\":true,\"risk_open\":0,\"clean_value\":156150.37,\"date\":\"2014-03-18\",\"beta\":0.10730800336566858,\"fluctuate_rate\":6.053820261698015,\"id\":\"\",\"name\":\"深燃转债-113006\",\"alpha\":0.08575657526594169,\"asset_value_percent\":0.16797494401095883,\"m3_r\":-4.87435664547381,\"var_v\":-0.6185589133772534,\"parent_id\":\"\"},{\"m1_r\":0,\"total_r\":0,\"risk_open\":0,\"clean_value\":2.4459698650000002E7,\"date\":\"2014-03-18\",\"beta\":0,\"fluctuate_rate\":0,\"id\":\"\",\"name\":\"其他类\",\"alpha\":0,\"asset_value_percent\":26.311922996139398,\"m3_r\":0,\"var_v\":0,\"parent_id\":\"\"},{\"m1_r\":0,\"total_r\":0,\"last\":true,\"risk_open\":0,\"clean_value\":1683069.82,\"date\":\"2014-03-18\",\"beta\":0,\"fluctuate_rate\":0,\"id\":\"\",\"name\":\"银行存款\",\"alpha\":0,\"asset_value_percent\":1.810521222466745,\"m3_r\":0,\"var_v\":0,\"parent_id\":\"\"},{\"m1_r\":0,\"total_r\":0,\"last\":true,\"risk_open\":0,\"clean_value\":5313134.16,\"date\":\"2014-03-18\",\"beta\":0,\"fluctuate_rate\":0,\"id\":\"\",\"name\":\"存出保证金\",\"alpha\":0,\"asset_value_percent\":5.715474212764995,\"m3_r\":0,\"var_v\":0,\"parent_id\":\"\"},{\"m1_r\":0,\"total_r\":0,\"last\":true,\"risk_open\":0,\"clean_value\":1.417945539E7,\"date\":\"2014-03-18\",\"beta\":0,\"fluctuate_rate\":0,\"id\":\"\",\"name\":\"清算备付金\",\"alpha\":0,\"asset_value_percent\":15.253202571605426,\"m3_r\":0,\"var_v\":0,\"parent_id\":\"\"},{\"m1_r\":0,\"total_r\":0,\"last\":true,\"risk_open\":0,\"clean_value\":3284039.280000001,\"date\":\"2014-03-18\",\"beta\":0,\"fluctuate_rate\":0,\"id\":\"\",\"name\":\"其他资产\",\"alpha\":0,\"asset_value_percent\":3.5327249893022334,\"m3_r\":0,\"var_v\":0,\"parent_id\":\"\"},{\"m1_r\":0,\"total_r\":0,\"last\":true,\"risk_open\":0,\"clean_value\":-4048250.4,\"date\":\"2014-03-18\",\"beta\":0,\"fluctuate_rate\":0,\"id\":\"\",\"name\":\"其他负债\",\"alpha\":0,\"asset_value_percent\":-4.354806423336312,\"m3_r\":0,\"var_v\":0,\"parent_id\":\"\"},{\"m1_r\":-3.8700096095046765,\"total_r\":-3.8700096095046765,\"risk_open\":30.15153854254997,\"clean_value\":9.293858135E7,\"date\":\"2014-03-19\",\"beta\":0.3733103092035551,\"fluctuate_rate\":16.566411455019693,\"id\":\"\",\"name\":\"汇总\",\"alpha\":0.20768834698239327,\"asset_value_percent\":100.33949811968527,\"m3_r\":-3.8700096095046765,\"first\":true,\"var_v\":-1.5741726171778108},{\"m1_r\":-4.664648631069013,\"total_r\":0,\"risk_open\":0,\"clean_value\":7.193517239E7,\"date\":\"2014-03-19\",\"beta\":0.7419909775015263,\"fluctuate_rate\":20.674331041913074,\"id\":\"\",\"name\":\"股票类\",\"alpha\":0.23475274396091805,\"asset_value_percent\":77.66353854254997,\"m3_r\":-4.664648631069013,\"var_v\":-2.1507392499164677,\"parent_id\":\"\"},{\"m1_r\":-7.13812165740787,\"total_r\":0,\"risk_open\":0,\"clean_value\":2.9867088030000005E7,\"date\":\"2014-03-19\",\"beta\":0.36017139520048036,\"fluctuate_rate\":33.385689274495284,\"id\":\"\",\"name\":\"电子\",\"alpha\":-0.019257766129583284,\"asset_value_percent\":32.245474158258816,\"m3_r\":-7.13812165740787,\"var_v\":-3.4730948325536715,\"parent_id\":\"\"},{\"m1_r\":-17.649086521889,\"total_r\":0,\"last\":true,\"risk_open\":0,\"clean_value\":1632624,\"date\":\"2014-03-19\",\"beta\":1.278921041845785,\"fluctuate_rate\":44.936720130603824,\"id\":\"\",\"name\":\"勤上光电-002638\",\"alpha\":-0.05940793332278983,\"asset_value_percent\":1.7626336705230228,\"m3_r\":-17.649086521889,\"var_v\":-4.1170182902256105,\"parent_id\":\"\"},{\"m1_r\":-16.000740775035883,\"total_r\":0,\"last\":true,\"risk_open\":0,\"clean_value\":5897500,\"date\":\"2014-03-19\",\"beta\":0.9871105418615234,\"fluctuate_rate\":50.79775272176079,\"id\":\"\",\"name\":\"三安光电-600703\",\"alpha\":0.06183820494709343,\"asset_value_percent\":6.367131728989362,\"m3_r\":-17.234615209160165,\"var_v\":-5.195667417955696,\"parent_id\":\"\"},{\"m1_r\":-19.75953079178886,\"total_r\":0,\"last\":true,\"risk_open\":0,\"clean_value\":1831821.06,\"date\":\"2014-03-19\",\"beta\":1.2683225692741966,\"fluctuate_rate\":48.82972644440609,\"id\":\"\",\"name\":\"歌尔声学-002241\",\"alpha\":-0.18701961403979403,\"asset_value_percent\":1.9776932586616236,\"m3_r\":-23.38793224135517,\"var_v\":-4.995644509463258,\"parent_id\":\"\"},{\"m1_r\":-16.44859813084113,\"total_r\":0,\"last\":true,\"risk_open\":0,\"clean_value\":2998860,\"date\":\"2014-03-19\",\"beta\":0.1975130821000642,\"fluctuate_rate\":55.19893832608594,\"id\":\"\",\"name\":\"佛山照明-000541\",\"alpha\":0.19568398744342597,\"asset_value_percent\":3.2376662410847032,\"m3_r\":-16.44859813084113,\"var_v\":-5.100149523476594,\"parent_id\":\"\"},{\"m1_r\":-28.288605367355913,\"total_r\":0,\"last\":true,\"risk_open\":0,\"clean_value\":1961400,\"date\":\"2014-03-19\",\"beta\":1.9051691888872204,\"fluctuate_rate\":57.5340959183834,\"id\":\"\",\"name\":\"安洁科技-002635\",\"alpha\":-0.15426044869198433,\"asset_value_percent\":2.117590872952901,\"m3_r\":-28.288605367355913,\"var_v\":-5.266126079458505,\"parent_id\":\"\"},{\"m1_r\":-16.469228546662805,\"total_r\":0,\"last\":true,\"risk_open\":0,\"clean_value\":4670295,\"date\":\"2014-03-19\",\"beta\":1.2216821322356712,\"fluctuate_rate\":45.00439568828328,\"id\":\"\",\"name\":\"大族激光-002008\",\"alpha\":-0.12557922252770273,\"asset_value_percent\":5.042201522380732,\"m3_r\":-16.6658659620466,\"var_v\":-4.603500697952904,\"parent_id\":\"\"},{\"m1_r\":-19.683138438325177,\"total_r\":0,\"last\":true,\"risk_open\":0,\"clean_value\":2630100.6,\"date\":\"2014-03-19\",\"beta\":1.2400588560013355,\"fluctuate_rate\":57.57496412075058,\"id\":\"\",\"name\":\"阳光照明-600261\",\"alpha\":0.07402885317054869,\"asset_value_percent\":2.8395416669256393,\"m3_r\":-24.34621944286527,\"var_v\":-5.074034719557775,\"parent_id\":\"\"},{\"m1_r\":-19.337294793030512,\"total_r\":0,\"last\":true,\"risk_open\":0,\"clean_value\":5290237.37,\"date\":\"2014-03-19\",\"beta\":1.0216426804740424,\"fluctuate_rate\":48.341139990250966,\"id\":\"\",\"name\":\"德豪润达-002005\",\"alpha\":-0.19753890206137625,\"asset_value_percent\":5.71151135437257,\"m3_r\":-20.37975941942539,\"var_v\":-4.944962495383801,\"parent_id\":\"\"},{\"m1_r\":-21.704180064308687,\"total_r\":0,\"last\":true,\"risk_open\":0,\"clean_value\":2954250,\"date\":\"2014-03-19\",\"beta\":1.4984506143148166,\"fluctuate_rate\":45.87139509184241,\"id\":\"\",\"name\":\"长盈精密-300115\",\"alpha\":-0.18830272414049407,\"asset_value_percent\":3.189503842368261,\"m3_r\":-25.306748466257666,\"var_v\":-4.692194649826352,\"parent_id\":\"\"},{\"m1_r\":-5.313550703302694,\"total_r\":0,\"risk_open\":0,\"clean_value\":1.03649238E7,\"date\":\"2014-03-19\",\"beta\":0.12171836362924161,\"fluctuate_rate\":44.782083211767535,\"id\":\"\",\"name\":\"化工\",\"alpha\":0.10586556783606993,\"asset_value_percent\":11.190306942863414,\"m3_r\":-6.552351476112051,\"var_v\":-4.658655405164752,\"parent_id\":\"\"},{\"m1_r\":-11.965960402917686,\"total_r\":0,\"last\":true,\"risk_open\":0,\"clean_value\":1.03649238E7,\"date\":\"2014-03-19\",\"beta\":1.087712466250688,\"fluctuate_rate\":45.48825016023912,\"id\":\"\",\"name\":\"浙江龙盛-600352\",\"alpha\":0.9460470421107205,\"asset_value_percent\":11.190306942863414,\"m3_r\":-11.965960402917686,\"var_v\":-4.658655405164752,\"parent_id\":\"\"},{\"m1_r\":-5.136173541349454,\"total_r\":0,\"risk_open\":0,\"clean_value\":6982221.41,\"date\":\"2014-03-19\",\"beta\":0.0718713837246722,\"fluctuate_rate\":25.352182520384407,\"id\":\"\",\"name\":\"食品饮料\",\"alpha\":0.03232268872225268,\"asset_value_percent\":7.538232043821931,\"m3_r\":-5.136173541349454,\"var_v\":-2.6373735579205206,\"parent_id\":\"\"},{\"m1_r\":-16.823406478578896,\"total_r\":0,\"last\":true,\"risk_open\":0,\"clean_value\":1985472.54,\"date\":\"2014-03-19\",\"beta\":0.488389981916587,\"fluctuate_rate\":60.1395276491756,\"id\":\"\",\"name\":\"惠泉啤酒-600573\",\"alpha\":0.49022276822173305,\"asset_value_percent\":2.143580365658516,\"m3_r\":-16.823406478578896,\"var_v\":-6.143281582052351,\"parent_id\":\"\"},{\"m1_r\":-12.35706381409073,\"total_r\":0,\"last\":true,\"risk_open\":0,\"clean_value\":2096748.87,\"date\":\"2014-03-19\",\"beta\":1.2612819881761856,\"fluctuate_rate\":37.320671309272434,\"id\":\"\",\"name\":\"上海梅林-600073\",\"alpha\":0.25669614984714206,\"asset_value_percent\":2.263717890275471,\"m3_r\":-12.550607287449388,\"var_v\":-3.8156976526313056,\"parent_id\":\"\"},{\"m1_r\":-9.184549356223181,\"total_r\":0,\"last\":true,\"risk_open\":0,\"clean_value\":2900000,\"date\":\"2014-03-19\",\"beta\":1.0492232725706656,\"fluctuate_rate\":36.37680229054522,\"id\":\"\",\"name\":\"得利斯-002330\",\"alpha\":0.5111412163628495,\"asset_value_percent\":3.1309337878879435,\"m3_r\":-9.184549356223181,\"var_v\":-3.5821840529548004,\"parent_id\":\"\"},{\"m1_r\":-4.695616029586047,\"total_r\":0,\"risk_open\":0,\"clean_value\":6912600,\"date\":\"2014-03-19\",\"beta\":0.06194514171299472,\"fluctuate_rate\":18.84126084658213,\"id\":\"\",\"name\":\"计算机\",\"alpha\":0.001391558179865894,\"asset_value_percent\":7.463066517984207,\"m3_r\":-4.695616029586047,\"var_v\":-1.9600459690089618,\"parent_id\":\"\"},{\"m1_r\":-13.109812365426022,\"total_r\":0,\"last\":true,\"risk_open\":0,\"clean_value\":2676600,\"date\":\"2014-03-19\",\"beta\":1.1215839063797153,\"fluctuate_rate\":57.711873422770154,\"id\":\"\",\"name\":\"神州泰岳-300002\",\"alpha\":-0.2620972210328936,\"asset_value_percent\":2.889743922986507,\"m3_r\":-21.755027422303463,\"var_v\":-5.138640892655736,\"parent_id\":\"\"},{\"m1_r\":-11.303339293480896,\"total_r\":0,\"last\":true,\"risk_open\":0,\"clean_value\":4236000,\"date\":\"2014-03-19\",\"beta\":0.6457939129309789,\"fluctuate_rate\":45.168196087580014,\"id\":\"\",\"name\":\"航天信息-600271\",\"alpha\":0.19603901782014924,\"asset_value_percent\":4.573322594997699,\"m3_r\":-11.303339293480896,\"var_v\":-3.078839213461736,\"parent_id\":\"\"},{\"m1_r\":-5.411879340284409,\"total_r\":0,\"risk_open\":0,\"clean_value\":6863738,\"date\":\"2014-03-19\",\"beta\":0.09410365326021985,\"fluctuate_rate\":39.57229051966683,\"id\":\"\",\"name\":\"医药生物\",\"alpha\":0.06086491573239658,\"asset_value_percent\":7.410313522555316,\"m3_r\":-5.411879340284409,\"var_v\":-4.116683546239147,\"parent_id\":\"\"},{\"m1_r\":-16.22060016220601,\"total_r\":0,\"last\":true,\"risk_open\":0,\"clean_value\":1826000,\"date\":\"2014-03-19\",\"beta\":1.201051730447929,\"fluctuate_rate\":76.02525450144185,\"id\":\"\",\"name\":\"运盛实业-600767\",\"alpha\":1.1843376510386938,\"asset_value_percent\":1.9714086540287536,\"m3_r\":-16.22060016220601,\"var_v\":-8.048281016104857,\"parent_id\":\"\"},{\"m1_r\":-8.999699006722183,\"total_r\":0,\"last\":true,\"risk_open\":0,\"clean_value\":5037738,\"date\":\"2014-03-19\",\"beta\":1.294856542064987,\"fluctuate_rate\":49.91975790998846,\"id\":\"\",\"name\":\"中国医药-600056\",\"alpha\":0.6897855670173262,\"asset_value_percent\":5.4389048685265635,\"m3_r\":-8.999699006722183,\"var_v\":-5.216627852750009,\"parent_id\":\"\"},{\"m1_r\":-5.789473684210522,\"total_r\":0,\"risk_open\":0,\"clean_value\":4902467.15,\"date\":\"2014-03-19\",\"beta\":0.01521571009205197,\"fluctuate_rate\":25.592666802085645,\"id\":\"\",\"name\":\"轻工制造\",\"alpha\":-0.013569198680307475,\"asset_value_percent\":5.2928620841192116,\"m3_r\":-5.789473684210522,\"var_v\":-2.6623910050434416,\"parent_id\":\"\"},{\"m1_r\":-15.241765942536778,\"total_r\":0,\"last\":true,\"risk_open\":0,\"clean_value\":4902467.15,\"date\":\"2014-03-19\",\"beta\":0.287476035653856,\"fluctuate_rate\":50.39822078689903,\"id\":\"\",\"name\":\"宜华木业-600978\",\"alpha\":-0.2563678868758118,\"asset_value_percent\":5.2928620841192116,\"m3_r\":-19.42038640906062,\"var_v\":-2.9076500579977784,\"parent_id\":\"\"},{\"m1_r\":-9.372797744890772,\"total_r\":0,\"risk_open\":0,\"clean_value\":3834000,\"date\":\"2014-03-19\",\"beta\":-0.02695607112196601,\"fluctuate_rate\":75.48019233681087,\"id\":\"\",\"name\":\"钢铁\",\"alpha\":0.04325001942539049,\"asset_value_percent\":4.139310394055991,\"m3_r\":-9.372797744890772,\"var_v\":-7.8521627578137885,\"parent_id\":\"\"},{\"m1_r\":-20.52001019627835,\"total_r\":0,\"last\":true,\"risk_open\":0,\"clean_value\":3834000,\"date\":\"2014-03-19\",\"beta\":-0.6512213039320428,\"fluctuate_rate\":76.68916467511065,\"id\":\"\",\"name\":\"物产中拓-000906\",\"alpha\":1.0448605035152012,\"asset_value_percent\":4.139310394055991,\"m3_r\":-20.52001019627835,\"var_v\":-7.8521627578137885,\"parent_id\":\"\"},{\"m1_r\":-5.902951475737872,\"total_r\":0,\"risk_open\":0,\"clean_value\":2117000,\"date\":\"2014-03-19\",\"beta\":0.04341510295656488,\"fluctuate_rate\":38.26155097235081,\"id\":\"\",\"name\":\"汽车\",\"alpha\":0.02352036665351758,\"asset_value_percent\":2.285581665158199,\"m3_r\":-9.990958408679928,\"var_v\":-3.9803280344155616,\"parent_id\":\"\"},{\"m1_r\":-23.49514563106796,\"total_r\":0,\"last\":true,\"risk_open\":0,\"clean_value\":2117000,\"date\":\"2014-03-19\",\"beta\":1.8995209673927738,\"fluctuate_rate\":70.93135654731348,\"id\":\"\",\"name\":\"星宇股份-601799\",\"alpha\":1.0290757496030927,\"asset_value_percent\":2.285581665158199,\"m3_r\":-23.49514563106796,\"var_v\":-6.222564824273399,\"parent_id\":\"\"},{\"m1_r\":-7.3002754820936655,\"total_r\":0,\"risk_open\":0,\"clean_value\":91134,\"date\":\"2014-03-19\",\"beta\":5.062980472668117E-4,\"fluctuate_rate\":4.489816871518305,\"id\":\"\",\"name\":\"农林牧渔\",\"alpha\":3.645922213156178E-4,\"asset_value_percent\":0.0983912137328896,\"m3_r\":-7.3002754820936655,\"var_v\":-0.46707317160275275,\"parent_id\":\"\"},{\"m1_r\":-12.307692307692308,\"total_r\":0,\"last\":true,\"risk_open\":0,\"clean_value\":91134,\"date\":\"2014-03-19\",\"beta\":0.5145764830600617,\"fluctuate_rate\":43.281624182773385,\"id\":\"\",\"name\":\"民和股份-002234\",\"alpha\":0.37055363734551044,\"asset_value_percent\":0.0983912137328896,\"m3_r\":-16.534472239170228,\"var_v\":-1.5014301822554261,\"parent_id\":\"\"},{\"m1_r\":-0.5633111016281056,\"total_r\":-1.6460442327173364,\"risk_open\":0,\"clean_value\":155927.62,\"date\":\"2014-03-19\",\"beta\":1.8299163078737226E-4,\"fluctuate_rate\":5.965789618409539,\"id\":\"\",\"name\":\"债券类\",\"alpha\":1.3297180068794364E-4,\"asset_value_percent\":0.16834450135274204,\"m3_r\":-1.6460442327173364,\"var_v\":-0.6206178020002477,\"parent_id\":\"\"},{\"m1_r\":-1.1971758927657894,\"total_r\":-4.87435664547381,\"last\":true,\"risk_open\":0,\"clean_value\":155927.62,\"date\":\"2014-03-19\",\"beta\":0.10870068776641492,\"fluctuate_rate\":6.075147115449368,\"id\":\"\",\"name\":\"深燃转债-113006\",\"alpha\":0.07898790849682703,\"asset_value_percent\":0.16834450135274204,\"m3_r\":-4.87435664547381,\"var_v\":-0.6206178020002477,\"parent_id\":\"\"},{\"m1_r\":0,\"total_r\":0,\"risk_open\":0,\"clean_value\":2.0847481339999992E7,\"date\":\"2014-03-19\",\"beta\":0,\"fluctuate_rate\":0,\"id\":\"\",\"name\":\"其他类\",\"alpha\":0,\"asset_value_percent\":22.50761507578255,\"m3_r\":0,\"var_v\":0,\"parent_id\":\"\"},{\"m1_r\":0,\"total_r\":0,\"last\":true,\"risk_open\":0,\"clean_value\":1179817.72,\"date\":\"2014-03-19\",\"beta\":0,\"fluctuate_rate\":0,\"id\":\"\",\"name\":\"银行存款\",\"alpha\":0,\"asset_value_percent\":1.2737693665851437,\"m3_r\":0,\"var_v\":0,\"parent_id\":\"\"},{\"m1_r\":0,\"total_r\":0,\"last\":true,\"risk_open\":0,\"clean_value\":5485912.56,\"date\":\"2014-03-19\",\"beta\":0,\"fluctuate_rate\":0,\"id\":\"\",\"name\":\"存出保证金\",\"alpha\":0,\"asset_value_percent\":5.922768617759601,\"m3_r\":0,\"var_v\":0,\"parent_id\":\"\"},{\"m1_r\":0,\"total_r\":0,\"last\":true,\"risk_open\":0,\"clean_value\":1.413224038E7,\"date\":\"2014-03-19\",\"beta\":0,\"fluctuate_rate\":0,\"id\":\"\",\"name\":\"清算备付金\",\"alpha\":0,\"asset_value_percent\":15.25762376010219,\"m3_r\":0,\"var_v\":0,\"parent_id\":\"\"},{\"m1_r\":0,\"total_r\":0,\"last\":true,\"risk_open\":0,\"clean_value\":49510.67999999225,\"date\":\"2014-03-19\",\"beta\":0,\"fluctuate_rate\":0,\"id\":\"\",\"name\":\"其他资产\",\"alpha\":0,\"asset_value_percent\":0.05345333133561503,\"m3_r\":0,\"var_v\":0,\"parent_id\":\"\"},{\"m1_r\":0,\"total_r\":0,\"last\":true,\"risk_open\":0,\"clean_value\":-314457.16,\"date\":\"2014-03-19\",\"beta\":0,\"fluctuate_rate\":0,\"id\":\"\",\"name\":\"其他负债\",\"alpha\":0,\"asset_value_percent\":-0.3394981196852707,\"m3_r\":0,\"var_v\":0,\"parent_id\":\"\"},{\"m1_r\":-3.8700096095046765,\"total_r\":-3.8700096095046765,\"risk_open\":33.482870279464855,\"clean_value\":9.528462854000002E7,\"date\":\"2014-03-20\",\"beta\":0.40876117519969873,\"fluctuate_rate\":17.277862951780264,\"id\":\"\",\"name\":\"汇总\",\"alpha\":0.17990361055544546,\"asset_value_percent\":104.67941167244024,\"m3_r\":-3.8700096095046765,\"first\":true,\"var_v\":-1.687809420754519},{\"m1_r\":-4.664648631069013,\"total_r\":0,\"risk_open\":0,\"clean_value\":7.004904154E7,\"date\":\"2014-03-20\",\"beta\":0.7906625634734507,\"fluctuate_rate\":21.40421662468272,\"id\":\"\",\"name\":\"股票类\",\"alpha\":0.2029446041063075,\"asset_value_percent\":76.95567027946485,\"m3_r\":-4.664648631069013,\"var_v\":-2.2266688443313196,\"parent_id\":\"\"},{\"m1_r\":-7.13812165740787,\"total_r\":0,\"risk_open\":0,\"clean_value\":2.536522736E7,\"date\":\"2014-03-20\",\"beta\":0.33377022674791756,\"fluctuate_rate\":37.56825466964286,\"id\":\"\",\"name\":\"电子\",\"alpha\":-0.02588031851459764,\"asset_value_percent\":27.86616390982557,\"m3_r\":-7.13812165740787,\"var_v\":-3.9082048026150713,\"parent_id\":\"\"},{\"m1_r\":-16.000740775035883,\"total_r\":0,\"last\":true,\"risk_open\":0,\"clean_value\":6934700,\"date\":\"2014-03-20\",\"beta\":1.0630499993630478,\"fluctuate_rate\":52.23274626032953,\"id\":\"\",\"name\":\"三安光电-600703\",\"alpha\":0.01784984798838048,\"asset_value_percent\":7.618440951576293,\"m3_r\":-17.234615209160165,\"var_v\":-5.3426189702946045,\"parent_id\":\"\"},{\"m1_r\":-19.75953079178886,\"total_r\":0,\"last\":true,\"risk_open\":0,\"clean_value\":1783000.8,\"date\":\"2014-03-20\",\"beta\":1.2739734128877205,\"fluctuate_rate\":49.045805453176605,\"id\":\"\",\"name\":\"歌尔声学-002241\",\"alpha\":-0.18746677360619196,\"asset_value_percent\":1.9587994161843036,\"m3_r\":-23.38793224135517,\"var_v\":-5.01795805052707,\"parent_id\":\"\"},{\"m1_r\":-16.469228546662805,\"total_r\":0,\"last\":true,\"risk_open\":0,\"clean_value\":4571973,\"date\":\"2014-03-20\",\"beta\":1.1920302267744114,\"fluctuate_rate\":44.66705363408538,\"id\":\"\",\"name\":\"大族激光-002008\",\"alpha\":-0.08527970986546991,\"asset_value_percent\":5.022756043188763,\"m3_r\":-16.6658659620466,\"var_v\":-4.5689624331516026,\"parent_id\":\"\"},{\"m1_r\":-19.337294793030512,\"total_r\":0,\"last\":true,\"risk_open\":0,\"clean_value\":5733738.96,\"date\":\"2014-03-20\",\"beta\":1.0527853715114868,\"fluctuate_rate\":47.683234306782005,\"id\":\"\",\"name\":\"德豪润达-002005\",\"alpha\":-0.15857100197181673,\"asset_value_percent\":6.2990686977825225,\"m3_r\":-20.37975941942539,\"var_v\":-4.877570582042848,\"parent_id\":\"\"},{\"m1_r\":-21.704180064308687,\"total_r\":0,\"last\":true,\"risk_open\":0,\"clean_value\":1878765,\"date\":\"2014-03-20\",\"beta\":1.6354880430716667,\"fluctuate_rate\":47.65509721585353,\"id\":\"\",\"name\":\"长盈精密-300115\",\"alpha\":-0.33306500328876243,\"asset_value_percent\":2.064005683647199,\"m3_r\":-25.306748466257666,\"var_v\":-4.876521486581082,\"parent_id\":\"\"},{\"m1_r\":-16.44859813084113,\"total_r\":0,\"last\":true,\"risk_open\":0,\"clean_value\":350803.2,\"date\":\"2014-03-20\",\"beta\":0.2746111623184431,\"fluctuate_rate\":55.97455221991221,\"id\":\"\",\"name\":\"佛山照明-000541\",\"alpha\":0.1428924987437939,\"asset_value_percent\":0.3853913600911371,\"m3_r\":-16.44859813084113,\"var_v\":-5.164710669776959,\"parent_id\":\"\"},{\"m1_r\":-28.288605367355913,\"total_r\":0,\"last\":true,\"risk_open\":0,\"clean_value\":841811.7,\"date\":\"2014-03-20\",\"beta\":1.8851247145512604,\"fluctuate_rate\":57.54607220110199,\"id\":\"\",\"name\":\"安洁科技-002635\",\"alpha\":-0.16158797450418383,\"asset_value_percent\":0.924811848933055,\"m3_r\":-28.288605367355913,\"var_v\":-5.005138243782739,\"parent_id\":\"\"},{\"m1_r\":-19.683138438325177,\"total_r\":0,\"last\":true,\"risk_open\":0,\"clean_value\":3270434.7,\"date\":\"2014-03-20\",\"beta\":1.3746764614789952,\"fluctuate_rate\":59.9928959076263,\"id\":\"\",\"name\":\"阳光照明-600261\",\"alpha\":-0.04113798351792235,\"asset_value_percent\":3.5928899084223005,\"m3_r\":-24.34621944286527,\"var_v\":-5.300403530551675,\"parent_id\":\"\"},{\"m1_r\":-5.313550703302694,\"total_r\":0,\"risk_open\":0,\"clean_value\":1.38559849E7,\"date\":\"2014-03-20\",\"beta\":0.1541216428384492,\"fluctuate_rate\":32.819212860411746,\"id\":\"\",\"name\":\"化工\",\"alpha\":0.12694183237944037,\"asset_value_percent\":15.222144113888522,\"m3_r\":-6.552351476112051,\"var_v\":-3.4141646037858595,\"parent_id\":\"\"},{\"m1_r\":-16.464891041162222,\"total_r\":0,\"last\":true,\"risk_open\":0,\"clean_value\":2094561.1,\"date\":\"2014-03-20\",\"beta\":1.1808112632366043,\"fluctuate_rate\":43.59301672164055,\"id\":\"\",\"name\":\"华峰超纤-300180\",\"alpha\":0.3592307354399966,\"asset_value_percent\":2.301078642164576,\"m3_r\":-16.464891041162222,\"var_v\":0,\"parent_id\":\"\"},{\"m1_r\":-11.965960402917686,\"total_r\":0,\"last\":true,\"risk_open\":0,\"clean_value\":1.03649238E7,\"date\":\"2014-03-20\",\"beta\":1.0153495515695898,\"fluctuate_rate\":44.55277535481897,\"id\":\"\",\"name\":\"浙江龙盛-600352\",\"alpha\":1.0308206702193532,\"asset_value_percent\":11.386874693625934,\"m3_r\":-11.965960402917686,\"var_v\":-4.56410622103863,\"parent_id\":\"\"},{\"m1_r\":-11.710573800072178,\"total_r\":0,\"last\":true,\"risk_open\":0,\"clean_value\":1396500,\"date\":\"2014-03-20\",\"beta\":0.7387390198216841,\"fluctuate_rate\":47.05589358265681,\"id\":\"\",\"name\":\"华峰氨纶-002064\",\"alpha\":0.08456527276715406,\"asset_value_percent\":1.534190778098013,\"m3_r\":-11.710573800072178,\"var_v\":0,\"parent_id\":\"\"},{\"m1_r\":-5.136173541349454,\"total_r\":0,\"risk_open\":0,\"clean_value\":8678565.26,\"date\":\"2014-03-20\",\"beta\":0.08176957519120989,\"fluctuate_rate\":21.05716562948834,\"id\":\"\",\"name\":\"食品饮料\",\"alpha\":0.029599691183486862,\"asset_value_percent\":9.534246179028848,\"m3_r\":-5.136173541349454,\"var_v\":-2.190565320808652,\"parent_id\":\"\"},{\"m1_r\":-12.35706381409073,\"total_r\":0,\"last\":true,\"risk_open\":0,\"clean_value\":2043247.38,\"date\":\"2014-03-20\",\"beta\":1.3075508419903512,\"fluctuate_rate\":38.07098656792773,\"id\":\"\",\"name\":\"上海梅林-600073\",\"alpha\":0.2070885592686059,\"asset_value_percent\":2.2447055408298793,\"m3_r\":-12.550607287449388,\"var_v\":-3.8922505108819387,\"parent_id\":\"\"},{\"m1_r\":-9.184549356223181,\"total_r\":0,\"last\":true,\"risk_open\":0,\"clean_value\":2915000,\"date\":\"2014-03-20\",\"beta\":0.9810875939069932,\"fluctuate_rate\":36.040687919427754,\"id\":\"\",\"name\":\"得利斯-002330\",\"alpha\":0.576153838736886,\"asset_value_percent\":3.202410396101474,\"m3_r\":-9.184549356223181,\"var_v\":-3.4302980969131416,\"parent_id\":\"\"},{\"m1_r\":-7.818430241384555,\"total_r\":0,\"last\":true,\"risk_open\":0,\"clean_value\":1776582,\"date\":\"2014-03-20\",\"beta\":0.48830953271735345,\"fluctuate_rate\":28.517571550353264,\"id\":\"\",\"name\":\"青岛啤酒-600600\",\"alpha\":-0.16302408354863265,\"asset_value_percent\":1.9517477414499995,\"m3_r\":-11.718522826403033,\"var_v\":-2.390342863659697,\"parent_id\":\"\"},{\"m1_r\":-16.823406478578896,\"total_r\":0,\"last\":true,\"risk_open\":0,\"clean_value\":1943735.88,\"date\":\"2014-03-20\",\"beta\":0.5371350383442526,\"fluctuate_rate\":60.52240826166335,\"id\":\"\",\"name\":\"惠泉啤酒-600573\",\"alpha\":0.4534162500468226,\"asset_value_percent\":2.1353825006474945,\"m3_r\":-16.823406478578896,\"var_v\":-6.182545250649084,\"parent_id\":\"\"},{\"m1_r\":-5.411879340284409,\"total_r\":0,\"risk_open\":0,\"clean_value\":6559159,\"date\":\"2014-03-20\",\"beta\":0.0994999251428347,\"fluctuate_rate\":38.67412811876319,\"id\":\"\",\"name\":\"医药生物\",\"alpha\":0.05557807632338965,\"asset_value_percent\":7.205872717421114,\"m3_r\":-5.411879340284409,\"var_v\":-4.023248207291227,\"parent_id\":\"\"},{\"m1_r\":-8.999699006722183,\"total_r\":0,\"last\":true,\"risk_open\":0,\"clean_value\":3867959,\"date\":\"2014-03-20\",\"beta\":1.321855700471882,\"fluctuate_rate\":50.18613839007857,\"id\":\"\",\"name\":\"中国医药-600056\",\"alpha\":0.6522559615909989,\"asset_value_percent\":4.249328340752748,\"m3_r\":-8.999699006722183,\"var_v\":-5.149538833930915,\"parent_id\":\"\"},{\"m1_r\":-16.22060016220601,\"total_r\":0,\"last\":true,\"risk_open\":0,\"clean_value\":2691200,\"date\":\"2014-03-20\",\"beta\":1.4655601512619396,\"fluctuate_rate\":80.22555726734504,\"id\":\"\",\"name\":\"运盛实业-600767\",\"alpha\":0.9423697176042488,\"asset_value_percent\":2.956544376668366,\"m3_r\":-16.22060016220601,\"var_v\":-8.608485250265424,\"parent_id\":\"\"},{\"m1_r\":-5.369904232850153,\"total_r\":0,\"risk_open\":0,\"clean_value\":6541400,\"date\":\"2014-03-20\",\"beta\":0.06800991018008784,\"fluctuate_rate\":23.477500207379727,\"id\":\"\",\"name\":\"计算机\",\"alpha\":-0.005360719034085326,\"asset_value_percent\":7.186362732438484,\"m3_r\":-5.369904232850153,\"var_v\":-2.442351391373542,\"parent_id\":\"\"},{\"m1_r\":-13.109812365426022,\"total_r\":0,\"last\":true,\"risk_open\":0,\"clean_value\":2489400,\"date\":\"2014-03-20\",\"beta\":1.2654815075330377,\"fluctuate_rate\":60.54421125983202,\"id\":\"\",\"name\":\"神州泰岳-300002\",\"alpha\":-0.3770340845954566,\"asset_value_percent\":2.7348474923001747,\"m3_r\":-21.755027422303463,\"var_v\":-5.4321637720216875,\"parent_id\":\"\"},{\"m1_r\":-11.970231479244198,\"total_r\":0,\"last\":true,\"risk_open\":0,\"clean_value\":4052000,\"date\":\"2014-03-20\",\"beta\":0.7503270033679666,\"fluctuate_rate\":46.87234830108459,\"id\":\"\",\"name\":\"航天信息-600271\",\"alpha\":0.11121130461268784,\"asset_value_percent\":4.45151524013831,\"m3_r\":-11.970231479244198,\"var_v\":-3.345924252649942,\"parent_id\":\"\"},{\"m1_r\":-5.789473684210522,\"total_r\":0,\"risk_open\":0,\"clean_value\":4911630.64,\"date\":\"2014-03-20\",\"beta\":0.014773488814936994,\"fluctuate_rate\":25.6153673141027,\"id\":\"\",\"name\":\"轻工制造\",\"alpha\":-0.013623284002855406,\"asset_value_percent\":5.395902923961075,\"m3_r\":-5.789473684210522,\"var_v\":-2.664752526782128,\"parent_id\":\"\"},{\"m1_r\":-15.241765942536778,\"total_r\":0,\"last\":true,\"risk_open\":0,\"clean_value\":4911630.64,\"date\":\"2014-03-20\",\"beta\":0.2737908561944983,\"fluctuate_rate\":50.40260920178531,\"id\":\"\",\"name\":\"宜华木业-600978\",\"alpha\":-0.25247459405468137,\"asset_value_percent\":5.395902923961075,\"m3_r\":-19.42038640906062,\"var_v\":-2.856006085263922,\"parent_id\":\"\"},{\"m1_r\":-9.372797744890772,\"total_r\":0,\"risk_open\":0,\"clean_value\":2047234.38,\"date\":\"2014-03-20\",\"beta\":-0.009680888604174836,\"fluctuate_rate\":78.05482834837164,\"id\":\"\",\"name\":\"钢铁\",\"alpha\":0.019687150975868414,\"asset_value_percent\":2.2490856472618717,\"m3_r\":-9.372797744890772,\"var_v\":-8.120000721377698,\"parent_id\":\"\"},{\"m1_r\":-20.52001019627835,\"total_r\":0,\"last\":true,\"risk_open\":0,\"clean_value\":2047234.38,\"date\":\"2014-03-20\",\"beta\":-0.4304366361485941,\"fluctuate_rate\":79.31488418502425,\"id\":\"\",\"name\":\"物产中拓-000906\",\"alpha\":0.8753402076900162,\"asset_value_percent\":2.2490856472618717,\"m3_r\":-20.52001019627835,\"var_v\":-8.120000721377698,\"parent_id\":\"\"},{\"m1_r\":-5.902951475737872,\"total_r\":0,\"risk_open\":0,\"clean_value\":2002000,\"date\":\"2014-03-20\",\"beta\":0.047764916818164506,\"fluctuate_rate\":41.58527336281463,\"id\":\"\",\"name\":\"汽车\",\"alpha\":0.01578075625765135,\"asset_value_percent\":2.1993912909074274,\"m3_r\":-9.990958408679928,\"var_v\":-4.326093040620823,\"parent_id\":\"\"},{\"m1_r\":-23.49514563106796,\"total_r\":0,\"last\":true,\"risk_open\":0,\"clean_value\":2002000,\"date\":\"2014-03-20\",\"beta\":2.1717334707848917,\"fluctuate_rate\":71.1750644385317,\"id\":\"\",\"name\":\"星宇股份-601799\",\"alpha\":0.7175056263472113,\"asset_value_percent\":2.1993912909074274,\"m3_r\":-23.49514563106796,\"var_v\":-6.562102676703684,\"parent_id\":\"\"},{\"m1_r\":-7.3002754820936655,\"total_r\":0,\"risk_open\":0,\"clean_value\":87840,\"date\":\"2014-03-20\",\"beta\":6.337663440246706E-4,\"fluctuate_rate\":11.065415236059,\"id\":\"\",\"name\":\"农林牧渔\",\"alpha\":2.2141853800926211E-4,\"asset_value_percent\":0.09650076473192229,\"m3_r\":-7.3002754820936655,\"var_v\":-1.1511290409623622,\"parent_id\":\"\"},{\"m1_r\":-12.307692307692308,\"total_r\":0,\"last\":true,\"risk_open\":0,\"clean_value\":87840,\"date\":\"2014-03-20\",\"beta\":0.6567474835927614,\"fluctuate_rate\":44.515202479629224,\"id\":\"\",\"name\":\"民和股份-002234\",\"alpha\":0.22944744388747546,\"asset_value_percent\":0.09650076473192229,\"m3_r\":-16.534472239170228,\"var_v\":-2.8196405054432208,\"parent_id\":\"\"},{\"m1_r\":-0.5633111016281056,\"total_r\":-1.6460442327173364,\"risk_open\":0,\"clean_value\":155431.15999999997,\"date\":\"2014-03-20\",\"beta\":1.994071704599392E-4,\"fluctuate_rate\":6.060114405293136,\"id\":\"\",\"name\":\"债券类\",\"alpha\":1.224553504922874E-4,\"asset_value_percent\":0.1707562136062132,\"m3_r\":-1.6460442327173364,\"var_v\":-0.6304303575300632,\"parent_id\":\"\"},{\"m1_r\":-1.1971758927657894,\"total_r\":-4.87435664547381,\"last\":true,\"risk_open\":0,\"clean_value\":155431.15999999997,\"date\":\"2014-03-20\",\"beta\":0.1167788663432178,\"fluctuate_rate\":6.172214792463817,\"id\":\"\",\"name\":\"深燃转债-113006\",\"alpha\":0.07171355460872768,\"asset_value_percent\":0.1707562136062132,\"m3_r\":-4.87435664547381,\"var_v\":-0.6304303575300632,\"parent_id\":\"\"},{\"m1_r\":0,\"total_r\":0,\"risk_open\":0,\"clean_value\":2.5080155840000004E7,\"date\":\"2014-03-20\",\"beta\":0,\"fluctuate_rate\":0,\"id\":\"\",\"name\":\"其他类\",\"alpha\":0,\"asset_value_percent\":27.55298517936916,\"m3_r\":0,\"var_v\":0,\"parent_id\":\"\"},{\"m1_r\":0,\"total_r\":0,\"last\":true,\"risk_open\":0,\"clean_value\":1179817.72,\"date\":\"2014-03-20\",\"beta\":0,\"fluctuate_rate\":0,\"id\":\"\",\"name\":\"银行存款\",\"alpha\":0,\"asset_value_percent\":1.2961442648482806,\"m3_r\":0,\"var_v\":0,\"parent_id\":\"\"},{\"m1_r\":0,\"total_r\":0,\"last\":true,\"risk_open\":0,\"clean_value\":4953544.56,\"date\":\"2014-03-20\",\"beta\":0,\"fluctuate_rate\":0,\"id\":\"\",\"name\":\"存出保证金\",\"alpha\":0,\"asset_value_percent\":5.441949432760172,\"m3_r\":0,\"var_v\":0,\"parent_id\":\"\"},{\"m1_r\":0,\"total_r\":0,\"last\":true,\"risk_open\":0,\"clean_value\":1.53129558E7,\"date\":\"2014-03-20\",\"beta\":0,\"fluctuate_rate\":0,\"id\":\"\",\"name\":\"清算备付金\",\"alpha\":0,\"asset_value_percent\":16.82276804424095,\"m3_r\":0,\"var_v\":0,\"parent_id\":\"\"},{\"m1_r\":0,\"total_r\":0,\"last\":true,\"risk_open\":0,\"clean_value\":3633837.760000005,\"date\":\"2014-03-20\",\"beta\":0,\"fluctuate_rate\":0,\"id\":\"\",\"name\":\"其他资产\",\"alpha\":0,\"asset_value_percent\":3.992123437519763,\"m3_r\":0,\"var_v\":0,\"parent_id\":\"\"},{\"m1_r\":0,\"total_r\":0,\"last\":true,\"risk_open\":0,\"clean_value\":-4259443.15,\"date\":\"2014-03-20\",\"beta\":0,\"fluctuate_rate\":0,\"id\":\"\",\"name\":\"其他负债\",\"alpha\":0,\"asset_value_percent\":-4.67941167244021,\"m3_r\":0,\"var_v\":0,\"parent_id\":\"\"},{\"m1_r\":-4.04472787629947,\"total_r\":-4.04472787629947,\"risk_open\":-1.3197820926275625,\"clean_value\":8.987608462E7,\"date\":\"2014-03-21\",\"beta\":0.20021494093778708,\"fluctuate_rate\":17.22163378156691,\"id\":\"\",\"name\":\"汇总\",\"alpha\":0.014780974568255764,\"asset_value_percent\":100.38322964001158,\"m3_r\":-4.04472787629947,\"first\":true,\"var_v\":-1.7912824652008597},{\"m1_r\":-4.664648631069013,\"total_r\":0,\"risk_open\":0,\"clean_value\":6.909726296E7,\"date\":\"2014-03-21\",\"beta\":0.6514606791476325,\"fluctuate_rate\":21.457209999357218,\"id\":\"\",\"name\":\"股票类\",\"alpha\":0.04412498570899502,\"asset_value_percent\":77.17521790737244,\"m3_r\":-4.664648631069013,\"var_v\":-2.232181715856251,\"parent_id\":\"\"},{\"m1_r\":-7.13812165740787,\"total_r\":0,\"risk_open\":0,\"clean_value\":2.654955992E7,\"date\":\"2014-03-21\",\"beta\":0.2865206641002604,\"fluctuate_rate\":35.55782935421285,\"id\":\"\",\"name\":\"电子\",\"alpha\":-0.11415151405442284,\"asset_value_percent\":29.65338979283416,\"m3_r\":-7.13812165740787,\"var_v\":-3.6990613664305982,\"parent_id\":\"\"},{\"m1_r\":-16.000740775035883,\"total_r\":0,\"last\":true,\"risk_open\":0,\"clean_value\":7111400,\"date\":\"2014-03-21\",\"beta\":0.9058026635062686,\"fluctuate_rate\":43.90905612776588,\"id\":\"\",\"name\":\"三安光电-600703\",\"alpha\":-0.33970281909890526,\"asset_value_percent\":7.942772566030573,\"m3_r\":-17.234615209160165,\"var_v\":-4.492725789571552,\"parent_id\":\"\"},{\"m1_r\":-18.62360218891268,\"total_r\":0,\"last\":true,\"risk_open\":0,\"clean_value\":1838896.46,\"date\":\"2014-03-21\",\"beta\":1.1587371216918316,\"fluctuate_rate\":46.90020510883572,\"id\":\"\",\"name\":\"歌尔声学-002241\",\"alpha\":-0.4051912445477208,\"asset_value_percent\":2.0538763610904653,\"m3_r\":-23.38793224135517,\"var_v\":-4.799484280676467,\"parent_id\":\"\"},{\"m1_r\":-16.21515315403903,\"total_r\":0,\"last\":true,\"risk_open\":0,\"clean_value\":4552308.6,\"date\":\"2014-03-21\",\"beta\":0.8765272781543703,\"fluctuate_rate\":42.333356924847045,\"id\":\"\",\"name\":\"大族激光-002008\",\"alpha\":-0.39064732252381734,\"asset_value_percent\":5.08450542230574,\"m3_r\":-18.131155416766752,\"var_v\":-4.331582200310105,\"parent_id\":\"\"},{\"m1_r\":-19.337294793030512,\"total_r\":0,\"last\":true,\"risk_open\":0,\"clean_value\":5832963.12,\"date\":\"2014-03-21\",\"beta\":0.9289944045075674,\"fluctuate_rate\":47.58293379173328,\"id\":\"\",\"name\":\"德豪润达-002005\",\"alpha\":-0.28073461767441604,\"asset_value_percent\":6.514877443007578,\"m3_r\":-20.37975941942539,\"var_v\":-4.867365878322796,\"parent_id\":\"\"},{\"m1_r\":-19.949822649018078,\"total_r\":0,\"last\":true,\"risk_open\":0,\"clean_value\":1887291,\"date\":\"2014-03-21\",\"beta\":1.3272578138992568,\"fluctuate_rate\":47.51673709478427,\"id\":\"\",\"name\":\"长盈精密-300115\",\"alpha\":-0.5370249469734854,\"asset_value_percent\":2.107928562437271,\"m3_r\":-25.306748466257666,\"var_v\":-4.862760412272269,\"parent_id\":\"\"},{\"m1_r\":-16.44859813084113,\"total_r\":0,\"last\":true,\"risk_open\":0,\"clean_value\":352630.3,\"date\":\"2014-03-21\",\"beta\":0.19732163182157786,\"fluctuate_rate\":54.257566620033785,\"id\":\"\",\"name\":\"佛山照明-000541\",\"alpha\":-0.030585619379794305,\"asset_value_percent\":0.3938552567414476,\"m3_r\":-16.44859813084113,\"var_v\":-5.05597266313134,\"parent_id\":\"\"},{\"m1_r\":-26.29992464204973,\"total_r\":0,\"last\":true,\"risk_open\":0,\"clean_value\":816310.14,\"date\":\"2014-03-21\",\"beta\":1.2575165109932844,\"fluctuate_rate\":55.26333705879396,\"id\":\"\",\"name\":\"安洁科技-002635\",\"alpha\":-0.6740299669581076,\"asset_value_percent\":0.911742524026855,\"m3_r\":-28.288605367355913,\"var_v\":-4.923058284906295,\"parent_id\":\"\"},{\"m1_r\":-19.683138438325177,\"total_r\":0,\"last\":true,\"risk_open\":0,\"clean_value\":4157760.3,\"date\":\"2014-03-21\",\"beta\":0.9790567213108868,\"fluctuate_rate\":54.350469412575876,\"id\":\"\",\"name\":\"阳光照明-600261\",\"alpha\":-0.4976403652140204,\"asset_value_percent\":4.643831657194229,\"m3_r\":-24.34621944286527,\"var_v\":-5.204958600406037,\"parent_id\":\"\"},{\"m1_r\":-5.313550703302694,\"total_r\":0,\"risk_open\":0,\"clean_value\":1.33038408E7,\"date\":\"2014-03-21\",\"beta\":0.11121697583889023,\"fluctuate_rate\":33.63096426454192,\"id\":\"\",\"name\":\"化工\",\"alpha\":0.09641731504336956,\"asset_value_percent\":14.859153152554805,\"m3_r\":-6.552351476112051,\"var_v\":-3.4986106544221873,\"parent_id\":\"\"},{\"m1_r\":-15.802318486882239,\"total_r\":0,\"last\":true,\"risk_open\":0,\"clean_value\":1519917,\"date\":\"2014-03-21\",\"beta\":1.060086668511455,\"fluctuate_rate\":44.01925477703812,\"id\":\"\",\"name\":\"华峰超纤-300180\",\"alpha\":0.27393659419976213,\"asset_value_percent\":1.6976059636982157,\"m3_r\":-16.464891041162222,\"var_v\":-2.4191070555705734,\"parent_id\":\"\"},{\"m1_r\":-11.965960402917686,\"total_r\":0,\"last\":true,\"risk_open\":0,\"clean_value\":1.03649238E7,\"date\":\"2014-03-21\",\"beta\":0.7141585534409244,\"fluctuate_rate\":43.90358056706522,\"id\":\"\",\"name\":\"浙江龙盛-600352\",\"alpha\":0.7912810738385855,\"asset_value_percent\":11.576656130668695,\"m3_r\":-11.965960402917686,\"var_v\":-4.495726177118599,\"parent_id\":\"\"},{\"m1_r\":-11.710573800072178,\"total_r\":0,\"last\":true,\"risk_open\":0,\"clean_value\":1419000,\"date\":\"2014-03-21\",\"beta\":0.6653581216057463,\"fluctuate_rate\":47.0956434454609,\"id\":\"\",\"name\":\"华峰氨纶-002064\",\"alpha\":0.010288539220693907,\"asset_value_percent\":1.5848910581878932,\"m3_r\":-11.710573800072178,\"var_v\":-1.530055730842997,\"parent_id\":\"\"},{\"m1_r\":-5.136173541349454,\"total_r\":0,\"risk_open\":0,\"clean_value\":8884213.100000001,\"date\":\"2014-03-21\",\"beta\":0.07934859185575158,\"fluctuate_rate\":22.016908963060285,\"id\":\"\",\"name\":\"食品饮料\",\"alpha\":0.026490924000758385,\"asset_value_percent\":9.92283995858051,\"m3_r\":-5.136173541349454,\"var_v\":-2.29040689020087,\"parent_id\":\"\"},{\"m1_r\":-11.672862453531586,\"total_r\":0,\"last\":true,\"risk_open\":0,\"clean_value\":2099296.56,\"date\":\"2014-03-21\",\"beta\":1.1846339773107135,\"fluctuate_rate\":38.82760436387934,\"id\":\"\",\"name\":\"上海梅林-600073\",\"alpha\":0.13083932786925134,\"asset_value_percent\":2.3447190602033854,\"m3_r\":-12.550607287449388,\"var_v\":-3.96949785280683,\"parent_id\":\"\"},{\"m1_r\":-9.184549356223181,\"total_r\":0,\"last\":true,\"risk_open\":0,\"clean_value\":3005000,\"date\":\"2014-03-21\",\"beta\":0.915991129570967,\"fluctuate_rate\":36.59609530101033,\"id\":\"\",\"name\":\"得利斯-002330\",\"alpha\":0.5119951203358899,\"asset_value_percent\":3.3563055883401116,\"m3_r\":-9.184549356223181,\"var_v\":-3.5032374813700287,\"parent_id\":\"\"},{\"m1_r\":-16.823406478578896,\"total_r\":0,\"last\":true,\"risk_open\":0,\"clean_value\":1985472.54,\"date\":\"2014-03-21\",\"beta\":0.5252160400044729,\"fluctuate_rate\":60.72318334580773,\"id\":\"\",\"name\":\"惠泉啤酒-600573\",\"alpha\":0.4402091641949123,\"asset_value_percent\":2.2175882134768172,\"m3_r\":-16.823406478578896,\"var_v\":-6.203987965368101,\"parent_id\":\"\"},{\"m1_r\":-7.818430241384555,\"total_r\":0,\"last\":true,\"risk_open\":0,\"clean_value\":1794444,\"date\":\"2014-03-21\",\"beta\":0.458114888424627,\"fluctuate_rate\":28.744928001826658,\"id\":\"\",\"name\":\"青岛啤酒-600600\",\"alpha\":-0.17578038136365814,\"asset_value_percent\":2.0042270965601943,\"m3_r\":-11.718522826403033,\"var_v\":-2.3559887979856744,\"parent_id\":\"\"},{\"m1_r\":-5.411879340284409,\"total_r\":0,\"risk_open\":0,\"clean_value\":6707753,\"date\":\"2014-03-21\",\"beta\":0.08718586052646887,\"fluctuate_rate\":39.261439989689435,\"id\":\"\",\"name\":\"医药生物\",\"alpha\":0.04407525743481101,\"asset_value_percent\":7.491936399036655,\"m3_r\":-5.411879340284409,\"var_v\":-4.084345937137099,\"parent_id\":\"\"},{\"m1_r\":-8.999699006722183,\"total_r\":0,\"last\":true,\"risk_open\":0,\"clean_value\":4032553,\"date\":\"2014-03-21\",\"beta\":1.266225608359896,\"fluctuate_rate\":51.38208077159998,\"id\":\"\",\"name\":\"中国医药-600056\",\"alpha\":0.6281152570007172,\"asset_value_percent\":4.503986745150644,\"m3_r\":-8.999699006722183,\"var_v\":-5.196691679798963,\"parent_id\":\"\"},{\"m1_r\":-16.22060016220601,\"total_r\":0,\"last\":true,\"risk_open\":0,\"clean_value\":2675200,\"date\":\"2014-03-21\",\"beta\":1.0092280813037575,\"fluctuate_rate\":78.419768483721,\"id\":\"\",\"name\":\"运盛实业-600767\",\"alpha\":0.5282896749849987,\"asset_value_percent\":2.987949653886012,\"m3_r\":-16.22060016220601,\"var_v\":-8.242723855281458,\"parent_id\":\"\"},{\"m1_r\":-5.789473684210522,\"total_r\":0,\"risk_open\":0,\"clean_value\":5012429.03,\"date\":\"2014-03-21\",\"beta\":0.01863862713128538,\"fluctuate_rate\":26.449490818695644,\"id\":\"\",\"name\":\"轻工制造\",\"alpha\":-0.01667635777752543,\"asset_value_percent\":5.5984171595830965,\"m3_r\":-5.789473684210522,\"var_v\":-2.7515259346843712,\"parent_id\":\"\"},{\"m1_r\":-15.241765942536778,\"total_r\":0,\"last\":true,\"risk_open\":0,\"clean_value\":5012429.03,\"date\":\"2014-03-21\",\"beta\":0.3329267291091499,\"fluctuate_rate\":50.08902703459451,\"id\":\"\",\"name\":\"宜华木业-600978\",\"alpha\":-0.2978762979278823,\"asset_value_percent\":5.5984171595830965,\"m3_r\":-19.42038640906062,\"var_v\":-2.8978202075961446,\"parent_id\":\"\"},{\"m1_r\":-5.369904232850153,\"total_r\":0,\"risk_open\":0,\"clean_value\":4499500,\"date\":\"2014-03-21\",\"beta\":0.039357863141194716,\"fluctuate_rate\":26.187769022059754,\"id\":\"\",\"name\":\"计算机\",\"alpha\":-0.017553522752792393,\"asset_value_percent\":5.025523126368164,\"m3_r\":-5.369904232850153,\"var_v\":-2.724299160601945,\"parent_id\":\"\"},{\"m1_r\":-14.895448954489543,\"total_r\":0,\"last\":true,\"risk_open\":0,\"clean_value\":2443500,\"date\":\"2014-03-21\",\"beta\":0.8926881522132649,\"fluctuate_rate\":60.398708463287875,\"id\":\"\",\"name\":\"神州泰岳-300002\",\"alpha\":-0.6320488805611412,\"asset_value_percent\":2.7291622978732324,\"m3_r\":-23.339427178549666,\"var_v\":-5.3401016057804425,\"parent_id\":\"\"},{\"m1_r\":-15.792780167206299,\"total_r\":0,\"last\":true,\"risk_open\":0,\"clean_value\":2056000,\"date\":\"2014-03-21\",\"beta\":0.6529877390060247,\"fluctuate_rate\":46.36057171185128,\"id\":\"\",\"name\":\"航天信息-600271\",\"alpha\":-0.013233242642754842,\"asset_value_percent\":2.2963608284949317,\"m3_r\":-15.792780167206299,\"var_v\":-3.360185256865975,\"parent_id\":\"\"},{\"m1_r\":-5.902951475737872,\"total_r\":0,\"risk_open\":0,\"clean_value\":2060000,\"date\":\"2014-03-21\",\"beta\":0.041058696068800284,\"fluctuate_rate\":42.318592438303114,\"id\":\"\",\"name\":\"汽车\",\"alpha\":0.0072223627735349735,\"asset_value_percent\":2.3008284565659336,\"m3_r\":-9.990958408679928,\"var_v\":-4.402379819388568,\"parent_id\":\"\"},{\"m1_r\":-23.376118241929213,\"total_r\":0,\"last\":true,\"risk_open\":0,\"clean_value\":2060000,\"date\":\"2014-03-21\",\"beta\":1.7845179179538577,\"fluctuate_rate\":68.21368944110539,\"id\":\"\",\"name\":\"星宇股份-601799\",\"alpha\":0.31390270547655696,\"asset_value_percent\":2.3008284565659336,\"m3_r\":-23.49514563106796,\"var_v\":-6.420162033133719,\"parent_id\":\"\"},{\"m1_r\":-9.372797744890772,\"total_r\":0,\"risk_open\":0,\"clean_value\":1991029.11,\"date\":\"2014-03-21\",\"beta\":-0.012432318566432163,\"fluctuate_rate\":78.71082024181509,\"id\":\"\",\"name\":\"钢铁\",\"alpha\":0.01815841398878818,\"asset_value_percent\":2.223794385504439,\"m3_r\":-9.372797744890772,\"var_v\":-8.188243196067475,\"parent_id\":\"\"},{\"m1_r\":-22.686719347438178,\"total_r\":0,\"last\":true,\"risk_open\":0,\"clean_value\":1991029.11,\"date\":\"2014-03-21\",\"beta\":-0.5590588162049007,\"fluctuate_rate\":80.00064655888039,\"id\":\"\",\"name\":\"物产中拓-000906\",\"alpha\":0.8165509413618374,\"asset_value_percent\":2.223794385504439,\"m3_r\":-22.686719347438178,\"var_v\":-8.188243196067475,\"parent_id\":\"\"},{\"m1_r\":-7.3002754820936655,\"total_r\":0,\"risk_open\":0,\"clean_value\":88938,\"date\":\"2014-03-21\",\"beta\":5.657190514133226E-4,\"fluctuate_rate\":11.770123640612166,\"id\":\"\",\"name\":\"农林牧渔\",\"alpha\":1.4210705247353828E-4,\"asset_value_percent\":0.09933547634468981,\"m3_r\":-7.3002754820936655,\"var_v\":-1.2244394674204584,\"parent_id\":\"\"},{\"m1_r\":-11.570782159017456,\"total_r\":0,\"last\":true,\"risk_open\":0,\"clean_value\":88938,\"date\":\"2014-03-21\",\"beta\":0.5695035371354157,\"fluctuate_rate\":44.39720987022372,\"id\":\"\",\"name\":\"民和股份-002234\",\"alpha\":0.14305770476242843,\"asset_value_percent\":0.09933547634468981,\"m3_r\":-16.534472239170228,\"var_v\":-3.0786700485145255,\"parent_id\":\"\"},{\"m1_r\":-0.5633111016281056,\"total_r\":-1.6460442327173364,\"risk_open\":0,\"clean_value\":155916.81,\"date\":\"2014-03-21\",\"beta\":1.8827399382537714E-4,\"fluctuate_rate\":6.099545733099729,\"id\":\"\",\"name\":\"债券类\",\"alpha\":1.2345126299784568E-4,\"asset_value_percent\":0.17414457927426402,\"m3_r\":-1.6460442327173364,\"var_v\":-0.6345323768030464,\"parent_id\":\"\"},{\"m1_r\":-1.3813567993451459,\"total_r\":-4.87435664547381,\"last\":true,\"risk_open\":0,\"clean_value\":155916.81,\"date\":\"2014-03-21\",\"beta\":0.10811361146582714,\"fluctuate_rate\":6.211592206050543,\"id\":\"\",\"name\":\"深燃转债-113006\",\"alpha\":0.07089009805089577,\"asset_value_percent\":0.17414457927426402,\"m3_r\":-4.87435664547381,\"var_v\":-0.6345323768030464,\"parent_id\":\"\"},{\"m1_r\":0,\"total_r\":0,\"risk_open\":0,\"clean_value\":2.062290485000001E7,\"date\":\"2014-03-21\",\"beta\":0,\"fluctuate_rate\":0,\"id\":\"\",\"name\":\"其他类\",\"alpha\":0,\"asset_value_percent\":23.033867153364866,\"m3_r\":0,\"var_v\":0,\"parent_id\":\"\"},{\"m1_r\":0,\"total_r\":0,\"last\":true,\"risk_open\":0,\"clean_value\":856446.89,\"date\":\"2014-03-21\",\"beta\":0,\"fluctuate_rate\":0,\"id\":\"\",\"name\":\"银行存款\",\"alpha\":0,\"asset_value_percent\":0.9565715417715503,\"m3_r\":0,\"var_v\":0,\"parent_id\":\"\"},{\"m1_r\":0,\"total_r\":0,\"last\":true,\"risk_open\":0,\"clean_value\":8638461.36,\"date\":\"2014-03-21\",\"beta\":0,\"fluctuate_rate\":0,\"id\":\"\",\"name\":\"存出保证金\",\"alpha\":0,\"asset_value_percent\":9.648358115550124,\"m3_r\":0,\"var_v\":0,\"parent_id\":\"\"},{\"m1_r\":0,\"total_r\":0,\"last\":true,\"risk_open\":0,\"clean_value\":9393177.11,\"date\":\"2014-03-21\",\"beta\":0,\"fluctuate_rate\":0,\"id\":\"\",\"name\":\"清算备付金\",\"alpha\":0,\"asset_value_percent\":10.49130543313192,\"m3_r\":0,\"var_v\":0,\"parent_id\":\"\"},{\"m1_r\":0,\"total_r\":0,\"last\":true,\"risk_open\":0,\"clean_value\":1734819.49000001,\"date\":\"2014-03-21\",\"beta\":0,\"fluctuate_rate\":0,\"id\":\"\",\"name\":\"其他资产\",\"alpha\":0,\"asset_value_percent\":1.9376320629112733,\"m3_r\":0,\"var_v\":0,\"parent_id\":\"\"},{\"m1_r\":0,\"total_r\":0,\"last\":true,\"risk_open\":0,\"clean_value\":-343116.87,\"date\":\"2014-03-21\",\"beta\":0,\"fluctuate_rate\":0,\"id\":\"\",\"name\":\"其他负债\",\"alpha\":0,\"asset_value_percent\":-0.3832296400115699,\"m3_r\":0,\"var_v\":0,\"parent_id\":\"\"}]},\"message\":\"成功\"}"
	at org.hamcrest.MatcherAssert.assertThat(MatcherAssert.java:20)
	at org.hamcrest.MatcherAssert.assertThat(MatcherAssert.java:8)
	at com.xyuan.ngtest.jx.test.combinationquery.get_market_risk_profile.get_market_risk_profile(get_market_risk_profile.java:47)
	at sun.reflect.NativeMethodAccessorImpl.invoke0(Native Method)
	at sun.reflect.NativeMethodAccessorImpl.invoke(Unknown Source)
	at sun.reflect.DelegatingMethodAccessorImpl.invoke(Unknown Source)
	at java.lang.reflect.Method.invoke(Unknown Source)
	at org.testng.internal.MethodInvocationHelper.invokeMethod(MethodInvocationHelper.java:84)
	at org.testng.internal.Invoker.invokeMethod(Invoker.java:714)
	at org.testng.internal.Invoker.invokeTestMethod(Invoker.java:901)
	at org.testng.internal.Invoker.invokeTestMethods(Invoker.java:1231)
	at org.testng.internal.TestMethodWorker.invokeTestMethods(TestMethodWorker.java:127)
	at org.testng.internal.TestMethodWorker.run(TestMethodWorker.java:111)
	at org.testng.TestRunner.privateRun(TestRunner.java:767)
	at org.testng.TestRunner.run(TestRunner.java:617)
	at org.testng.SuiteRunner.runTest(SuiteRunner.java:335)
	at org.testng.SuiteRunner.access$000(SuiteRunner.java:37)
	at org.testng.SuiteRunner$SuiteWorker.run(SuiteRunner.java:369)
	at org.testng.internal.thread.ThreadUtil$2.call(ThreadUtil.java:64)
	at java.util.concurrent.FutureTask.run(Unknown Source)
	at java.util.concurrent.ThreadPoolExecutor.runWorker(Unknown Source)
	at java.util.concurrent.ThreadPoolExecutor$Worker.run(Unknown Source)
	at java.lang.Thread.run(Unknown Source)
]]>
    </error>
  </testcase> <!-- get_market_risk_profile -->
</testsuite> <!-- com.xyuan.ngtest.jx.test.combinationquery.get_market_risk_profile -->
