<?xml version="1.0" encoding="UTF-8"?>
<!-- Generated by org.testng.reporters.JUnitReportReporter -->
<testsuite hostname="PC-liangxuqing" name="com.xyuan.ngtest.jx.test.report.get_interval_industry_risk_exposure_timing" tests="2" failures="0" timestamp="30 Jun 2017 02:19:45 GMT" time="0.689" errors="0">
  <testcase name="get_interval_industry_risk_exposure_timing" time="0.330" classname="com.xyuan.ngtest.jx.test.report.get_interval_industry_risk_exposure_timing"/>
  <testcase name="get_interval_industry_risk_exposure_timing" time="0.359" classname="com.xyuan.ngtest.jx.test.report.get_interval_industry_risk_exposure_timing"/>
</testsuite> <!-- com.xyuan.ngtest.jx.test.report.get_interval_industry_risk_exposure_timing -->
