<?xml version="1.0" encoding="UTF-8"?>
<!-- Generated by org.testng.reporters.JUnitReportReporter -->
<testsuite hostname="PC-liangxuqing" name="com.xyuan.ngtest.jx.test.report.get_interval_futures_variety_configuration" tests="2" failures="0" timestamp="30 Jun 2017 02:19:45 GMT" time="0.482" errors="0">
  <testcase name="get_interval_futures_variety_configuration" time="0.232" classname="com.xyuan.ngtest.jx.test.report.get_interval_futures_variety_configuration"/>
  <testcase name="get_interval_futures_variety_configuration" time="0.250" classname="com.xyuan.ngtest.jx.test.report.get_interval_futures_variety_configuration"/>
</testsuite> <!-- com.xyuan.ngtest.jx.test.report.get_interval_futures_variety_configuration -->
