<?xml version="1.0" encoding="UTF-8"?>
<!-- Generated by org.testng.reporters.JUnitReportReporter -->
<testsuite hostname="PC-liangxuqing" name="com.xyuan.ngtest.jx.test.report.get_risk_exposure_stock_change_chart" tests="2" failures="0" timestamp="30 Jun 2017 02:19:45 GMT" time="0.260" errors="0">
  <testcase name="get_risk_exposure_stock_change_chart" time="0.131" classname="com.xyuan.ngtest.jx.test.report.get_risk_exposure_stock_change_chart"/>
  <testcase name="get_risk_exposure_stock_change_chart" time="0.129" classname="com.xyuan.ngtest.jx.test.report.get_risk_exposure_stock_change_chart"/>
</testsuite> <!-- com.xyuan.ngtest.jx.test.report.get_risk_exposure_stock_change_chart -->
