<?xml version="1.0" encoding="UTF-8"?>
<!-- Generated by org.testng.reporters.JUnitReportReporter -->
<testsuite hostname="PC-liangxuqing" name="com.xyuan.ngtest.jx.test.report.get_key_year_duration" tests="2" failures="0" timestamp="30 Jun 2017 02:19:45 GMT" time="0.431" errors="0">
  <testcase name="get_key_year_duration" time="0.192" classname="com.xyuan.ngtest.jx.test.report.get_key_year_duration"/>
  <testcase name="get_key_year_duration" time="0.239" classname="com.xyuan.ngtest.jx.test.report.get_key_year_duration"/>
</testsuite> <!-- com.xyuan.ngtest.jx.test.report.get_key_year_duration -->
