<?xml version="1.0" encoding="UTF-8"?>
<!-- Generated by org.testng.reporters.JUnitReportReporter -->
<testsuite hostname="PC-liangxuqing" name="com.xyuan.ngtest.jx.test.get_bond_variety_analysis" tests="2" failures="0" timestamp="11 May 2017 10:03:27 GMT" time="0.379" errors="0">
  <testcase name="get_bond_variety_analysis" time="0.191" classname="com.xyuan.ngtest.jx.test.get_bond_variety_analysis"/>
  <testcase name="get_bond_variety_analysis" time="0.188" classname="com.xyuan.ngtest.jx.test.get_bond_variety_analysis"/>
</testsuite> <!-- com.xyuan.ngtest.jx.test.get_bond_variety_analysis -->
