<?xml version="1.0" encoding="UTF-8"?>
<!-- Generated by org.testng.reporters.JUnitReportReporter -->
<testsuite hostname="PC-liangxuqing" name="com.xyuan.ngtest.jx.test.report.get_attribution_stock" tests="2" failures="0" timestamp="30 Jun 2017 02:19:45 GMT" time="10.252" errors="0">
  <testcase name="get_attribution_stock" time="10.110" classname="com.xyuan.ngtest.jx.test.report.get_attribution_stock"/>
  <testcase name="get_attribution_stock" time="0.142" classname="com.xyuan.ngtest.jx.test.report.get_attribution_stock"/>
</testsuite> <!-- com.xyuan.ngtest.jx.test.report.get_attribution_stock -->
