<?xml version="1.0" encoding="UTF-8"?>
<!-- Generated by org.testng.reporters.JUnitReportReporter -->
<testsuite hostname="PC-liangxuqing" name="com.xyuan.ngtest.jx.test.report.get_press_clearance_max_cash" tests="2" failures="0" timestamp="30 Jun 2017 02:19:45 GMT" time="0.377" errors="0">
  <testcase name="get_press_clearance_max_cash" time="0.205" classname="com.xyuan.ngtest.jx.test.report.get_press_clearance_max_cash"/>
  <testcase name="get_press_clearance_max_cash" time="0.172" classname="com.xyuan.ngtest.jx.test.report.get_press_clearance_max_cash"/>
</testsuite> <!-- com.xyuan.ngtest.jx.test.report.get_press_clearance_max_cash -->
