<?xml version="1.0" encoding="UTF-8"?>
<!-- Generated by org.testng.reporters.JUnitReportReporter -->
<testsuite hostname="PC-liangxuqing" name="com.xyuan.ngtest.jx.test.get_interval_residual_term_configuration" tests="2" failures="0" timestamp="11 May 2017 10:03:27 GMT" time="1.446" errors="0">
  <testcase name="get_interval_residual_term_configuration" time="0.646" classname="com.xyuan.ngtest.jx.test.get_interval_residual_term_configuration"/>
  <testcase name="get_interval_residual_term_configuration" time="0.800" classname="com.xyuan.ngtest.jx.test.get_interval_residual_term_configuration"/>
</testsuite> <!-- com.xyuan.ngtest.jx.test.get_interval_residual_term_configuration -->
