<?xml version="1.0" encoding="UTF-8"?>
<!-- Generated by org.testng.reporters.JUnitReportReporter -->
<testsuite hostname="PC-liangxuqing" name="com.xyuan.ngtest.jx.test.combinationquery.get_bond_asset" tests="3" failures="0" timestamp="30 Jun 2017 02:18:21 GMT" time="1.568" errors="0">
  <testcase name="get_bond_asset" time="0.559" classname="com.xyuan.ngtest.jx.test.combinationquery.get_bond_asset"/>
  <testcase name="get_bond_asset" time="0.497" classname="com.xyuan.ngtest.jx.test.combinationquery.get_bond_asset"/>
  <testcase name="get_bond_asset" time="0.512" classname="com.xyuan.ngtest.jx.test.combinationquery.get_bond_asset"/>
</testsuite> <!-- com.xyuan.ngtest.jx.test.combinationquery.get_bond_asset -->
