<?xml version="1.0" encoding="UTF-8"?>
<!-- Generated by org.testng.reporters.JUnitReportReporter -->
<testsuite hostname="PC-liangxuqing" name="com.xyuan.ngtest.ps.comp.comp_run_intinfos" tests="5" failures="0" timestamp="25 Sep 2017 07:39:47 GMT" time="0.850" errors="0">
  <testcase name="comp_run_intinfos" time="0.188" classname="com.xyuan.ngtest.ps.comp.comp_run_intinfos"/>
  <testcase name="comp_run_intinfos" time="0.161" classname="com.xyuan.ngtest.ps.comp.comp_run_intinfos"/>
  <testcase name="comp_run_intinfos" time="0.185" classname="com.xyuan.ngtest.ps.comp.comp_run_intinfos"/>
  <testcase name="comp_run_intinfos" time="0.154" classname="com.xyuan.ngtest.ps.comp.comp_run_intinfos"/>
  <testcase name="comp_run_intinfos" time="0.162" classname="com.xyuan.ngtest.ps.comp.comp_run_intinfos"/>
</testsuite> <!-- com.xyuan.ngtest.ps.comp.comp_run_intinfos -->
