<?xml version="1.0" encoding="UTF-8"?>
<!-- Generated by org.testng.reporters.JUnitReportReporter -->
<testsuite hostname="PC-liangxuqing" name="com.xyuan.ngtest.ps.test.usercenterFlow" tests="1" failures="0" timestamp="25 Oct 2017 08:09:19 GMT" time="0.949" errors="0">
  <testcase name="favfocusgroupTest" time="0.949" classname="com.xyuan.ngtest.ps.test.usercenterFlow"/>
</testsuite> <!-- com.xyuan.ngtest.ps.test.usercenterFlow -->
