<?xml version="1.0" encoding="UTF-8"?>
<!-- Generated by org.testng.reporters.JUnitReportReporter -->
<testsuite hostname="PC-liangxuqing" name="com.xyuan.ngtest.ps.test.manfund" tests="21" failures="0" timestamp="19 Oct 2017 01:28:49 GMT" time="6.771" errors="0">
  <testcase name="man_fundlist" time="0.112" classname="com.xyuan.ngtest.ps.test.manfund"/>
  <testcase name="fund_newsinfo" time="0.108" classname="com.xyuan.ngtest.ps.test.manfund"/>
  <testcase name="fund_search" time="0.308" classname="com.xyuan.ngtest.ps.test.manfund"/>
  <testcase name="fund_factiorinfo" time="0.108" classname="com.xyuan.ngtest.ps.test.manfund"/>
  <testcase name="man_search" time="0.152" classname="com.xyuan.ngtest.ps.test.manfund"/>
  <testcase name="fund_navdata" time="0.930" classname="com.xyuan.ngtest.ps.test.manfund"/>
  <testcase name="man_search" time="0.377" classname="com.xyuan.ngtest.ps.test.manfund"/>
  <testcase name="fund_dailyperf" time="0.121" classname="com.xyuan.ngtest.ps.test.manfund"/>
  <testcase name="fund_highposition" time="0.139" classname="com.xyuan.ngtest.ps.test.manfund"/>
  <testcase name="man_baseinfo" time="0.109" classname="com.xyuan.ngtest.ps.test.manfund"/>
  <testcase name="fund_search" time="0.297" classname="com.xyuan.ngtest.ps.test.manfund"/>
  <testcase name="fund_search" time="2.291" classname="com.xyuan.ngtest.ps.test.manfund"/>
  <testcase name="fund_baseinfo" time="0.100" classname="com.xyuan.ngtest.ps.test.manfund"/>
  <testcase name="fund_tree" time="0.116" classname="com.xyuan.ngtest.ps.test.manfund"/>
  <testcase name="man_newsinfo" time="0.120" classname="com.xyuan.ngtest.ps.test.manfund"/>
  <testcase name="man_search" time="0.189" classname="com.xyuan.ngtest.ps.test.manfund"/>
  <testcase name="fund_detailinfo" time="0.106" classname="com.xyuan.ngtest.ps.test.manfund"/>
  <testcase name="man_search" time="0.169" classname="com.xyuan.ngtest.ps.test.manfund"/>
  <testcase name="fund_search" time="0.311" classname="com.xyuan.ngtest.ps.test.manfund"/>
  <testcase name="man_search" time="0.498" classname="com.xyuan.ngtest.ps.test.manfund"/>
  <testcase name="man_tree" time="0.110" classname="com.xyuan.ngtest.ps.test.manfund"/>
</testsuite> <!-- com.xyuan.ngtest.ps.test.manfund -->
