<?xml version="1.0" encoding="UTF-8"?>
<!-- Generated by org.testng.reporters.JUnitReportReporter -->
<testsuite hostname="PC-liangxuqing" name="com.xyuan.ngtest.ps.comp.comp_search" tests="6" failures="0" timestamp="27 Sep 2017 07:30:58 GMT" time="2.029" errors="4">
  <testcase name="comp_search" time="0.252" classname="com.xyuan.ngtest.ps.comp.comp_search">
    <error type="java.lang.AssertionError" message="
Expected: a string containing &quot;{\&quot;sta\&quot;:1,\&quot;data\&quot;:{\&quot;result\&quot;:[{\&quot;compId\&quot;:132658,\&quot;compFullName\&quot;:\&quot;北京和通天下投资管理有限公司\&quot;,\&quot;foundDate\&quot;:\&quot;2016-09-30\&quot;,\&quot;legalRepresentative\&quot;:\&quot;郑益民\&quot;,\&quot;addrPro\&quot;:\&quot;北京市\&quot;,\&quot;mainStrategyType\&quot;:\&quot;私募证券投资基金管理人\&quot;},{\&quot;compId\&quot;:112230,\&quot;compFullName\&quot;:\&quot;北京汇聚天下基金管理有限公司\&quot;,\&quot;foundDate\&quot;:\&quot;2014-07-23\&quot;,\&quot;legalRepresentative\&quot;:\&quot;李关峥\&quot;,\&quot;addrPro\&quot;:\&quot;北京市\&quot;,\&quot;registerNo\&quot;:\&quot;P1020128\&quot;,\&quot;mainStrategyType\&quot;:\&quot;私募证券投资基金管理人\&quot;},{\&quot;compId\&quot;:126411,\&quot;compFullName\&quot;:\&quot;北京融鑫天下投资管理有限公司\&quot;,\&quot;foundDate\&quot;:\&quot;2016-01-06\&quot;,\&quot;legalRepresentative\&quot;:\&quot;马小惠\&quot;,\&quot;addrPro\&quot;:\&quot;北京市\&quot;,\&quot;registerNo\&quot;:\&quot;P1030881\&quot;,\&quot;mainStrategyType\&quot;:\&quot;私募证券投资基金管理人\&quot;},{\&quot;compId\&quot;:101462,\&quot;compFullName\&quot;:\&quot;北京晟视天下投资管理有限公司\&quot;,\&quot;foundDate\&quot;:\&quot;2013-11-30\&quot;,\&quot;legalRepresentative\&quot;:\&quot;蒋煜\&quot;,\&quot;addrPro\&quot;:\&quot;北京市\&quot;,\&quot;registerNo\&quot;:\&quot;P1003023\&quot;,\&quot;mainStrategyType\&quot;:\&quot;其他私募投资基金管理人\&quot;},{\&quot;compId\&quot;:102508,\&quot;compFullName\&quot;:\&quot;北京天下屯蒙投资管理有限公司\&quot;,\&quot;foundDate\&quot;:\&quot;2014-05-04\&quot;,\&quot;legalRepresentative\&quot;:\&quot;侯彬\&quot;,\&quot;addrPro\&quot;:\&quot;北京市\&quot;,\&quot;registerNo\&quot;:\&quot;P1003939\&quot;,\&quot;mainStrategyType\&quot;:\&quot;私募证券投资基金管理人\&quot;},{\&quot;compId\&quot;:121389,\&quot;compFullName\&quot;:\&quot;北京问道天下投资有限公司\&quot;,\&quot;foundDate\&quot;:\&quot;2015-07-13\&quot;,\&quot;legalRepresentative\&quot;:\&quot;杨晓帆\&quot;,\&quot;addrPro\&quot;:\&quot;北京市\&quot;,\&quot;registerNo\&quot;:\&quot;P1026902\&quot;,\&quot;mainStrategyType\&quot;:\&quot;私募证券投资基金管理人\&quot;},{\&quot;compId\&quot;:123410,\&quot;compFullName\&quot;:\&quot;北京五岳天下投资咨询有限公司\&quot;,\&quot;foundDate\&quot;:\&quot;2012-11-19\&quot;,\&quot;legalRepresentative\&quot;:\&quot;赵维国\&quot;,\&quot;addrPro\&quot;:\&quot;北京市\&quot;,\&quot;registerNo\&quot;:\&quot;P1001175\&quot;,\&quot;mainStrategyType\&quot;:\&quot;私募股权、创业投资基金管理人\&quot;},{\&quot;compId\&quot;:122105,\&quot;compFullName\&quot;:\&quot;北京易达天下资产管理有限公司\&quot;,\&quot;foundDate\&quot;:\&quot;2015-10-22\&quot;,\&quot;legalRepresentative\&quot;:\&quot;于海洋\&quot;,\&quot;addrPro\&quot;:\&quot;北京市\&quot;,\&quot;registerNo\&quot;:\&quot;P1027287\&quot;,\&quot;mainStrategyType\&quot;:\&quot;私募证券投资基金管理人\&quot;},{\&quot;compId\&quot;:110317,\&quot;compFullName\&quot;:\&quot;北京元汇天下投资管理有限公司\&quot;,\&quot;foundDate\&quot;:\&quot;2013-07-12\&quot;,\&quot;legalRepresentative\&quot;:\&quot;李士伟\&quot;,\&quot;addrPro\&quot;:\&quot;北京市\&quot;,\&quot;registerNo\&quot;:\&quot;P1020002\&quot;},{\&quot;compId\&quot;:122457,\&quot;compFullName\&quot;:\&quot;成都富汇天下股权投资基金管理有限公司\&quot;,\&quot;foundDate\&quot;:\&quot;2014-09-26\&quot;,\&quot;legalRepresentative\&quot;:\&quot;蒋美荣\&quot;,\&quot;addrPro\&quot;:\&quot;四川省\&quot;,\&quot;registerNo\&quot;:\&quot;P1016184\&quot;,\&quot;mainStrategyType\&quot;:\&quot;私募股权、创业投资基金管理人\&quot;},{\&quot;compId\&quot;:124091,\&quot;compFullName\&quot;:\&quot;成都惠泽天下股权投资基金管理有限公司\&quot;,\&quot;foundDate\&quot;:\&quot;2012-10-24\&quot;,\&quot;legalRepresentative\&quot;:\&quot;蒋美荣\&quot;,\&quot;addrPro\&quot;:\&quot;四川省\&quot;,\&quot;registerNo\&quot;:\&quot;P1002577\&quot;,\&quot;mainStrategyType\&quot;:\&quot;私募股权、创业投资基金管理人\&quot;},{\&quot;compId\&quot;:125448,\&quot;compFullName\&quot;:\&quot;福建省掌经天下资产管理有限公司\&quot;,\&quot;foundDate\&quot;:\&quot;2015-09-21\&quot;,\&quot;legalRepresentative\&quot;:\&quot;叶晓忠\&quot;,\&quot;addrPro\&quot;:\&quot;福建省\&quot;,\&quot;registerNo\&quot;:\&quot;P1029910\&quot;,\&quot;mainStrategyType\&quot;:\&quot;私募证券投资基金管理人\&quot;},{\&quot;compId\&quot;:132676,\&quot;compFullName\&quot;:\&quot;广东天下有道投资控股有限公司\&quot;,\&quot;foundDate\&quot;:\&quot;2017-01-22\&quot;,\&quot;legalRepresentative\&quot;:\&quot;华山\&quot;,\&quot;addrPro\&quot;:\&quot;广东省\&quot;,\&quot;mainStrategyType\&quot;:\&quot;私募股权、创业投资基金管理人\&quot;},{\&quot;compId\&quot;:115197,\&quot;compFullName\&quot;:\&quot;广东智天下资产管理有限公司\&quot;,\&quot;foundDate\&quot;:\&quot;2015-04-28\&quot;,\&quot;legalRepresentative\&quot;:\&quot;梁于恒\&quot;,\&quot;addrPro\&quot;:\&quot;广东省\&quot;,\&quot;registerNo\&quot;:\&quot;P1015533\&quot;,\&quot;mainStrategyType\&quot;:\&quot;私募证券投资基金管理人\&quot;},{\&quot;compId\&quot;:114065,\&quot;compFullName\&quot;:\&quot;国融天下投资基金管理（北京）有限公司\&quot;,\&quot;foundDate\&quot;:\&quot;2014-12-24\&quot;,\&quot;legalRepresentative\&quot;:\&quot;蔡新平\&quot;,\&quot;addrPro\&quot;:\&quot;北京市\&quot;,\&quot;registerNo\&quot;:\&quot;P1006865\&quot;,\&quot;mainStrategyType\&quot;:\&quot;私募股权、创业投资基金管理人\&quot;},{\&quot;compId\&quot;:128027,\&quot;compFullName\&quot;:\&quot;国盈天下（北京）投资基金管理有限公司\&quot;,\&quot;foundDate\&quot;:\&quot;2016-05-20\&quot;,\&quot;legalRepresentative\&quot;:\&quot;周婷婷\&quot;,\&quot;addrPro\&quot;:\&quot;北京市\&quot;,\&quot;registerNo\&quot;:\&quot;P1033303\&quot;,\&quot;mainStrategyType\&quot;:\&quot;私募股权、创业投资基金管理人\&quot;},{\&quot;compId\&quot;:118495,\&quot;compFullName\&quot;:\&quot;河南汇天下资产管理有限公司\&quot;,\&quot;foundDate\&quot;:\&quot;2015-09-16\&quot;,\&quot;legalRepresentative\&quot;:\&quot;范惠军\&quot;,\&quot;addrPro\&quot;:\&quot;河南省\&quot;,\&quot;registerNo\&quot;:\&quot;P1025141\&quot;,\&quot;mainStrategyType\&quot;:\&quot;私募证券投资基金管理人\&quot;},{\&quot;compId\&quot;:129888,\&quot;compFullName\&quot;:\&quot;荣聚天下投资管理（北京）有限公司\&quot;,\&quot;foundDate\&quot;:\&quot;2016-08-03\&quot;,\&quot;legalRepresentative\&quot;:\&quot;刘延豪\&quot;,\&quot;addrPro\&quot;:\&quot;北京市\&quot;,\&quot;registerNo\&quot;:\&quot;P1060881\&quot;,\&quot;mainStrategyType\&quot;:\&quot;私募股权、创业投资基金管理人\&quot;},{\&quot;compId\&quot;:133618,\&quot;compFullName\&quot;:\&quot;融聚天下投资管理（深圳）有限公司\&quot;,\&quot;foundDate\&quot;:\&quot;2016-01-20\&quot;,\&quot;legalRepresentative\&quot;:\&quot;莫世珊\&quot;,\&quot;mainStrategyType\&quot;:\&quot;私募股权、创业投资基金管理人\&quot;},{\&quot;compId\&quot;:99728,\&quot;compFullName\&quot;:\&quot;上海天下粮仓投资管理有限公司\&quot;,\&quot;foundDate\&quot;:\&quot;2004-03-11\&quot;,\&quot;legalRepresentative\&quot;:\&quot;殷昌平\&quot;,\&quot;addrPro\&quot;:\&quot;上海市\&quot;,\&quot;registerNo\&quot;:\&quot;P1003489\&quot;,\&quot;mainStrategyType\&quot;:\&quot;私募证券投资基金管理人\&quot;}]&quot;
     but: was &quot;{&quot;sta&quot;:1,&quot;data&quot;:{&quot;result&quot;:[{&quot;compId&quot;:132658,&quot;compFullName&quot;:&quot;北京和通天下投资管理有限公司&quot;,&quot;foundDate&quot;:&quot;2016-09-30&quot;,&quot;legalRepresentative&quot;:&quot;郑益民&quot;,&quot;addrPro&quot;:&quot;北京市&quot;,&quot;mainStrategyType&quot;:&quot;私募证券投资基金管理人&quot;},{&quot;compId&quot;:112230,&quot;compFullName&quot;:&quot;北京汇聚天下基金管理有限公司&quot;,&quot;foundDate&quot;:&quot;2014-07-23&quot;,&quot;legalRepresentative&quot;:&quot;李关峥&quot;,&quot;addrPro&quot;:&quot;北京市&quot;,&quot;registerNo&quot;:&quot;P1020128&quot;,&quot;mainStrategyType&quot;:&quot;私募证券投资基金管理人&quot;},{&quot;compId&quot;:126411,&quot;compFullName&quot;:&quot;北京融鑫天下投资管理有限公司&quot;,&quot;foundDate&quot;:&quot;2016-01-06&quot;,&quot;legalRepresentative&quot;:&quot;马小惠&quot;,&quot;addrPro&quot;:&quot;北京市&quot;,&quot;registerNo&quot;:&quot;P1030881&quot;,&quot;mainStrategyType&quot;:&quot;私募证券投资基金管理人&quot;},{&quot;compId&quot;:101462,&quot;compFullName&quot;:&quot;北京晟视天下投资管理有限公司&quot;,&quot;foundDate&quot;:&quot;2013-11-30&quot;,&quot;legalRepresentative&quot;:&quot;蒋煜&quot;,&quot;addrPro&quot;:&quot;北京市&quot;,&quot;registerNo&quot;:&quot;P1003023&quot;,&quot;mainStrategyType&quot;:&quot;其他私募投资基金管理人&quot;},{&quot;compId&quot;:102508,&quot;compFullName&quot;:&quot;北京天下屯蒙投资管理有限公司&quot;,&quot;foundDate&quot;:&quot;2014-05-04&quot;,&quot;legalRepresentative&quot;:&quot;侯彬&quot;,&quot;addrPro&quot;:&quot;北京市&quot;,&quot;registerNo&quot;:&quot;P1003939&quot;,&quot;mainStrategyType&quot;:&quot;私募证券投资基金管理人&quot;},{&quot;compId&quot;:121389,&quot;compFullName&quot;:&quot;北京问道天下投资有限公司&quot;,&quot;foundDate&quot;:&quot;2015-07-13&quot;,&quot;legalRepresentative&quot;:&quot;杨晓帆&quot;,&quot;addrPro&quot;:&quot;北京市&quot;,&quot;registerNo&quot;:&quot;P1026902&quot;,&quot;mainStrategyType&quot;:&quot;私募证券投资基金管理人&quot;},{&quot;compId&quot;:123410,&quot;compFullName&quot;:&quot;北京五岳天下投资咨询有限公司&quot;,&quot;foundDate&quot;:&quot;2012-11-19&quot;,&quot;legalRepresentative&quot;:&quot;赵维国&quot;,&quot;addrPro&quot;:&quot;北京市&quot;,&quot;registerNo&quot;:&quot;P1001175&quot;,&quot;mainStrategyType&quot;:&quot;私募股权、创业投资基金管理人&quot;},{&quot;compId&quot;:122105,&quot;compFullName&quot;:&quot;北京易达天下资产管理有限公司&quot;,&quot;foundDate&quot;:&quot;2015-10-22&quot;,&quot;legalRepresentative&quot;:&quot;于海洋&quot;,&quot;addrPro&quot;:&quot;北京市&quot;,&quot;registerNo&quot;:&quot;P1027287&quot;,&quot;mainStrategyType&quot;:&quot;私募证券投资基金管理人&quot;},{&quot;compId&quot;:110317,&quot;compFullName&quot;:&quot;北京元汇天下投资管理有限公司&quot;,&quot;foundDate&quot;:&quot;2013-07-12&quot;,&quot;legalRepresentative&quot;:&quot;李士伟&quot;,&quot;addrPro&quot;:&quot;北京市&quot;,&quot;registerNo&quot;:&quot;P1020002&quot;,&quot;mainStrategyType&quot;:&quot;其他&quot;},{&quot;compId&quot;:122457,&quot;compFullName&quot;:&quot;成都富汇天下股权投资基金管理有限公司&quot;,&quot;foundDate&quot;:&quot;2014-09-26&quot;,&quot;legalRepresentative&quot;:&quot;蒋美荣&quot;,&quot;addrPro&quot;:&quot;四川省&quot;,&quot;registerNo&quot;:&quot;P1016184&quot;,&quot;mainStrategyType&quot;:&quot;私募股权、创业投资基金管理人&quot;},{&quot;compId&quot;:124091,&quot;compFullName&quot;:&quot;成都惠泽天下股权投资基金管理有限公司&quot;,&quot;foundDate&quot;:&quot;2012-10-24&quot;,&quot;legalRepresentative&quot;:&quot;蒋美荣&quot;,&quot;addrPro&quot;:&quot;四川省&quot;,&quot;registerNo&quot;:&quot;P1002577&quot;,&quot;mainStrategyType&quot;:&quot;私募股权、创业投资基金管理人&quot;},{&quot;compId&quot;:125448,&quot;compFullName&quot;:&quot;福建省掌经天下资产管理有限公司&quot;,&quot;foundDate&quot;:&quot;2015-09-21&quot;,&quot;legalRepresentative&quot;:&quot;叶晓忠&quot;,&quot;addrPro&quot;:&quot;福建省&quot;,&quot;registerNo&quot;:&quot;P1029910&quot;,&quot;mainStrategyType&quot;:&quot;私募证券投资基金管理人&quot;},{&quot;compId&quot;:132676,&quot;compFullName&quot;:&quot;广东天下有道投资控股有限公司&quot;,&quot;foundDate&quot;:&quot;2017-01-22&quot;,&quot;legalRepresentative&quot;:&quot;华山&quot;,&quot;addrPro&quot;:&quot;广东省&quot;,&quot;mainStrategyType&quot;:&quot;私募股权、创业投资基金管理人&quot;},{&quot;compId&quot;:115197,&quot;compFullName&quot;:&quot;广东智天下资产管理有限公司&quot;,&quot;foundDate&quot;:&quot;2015-04-28&quot;,&quot;legalRepresentative&quot;:&quot;梁于恒&quot;,&quot;addrPro&quot;:&quot;广东省&quot;,&quot;registerNo&quot;:&quot;P1015533&quot;,&quot;mainStrategyType&quot;:&quot;私募证券投资基金管理人&quot;},{&quot;compId&quot;:114065,&quot;compFullName&quot;:&quot;国融天下投资基金管理（北京）有限公司&quot;,&quot;foundDate&quot;:&quot;2014-12-24&quot;,&quot;legalRepresentative&quot;:&quot;蔡新平&quot;,&quot;addrPro&quot;:&quot;北京市&quot;,&quot;registerNo&quot;:&quot;P1006865&quot;,&quot;mainStrategyType&quot;:&quot;私募股权、创业投资基金管理人&quot;},{&quot;compId&quot;:128027,&quot;compFullName&quot;:&quot;国盈天下（北京）投资基金管理有限公司&quot;,&quot;foundDate&quot;:&quot;2016-05-20&quot;,&quot;legalRepresentative&quot;:&quot;周婷婷&quot;,&quot;addrPro&quot;:&quot;北京市&quot;,&quot;registerNo&quot;:&quot;P1033303&quot;,&quot;mainStrategyType&quot;:&quot;私募股权、创业投资基金管理人&quot;},{&quot;compId&quot;:118495,&quot;compFullName&quot;:&quot;河南汇天下资产管理有限公司&quot;,&quot;foundDate&quot;:&quot;2015-09-16&quot;,&quot;legalRepresentative&quot;:&quot;范惠军&quot;,&quot;addrPro&quot;:&quot;河南省&quot;,&quot;registerNo&quot;:&quot;P1025141&quot;,&quot;mainStrategyType&quot;:&quot;私募证券投资基金管理人&quot;},{&quot;compId&quot;:134710,&quot;compFullName&quot;:&quot;君领天下投资管理（深圳）有限责任公司&quot;,&quot;foundDate&quot;:&quot;2016-01-06&quot;,&quot;legalRepresentative&quot;:&quot;孟繁斌&quot;,&quot;mainStrategyType&quot;:&quot;私募股权、创业投资基金管理人&quot;},{&quot;compId&quot;:129888,&quot;compFullName&quot;:&quot;荣聚天下投资管理（北京）有限公司&quot;,&quot;foundDate&quot;:&quot;2016-08-03&quot;,&quot;legalRepresentative&quot;:&quot;刘延豪&quot;,&quot;addrPro&quot;:&quot;北京市&quot;,&quot;registerNo&quot;:&quot;P1060881&quot;,&quot;mainStrategyType&quot;:&quot;私募股权、创业投资基金管理人&quot;},{&quot;compId&quot;:133618,&quot;compFullName&quot;:&quot;融聚天下投资管理（深圳）有限公司&quot;,&quot;foundDate&quot;:&quot;2016-01-20&quot;,&quot;legalRepresentative&quot;:&quot;莫世珊&quot;,&quot;mainStrategyType&quot;:&quot;私募股权、创业投资基金管理人&quot;}],&quot;totalCount&quot;:35,&quot;pageNo&quot;:1,&quot;pageSize&quot;:20,&quot;totalPage&quot;:2,&quot;newCount&quot;:1},&quot;msg&quot;:&quot;操作成功&quot;}&quot;">
      <![CDATA[java.lang.AssertionError: 
Expected: a string containing "{\"sta\":1,\"data\":{\"result\":[{\"compId\":132658,\"compFullName\":\"北京和通天下投资管理有限公司\",\"foundDate\":\"2016-09-30\",\"legalRepresentative\":\"郑益民\",\"addrPro\":\"北京市\",\"mainStrategyType\":\"私募证券投资基金管理人\"},{\"compId\":112230,\"compFullName\":\"北京汇聚天下基金管理有限公司\",\"foundDate\":\"2014-07-23\",\"legalRepresentative\":\"李关峥\",\"addrPro\":\"北京市\",\"registerNo\":\"P1020128\",\"mainStrategyType\":\"私募证券投资基金管理人\"},{\"compId\":126411,\"compFullName\":\"北京融鑫天下投资管理有限公司\",\"foundDate\":\"2016-01-06\",\"legalRepresentative\":\"马小惠\",\"addrPro\":\"北京市\",\"registerNo\":\"P1030881\",\"mainStrategyType\":\"私募证券投资基金管理人\"},{\"compId\":101462,\"compFullName\":\"北京晟视天下投资管理有限公司\",\"foundDate\":\"2013-11-30\",\"legalRepresentative\":\"蒋煜\",\"addrPro\":\"北京市\",\"registerNo\":\"P1003023\",\"mainStrategyType\":\"其他私募投资基金管理人\"},{\"compId\":102508,\"compFullName\":\"北京天下屯蒙投资管理有限公司\",\"foundDate\":\"2014-05-04\",\"legalRepresentative\":\"侯彬\",\"addrPro\":\"北京市\",\"registerNo\":\"P1003939\",\"mainStrategyType\":\"私募证券投资基金管理人\"},{\"compId\":121389,\"compFullName\":\"北京问道天下投资有限公司\",\"foundDate\":\"2015-07-13\",\"legalRepresentative\":\"杨晓帆\",\"addrPro\":\"北京市\",\"registerNo\":\"P1026902\",\"mainStrategyType\":\"私募证券投资基金管理人\"},{\"compId\":123410,\"compFullName\":\"北京五岳天下投资咨询有限公司\",\"foundDate\":\"2012-11-19\",\"legalRepresentative\":\"赵维国\",\"addrPro\":\"北京市\",\"registerNo\":\"P1001175\",\"mainStrategyType\":\"私募股权、创业投资基金管理人\"},{\"compId\":122105,\"compFullName\":\"北京易达天下资产管理有限公司\",\"foundDate\":\"2015-10-22\",\"legalRepresentative\":\"于海洋\",\"addrPro\":\"北京市\",\"registerNo\":\"P1027287\",\"mainStrategyType\":\"私募证券投资基金管理人\"},{\"compId\":110317,\"compFullName\":\"北京元汇天下投资管理有限公司\",\"foundDate\":\"2013-07-12\",\"legalRepresentative\":\"李士伟\",\"addrPro\":\"北京市\",\"registerNo\":\"P1020002\"},{\"compId\":122457,\"compFullName\":\"成都富汇天下股权投资基金管理有限公司\",\"foundDate\":\"2014-09-26\",\"legalRepresentative\":\"蒋美荣\",\"addrPro\":\"四川省\",\"registerNo\":\"P1016184\",\"mainStrategyType\":\"私募股权、创业投资基金管理人\"},{\"compId\":124091,\"compFullName\":\"成都惠泽天下股权投资基金管理有限公司\",\"foundDate\":\"2012-10-24\",\"legalRepresentative\":\"蒋美荣\",\"addrPro\":\"四川省\",\"registerNo\":\"P1002577\",\"mainStrategyType\":\"私募股权、创业投资基金管理人\"},{\"compId\":125448,\"compFullName\":\"福建省掌经天下资产管理有限公司\",\"foundDate\":\"2015-09-21\",\"legalRepresentative\":\"叶晓忠\",\"addrPro\":\"福建省\",\"registerNo\":\"P1029910\",\"mainStrategyType\":\"私募证券投资基金管理人\"},{\"compId\":132676,\"compFullName\":\"广东天下有道投资控股有限公司\",\"foundDate\":\"2017-01-22\",\"legalRepresentative\":\"华山\",\"addrPro\":\"广东省\",\"mainStrategyType\":\"私募股权、创业投资基金管理人\"},{\"compId\":115197,\"compFullName\":\"广东智天下资产管理有限公司\",\"foundDate\":\"2015-04-28\",\"legalRepresentative\":\"梁于恒\",\"addrPro\":\"广东省\",\"registerNo\":\"P1015533\",\"mainStrategyType\":\"私募证券投资基金管理人\"},{\"compId\":114065,\"compFullName\":\"国融天下投资基金管理（北京）有限公司\",\"foundDate\":\"2014-12-24\",\"legalRepresentative\":\"蔡新平\",\"addrPro\":\"北京市\",\"registerNo\":\"P1006865\",\"mainStrategyType\":\"私募股权、创业投资基金管理人\"},{\"compId\":128027,\"compFullName\":\"国盈天下（北京）投资基金管理有限公司\",\"foundDate\":\"2016-05-20\",\"legalRepresentative\":\"周婷婷\",\"addrPro\":\"北京市\",\"registerNo\":\"P1033303\",\"mainStrategyType\":\"私募股权、创业投资基金管理人\"},{\"compId\":118495,\"compFullName\":\"河南汇天下资产管理有限公司\",\"foundDate\":\"2015-09-16\",\"legalRepresentative\":\"范惠军\",\"addrPro\":\"河南省\",\"registerNo\":\"P1025141\",\"mainStrategyType\":\"私募证券投资基金管理人\"},{\"compId\":129888,\"compFullName\":\"荣聚天下投资管理（北京）有限公司\",\"foundDate\":\"2016-08-03\",\"legalRepresentative\":\"刘延豪\",\"addrPro\":\"北京市\",\"registerNo\":\"P1060881\",\"mainStrategyType\":\"私募股权、创业投资基金管理人\"},{\"compId\":133618,\"compFullName\":\"融聚天下投资管理（深圳）有限公司\",\"foundDate\":\"2016-01-20\",\"legalRepresentative\":\"莫世珊\",\"mainStrategyType\":\"私募股权、创业投资基金管理人\"},{\"compId\":99728,\"compFullName\":\"上海天下粮仓投资管理有限公司\",\"foundDate\":\"2004-03-11\",\"legalRepresentative\":\"殷昌平\",\"addrPro\":\"上海市\",\"registerNo\":\"P1003489\",\"mainStrategyType\":\"私募证券投资基金管理人\"}]"
     but: was "{"sta":1,"data":{"result":[{"compId":132658,"compFullName":"北京和通天下投资管理有限公司","foundDate":"2016-09-30","legalRepresentative":"郑益民","addrPro":"北京市","mainStrategyType":"私募证券投资基金管理人"},{"compId":112230,"compFullName":"北京汇聚天下基金管理有限公司","foundDate":"2014-07-23","legalRepresentative":"李关峥","addrPro":"北京市","registerNo":"P1020128","mainStrategyType":"私募证券投资基金管理人"},{"compId":126411,"compFullName":"北京融鑫天下投资管理有限公司","foundDate":"2016-01-06","legalRepresentative":"马小惠","addrPro":"北京市","registerNo":"P1030881","mainStrategyType":"私募证券投资基金管理人"},{"compId":101462,"compFullName":"北京晟视天下投资管理有限公司","foundDate":"2013-11-30","legalRepresentative":"蒋煜","addrPro":"北京市","registerNo":"P1003023","mainStrategyType":"其他私募投资基金管理人"},{"compId":102508,"compFullName":"北京天下屯蒙投资管理有限公司","foundDate":"2014-05-04","legalRepresentative":"侯彬","addrPro":"北京市","registerNo":"P1003939","mainStrategyType":"私募证券投资基金管理人"},{"compId":121389,"compFullName":"北京问道天下投资有限公司","foundDate":"2015-07-13","legalRepresentative":"杨晓帆","addrPro":"北京市","registerNo":"P1026902","mainStrategyType":"私募证券投资基金管理人"},{"compId":123410,"compFullName":"北京五岳天下投资咨询有限公司","foundDate":"2012-11-19","legalRepresentative":"赵维国","addrPro":"北京市","registerNo":"P1001175","mainStrategyType":"私募股权、创业投资基金管理人"},{"compId":122105,"compFullName":"北京易达天下资产管理有限公司","foundDate":"2015-10-22","legalRepresentative":"于海洋","addrPro":"北京市","registerNo":"P1027287","mainStrategyType":"私募证券投资基金管理人"},{"compId":110317,"compFullName":"北京元汇天下投资管理有限公司","foundDate":"2013-07-12","legalRepresentative":"李士伟","addrPro":"北京市","registerNo":"P1020002","mainStrategyType":"其他"},{"compId":122457,"compFullName":"成都富汇天下股权投资基金管理有限公司","foundDate":"2014-09-26","legalRepresentative":"蒋美荣","addrPro":"四川省","registerNo":"P1016184","mainStrategyType":"私募股权、创业投资基金管理人"},{"compId":124091,"compFullName":"成都惠泽天下股权投资基金管理有限公司","foundDate":"2012-10-24","legalRepresentative":"蒋美荣","addrPro":"四川省","registerNo":"P1002577","mainStrategyType":"私募股权、创业投资基金管理人"},{"compId":125448,"compFullName":"福建省掌经天下资产管理有限公司","foundDate":"2015-09-21","legalRepresentative":"叶晓忠","addrPro":"福建省","registerNo":"P1029910","mainStrategyType":"私募证券投资基金管理人"},{"compId":132676,"compFullName":"广东天下有道投资控股有限公司","foundDate":"2017-01-22","legalRepresentative":"华山","addrPro":"广东省","mainStrategyType":"私募股权、创业投资基金管理人"},{"compId":115197,"compFullName":"广东智天下资产管理有限公司","foundDate":"2015-04-28","legalRepresentative":"梁于恒","addrPro":"广东省","registerNo":"P1015533","mainStrategyType":"私募证券投资基金管理人"},{"compId":114065,"compFullName":"国融天下投资基金管理（北京）有限公司","foundDate":"2014-12-24","legalRepresentative":"蔡新平","addrPro":"北京市","registerNo":"P1006865","mainStrategyType":"私募股权、创业投资基金管理人"},{"compId":128027,"compFullName":"国盈天下（北京）投资基金管理有限公司","foundDate":"2016-05-20","legalRepresentative":"周婷婷","addrPro":"北京市","registerNo":"P1033303","mainStrategyType":"私募股权、创业投资基金管理人"},{"compId":118495,"compFullName":"河南汇天下资产管理有限公司","foundDate":"2015-09-16","legalRepresentative":"范惠军","addrPro":"河南省","registerNo":"P1025141","mainStrategyType":"私募证券投资基金管理人"},{"compId":134710,"compFullName":"君领天下投资管理（深圳）有限责任公司","foundDate":"2016-01-06","legalRepresentative":"孟繁斌","mainStrategyType":"私募股权、创业投资基金管理人"},{"compId":129888,"compFullName":"荣聚天下投资管理（北京）有限公司","foundDate":"2016-08-03","legalRepresentative":"刘延豪","addrPro":"北京市","registerNo":"P1060881","mainStrategyType":"私募股权、创业投资基金管理人"},{"compId":133618,"compFullName":"融聚天下投资管理（深圳）有限公司","foundDate":"2016-01-20","legalRepresentative":"莫世珊","mainStrategyType":"私募股权、创业投资基金管理人"}],"totalCount":35,"pageNo":1,"pageSize":20,"totalPage":2,"newCount":1},"msg":"操作成功"}"
	at org.hamcrest.MatcherAssert.assertThat(MatcherAssert.java:20)
	at org.hamcrest.MatcherAssert.assertThat(MatcherAssert.java:8)
	at com.xyuan.ngtest.MyAssert.MyAssert.asserting(MyAssert.java:12)
	at com.xyuan.ngtest.ps.comp.comp_search.comp_search(comp_search.java:33)
	at sun.reflect.NativeMethodAccessorImpl.invoke0(Native Method)
	at sun.reflect.NativeMethodAccessorImpl.invoke(NativeMethodAccessorImpl.java:62)
	at sun.reflect.DelegatingMethodAccessorImpl.invoke(DelegatingMethodAccessorImpl.java:43)
	at java.lang.reflect.Method.invoke(Method.java:498)
	at org.testng.internal.MethodInvocationHelper.invokeMethod(MethodInvocationHelper.java:84)
	at org.testng.internal.Invoker.invokeMethod(Invoker.java:714)
	at org.testng.internal.Invoker.invokeTestMethod(Invoker.java:901)
	at org.testng.internal.Invoker.invokeTestMethods(Invoker.java:1231)
	at org.testng.internal.TestMethodWorker.invokeTestMethods(TestMethodWorker.java:127)
	at org.testng.internal.TestMethodWorker.run(TestMethodWorker.java:111)
	at org.testng.TestRunner.privateRun(TestRunner.java:767)
	at org.testng.TestRunner.run(TestRunner.java:617)
	at org.testng.SuiteRunner.runTest(SuiteRunner.java:335)
	at org.testng.SuiteRunner.access$000(SuiteRunner.java:37)
	at org.testng.SuiteRunner$SuiteWorker.run(SuiteRunner.java:369)
	at org.testng.internal.thread.ThreadUtil$2.call(ThreadUtil.java:64)
	at java.util.concurrent.FutureTask.run(FutureTask.java:266)
	at java.util.concurrent.ThreadPoolExecutor.runWorker(ThreadPoolExecutor.java:1142)
	at java.util.concurrent.ThreadPoolExecutor$Worker.run(ThreadPoolExecutor.java:617)
	at java.lang.Thread.run(Thread.java:745)
]]>
    </error>
  </testcase> <!-- comp_search -->
  <testcase name="comp_search" time="0.175" classname="com.xyuan.ngtest.ps.comp.comp_search"/>
  <testcase name="comp_search" time="0.332" classname="com.xyuan.ngtest.ps.comp.comp_search"/>
  <testcase name="comp_search" time="0.279" classname="com.xyuan.ngtest.ps.comp.comp_search">
    <error type="java.lang.AssertionError" message="
Expected: a string containing &quot;{\&quot;sta\&quot;:1,\&quot;data\&quot;:{\&quot;result\&quot;:[{\&quot;compId\&quot;:132658,\&quot;compFullName\&quot;:\&quot;北京和通天下投资管理有限公司\&quot;,\&quot;foundDate\&quot;:\&quot;2016-09-30\&quot;,\&quot;legalRepresentative\&quot;:\&quot;郑益民\&quot;,\&quot;addrPro\&quot;:\&quot;北京市\&quot;,\&quot;mainStrategyType\&quot;:\&quot;私募证券投资基金管理人\&quot;},{\&quot;compId\&quot;:112230,\&quot;compFullName\&quot;:\&quot;北京汇聚天下基金管理有限公司\&quot;,\&quot;foundDate\&quot;:\&quot;2014-07-23\&quot;,\&quot;legalRepresentative\&quot;:\&quot;李关峥\&quot;,\&quot;addrPro\&quot;:\&quot;北京市\&quot;,\&quot;registerNo\&quot;:\&quot;P1020128\&quot;,\&quot;mainStrategyType\&quot;:\&quot;私募证券投资基金管理人\&quot;},{\&quot;compId\&quot;:126411,\&quot;compFullName\&quot;:\&quot;北京融鑫天下投资管理有限公司\&quot;,\&quot;foundDate\&quot;:\&quot;2016-01-06\&quot;,\&quot;legalRepresentative\&quot;:\&quot;马小惠\&quot;,\&quot;addrPro\&quot;:\&quot;北京市\&quot;,\&quot;registerNo\&quot;:\&quot;P1030881\&quot;,\&quot;mainStrategyType\&quot;:\&quot;私募证券投资基金管理人\&quot;},{\&quot;compId\&quot;:101462,\&quot;compFullName\&quot;:\&quot;北京晟视天下投资管理有限公司\&quot;,\&quot;foundDate\&quot;:\&quot;2013-11-30\&quot;,\&quot;legalRepresentative\&quot;:\&quot;蒋煜\&quot;,\&quot;addrPro\&quot;:\&quot;北京市\&quot;,\&quot;registerNo\&quot;:\&quot;P1003023\&quot;,\&quot;mainStrategyType\&quot;:\&quot;其他私募投资基金管理人\&quot;},{\&quot;compId\&quot;:102508,\&quot;compFullName\&quot;:\&quot;北京天下屯蒙投资管理有限公司\&quot;,\&quot;foundDate\&quot;:\&quot;2014-05-04\&quot;,\&quot;legalRepresentative\&quot;:\&quot;侯彬\&quot;,\&quot;addrPro\&quot;:\&quot;北京市\&quot;,\&quot;registerNo\&quot;:\&quot;P1003939\&quot;,\&quot;mainStrategyType\&quot;:\&quot;私募证券投资基金管理人\&quot;},{\&quot;compId\&quot;:121389,\&quot;compFullName\&quot;:\&quot;北京问道天下投资有限公司\&quot;,\&quot;foundDate\&quot;:\&quot;2015-07-13\&quot;,\&quot;legalRepresentative\&quot;:\&quot;杨晓帆\&quot;,\&quot;addrPro\&quot;:\&quot;北京市\&quot;,\&quot;registerNo\&quot;:\&quot;P1026902\&quot;,\&quot;mainStrategyType\&quot;:\&quot;私募证券投资基金管理人\&quot;},{\&quot;compId\&quot;:123410,\&quot;compFullName\&quot;:\&quot;北京五岳天下投资咨询有限公司\&quot;,\&quot;foundDate\&quot;:\&quot;2012-11-19\&quot;,\&quot;legalRepresentative\&quot;:\&quot;赵维国\&quot;,\&quot;addrPro\&quot;:\&quot;北京市\&quot;,\&quot;registerNo\&quot;:\&quot;P1001175\&quot;,\&quot;mainStrategyType\&quot;:\&quot;私募股权、创业投资基金管理人\&quot;},{\&quot;compId\&quot;:122105,\&quot;compFullName\&quot;:\&quot;北京易达天下资产管理有限公司\&quot;,\&quot;foundDate\&quot;:\&quot;2015-10-22\&quot;,\&quot;legalRepresentative\&quot;:\&quot;于海洋\&quot;,\&quot;addrPro\&quot;:\&quot;北京市\&quot;,\&quot;registerNo\&quot;:\&quot;P1027287\&quot;,\&quot;mainStrategyType\&quot;:\&quot;私募证券投资基金管理人\&quot;},{\&quot;compId\&quot;:110317,\&quot;compFullName\&quot;:\&quot;北京元汇天下投资管理有限公司\&quot;,\&quot;foundDate\&quot;:\&quot;2013-07-12\&quot;,\&quot;legalRepresentative\&quot;:\&quot;李士伟\&quot;,\&quot;addrPro\&quot;:\&quot;北京市\&quot;,\&quot;registerNo\&quot;:\&quot;P1020002\&quot;},{\&quot;compId\&quot;:114065,\&quot;compFullName\&quot;:\&quot;国融天下投资基金管理（北京）有限公司\&quot;,\&quot;foundDate\&quot;:\&quot;2014-12-24\&quot;,\&quot;legalRepresentative\&quot;:\&quot;蔡新平\&quot;,\&quot;addrPro\&quot;:\&quot;北京市\&quot;,\&quot;registerNo\&quot;:\&quot;P1006865\&quot;,\&quot;mainStrategyType\&quot;:\&quot;私募股权、创业投资基金管理人\&quot;},{\&quot;compId\&quot;:128027,\&quot;compFullName\&quot;:\&quot;国盈天下（北京）投资基金管理有限公司\&quot;,\&quot;foundDate\&quot;:\&quot;2016-05-20\&quot;,\&quot;legalRepresentative\&quot;:\&quot;周婷婷\&quot;,\&quot;addrPro\&quot;:\&quot;北京市\&quot;,\&quot;registerNo\&quot;:\&quot;P1033303\&quot;,\&quot;mainStrategyType\&quot;:\&quot;私募股权、创业投资基金管理人\&quot;},{\&quot;compId\&quot;:129888,\&quot;compFullName\&quot;:\&quot;荣聚天下投资管理（北京）有限公司\&quot;,\&quot;foundDate\&quot;:\&quot;2016-08-03\&quot;,\&quot;legalRepresentative\&quot;:\&quot;刘延豪\&quot;,\&quot;addrPro\&quot;:\&quot;北京市\&quot;,\&quot;registerNo\&quot;:\&quot;P1060881\&quot;,\&quot;mainStrategyType\&quot;:\&quot;私募股权、创业投资基金管理人\&quot;}]&quot;
     but: was &quot;{&quot;sta&quot;:1,&quot;data&quot;:{&quot;result&quot;:[{&quot;compId&quot;:132658,&quot;compFullName&quot;:&quot;北京和通天下投资管理有限公司&quot;,&quot;foundDate&quot;:&quot;2016-09-30&quot;,&quot;legalRepresentative&quot;:&quot;郑益民&quot;,&quot;addrPro&quot;:&quot;北京市&quot;,&quot;mainStrategyType&quot;:&quot;私募证券投资基金管理人&quot;},{&quot;compId&quot;:112230,&quot;compFullName&quot;:&quot;北京汇聚天下基金管理有限公司&quot;,&quot;foundDate&quot;:&quot;2014-07-23&quot;,&quot;legalRepresentative&quot;:&quot;李关峥&quot;,&quot;addrPro&quot;:&quot;北京市&quot;,&quot;registerNo&quot;:&quot;P1020128&quot;,&quot;mainStrategyType&quot;:&quot;私募证券投资基金管理人&quot;},{&quot;compId&quot;:126411,&quot;compFullName&quot;:&quot;北京融鑫天下投资管理有限公司&quot;,&quot;foundDate&quot;:&quot;2016-01-06&quot;,&quot;legalRepresentative&quot;:&quot;马小惠&quot;,&quot;addrPro&quot;:&quot;北京市&quot;,&quot;registerNo&quot;:&quot;P1030881&quot;,&quot;mainStrategyType&quot;:&quot;私募证券投资基金管理人&quot;},{&quot;compId&quot;:101462,&quot;compFullName&quot;:&quot;北京晟视天下投资管理有限公司&quot;,&quot;foundDate&quot;:&quot;2013-11-30&quot;,&quot;legalRepresentative&quot;:&quot;蒋煜&quot;,&quot;addrPro&quot;:&quot;北京市&quot;,&quot;registerNo&quot;:&quot;P1003023&quot;,&quot;mainStrategyType&quot;:&quot;其他私募投资基金管理人&quot;},{&quot;compId&quot;:102508,&quot;compFullName&quot;:&quot;北京天下屯蒙投资管理有限公司&quot;,&quot;foundDate&quot;:&quot;2014-05-04&quot;,&quot;legalRepresentative&quot;:&quot;侯彬&quot;,&quot;addrPro&quot;:&quot;北京市&quot;,&quot;registerNo&quot;:&quot;P1003939&quot;,&quot;mainStrategyType&quot;:&quot;私募证券投资基金管理人&quot;},{&quot;compId&quot;:121389,&quot;compFullName&quot;:&quot;北京问道天下投资有限公司&quot;,&quot;foundDate&quot;:&quot;2015-07-13&quot;,&quot;legalRepresentative&quot;:&quot;杨晓帆&quot;,&quot;addrPro&quot;:&quot;北京市&quot;,&quot;registerNo&quot;:&quot;P1026902&quot;,&quot;mainStrategyType&quot;:&quot;私募证券投资基金管理人&quot;},{&quot;compId&quot;:123410,&quot;compFullName&quot;:&quot;北京五岳天下投资咨询有限公司&quot;,&quot;foundDate&quot;:&quot;2012-11-19&quot;,&quot;legalRepresentative&quot;:&quot;赵维国&quot;,&quot;addrPro&quot;:&quot;北京市&quot;,&quot;registerNo&quot;:&quot;P1001175&quot;,&quot;mainStrategyType&quot;:&quot;私募股权、创业投资基金管理人&quot;},{&quot;compId&quot;:122105,&quot;compFullName&quot;:&quot;北京易达天下资产管理有限公司&quot;,&quot;foundDate&quot;:&quot;2015-10-22&quot;,&quot;legalRepresentative&quot;:&quot;于海洋&quot;,&quot;addrPro&quot;:&quot;北京市&quot;,&quot;registerNo&quot;:&quot;P1027287&quot;,&quot;mainStrategyType&quot;:&quot;私募证券投资基金管理人&quot;},{&quot;compId&quot;:110317,&quot;compFullName&quot;:&quot;北京元汇天下投资管理有限公司&quot;,&quot;foundDate&quot;:&quot;2013-07-12&quot;,&quot;legalRepresentative&quot;:&quot;李士伟&quot;,&quot;addrPro&quot;:&quot;北京市&quot;,&quot;registerNo&quot;:&quot;P1020002&quot;,&quot;mainStrategyType&quot;:&quot;其他&quot;},{&quot;compId&quot;:114065,&quot;compFullName&quot;:&quot;国融天下投资基金管理（北京）有限公司&quot;,&quot;foundDate&quot;:&quot;2014-12-24&quot;,&quot;legalRepresentative&quot;:&quot;蔡新平&quot;,&quot;addrPro&quot;:&quot;北京市&quot;,&quot;registerNo&quot;:&quot;P1006865&quot;,&quot;mainStrategyType&quot;:&quot;私募股权、创业投资基金管理人&quot;},{&quot;compId&quot;:128027,&quot;compFullName&quot;:&quot;国盈天下（北京）投资基金管理有限公司&quot;,&quot;foundDate&quot;:&quot;2016-05-20&quot;,&quot;legalRepresentative&quot;:&quot;周婷婷&quot;,&quot;addrPro&quot;:&quot;北京市&quot;,&quot;registerNo&quot;:&quot;P1033303&quot;,&quot;mainStrategyType&quot;:&quot;私募股权、创业投资基金管理人&quot;},{&quot;compId&quot;:129888,&quot;compFullName&quot;:&quot;荣聚天下投资管理（北京）有限公司&quot;,&quot;foundDate&quot;:&quot;2016-08-03&quot;,&quot;legalRepresentative&quot;:&quot;刘延豪&quot;,&quot;addrPro&quot;:&quot;北京市&quot;,&quot;registerNo&quot;:&quot;P1060881&quot;,&quot;mainStrategyType&quot;:&quot;私募股权、创业投资基金管理人&quot;}],&quot;totalCount&quot;:12,&quot;pageNo&quot;:1,&quot;pageSize&quot;:20,&quot;totalPage&quot;:1,&quot;newCount&quot;:0},&quot;msg&quot;:&quot;操作成功&quot;}&quot;">
      <![CDATA[java.lang.AssertionError: 
Expected: a string containing "{\"sta\":1,\"data\":{\"result\":[{\"compId\":132658,\"compFullName\":\"北京和通天下投资管理有限公司\",\"foundDate\":\"2016-09-30\",\"legalRepresentative\":\"郑益民\",\"addrPro\":\"北京市\",\"mainStrategyType\":\"私募证券投资基金管理人\"},{\"compId\":112230,\"compFullName\":\"北京汇聚天下基金管理有限公司\",\"foundDate\":\"2014-07-23\",\"legalRepresentative\":\"李关峥\",\"addrPro\":\"北京市\",\"registerNo\":\"P1020128\",\"mainStrategyType\":\"私募证券投资基金管理人\"},{\"compId\":126411,\"compFullName\":\"北京融鑫天下投资管理有限公司\",\"foundDate\":\"2016-01-06\",\"legalRepresentative\":\"马小惠\",\"addrPro\":\"北京市\",\"registerNo\":\"P1030881\",\"mainStrategyType\":\"私募证券投资基金管理人\"},{\"compId\":101462,\"compFullName\":\"北京晟视天下投资管理有限公司\",\"foundDate\":\"2013-11-30\",\"legalRepresentative\":\"蒋煜\",\"addrPro\":\"北京市\",\"registerNo\":\"P1003023\",\"mainStrategyType\":\"其他私募投资基金管理人\"},{\"compId\":102508,\"compFullName\":\"北京天下屯蒙投资管理有限公司\",\"foundDate\":\"2014-05-04\",\"legalRepresentative\":\"侯彬\",\"addrPro\":\"北京市\",\"registerNo\":\"P1003939\",\"mainStrategyType\":\"私募证券投资基金管理人\"},{\"compId\":121389,\"compFullName\":\"北京问道天下投资有限公司\",\"foundDate\":\"2015-07-13\",\"legalRepresentative\":\"杨晓帆\",\"addrPro\":\"北京市\",\"registerNo\":\"P1026902\",\"mainStrategyType\":\"私募证券投资基金管理人\"},{\"compId\":123410,\"compFullName\":\"北京五岳天下投资咨询有限公司\",\"foundDate\":\"2012-11-19\",\"legalRepresentative\":\"赵维国\",\"addrPro\":\"北京市\",\"registerNo\":\"P1001175\",\"mainStrategyType\":\"私募股权、创业投资基金管理人\"},{\"compId\":122105,\"compFullName\":\"北京易达天下资产管理有限公司\",\"foundDate\":\"2015-10-22\",\"legalRepresentative\":\"于海洋\",\"addrPro\":\"北京市\",\"registerNo\":\"P1027287\",\"mainStrategyType\":\"私募证券投资基金管理人\"},{\"compId\":110317,\"compFullName\":\"北京元汇天下投资管理有限公司\",\"foundDate\":\"2013-07-12\",\"legalRepresentative\":\"李士伟\",\"addrPro\":\"北京市\",\"registerNo\":\"P1020002\"},{\"compId\":114065,\"compFullName\":\"国融天下投资基金管理（北京）有限公司\",\"foundDate\":\"2014-12-24\",\"legalRepresentative\":\"蔡新平\",\"addrPro\":\"北京市\",\"registerNo\":\"P1006865\",\"mainStrategyType\":\"私募股权、创业投资基金管理人\"},{\"compId\":128027,\"compFullName\":\"国盈天下（北京）投资基金管理有限公司\",\"foundDate\":\"2016-05-20\",\"legalRepresentative\":\"周婷婷\",\"addrPro\":\"北京市\",\"registerNo\":\"P1033303\",\"mainStrategyType\":\"私募股权、创业投资基金管理人\"},{\"compId\":129888,\"compFullName\":\"荣聚天下投资管理（北京）有限公司\",\"foundDate\":\"2016-08-03\",\"legalRepresentative\":\"刘延豪\",\"addrPro\":\"北京市\",\"registerNo\":\"P1060881\",\"mainStrategyType\":\"私募股权、创业投资基金管理人\"}]"
     but: was "{"sta":1,"data":{"result":[{"compId":132658,"compFullName":"北京和通天下投资管理有限公司","foundDate":"2016-09-30","legalRepresentative":"郑益民","addrPro":"北京市","mainStrategyType":"私募证券投资基金管理人"},{"compId":112230,"compFullName":"北京汇聚天下基金管理有限公司","foundDate":"2014-07-23","legalRepresentative":"李关峥","addrPro":"北京市","registerNo":"P1020128","mainStrategyType":"私募证券投资基金管理人"},{"compId":126411,"compFullName":"北京融鑫天下投资管理有限公司","foundDate":"2016-01-06","legalRepresentative":"马小惠","addrPro":"北京市","registerNo":"P1030881","mainStrategyType":"私募证券投资基金管理人"},{"compId":101462,"compFullName":"北京晟视天下投资管理有限公司","foundDate":"2013-11-30","legalRepresentative":"蒋煜","addrPro":"北京市","registerNo":"P1003023","mainStrategyType":"其他私募投资基金管理人"},{"compId":102508,"compFullName":"北京天下屯蒙投资管理有限公司","foundDate":"2014-05-04","legalRepresentative":"侯彬","addrPro":"北京市","registerNo":"P1003939","mainStrategyType":"私募证券投资基金管理人"},{"compId":121389,"compFullName":"北京问道天下投资有限公司","foundDate":"2015-07-13","legalRepresentative":"杨晓帆","addrPro":"北京市","registerNo":"P1026902","mainStrategyType":"私募证券投资基金管理人"},{"compId":123410,"compFullName":"北京五岳天下投资咨询有限公司","foundDate":"2012-11-19","legalRepresentative":"赵维国","addrPro":"北京市","registerNo":"P1001175","mainStrategyType":"私募股权、创业投资基金管理人"},{"compId":122105,"compFullName":"北京易达天下资产管理有限公司","foundDate":"2015-10-22","legalRepresentative":"于海洋","addrPro":"北京市","registerNo":"P1027287","mainStrategyType":"私募证券投资基金管理人"},{"compId":110317,"compFullName":"北京元汇天下投资管理有限公司","foundDate":"2013-07-12","legalRepresentative":"李士伟","addrPro":"北京市","registerNo":"P1020002","mainStrategyType":"其他"},{"compId":114065,"compFullName":"国融天下投资基金管理（北京）有限公司","foundDate":"2014-12-24","legalRepresentative":"蔡新平","addrPro":"北京市","registerNo":"P1006865","mainStrategyType":"私募股权、创业投资基金管理人"},{"compId":128027,"compFullName":"国盈天下（北京）投资基金管理有限公司","foundDate":"2016-05-20","legalRepresentative":"周婷婷","addrPro":"北京市","registerNo":"P1033303","mainStrategyType":"私募股权、创业投资基金管理人"},{"compId":129888,"compFullName":"荣聚天下投资管理（北京）有限公司","foundDate":"2016-08-03","legalRepresentative":"刘延豪","addrPro":"北京市","registerNo":"P1060881","mainStrategyType":"私募股权、创业投资基金管理人"}],"totalCount":12,"pageNo":1,"pageSize":20,"totalPage":1,"newCount":0},"msg":"操作成功"}"
	at org.hamcrest.MatcherAssert.assertThat(MatcherAssert.java:20)
	at org.hamcrest.MatcherAssert.assertThat(MatcherAssert.java:8)
	at com.xyuan.ngtest.MyAssert.MyAssert.asserting(MyAssert.java:12)
	at com.xyuan.ngtest.ps.comp.comp_search.comp_search(comp_search.java:33)
	at sun.reflect.NativeMethodAccessorImpl.invoke0(Native Method)
	at sun.reflect.NativeMethodAccessorImpl.invoke(NativeMethodAccessorImpl.java:62)
	at sun.reflect.DelegatingMethodAccessorImpl.invoke(DelegatingMethodAccessorImpl.java:43)
	at java.lang.reflect.Method.invoke(Method.java:498)
	at org.testng.internal.MethodInvocationHelper.invokeMethod(MethodInvocationHelper.java:84)
	at org.testng.internal.Invoker.invokeMethod(Invoker.java:714)
	at org.testng.internal.Invoker.invokeTestMethod(Invoker.java:901)
	at org.testng.internal.Invoker.invokeTestMethods(Invoker.java:1231)
	at org.testng.internal.TestMethodWorker.invokeTestMethods(TestMethodWorker.java:127)
	at org.testng.internal.TestMethodWorker.run(TestMethodWorker.java:111)
	at org.testng.TestRunner.privateRun(TestRunner.java:767)
	at org.testng.TestRunner.run(TestRunner.java:617)
	at org.testng.SuiteRunner.runTest(SuiteRunner.java:335)
	at org.testng.SuiteRunner.access$000(SuiteRunner.java:37)
	at org.testng.SuiteRunner$SuiteWorker.run(SuiteRunner.java:369)
	at org.testng.internal.thread.ThreadUtil$2.call(ThreadUtil.java:64)
	at java.util.concurrent.FutureTask.run(FutureTask.java:266)
	at java.util.concurrent.ThreadPoolExecutor.runWorker(ThreadPoolExecutor.java:1142)
	at java.util.concurrent.ThreadPoolExecutor$Worker.run(ThreadPoolExecutor.java:617)
	at java.lang.Thread.run(Thread.java:745)
]]>
    </error>
  </testcase> <!-- comp_search -->
  <testcase name="comp_search" time="0.701" classname="com.xyuan.ngtest.ps.comp.comp_search">
    <error type="java.lang.AssertionError" message="
Expected: a string containing &quot;{\&quot;sta\&quot;:1,\&quot;data\&quot;:{\&quot;result\&quot;:[{\&quot;compId\&quot;:102216,\&quot;compFullName\&quot;:\&quot;阿拉丁财富资产管理（北京）有限公司\&quot;,\&quot;foundDate\&quot;:\&quot;2011-06-10\&quot;,\&quot;legalRepresentative\&quot;:\&quot;任福英\&quot;,\&quot;addrPro\&quot;:\&quot;北京市\&quot;,\&quot;registerNo\&quot;:\&quot;P1002529\&quot;,\&quot;mainStrategyType\&quot;:\&quot;私募股权、创业投资基金管理人\&quot;},{\&quot;compId\&quot;:122347,\&quot;compFullName\&quot;:\&quot;艾格（天津）股权投资基金管理有限公司\&quot;,\&quot;foundDate\&quot;:\&quot;2010-12-23\&quot;,\&quot;legalRepresentative\&quot;:\&quot;黄德钧\&quot;,\&quot;addrPro\&quot;:\&quot;天津市\&quot;,\&quot;registerNo\&quot;:\&quot;P1001548\&quot;,\&quot;mainStrategyType\&quot;:\&quot;私募股权、创业投资基金管理人\&quot;},{\&quot;compId\&quot;:24922,\&quot;compFullName\&quot;:\&quot;爱晖资产管理（上海）有限公司\&quot;,\&quot;foundDate\&quot;:\&quot;2014-10-28\&quot;,\&quot;legalRepresentative\&quot;:\&quot;滕晌君\&quot;,\&quot;addrPro\&quot;:\&quot;上海市\&quot;,\&quot;registerNo\&quot;:\&quot;P1008117\&quot;,\&quot;mainStrategyType\&quot;:\&quot;私募证券投资基金管理人\&quot;},{\&quot;compId\&quot;:121580,\&quot;compFullName\&quot;:\&quot;瑷睿（天津）投资管理有限公司\&quot;,\&quot;foundDate\&quot;:\&quot;2015-11-27\&quot;,\&quot;legalRepresentative\&quot;:\&quot;高继东\&quot;,\&quot;addrPro\&quot;:\&quot;天津市\&quot;,\&quot;registerNo\&quot;:\&quot;P1060752\&quot;,\&quot;mainStrategyType\&quot;:\&quot;私募股权、创业投资基金管理人\&quot;},{\&quot;compId\&quot;:104193,\&quot;compFullName\&quot;:\&quot;安博投资管理（武汉）有限责任公司\&quot;,\&quot;foundDate\&quot;:\&quot;2015-04-20\&quot;,\&quot;legalRepresentative\&quot;:\&quot;黄晖\&quot;,\&quot;addrPro\&quot;:\&quot;湖北省\&quot;,\&quot;registerNo\&quot;:\&quot;P1015623\&quot;,\&quot;mainStrategyType\&quot;:\&quot;私募证券投资基金管理人\&quot;},{\&quot;compId\&quot;:130796,\&quot;compFullName\&quot;:\&quot;安持投资管理（上海）有限公司\&quot;,\&quot;foundDate\&quot;:\&quot;2015-04-30\&quot;,\&quot;legalRepresentative\&quot;:\&quot;何文意\&quot;,\&quot;addrPro\&quot;:\&quot;上海市\&quot;,\&quot;registerNo\&quot;:\&quot;P1061782\&quot;,\&quot;mainStrategyType\&quot;:\&quot;私募股权、创业投资基金管理人\&quot;},{\&quot;compId\&quot;:122068,\&quot;compFullName\&quot;:\&quot;安赐资产管理有限公司\&quot;,\&quot;foundDate\&quot;:\&quot;2012-03-20\&quot;,\&quot;legalRepresentative\&quot;:\&quot;殷敏\&quot;,\&quot;addrPro\&quot;:\&quot;广东省\&quot;,\&quot;registerNo\&quot;:\&quot;P1024788\&quot;,\&quot;mainStrategyType\&quot;:\&quot;私募股权、创业投资基金管理人\&quot;},{\&quot;compId\&quot;:121376,\&quot;compFullName\&quot;:\&quot;安达资本（深圳）有限公司\&quot;,\&quot;foundDate\&quot;:\&quot;2015-09-21\&quot;,\&quot;legalRepresentative\&quot;:\&quot;刘雪梅\&quot;,\&quot;addrPro\&quot;:\&quot;广东省\&quot;,\&quot;registerNo\&quot;:\&quot;P1027924\&quot;,\&quot;mainStrategyType\&quot;:\&quot;私募股权、创业投资基金管理人\&quot;},{\&quot;compId\&quot;:104736,\&quot;compFullName\&quot;:\&quot;安丰创业投资有限公司\&quot;,\&quot;foundDate\&quot;:\&quot;2008-02-28\&quot;,\&quot;legalRepresentative\&quot;:\&quot;阮志毅\&quot;,\&quot;addrPro\&quot;:\&quot;浙江省\&quot;,\&quot;registerNo\&quot;:\&quot;P1007683\&quot;,\&quot;mainStrategyType\&quot;:\&quot;私募股权、创业投资基金管理人\&quot;},{\&quot;compId\&quot;:127339,\&quot;compFullName\&quot;:\&quot;安宏（北京）资产管理有限公司\&quot;,\&quot;foundDate\&quot;:\&quot;2015-07-14\&quot;,\&quot;legalRepresentative\&quot;:\&quot;陈靖驰\&quot;,\&quot;addrPro\&quot;:\&quot;北京市\&quot;,\&quot;registerNo\&quot;:\&quot;P1032353\&quot;,\&quot;mainStrategyType\&quot;:\&quot;私募股权、创业投资基金管理人\&quot;},{\&quot;compId\&quot;:101905,\&quot;compFullName\&quot;:\&quot;安徽阿尔法资产管理有限公司\&quot;,\&quot;foundDate\&quot;:\&quot;2012-08-16\&quot;,\&quot;legalRepresentative\&quot;:\&quot;马瑞静\&quot;,\&quot;addrPro\&quot;:\&quot;安徽省\&quot;,\&quot;registerNo\&quot;:\&quot;P1002942\&quot;,\&quot;mainStrategyType\&quot;:\&quot;私募证券投资基金管理人\&quot;},{\&quot;compId\&quot;:125278,\&quot;compFullName\&quot;:\&quot;安徽安爵资产管理有限责任公司\&quot;,\&quot;manId\&quot;:482,\&quot;foundDate\&quot;:\&quot;2015-09-16\&quot;,\&quot;legalRepresentative\&quot;:\&quot;刘榕\&quot;,\&quot;addrPro\&quot;:\&quot;安徽省\&quot;,\&quot;registerNo\&quot;:\&quot;P1030382\&quot;,\&quot;mainStrategyType\&quot;:\&quot;私募证券投资基金管理人\&quot;},{\&quot;compId\&quot;:123321,\&quot;compFullName\&quot;:\&quot;安徽安益通股权投资管理有限公司\&quot;,\&quot;foundDate\&quot;:\&quot;2013-04-25\&quot;,\&quot;legalRepresentative\&quot;:\&quot;张牧岗\&quot;,\&quot;addrPro\&quot;:\&quot;安徽省\&quot;,\&quot;registerNo\&quot;:\&quot;P1001843\&quot;,\&quot;mainStrategyType\&quot;:\&quot;私募股权、创业投资基金管理人\&quot;},{\&quot;compId\&quot;:123322,\&quot;compFullName\&quot;:\&quot;安徽安元投资基金管理有限公司\&quot;,\&quot;foundDate\&quot;:\&quot;2015-07-27\&quot;,\&quot;legalRepresentative\&quot;:\&quot;刘振\&quot;,\&quot;addrPro\&quot;:\&quot;安徽省\&quot;,\&quot;registerNo\&quot;:\&quot;P1023390\&quot;,\&quot;mainStrategyType\&quot;:\&quot;私募股权、创业投资基金管理人\&quot;},{\&quot;compId\&quot;:131924,\&quot;compFullName\&quot;:\&quot;安徽北大明德基金管理有限公司\&quot;,\&quot;foundDate\&quot;:\&quot;2017-01-19\&quot;,\&quot;legalRepresentative\&quot;:\&quot;刘欧\&quot;,\&quot;addrPro\&quot;:\&quot;安徽省\&quot;,\&quot;mainStrategyType\&quot;:\&quot;私募股权、创业投资基金管理人\&quot;},{\&quot;compId\&quot;:103263,\&quot;compFullName\&quot;:\&quot;安徽倍力时空投资管理有限公司\&quot;,\&quot;foundDate\&quot;:\&quot;2011-01-18\&quot;,\&quot;legalRepresentative\&quot;:\&quot;张春华\&quot;,\&quot;addrPro\&quot;:\&quot;安徽省\&quot;,\&quot;registerNo\&quot;:\&quot;P1009844\&quot;,\&quot;mainStrategyType\&quot;:\&quot;私募证券投资基金管理人\&quot;},{\&quot;compId\&quot;:128258,\&quot;compFullName\&quot;:\&quot;安徽博韬创投基金管理有限公司\&quot;,\&quot;foundDate\&quot;:\&quot;2010-03-25\&quot;,\&quot;legalRepresentative\&quot;:\&quot;刘曙光\&quot;,\&quot;addrPro\&quot;:\&quot;安徽省\&quot;,\&quot;registerNo\&quot;:\&quot;P1033663\&quot;,\&quot;mainStrategyType\&quot;:\&quot;私募股权、创业投资基金管理人\&quot;},{\&quot;compId\&quot;:106307,\&quot;compFullName\&quot;:\&quot;安徽池州市政汇中小企业金融服务有限公司\&quot;,\&quot;foundDate\&quot;:\&quot;2013-11-14\&quot;,\&quot;legalRepresentative\&quot;:\&quot;孙一杰\&quot;,\&quot;addrPro\&quot;:\&quot;安徽省\&quot;,\&quot;mainStrategyType\&quot;:\&quot;私募股权、创业投资基金管理人\&quot;},{\&quot;compId\&quot;:101895,\&quot;compFullName\&quot;:\&quot;安徽崇盛投资管理有限公司\&quot;,\&quot;foundDate\&quot;:\&quot;2013-10-18\&quot;,\&quot;legalRepresentative\&quot;:\&quot;徐凯\&quot;,\&quot;addrPro\&quot;:\&quot;安徽省\&quot;,\&quot;registerNo\&quot;:\&quot;P1002943\&quot;,\&quot;mainStrategyType\&quot;:\&quot;私募证券投资基金管理人\&quot;},{\&quot;compId\&quot;:132327,\&quot;compFullName\&quot;:\&quot;安徽大佑创业投资有限公司\&quot;,\&quot;foundDate\&quot;:\&quot;2016-08-17\&quot;,\&quot;legalRepresentative\&quot;:\&quot;徐建民\&quot;,\&quot;addrPro\&quot;:\&quot;安徽省\&quot;,\&quot;mainStrategyType\&quot;:\&quot;私募股权、创业投资基金管理人\&quot;}]&quot;
     but: was &quot;{&quot;sta&quot;:1,&quot;data&quot;:{&quot;result&quot;:[{&quot;compId&quot;:102216,&quot;compFullName&quot;:&quot;阿拉丁财富资产管理（北京）有限公司&quot;,&quot;foundDate&quot;:&quot;2011-06-10&quot;,&quot;legalRepresentative&quot;:&quot;任福英&quot;,&quot;addrPro&quot;:&quot;北京市&quot;,&quot;registerNo&quot;:&quot;P1002529&quot;,&quot;mainStrategyType&quot;:&quot;私募股权、创业投资基金管理人&quot;},{&quot;compId&quot;:122347,&quot;compFullName&quot;:&quot;艾格（天津）股权投资基金管理有限公司&quot;,&quot;foundDate&quot;:&quot;2010-12-23&quot;,&quot;legalRepresentative&quot;:&quot;黄德钧&quot;,&quot;addrPro&quot;:&quot;天津市&quot;,&quot;registerNo&quot;:&quot;P1001548&quot;,&quot;mainStrategyType&quot;:&quot;私募股权、创业投资基金管理人&quot;},{&quot;compId&quot;:123996,&quot;compFullName&quot;:&quot;爱晖资产管理（上海）有限公司&quot;,&quot;foundDate&quot;:&quot;2014-10-28&quot;,&quot;legalRepresentative&quot;:&quot;滕晌君&quot;,&quot;addrPro&quot;:&quot;上海市&quot;,&quot;mainStrategyType&quot;:&quot;私募证券投资基金管理人&quot;},{&quot;compId&quot;:121580,&quot;compFullName&quot;:&quot;瑷睿（天津）投资管理有限公司&quot;,&quot;foundDate&quot;:&quot;2015-11-27&quot;,&quot;legalRepresentative&quot;:&quot;高继东&quot;,&quot;addrPro&quot;:&quot;天津市&quot;,&quot;registerNo&quot;:&quot;P1060752&quot;,&quot;mainStrategyType&quot;:&quot;私募股权、创业投资基金管理人&quot;},{&quot;compId&quot;:104193,&quot;compFullName&quot;:&quot;安博投资管理（武汉）有限责任公司&quot;,&quot;foundDate&quot;:&quot;2015-04-20&quot;,&quot;legalRepresentative&quot;:&quot;黄晖&quot;,&quot;addrPro&quot;:&quot;湖北省&quot;,&quot;registerNo&quot;:&quot;P1015623&quot;,&quot;mainStrategyType&quot;:&quot;私募证券投资基金管理人&quot;},{&quot;compId&quot;:130796,&quot;compFullName&quot;:&quot;安持投资管理（上海）有限公司&quot;,&quot;foundDate&quot;:&quot;2015-04-30&quot;,&quot;legalRepresentative&quot;:&quot;何文意&quot;,&quot;addrPro&quot;:&quot;上海市&quot;,&quot;registerNo&quot;:&quot;P1061782&quot;,&quot;mainStrategyType&quot;:&quot;私募股权、创业投资基金管理人&quot;},{&quot;compId&quot;:122068,&quot;compFullName&quot;:&quot;安赐资产管理有限公司&quot;,&quot;foundDate&quot;:&quot;2012-03-20&quot;,&quot;legalRepresentative&quot;:&quot;殷敏&quot;,&quot;addrPro&quot;:&quot;广东省&quot;,&quot;registerNo&quot;:&quot;P1024788&quot;,&quot;mainStrategyType&quot;:&quot;私募股权、创业投资基金管理人&quot;},{&quot;compId&quot;:121376,&quot;compFullName&quot;:&quot;安达资本（深圳）有限公司&quot;,&quot;foundDate&quot;:&quot;2015-09-21&quot;,&quot;legalRepresentative&quot;:&quot;刘雪梅&quot;,&quot;addrPro&quot;:&quot;广东省&quot;,&quot;registerNo&quot;:&quot;P1027924&quot;,&quot;mainStrategyType&quot;:&quot;私募股权、创业投资基金管理人&quot;},{&quot;compId&quot;:104736,&quot;compFullName&quot;:&quot;安丰创业投资有限公司&quot;,&quot;foundDate&quot;:&quot;2008-02-28&quot;,&quot;legalRepresentative&quot;:&quot;阮志毅&quot;,&quot;addrPro&quot;:&quot;浙江省&quot;,&quot;registerNo&quot;:&quot;P1007683&quot;,&quot;mainStrategyType&quot;:&quot;私募股权、创业投资基金管理人&quot;},{&quot;compId&quot;:127339,&quot;compFullName&quot;:&quot;安宏（北京）资产管理有限公司&quot;,&quot;foundDate&quot;:&quot;2015-07-14&quot;,&quot;legalRepresentative&quot;:&quot;陈靖驰&quot;,&quot;addrPro&quot;:&quot;北京市&quot;,&quot;registerNo&quot;:&quot;P1032353&quot;,&quot;mainStrategyType&quot;:&quot;私募股权、创业投资基金管理人&quot;},{&quot;compId&quot;:101905,&quot;compFullName&quot;:&quot;安徽阿尔法资产管理有限公司&quot;,&quot;foundDate&quot;:&quot;2012-08-16&quot;,&quot;legalRepresentative&quot;:&quot;马瑞静&quot;,&quot;addrPro&quot;:&quot;安徽省&quot;,&quot;registerNo&quot;:&quot;P1002942&quot;,&quot;mainStrategyType&quot;:&quot;私募证券投资基金管理人&quot;},{&quot;compId&quot;:125278,&quot;compFullName&quot;:&quot;安徽安爵资产管理有限责任公司&quot;,&quot;manId&quot;:482,&quot;foundDate&quot;:&quot;2015-09-16&quot;,&quot;legalRepresentative&quot;:&quot;刘榕&quot;,&quot;addrPro&quot;:&quot;安徽省&quot;,&quot;registerNo&quot;:&quot;P1030382&quot;,&quot;mainStrategyType&quot;:&quot;私募证券投资基金管理人&quot;},{&quot;compId&quot;:123321,&quot;compFullName&quot;:&quot;安徽安益通股权投资管理有限公司&quot;,&quot;foundDate&quot;:&quot;2013-04-25&quot;,&quot;legalRepresentative&quot;:&quot;张牧岗&quot;,&quot;addrPro&quot;:&quot;安徽省&quot;,&quot;registerNo&quot;:&quot;P1001843&quot;,&quot;mainStrategyType&quot;:&quot;私募股权、创业投资基金管理人&quot;},{&quot;compId&quot;:123322,&quot;compFullName&quot;:&quot;安徽安元投资基金管理有限公司&quot;,&quot;foundDate&quot;:&quot;2015-07-27&quot;,&quot;legalRepresentative&quot;:&quot;刘振&quot;,&quot;addrPro&quot;:&quot;安徽省&quot;,&quot;registerNo&quot;:&quot;P1023390&quot;,&quot;mainStrategyType&quot;:&quot;私募股权、创业投资基金管理人&quot;},{&quot;compId&quot;:131924,&quot;compFullName&quot;:&quot;安徽北大明德基金管理有限公司&quot;,&quot;foundDate&quot;:&quot;2017-01-19&quot;,&quot;legalRepresentative&quot;:&quot;刘欧&quot;,&quot;addrPro&quot;:&quot;安徽省&quot;,&quot;mainStrategyType&quot;:&quot;私募股权、创业投资基金管理人&quot;},{&quot;compId&quot;:103263,&quot;compFullName&quot;:&quot;安徽倍力时空投资管理有限公司&quot;,&quot;foundDate&quot;:&quot;2011-01-18&quot;,&quot;legalRepresentative&quot;:&quot;张春华&quot;,&quot;addrPro&quot;:&quot;安徽省&quot;,&quot;registerNo&quot;:&quot;P1009844&quot;,&quot;mainStrategyType&quot;:&quot;私募证券投资基金管理人&quot;},{&quot;compId&quot;:128258,&quot;compFullName&quot;:&quot;安徽博韬创投基金管理有限公司&quot;,&quot;foundDate&quot;:&quot;2010-03-25&quot;,&quot;legalRepresentative&quot;:&quot;刘曙光&quot;,&quot;addrPro&quot;:&quot;安徽省&quot;,&quot;registerNo&quot;:&quot;P1033663&quot;,&quot;mainStrategyType&quot;:&quot;私募股权、创业投资基金管理人&quot;},{&quot;compId&quot;:106307,&quot;compFullName&quot;:&quot;安徽池州市政汇中小企业金融服务有限公司&quot;,&quot;foundDate&quot;:&quot;2013-11-14&quot;,&quot;legalRepresentative&quot;:&quot;孙一杰&quot;,&quot;addrPro&quot;:&quot;安徽省&quot;,&quot;mainStrategyType&quot;:&quot;私募股权、创业投资基金管理人&quot;},{&quot;compId&quot;:101895,&quot;compFullName&quot;:&quot;安徽崇盛投资管理有限公司&quot;,&quot;foundDate&quot;:&quot;2013-10-18&quot;,&quot;legalRepresentative&quot;:&quot;徐凯&quot;,&quot;addrPro&quot;:&quot;安徽省&quot;,&quot;registerNo&quot;:&quot;P1002943&quot;,&quot;mainStrategyType&quot;:&quot;私募证券投资基金管理人&quot;},{&quot;compId&quot;:132327,&quot;compFullName&quot;:&quot;安徽大佑创业投资有限公司&quot;,&quot;foundDate&quot;:&quot;2016-08-17&quot;,&quot;legalRepresentative&quot;:&quot;徐建民&quot;,&quot;addrPro&quot;:&quot;安徽省&quot;,&quot;mainStrategyType&quot;:&quot;私募股权、创业投资基金管理人&quot;}],&quot;totalCount&quot;:21299,&quot;pageNo&quot;:1,&quot;pageSize&quot;:20,&quot;totalPage&quot;:1065,&quot;newCount&quot;:132},&quot;msg&quot;:&quot;操作成功&quot;}&quot;">
      <![CDATA[java.lang.AssertionError: 
Expected: a string containing "{\"sta\":1,\"data\":{\"result\":[{\"compId\":102216,\"compFullName\":\"阿拉丁财富资产管理（北京）有限公司\",\"foundDate\":\"2011-06-10\",\"legalRepresentative\":\"任福英\",\"addrPro\":\"北京市\",\"registerNo\":\"P1002529\",\"mainStrategyType\":\"私募股权、创业投资基金管理人\"},{\"compId\":122347,\"compFullName\":\"艾格（天津）股权投资基金管理有限公司\",\"foundDate\":\"2010-12-23\",\"legalRepresentative\":\"黄德钧\",\"addrPro\":\"天津市\",\"registerNo\":\"P1001548\",\"mainStrategyType\":\"私募股权、创业投资基金管理人\"},{\"compId\":24922,\"compFullName\":\"爱晖资产管理（上海）有限公司\",\"foundDate\":\"2014-10-28\",\"legalRepresentative\":\"滕晌君\",\"addrPro\":\"上海市\",\"registerNo\":\"P1008117\",\"mainStrategyType\":\"私募证券投资基金管理人\"},{\"compId\":121580,\"compFullName\":\"瑷睿（天津）投资管理有限公司\",\"foundDate\":\"2015-11-27\",\"legalRepresentative\":\"高继东\",\"addrPro\":\"天津市\",\"registerNo\":\"P1060752\",\"mainStrategyType\":\"私募股权、创业投资基金管理人\"},{\"compId\":104193,\"compFullName\":\"安博投资管理（武汉）有限责任公司\",\"foundDate\":\"2015-04-20\",\"legalRepresentative\":\"黄晖\",\"addrPro\":\"湖北省\",\"registerNo\":\"P1015623\",\"mainStrategyType\":\"私募证券投资基金管理人\"},{\"compId\":130796,\"compFullName\":\"安持投资管理（上海）有限公司\",\"foundDate\":\"2015-04-30\",\"legalRepresentative\":\"何文意\",\"addrPro\":\"上海市\",\"registerNo\":\"P1061782\",\"mainStrategyType\":\"私募股权、创业投资基金管理人\"},{\"compId\":122068,\"compFullName\":\"安赐资产管理有限公司\",\"foundDate\":\"2012-03-20\",\"legalRepresentative\":\"殷敏\",\"addrPro\":\"广东省\",\"registerNo\":\"P1024788\",\"mainStrategyType\":\"私募股权、创业投资基金管理人\"},{\"compId\":121376,\"compFullName\":\"安达资本（深圳）有限公司\",\"foundDate\":\"2015-09-21\",\"legalRepresentative\":\"刘雪梅\",\"addrPro\":\"广东省\",\"registerNo\":\"P1027924\",\"mainStrategyType\":\"私募股权、创业投资基金管理人\"},{\"compId\":104736,\"compFullName\":\"安丰创业投资有限公司\",\"foundDate\":\"2008-02-28\",\"legalRepresentative\":\"阮志毅\",\"addrPro\":\"浙江省\",\"registerNo\":\"P1007683\",\"mainStrategyType\":\"私募股权、创业投资基金管理人\"},{\"compId\":127339,\"compFullName\":\"安宏（北京）资产管理有限公司\",\"foundDate\":\"2015-07-14\",\"legalRepresentative\":\"陈靖驰\",\"addrPro\":\"北京市\",\"registerNo\":\"P1032353\",\"mainStrategyType\":\"私募股权、创业投资基金管理人\"},{\"compId\":101905,\"compFullName\":\"安徽阿尔法资产管理有限公司\",\"foundDate\":\"2012-08-16\",\"legalRepresentative\":\"马瑞静\",\"addrPro\":\"安徽省\",\"registerNo\":\"P1002942\",\"mainStrategyType\":\"私募证券投资基金管理人\"},{\"compId\":125278,\"compFullName\":\"安徽安爵资产管理有限责任公司\",\"manId\":482,\"foundDate\":\"2015-09-16\",\"legalRepresentative\":\"刘榕\",\"addrPro\":\"安徽省\",\"registerNo\":\"P1030382\",\"mainStrategyType\":\"私募证券投资基金管理人\"},{\"compId\":123321,\"compFullName\":\"安徽安益通股权投资管理有限公司\",\"foundDate\":\"2013-04-25\",\"legalRepresentative\":\"张牧岗\",\"addrPro\":\"安徽省\",\"registerNo\":\"P1001843\",\"mainStrategyType\":\"私募股权、创业投资基金管理人\"},{\"compId\":123322,\"compFullName\":\"安徽安元投资基金管理有限公司\",\"foundDate\":\"2015-07-27\",\"legalRepresentative\":\"刘振\",\"addrPro\":\"安徽省\",\"registerNo\":\"P1023390\",\"mainStrategyType\":\"私募股权、创业投资基金管理人\"},{\"compId\":131924,\"compFullName\":\"安徽北大明德基金管理有限公司\",\"foundDate\":\"2017-01-19\",\"legalRepresentative\":\"刘欧\",\"addrPro\":\"安徽省\",\"mainStrategyType\":\"私募股权、创业投资基金管理人\"},{\"compId\":103263,\"compFullName\":\"安徽倍力时空投资管理有限公司\",\"foundDate\":\"2011-01-18\",\"legalRepresentative\":\"张春华\",\"addrPro\":\"安徽省\",\"registerNo\":\"P1009844\",\"mainStrategyType\":\"私募证券投资基金管理人\"},{\"compId\":128258,\"compFullName\":\"安徽博韬创投基金管理有限公司\",\"foundDate\":\"2010-03-25\",\"legalRepresentative\":\"刘曙光\",\"addrPro\":\"安徽省\",\"registerNo\":\"P1033663\",\"mainStrategyType\":\"私募股权、创业投资基金管理人\"},{\"compId\":106307,\"compFullName\":\"安徽池州市政汇中小企业金融服务有限公司\",\"foundDate\":\"2013-11-14\",\"legalRepresentative\":\"孙一杰\",\"addrPro\":\"安徽省\",\"mainStrategyType\":\"私募股权、创业投资基金管理人\"},{\"compId\":101895,\"compFullName\":\"安徽崇盛投资管理有限公司\",\"foundDate\":\"2013-10-18\",\"legalRepresentative\":\"徐凯\",\"addrPro\":\"安徽省\",\"registerNo\":\"P1002943\",\"mainStrategyType\":\"私募证券投资基金管理人\"},{\"compId\":132327,\"compFullName\":\"安徽大佑创业投资有限公司\",\"foundDate\":\"2016-08-17\",\"legalRepresentative\":\"徐建民\",\"addrPro\":\"安徽省\",\"mainStrategyType\":\"私募股权、创业投资基金管理人\"}]"
     but: was "{"sta":1,"data":{"result":[{"compId":102216,"compFullName":"阿拉丁财富资产管理（北京）有限公司","foundDate":"2011-06-10","legalRepresentative":"任福英","addrPro":"北京市","registerNo":"P1002529","mainStrategyType":"私募股权、创业投资基金管理人"},{"compId":122347,"compFullName":"艾格（天津）股权投资基金管理有限公司","foundDate":"2010-12-23","legalRepresentative":"黄德钧","addrPro":"天津市","registerNo":"P1001548","mainStrategyType":"私募股权、创业投资基金管理人"},{"compId":123996,"compFullName":"爱晖资产管理（上海）有限公司","foundDate":"2014-10-28","legalRepresentative":"滕晌君","addrPro":"上海市","mainStrategyType":"私募证券投资基金管理人"},{"compId":121580,"compFullName":"瑷睿（天津）投资管理有限公司","foundDate":"2015-11-27","legalRepresentative":"高继东","addrPro":"天津市","registerNo":"P1060752","mainStrategyType":"私募股权、创业投资基金管理人"},{"compId":104193,"compFullName":"安博投资管理（武汉）有限责任公司","foundDate":"2015-04-20","legalRepresentative":"黄晖","addrPro":"湖北省","registerNo":"P1015623","mainStrategyType":"私募证券投资基金管理人"},{"compId":130796,"compFullName":"安持投资管理（上海）有限公司","foundDate":"2015-04-30","legalRepresentative":"何文意","addrPro":"上海市","registerNo":"P1061782","mainStrategyType":"私募股权、创业投资基金管理人"},{"compId":122068,"compFullName":"安赐资产管理有限公司","foundDate":"2012-03-20","legalRepresentative":"殷敏","addrPro":"广东省","registerNo":"P1024788","mainStrategyType":"私募股权、创业投资基金管理人"},{"compId":121376,"compFullName":"安达资本（深圳）有限公司","foundDate":"2015-09-21","legalRepresentative":"刘雪梅","addrPro":"广东省","registerNo":"P1027924","mainStrategyType":"私募股权、创业投资基金管理人"},{"compId":104736,"compFullName":"安丰创业投资有限公司","foundDate":"2008-02-28","legalRepresentative":"阮志毅","addrPro":"浙江省","registerNo":"P1007683","mainStrategyType":"私募股权、创业投资基金管理人"},{"compId":127339,"compFullName":"安宏（北京）资产管理有限公司","foundDate":"2015-07-14","legalRepresentative":"陈靖驰","addrPro":"北京市","registerNo":"P1032353","mainStrategyType":"私募股权、创业投资基金管理人"},{"compId":101905,"compFullName":"安徽阿尔法资产管理有限公司","foundDate":"2012-08-16","legalRepresentative":"马瑞静","addrPro":"安徽省","registerNo":"P1002942","mainStrategyType":"私募证券投资基金管理人"},{"compId":125278,"compFullName":"安徽安爵资产管理有限责任公司","manId":482,"foundDate":"2015-09-16","legalRepresentative":"刘榕","addrPro":"安徽省","registerNo":"P1030382","mainStrategyType":"私募证券投资基金管理人"},{"compId":123321,"compFullName":"安徽安益通股权投资管理有限公司","foundDate":"2013-04-25","legalRepresentative":"张牧岗","addrPro":"安徽省","registerNo":"P1001843","mainStrategyType":"私募股权、创业投资基金管理人"},{"compId":123322,"compFullName":"安徽安元投资基金管理有限公司","foundDate":"2015-07-27","legalRepresentative":"刘振","addrPro":"安徽省","registerNo":"P1023390","mainStrategyType":"私募股权、创业投资基金管理人"},{"compId":131924,"compFullName":"安徽北大明德基金管理有限公司","foundDate":"2017-01-19","legalRepresentative":"刘欧","addrPro":"安徽省","mainStrategyType":"私募股权、创业投资基金管理人"},{"compId":103263,"compFullName":"安徽倍力时空投资管理有限公司","foundDate":"2011-01-18","legalRepresentative":"张春华","addrPro":"安徽省","registerNo":"P1009844","mainStrategyType":"私募证券投资基金管理人"},{"compId":128258,"compFullName":"安徽博韬创投基金管理有限公司","foundDate":"2010-03-25","legalRepresentative":"刘曙光","addrPro":"安徽省","registerNo":"P1033663","mainStrategyType":"私募股权、创业投资基金管理人"},{"compId":106307,"compFullName":"安徽池州市政汇中小企业金融服务有限公司","foundDate":"2013-11-14","legalRepresentative":"孙一杰","addrPro":"安徽省","mainStrategyType":"私募股权、创业投资基金管理人"},{"compId":101895,"compFullName":"安徽崇盛投资管理有限公司","foundDate":"2013-10-18","legalRepresentative":"徐凯","addrPro":"安徽省","registerNo":"P1002943","mainStrategyType":"私募证券投资基金管理人"},{"compId":132327,"compFullName":"安徽大佑创业投资有限公司","foundDate":"2016-08-17","legalRepresentative":"徐建民","addrPro":"安徽省","mainStrategyType":"私募股权、创业投资基金管理人"}],"totalCount":21299,"pageNo":1,"pageSize":20,"totalPage":1065,"newCount":132},"msg":"操作成功"}"
	at org.hamcrest.MatcherAssert.assertThat(MatcherAssert.java:20)
	at org.hamcrest.MatcherAssert.assertThat(MatcherAssert.java:8)
	at com.xyuan.ngtest.MyAssert.MyAssert.asserting(MyAssert.java:12)
	at com.xyuan.ngtest.ps.comp.comp_search.comp_search(comp_search.java:33)
	at sun.reflect.NativeMethodAccessorImpl.invoke0(Native Method)
	at sun.reflect.NativeMethodAccessorImpl.invoke(NativeMethodAccessorImpl.java:62)
	at sun.reflect.DelegatingMethodAccessorImpl.invoke(DelegatingMethodAccessorImpl.java:43)
	at java.lang.reflect.Method.invoke(Method.java:498)
	at org.testng.internal.MethodInvocationHelper.invokeMethod(MethodInvocationHelper.java:84)
	at org.testng.internal.Invoker.invokeMethod(Invoker.java:714)
	at org.testng.internal.Invoker.invokeTestMethod(Invoker.java:901)
	at org.testng.internal.Invoker.invokeTestMethods(Invoker.java:1231)
	at org.testng.internal.TestMethodWorker.invokeTestMethods(TestMethodWorker.java:127)
	at org.testng.internal.TestMethodWorker.run(TestMethodWorker.java:111)
	at org.testng.TestRunner.privateRun(TestRunner.java:767)
	at org.testng.TestRunner.run(TestRunner.java:617)
	at org.testng.SuiteRunner.runTest(SuiteRunner.java:335)
	at org.testng.SuiteRunner.access$000(SuiteRunner.java:37)
	at org.testng.SuiteRunner$SuiteWorker.run(SuiteRunner.java:369)
	at org.testng.internal.thread.ThreadUtil$2.call(ThreadUtil.java:64)
	at java.util.concurrent.FutureTask.run(FutureTask.java:266)
	at java.util.concurrent.ThreadPoolExecutor.runWorker(ThreadPoolExecutor.java:1142)
	at java.util.concurrent.ThreadPoolExecutor$Worker.run(ThreadPoolExecutor.java:617)
	at java.lang.Thread.run(Thread.java:745)
]]>
    </error>
  </testcase> <!-- comp_search -->
  <testcase name="comp_search" time="0.290" classname="com.xyuan.ngtest.ps.comp.comp_search">
    <error type="java.lang.AssertionError" message="
Expected: a string containing &quot;{\&quot;sta\&quot;:1,\&quot;data\&quot;:{\&quot;result\&quot;:[{\&quot;compId\&quot;:131924,\&quot;compFullName\&quot;:\&quot;安徽北大明德基金管理有限公司\&quot;,\&quot;foundDate\&quot;:\&quot;2017-01-19\&quot;,\&quot;legalRepresentative\&quot;:\&quot;刘欧\&quot;,\&quot;addrPro\&quot;:\&quot;安徽省\&quot;,\&quot;mainStrategyType\&quot;:\&quot;私募股权、创业投资基金管理人\&quot;},{\&quot;compId\&quot;:134152,\&quot;compFullName\&quot;:\&quot;安徽国厚股权投资基金管理有限公司\&quot;,\&quot;foundDate\&quot;:\&quot;2017-05-12\&quot;,\&quot;legalRepresentative\&quot;:\&quot;周庆\&quot;,\&quot;mainStrategyType\&quot;:\&quot;私募股权、创业投资基金管理人\&quot;},{\&quot;compId\&quot;:129864,\&quot;compFullName\&quot;:\&quot;安徽建工资本管理有限公司\&quot;,\&quot;foundDate\&quot;:\&quot;2016-11-07\&quot;,\&quot;legalRepresentative\&quot;:\&quot;李俊鹏\&quot;,\&quot;addrPro\&quot;:\&quot;安徽省\&quot;,\&quot;registerNo\&quot;:\&quot;P1060780\&quot;,\&quot;mainStrategyType\&quot;:\&quot;私募股权、创业投资基金管理人\&quot;},{\&quot;compId\&quot;:133294,\&quot;compFullName\&quot;:\&quot;安徽亚父投资管理有限公司\&quot;,\&quot;foundDate\&quot;:\&quot;2017-01-03\&quot;,\&quot;legalRepresentative\&quot;:\&quot;王汝言\&quot;,\&quot;mainStrategyType\&quot;:\&quot;私募股权、创业投资基金管理人\&quot;},{\&quot;compId\&quot;:133251,\&quot;compFullName\&quot;:\&quot;安徽正泽股权投资有限公司\&quot;,\&quot;foundDate\&quot;:\&quot;2016-11-24\&quot;,\&quot;legalRepresentative\&quot;:\&quot;刘恒\&quot;,\&quot;mainStrategyType\&quot;:\&quot;私募股权、创业投资基金管理人\&quot;},{\&quot;compId\&quot;:129789,\&quot;compFullName\&quot;:\&quot;安徽中财金控投资基金管理有限公司\&quot;,\&quot;foundDate\&quot;:\&quot;2016-09-30\&quot;,\&quot;legalRepresentative\&quot;:\&quot;王溱\&quot;,\&quot;addrPro\&quot;:\&quot;安徽省\&quot;,\&quot;registerNo\&quot;:\&quot;P1060724\&quot;,\&quot;mainStrategyType\&quot;:\&quot;私募股权、创业投资基金管理人\&quot;},{\&quot;compId\&quot;:33026,\&quot;compFullName\&quot;:\&quot;安庆市金通同安投资管理合伙企业（有限合伙）\&quot;,\&quot;foundDate\&quot;:\&quot;2016-09-13\&quot;,\&quot;legalRepresentative\&quot;:\&quot;储节义\&quot;,\&quot;addrPro\&quot;:\&quot;安徽省\&quot;,\&quot;registerNo\&quot;:\&quot;P1062173\&quot;,\&quot;mainStrategyType\&quot;:\&quot;私募股权、创业投资基金管理人\&quot;},{\&quot;compId\&quot;:131235,\&quot;compFullName\&quot;:\&quot;安扬资产管理（杭州）有限公司\&quot;,\&quot;foundDate\&quot;:\&quot;2016-11-09\&quot;,\&quot;legalRepresentative\&quot;:\&quot;刘翌\&quot;,\&quot;addrPro\&quot;:\&quot;浙江省\&quot;,\&quot;registerNo\&quot;:\&quot;P1062346\&quot;,\&quot;mainStrategyType\&quot;:\&quot;私募股权、创业投资基金管理人\&quot;},{\&quot;compId\&quot;:132137,\&quot;compFullName\&quot;:\&quot;鞍资（天津）股权投资基金管理有限公司\&quot;,\&quot;foundDate\&quot;:\&quot;2017-03-31\&quot;,\&quot;legalRepresentative\&quot;:\&quot;付多朋\&quot;,\&quot;addrPro\&quot;:\&quot;天津市\&quot;,\&quot;mainStrategyType\&quot;:\&quot;私募股权、创业投资基金管理人\&quot;},{\&quot;compId\&quot;:129989,\&quot;compFullName\&quot;:\&quot;奥帕（珠海）投资管理有限公司\&quot;,\&quot;foundDate\&quot;:\&quot;2016-10-09\&quot;,\&quot;legalRepresentative\&quot;:\&quot;王旭霞\&quot;,\&quot;addrPro\&quot;:\&quot;广东省\&quot;,\&quot;registerNo\&quot;:\&quot;P1060970\&quot;,\&quot;mainStrategyType\&quot;:\&quot;私募股权、创业投资基金管理人\&quot;},{\&quot;compId\&quot;:131768,\&quot;compFullName\&quot;:\&quot;北京博晟投资管理有限公司\&quot;,\&quot;foundDate\&quot;:\&quot;2017-03-17\&quot;,\&quot;legalRepresentative\&quot;:\&quot;李志中\&quot;,\&quot;addrPro\&quot;:\&quot;北京市\&quot;,\&quot;mainStrategyType\&quot;:\&quot;私募证券投资基金管理人\&quot;},{\&quot;compId\&quot;:130939,\&quot;compFullName\&quot;:\&quot;北京丰汇伟瀚投资基金管理有限公司\&quot;,\&quot;foundDate\&quot;:\&quot;2016-09-13\&quot;,\&quot;legalRepresentative\&quot;:\&quot;杨鑫\&quot;,\&quot;addrPro\&quot;:\&quot;北京市\&quot;,\&quot;registerNo\&quot;:\&quot;P1061939\&quot;,\&quot;mainStrategyType\&quot;:\&quot;私募股权、创业投资基金管理人\&quot;},{\&quot;compId\&quot;:131356,\&quot;compFullName\&quot;:\&quot;北京蜂巢金和投资管理有限公司\&quot;,\&quot;foundDate\&quot;:\&quot;2016-09-09\&quot;,\&quot;legalRepresentative\&quot;:\&quot;刘建平\&quot;,\&quot;addrPro\&quot;:\&quot;北京市\&quot;,\&quot;mainStrategyType\&quot;:\&quot;私募股权、创业投资基金管理人\&quot;},{\&quot;compId\&quot;:129391,\&quot;compFullName\&quot;:\&quot;北京国富大数据资本管理中心（有限合伙）\&quot;,\&quot;foundDate\&quot;:\&quot;2016-09-20\&quot;,\&quot;legalRepresentative\&quot;:\&quot;熊焰\&quot;,\&quot;addrPro\&quot;:\&quot;北京市\&quot;,\&quot;registerNo\&quot;:\&quot;P1060360\&quot;,\&quot;mainStrategyType\&quot;:\&quot;股权、创业投资基金\&quot;},{\&quot;compId\&quot;:131359,\&quot;compFullName\&quot;:\&quot;北京国数投资管理有限公司\&quot;,\&quot;foundDate\&quot;:\&quot;2016-10-18\&quot;,\&quot;legalRepresentative\&quot;:\&quot;胡志敏\&quot;,\&quot;addrPro\&quot;:\&quot;北京市\&quot;,\&quot;mainStrategyType\&quot;:\&quot;私募股权、创业投资基金管理人\&quot;},{\&quot;compId\&quot;:132346,\&quot;compFullName\&quot;:\&quot;北京海贝资本投资管理中心（有限合伙）\&quot;,\&quot;foundDate\&quot;:\&quot;2016-12-28\&quot;,\&quot;legalRepresentative\&quot;:\&quot;葛平\&quot;,\&quot;addrPro\&quot;:\&quot;北京市\&quot;,\&quot;mainStrategyType\&quot;:\&quot;私募股权、创业投资基金管理人\&quot;},{\&quot;compId\&quot;:133631,\&quot;compFullName\&quot;:\&quot;北京瀚富资产管理有限公司\&quot;,\&quot;foundDate\&quot;:\&quot;2017-02-15\&quot;,\&quot;legalRepresentative\&quot;:\&quot;俞怡然\&quot;,\&quot;mainStrategyType\&quot;:\&quot;私募股权、创业投资基金管理人\&quot;},{\&quot;compId\&quot;:132658,\&quot;compFullName\&quot;:\&quot;北京和通天下投资管理有限公司\&quot;,\&quot;foundDate\&quot;:\&quot;2016-09-30\&quot;,\&quot;legalRepresentative\&quot;:\&quot;郑益民\&quot;,\&quot;addrPro\&quot;:\&quot;北京市\&quot;,\&quot;mainStrategyType\&quot;:\&quot;私募证券投资基金管理人\&quot;},{\&quot;compId\&quot;:134316,\&quot;compFullName\&quot;:\&quot;北京厚朴融灏资本投资管理有限公司\&quot;,\&quot;foundDate\&quot;:\&quot;2016-10-21\&quot;,\&quot;legalRepresentative\&quot;:\&quot;董政茂\&quot;,\&quot;mainStrategyType\&quot;:\&quot;私募股权、创业投资基金管理人\&quot;},{\&quot;compId\&quot;:132308,\&quot;compFullName\&quot;:\&quot;北京华信爱迪投资管理有限公司\&quot;,\&quot;foundDate\&quot;:\&quot;2016-11-09\&quot;,\&quot;legalRepresentative\&quot;:\&quot;庄会军\&quot;,\&quot;addrPro\&quot;:\&quot;北京市\&quot;,\&quot;mainStrategyType\&quot;:\&quot;私募证券投资基金管理人\&quot;}]&quot;
     but: was &quot;{&quot;sta&quot;:1,&quot;data&quot;:{&quot;result&quot;:[{&quot;compId&quot;:131924,&quot;compFullName&quot;:&quot;安徽北大明德基金管理有限公司&quot;,&quot;foundDate&quot;:&quot;2017-01-19&quot;,&quot;legalRepresentative&quot;:&quot;刘欧&quot;,&quot;addrPro&quot;:&quot;安徽省&quot;,&quot;mainStrategyType&quot;:&quot;私募股权、创业投资基金管理人&quot;},{&quot;compId&quot;:134152,&quot;compFullName&quot;:&quot;安徽国厚股权投资基金管理有限公司&quot;,&quot;foundDate&quot;:&quot;2017-05-12&quot;,&quot;legalRepresentative&quot;:&quot;周庆&quot;,&quot;mainStrategyType&quot;:&quot;私募股权、创业投资基金管理人&quot;},{&quot;compId&quot;:129864,&quot;compFullName&quot;:&quot;安徽建工资本管理有限公司&quot;,&quot;foundDate&quot;:&quot;2016-11-07&quot;,&quot;legalRepresentative&quot;:&quot;李俊鹏&quot;,&quot;addrPro&quot;:&quot;安徽省&quot;,&quot;registerNo&quot;:&quot;P1060780&quot;,&quot;mainStrategyType&quot;:&quot;私募股权、创业投资基金管理人&quot;},{&quot;compId&quot;:133294,&quot;compFullName&quot;:&quot;安徽亚父投资管理有限公司&quot;,&quot;foundDate&quot;:&quot;2017-01-03&quot;,&quot;legalRepresentative&quot;:&quot;王汝言&quot;,&quot;mainStrategyType&quot;:&quot;私募股权、创业投资基金管理人&quot;},{&quot;compId&quot;:133251,&quot;compFullName&quot;:&quot;安徽正泽股权投资有限公司&quot;,&quot;foundDate&quot;:&quot;2016-11-24&quot;,&quot;legalRepresentative&quot;:&quot;刘恒&quot;,&quot;mainStrategyType&quot;:&quot;私募股权、创业投资基金管理人&quot;},{&quot;compId&quot;:134675,&quot;compFullName&quot;:&quot;安徽中安（池州）健康投资管理有限公司&quot;,&quot;foundDate&quot;:&quot;2017-04-25&quot;,&quot;legalRepresentative&quot;:&quot;刘路&quot;,&quot;mainStrategyType&quot;:&quot;私募股权、创业投资基金管理人&quot;},{&quot;compId&quot;:129789,&quot;compFullName&quot;:&quot;安徽中财金控投资基金管理有限公司&quot;,&quot;foundDate&quot;:&quot;2016-09-30&quot;,&quot;legalRepresentative&quot;:&quot;王溱&quot;,&quot;addrPro&quot;:&quot;安徽省&quot;,&quot;registerNo&quot;:&quot;P1060724&quot;,&quot;mainStrategyType&quot;:&quot;私募股权、创业投资基金管理人&quot;},{&quot;compId&quot;:130928,&quot;compFullName&quot;:&quot;安庆市金通同安投资管理合伙企业（有限合伙）&quot;,&quot;foundDate&quot;:&quot;2016-09-13&quot;,&quot;legalRepresentative&quot;:&quot;储节义&quot;,&quot;addrPro&quot;:&quot;安徽省&quot;,&quot;mainStrategyType&quot;:&quot;私募股权、创业投资基金管理人&quot;},{&quot;compId&quot;:131235,&quot;compFullName&quot;:&quot;安扬资产管理（杭州）有限公司&quot;,&quot;foundDate&quot;:&quot;2016-11-09&quot;,&quot;legalRepresentative&quot;:&quot;刘翌&quot;,&quot;addrPro&quot;:&quot;浙江省&quot;,&quot;registerNo&quot;:&quot;P1062346&quot;,&quot;mainStrategyType&quot;:&quot;私募股权、创业投资基金管理人&quot;},{&quot;compId&quot;:132137,&quot;compFullName&quot;:&quot;鞍资（天津）股权投资基金管理有限公司&quot;,&quot;foundDate&quot;:&quot;2017-03-31&quot;,&quot;legalRepresentative&quot;:&quot;付多朋&quot;,&quot;addrPro&quot;:&quot;天津市&quot;,&quot;mainStrategyType&quot;:&quot;私募股权、创业投资基金管理人&quot;},{&quot;compId&quot;:129989,&quot;compFullName&quot;:&quot;奥帕（珠海）投资管理有限公司&quot;,&quot;foundDate&quot;:&quot;2016-10-09&quot;,&quot;legalRepresentative&quot;:&quot;王旭霞&quot;,&quot;addrPro&quot;:&quot;广东省&quot;,&quot;registerNo&quot;:&quot;P1060970&quot;,&quot;mainStrategyType&quot;:&quot;私募股权、创业投资基金管理人&quot;},{&quot;compId&quot;:134663,&quot;compFullName&quot;:&quot;宝英（义乌）投资管理有限公司&quot;,&quot;foundDate&quot;:&quot;2016-11-01&quot;,&quot;legalRepresentative&quot;:&quot;李永利&quot;,&quot;mainStrategyType&quot;:&quot;私募股权、创业投资基金管理人&quot;},{&quot;compId&quot;:131768,&quot;compFullName&quot;:&quot;北京博晟投资管理有限公司&quot;,&quot;foundDate&quot;:&quot;2017-03-17&quot;,&quot;legalRepresentative&quot;:&quot;李志中&quot;,&quot;addrPro&quot;:&quot;北京市&quot;,&quot;mainStrategyType&quot;:&quot;私募证券投资基金管理人&quot;},{&quot;compId&quot;:130939,&quot;compFullName&quot;:&quot;北京丰汇伟瀚投资基金管理有限公司&quot;,&quot;foundDate&quot;:&quot;2016-09-13&quot;,&quot;legalRepresentative&quot;:&quot;杨鑫&quot;,&quot;addrPro&quot;:&quot;北京市&quot;,&quot;registerNo&quot;:&quot;P1061939&quot;,&quot;mainStrategyType&quot;:&quot;私募股权、创业投资基金管理人&quot;},{&quot;compId&quot;:131356,&quot;compFullName&quot;:&quot;北京蜂巢金和投资管理有限公司&quot;,&quot;foundDate&quot;:&quot;2016-09-09&quot;,&quot;legalRepresentative&quot;:&quot;刘建平&quot;,&quot;addrPro&quot;:&quot;北京市&quot;,&quot;mainStrategyType&quot;:&quot;私募股权、创业投资基金管理人&quot;},{&quot;compId&quot;:129391,&quot;compFullName&quot;:&quot;北京国富大数据资本管理中心（有限合伙）&quot;,&quot;foundDate&quot;:&quot;2016-09-20&quot;,&quot;legalRepresentative&quot;:&quot;熊焰&quot;,&quot;addrPro&quot;:&quot;北京市&quot;,&quot;registerNo&quot;:&quot;P1060360&quot;,&quot;mainStrategyType&quot;:&quot;股权、创业投资基金&quot;},{&quot;compId&quot;:131359,&quot;compFullName&quot;:&quot;北京国数投资管理有限公司&quot;,&quot;foundDate&quot;:&quot;2016-10-18&quot;,&quot;legalRepresentative&quot;:&quot;胡志敏&quot;,&quot;addrPro&quot;:&quot;北京市&quot;,&quot;mainStrategyType&quot;:&quot;私募股权、创业投资基金管理人&quot;},{&quot;compId&quot;:132346,&quot;compFullName&quot;:&quot;北京海贝资本投资管理中心（有限合伙）&quot;,&quot;foundDate&quot;:&quot;2016-12-28&quot;,&quot;legalRepresentative&quot;:&quot;葛平&quot;,&quot;addrPro&quot;:&quot;北京市&quot;,&quot;mainStrategyType&quot;:&quot;私募股权、创业投资基金管理人&quot;},{&quot;compId&quot;:133631,&quot;compFullName&quot;:&quot;北京瀚富资产管理有限公司&quot;,&quot;foundDate&quot;:&quot;2017-02-15&quot;,&quot;legalRepresentative&quot;:&quot;俞怡然&quot;,&quot;mainStrategyType&quot;:&quot;私募股权、创业投资基金管理人&quot;},{&quot;compId&quot;:132658,&quot;compFullName&quot;:&quot;北京和通天下投资管理有限公司&quot;,&quot;foundDate&quot;:&quot;2016-09-30&quot;,&quot;legalRepresentative&quot;:&quot;郑益民&quot;,&quot;addrPro&quot;:&quot;北京市&quot;,&quot;mainStrategyType&quot;:&quot;私募证券投资基金管理人&quot;}],&quot;totalCount&quot;:1363,&quot;pageNo&quot;:1,&quot;pageSize&quot;:20,&quot;totalPage&quot;:69,&quot;newCount&quot;:66},&quot;msg&quot;:&quot;操作成功&quot;}&quot;">
      <![CDATA[java.lang.AssertionError: 
Expected: a string containing "{\"sta\":1,\"data\":{\"result\":[{\"compId\":131924,\"compFullName\":\"安徽北大明德基金管理有限公司\",\"foundDate\":\"2017-01-19\",\"legalRepresentative\":\"刘欧\",\"addrPro\":\"安徽省\",\"mainStrategyType\":\"私募股权、创业投资基金管理人\"},{\"compId\":134152,\"compFullName\":\"安徽国厚股权投资基金管理有限公司\",\"foundDate\":\"2017-05-12\",\"legalRepresentative\":\"周庆\",\"mainStrategyType\":\"私募股权、创业投资基金管理人\"},{\"compId\":129864,\"compFullName\":\"安徽建工资本管理有限公司\",\"foundDate\":\"2016-11-07\",\"legalRepresentative\":\"李俊鹏\",\"addrPro\":\"安徽省\",\"registerNo\":\"P1060780\",\"mainStrategyType\":\"私募股权、创业投资基金管理人\"},{\"compId\":133294,\"compFullName\":\"安徽亚父投资管理有限公司\",\"foundDate\":\"2017-01-03\",\"legalRepresentative\":\"王汝言\",\"mainStrategyType\":\"私募股权、创业投资基金管理人\"},{\"compId\":133251,\"compFullName\":\"安徽正泽股权投资有限公司\",\"foundDate\":\"2016-11-24\",\"legalRepresentative\":\"刘恒\",\"mainStrategyType\":\"私募股权、创业投资基金管理人\"},{\"compId\":129789,\"compFullName\":\"安徽中财金控投资基金管理有限公司\",\"foundDate\":\"2016-09-30\",\"legalRepresentative\":\"王溱\",\"addrPro\":\"安徽省\",\"registerNo\":\"P1060724\",\"mainStrategyType\":\"私募股权、创业投资基金管理人\"},{\"compId\":33026,\"compFullName\":\"安庆市金通同安投资管理合伙企业（有限合伙）\",\"foundDate\":\"2016-09-13\",\"legalRepresentative\":\"储节义\",\"addrPro\":\"安徽省\",\"registerNo\":\"P1062173\",\"mainStrategyType\":\"私募股权、创业投资基金管理人\"},{\"compId\":131235,\"compFullName\":\"安扬资产管理（杭州）有限公司\",\"foundDate\":\"2016-11-09\",\"legalRepresentative\":\"刘翌\",\"addrPro\":\"浙江省\",\"registerNo\":\"P1062346\",\"mainStrategyType\":\"私募股权、创业投资基金管理人\"},{\"compId\":132137,\"compFullName\":\"鞍资（天津）股权投资基金管理有限公司\",\"foundDate\":\"2017-03-31\",\"legalRepresentative\":\"付多朋\",\"addrPro\":\"天津市\",\"mainStrategyType\":\"私募股权、创业投资基金管理人\"},{\"compId\":129989,\"compFullName\":\"奥帕（珠海）投资管理有限公司\",\"foundDate\":\"2016-10-09\",\"legalRepresentative\":\"王旭霞\",\"addrPro\":\"广东省\",\"registerNo\":\"P1060970\",\"mainStrategyType\":\"私募股权、创业投资基金管理人\"},{\"compId\":131768,\"compFullName\":\"北京博晟投资管理有限公司\",\"foundDate\":\"2017-03-17\",\"legalRepresentative\":\"李志中\",\"addrPro\":\"北京市\",\"mainStrategyType\":\"私募证券投资基金管理人\"},{\"compId\":130939,\"compFullName\":\"北京丰汇伟瀚投资基金管理有限公司\",\"foundDate\":\"2016-09-13\",\"legalRepresentative\":\"杨鑫\",\"addrPro\":\"北京市\",\"registerNo\":\"P1061939\",\"mainStrategyType\":\"私募股权、创业投资基金管理人\"},{\"compId\":131356,\"compFullName\":\"北京蜂巢金和投资管理有限公司\",\"foundDate\":\"2016-09-09\",\"legalRepresentative\":\"刘建平\",\"addrPro\":\"北京市\",\"mainStrategyType\":\"私募股权、创业投资基金管理人\"},{\"compId\":129391,\"compFullName\":\"北京国富大数据资本管理中心（有限合伙）\",\"foundDate\":\"2016-09-20\",\"legalRepresentative\":\"熊焰\",\"addrPro\":\"北京市\",\"registerNo\":\"P1060360\",\"mainStrategyType\":\"股权、创业投资基金\"},{\"compId\":131359,\"compFullName\":\"北京国数投资管理有限公司\",\"foundDate\":\"2016-10-18\",\"legalRepresentative\":\"胡志敏\",\"addrPro\":\"北京市\",\"mainStrategyType\":\"私募股权、创业投资基金管理人\"},{\"compId\":132346,\"compFullName\":\"北京海贝资本投资管理中心（有限合伙）\",\"foundDate\":\"2016-12-28\",\"legalRepresentative\":\"葛平\",\"addrPro\":\"北京市\",\"mainStrategyType\":\"私募股权、创业投资基金管理人\"},{\"compId\":133631,\"compFullName\":\"北京瀚富资产管理有限公司\",\"foundDate\":\"2017-02-15\",\"legalRepresentative\":\"俞怡然\",\"mainStrategyType\":\"私募股权、创业投资基金管理人\"},{\"compId\":132658,\"compFullName\":\"北京和通天下投资管理有限公司\",\"foundDate\":\"2016-09-30\",\"legalRepresentative\":\"郑益民\",\"addrPro\":\"北京市\",\"mainStrategyType\":\"私募证券投资基金管理人\"},{\"compId\":134316,\"compFullName\":\"北京厚朴融灏资本投资管理有限公司\",\"foundDate\":\"2016-10-21\",\"legalRepresentative\":\"董政茂\",\"mainStrategyType\":\"私募股权、创业投资基金管理人\"},{\"compId\":132308,\"compFullName\":\"北京华信爱迪投资管理有限公司\",\"foundDate\":\"2016-11-09\",\"legalRepresentative\":\"庄会军\",\"addrPro\":\"北京市\",\"mainStrategyType\":\"私募证券投资基金管理人\"}]"
     but: was "{"sta":1,"data":{"result":[{"compId":131924,"compFullName":"安徽北大明德基金管理有限公司","foundDate":"2017-01-19","legalRepresentative":"刘欧","addrPro":"安徽省","mainStrategyType":"私募股权、创业投资基金管理人"},{"compId":134152,"compFullName":"安徽国厚股权投资基金管理有限公司","foundDate":"2017-05-12","legalRepresentative":"周庆","mainStrategyType":"私募股权、创业投资基金管理人"},{"compId":129864,"compFullName":"安徽建工资本管理有限公司","foundDate":"2016-11-07","legalRepresentative":"李俊鹏","addrPro":"安徽省","registerNo":"P1060780","mainStrategyType":"私募股权、创业投资基金管理人"},{"compId":133294,"compFullName":"安徽亚父投资管理有限公司","foundDate":"2017-01-03","legalRepresentative":"王汝言","mainStrategyType":"私募股权、创业投资基金管理人"},{"compId":133251,"compFullName":"安徽正泽股权投资有限公司","foundDate":"2016-11-24","legalRepresentative":"刘恒","mainStrategyType":"私募股权、创业投资基金管理人"},{"compId":134675,"compFullName":"安徽中安（池州）健康投资管理有限公司","foundDate":"2017-04-25","legalRepresentative":"刘路","mainStrategyType":"私募股权、创业投资基金管理人"},{"compId":129789,"compFullName":"安徽中财金控投资基金管理有限公司","foundDate":"2016-09-30","legalRepresentative":"王溱","addrPro":"安徽省","registerNo":"P1060724","mainStrategyType":"私募股权、创业投资基金管理人"},{"compId":130928,"compFullName":"安庆市金通同安投资管理合伙企业（有限合伙）","foundDate":"2016-09-13","legalRepresentative":"储节义","addrPro":"安徽省","mainStrategyType":"私募股权、创业投资基金管理人"},{"compId":131235,"compFullName":"安扬资产管理（杭州）有限公司","foundDate":"2016-11-09","legalRepresentative":"刘翌","addrPro":"浙江省","registerNo":"P1062346","mainStrategyType":"私募股权、创业投资基金管理人"},{"compId":132137,"compFullName":"鞍资（天津）股权投资基金管理有限公司","foundDate":"2017-03-31","legalRepresentative":"付多朋","addrPro":"天津市","mainStrategyType":"私募股权、创业投资基金管理人"},{"compId":129989,"compFullName":"奥帕（珠海）投资管理有限公司","foundDate":"2016-10-09","legalRepresentative":"王旭霞","addrPro":"广东省","registerNo":"P1060970","mainStrategyType":"私募股权、创业投资基金管理人"},{"compId":134663,"compFullName":"宝英（义乌）投资管理有限公司","foundDate":"2016-11-01","legalRepresentative":"李永利","mainStrategyType":"私募股权、创业投资基金管理人"},{"compId":131768,"compFullName":"北京博晟投资管理有限公司","foundDate":"2017-03-17","legalRepresentative":"李志中","addrPro":"北京市","mainStrategyType":"私募证券投资基金管理人"},{"compId":130939,"compFullName":"北京丰汇伟瀚投资基金管理有限公司","foundDate":"2016-09-13","legalRepresentative":"杨鑫","addrPro":"北京市","registerNo":"P1061939","mainStrategyType":"私募股权、创业投资基金管理人"},{"compId":131356,"compFullName":"北京蜂巢金和投资管理有限公司","foundDate":"2016-09-09","legalRepresentative":"刘建平","addrPro":"北京市","mainStrategyType":"私募股权、创业投资基金管理人"},{"compId":129391,"compFullName":"北京国富大数据资本管理中心（有限合伙）","foundDate":"2016-09-20","legalRepresentative":"熊焰","addrPro":"北京市","registerNo":"P1060360","mainStrategyType":"股权、创业投资基金"},{"compId":131359,"compFullName":"北京国数投资管理有限公司","foundDate":"2016-10-18","legalRepresentative":"胡志敏","addrPro":"北京市","mainStrategyType":"私募股权、创业投资基金管理人"},{"compId":132346,"compFullName":"北京海贝资本投资管理中心（有限合伙）","foundDate":"2016-12-28","legalRepresentative":"葛平","addrPro":"北京市","mainStrategyType":"私募股权、创业投资基金管理人"},{"compId":133631,"compFullName":"北京瀚富资产管理有限公司","foundDate":"2017-02-15","legalRepresentative":"俞怡然","mainStrategyType":"私募股权、创业投资基金管理人"},{"compId":132658,"compFullName":"北京和通天下投资管理有限公司","foundDate":"2016-09-30","legalRepresentative":"郑益民","addrPro":"北京市","mainStrategyType":"私募证券投资基金管理人"}],"totalCount":1363,"pageNo":1,"pageSize":20,"totalPage":69,"newCount":66},"msg":"操作成功"}"
	at org.hamcrest.MatcherAssert.assertThat(MatcherAssert.java:20)
	at org.hamcrest.MatcherAssert.assertThat(MatcherAssert.java:8)
	at com.xyuan.ngtest.MyAssert.MyAssert.asserting(MyAssert.java:12)
	at com.xyuan.ngtest.ps.comp.comp_search.comp_search(comp_search.java:33)
	at sun.reflect.NativeMethodAccessorImpl.invoke0(Native Method)
	at sun.reflect.NativeMethodAccessorImpl.invoke(NativeMethodAccessorImpl.java:62)
	at sun.reflect.DelegatingMethodAccessorImpl.invoke(DelegatingMethodAccessorImpl.java:43)
	at java.lang.reflect.Method.invoke(Method.java:498)
	at org.testng.internal.MethodInvocationHelper.invokeMethod(MethodInvocationHelper.java:84)
	at org.testng.internal.Invoker.invokeMethod(Invoker.java:714)
	at org.testng.internal.Invoker.invokeTestMethod(Invoker.java:901)
	at org.testng.internal.Invoker.invokeTestMethods(Invoker.java:1231)
	at org.testng.internal.TestMethodWorker.invokeTestMethods(TestMethodWorker.java:127)
	at org.testng.internal.TestMethodWorker.run(TestMethodWorker.java:111)
	at org.testng.TestRunner.privateRun(TestRunner.java:767)
	at org.testng.TestRunner.run(TestRunner.java:617)
	at org.testng.SuiteRunner.runTest(SuiteRunner.java:335)
	at org.testng.SuiteRunner.access$000(SuiteRunner.java:37)
	at org.testng.SuiteRunner$SuiteWorker.run(SuiteRunner.java:369)
	at org.testng.internal.thread.ThreadUtil$2.call(ThreadUtil.java:64)
	at java.util.concurrent.FutureTask.run(FutureTask.java:266)
	at java.util.concurrent.ThreadPoolExecutor.runWorker(ThreadPoolExecutor.java:1142)
	at java.util.concurrent.ThreadPoolExecutor$Worker.run(ThreadPoolExecutor.java:617)
	at java.lang.Thread.run(Thread.java:745)
]]>
    </error>
  </testcase> <!-- comp_search -->
</testsuite> <!-- com.xyuan.ngtest.ps.comp.comp_search -->
