<?xml version="1.0" encoding="UTF-8"?>
<!-- Generated by org.testng.reporters.JUnitReportReporter -->
<testsuite hostname="PC-liangxuqing" name="com.xyuan.ngtest.jx.test.get_asset_allocation_analysis" tests="3" failures="0" timestamp="11 May 2017 10:03:27 GMT" time="0.311" errors="0">
  <testcase name="get_asset_allocation_analysis" time="0.128" classname="com.xyuan.ngtest.jx.test.get_asset_allocation_analysis"/>
  <testcase name="get_asset_allocation_analysis" time="0.080" classname="com.xyuan.ngtest.jx.test.get_asset_allocation_analysis"/>
  <testcase name="get_asset_allocation_analysis" time="0.103" classname="com.xyuan.ngtest.jx.test.get_asset_allocation_analysis"/>
</testsuite> <!-- com.xyuan.ngtest.jx.test.get_asset_allocation_analysis -->
