<?xml version="1.0" encoding="UTF-8"?>
<!-- Generated by org.testng.reporters.JUnitReportReporter -->
<testsuite hostname="PC-liangxuqing" name="com.xyuan.ngtest.jx.test.basic_ifno" tests="4" failures="0" timestamp="11 May 2017 10:03:27 GMT" time="0.362" errors="0">
  <testcase name="basic_ifno" time="0.103" classname="com.xyuan.ngtest.jx.test.basic_ifno"/>
  <testcase name="basic_ifno" time="0.079" classname="com.xyuan.ngtest.jx.test.basic_ifno"/>
  <testcase name="basic_ifno" time="0.092" classname="com.xyuan.ngtest.jx.test.basic_ifno"/>
  <testcase name="basic_ifno" time="0.088" classname="com.xyuan.ngtest.jx.test.basic_ifno"/>
</testsuite> <!-- com.xyuan.ngtest.jx.test.basic_ifno -->
