<?xml version="1.0" encoding="UTF-8"?>
<!-- Generated by org.testng.reporters.JUnitReportReporter -->
<testsuite hostname="PC-liangxuqing" name="com.xyuan.ngtest.jx.test.asset_ifno" tests="4" failures="0" timestamp="11 May 2017 10:03:27 GMT" time="0.768" errors="0">
  <testcase name="asset_ifno" time="0.195" classname="com.xyuan.ngtest.jx.test.asset_ifno"/>
  <testcase name="asset_ifno" time="0.174" classname="com.xyuan.ngtest.jx.test.asset_ifno"/>
  <testcase name="asset_ifno" time="0.177" classname="com.xyuan.ngtest.jx.test.asset_ifno"/>
  <testcase name="asset_ifno" time="0.222" classname="com.xyuan.ngtest.jx.test.asset_ifno"/>
</testsuite> <!-- com.xyuan.ngtest.jx.test.asset_ifno -->
