<?xml version="1.0" encoding="UTF-8"?>
<!-- Generated by org.testng.reporters.JUnitReportReporter -->
<testsuite hostname="PC-liangxuqing" name="com.xyuan.ngtest.ps.comp.login" tests="1" failures="0" timestamp="12 Oct 2017 01:25:12 GMT" time="0.230" errors="0">
  <testcase name="login" time="0.230" classname="com.xyuan.ngtest.ps.comp.login"/>
</testsuite> <!-- com.xyuan.ngtest.ps.comp.login -->
