<?xml version="1.0" encoding="UTF-8"?>
<!-- Generated by org.testng.reporters.JUnitReportReporter -->
<testsuite hostname="PC-liangxuqing" name="com.xyuan.ngtest.jx.test.report.get_flow_risk_cash" tests="2" failures="0" timestamp="30 Jun 2017 02:19:45 GMT" time="1.376" errors="0">
  <testcase name="get_flow_risk_cash" time="0.558" classname="com.xyuan.ngtest.jx.test.report.get_flow_risk_cash"/>
  <testcase name="get_flow_risk_cash" time="0.818" classname="com.xyuan.ngtest.jx.test.report.get_flow_risk_cash"/>
</testsuite> <!-- com.xyuan.ngtest.jx.test.report.get_flow_risk_cash -->
