<?xml version="1.0" encoding="UTF-8"?>
<!-- Generated by org.testng.reporters.JUnitReportReporter -->
<testsuite hostname="PC-liangxuqing" name="com.xyuan.ngtest.jx.test.report.get_interval_bond_variety_configuration" tests="2" failures="0" timestamp="30 Jun 2017 02:19:45 GMT" time="3.952" errors="0">
  <testcase name="get_interval_bond_variety_configuration" time="1.935" classname="com.xyuan.ngtest.jx.test.report.get_interval_bond_variety_configuration"/>
  <testcase name="get_interval_bond_variety_configuration" time="2.017" classname="com.xyuan.ngtest.jx.test.report.get_interval_bond_variety_configuration"/>
</testsuite> <!-- com.xyuan.ngtest.jx.test.report.get_interval_bond_variety_configuration -->
