<?xml version="1.0" encoding="UTF-8"?>
<!-- Generated by org.testng.reporters.JUnitReportReporter -->
<testsuite hostname="PC-liangxuqing" name="com.xyuan.ngtest.ps.usercenter.favfocus_delete" tests="1" failures="0" timestamp="25 Sep 2017 07:39:47 GMT" time="0.158" errors="0">
  <testcase name="favfocus_delete" time="0.158" classname="com.xyuan.ngtest.ps.usercenter.favfocus_delete"/>
</testsuite> <!-- com.xyuan.ngtest.ps.usercenter.favfocus_delete -->
