<?xml version="1.0" encoding="UTF-8"?>
<!-- Generated by org.testng.reporters.JUnitReportReporter -->
<testsuite hostname="PC-liangxuqing" name="com.xyuan.ngtest.jx.test.get_last_futures_variety_distribution" tests="2" failures="0" timestamp="11 May 2017 10:03:27 GMT" time="0.277" errors="0">
  <testcase name="get_last_futures_variety_distribution" time="0.129" classname="com.xyuan.ngtest.jx.test.get_last_futures_variety_distribution"/>
  <testcase name="get_last_futures_variety_distribution" time="0.148" classname="com.xyuan.ngtest.jx.test.get_last_futures_variety_distribution"/>
</testsuite> <!-- com.xyuan.ngtest.jx.test.get_last_futures_variety_distribution -->
