<?xml version="1.0" encoding="UTF-8"?>
<!-- Generated by org.testng.reporters.JUnitReportReporter -->
<testsuite hostname="PC-liangxuqing" name="com.xyuan.ngtest.jx.test.get_risk_exposure_stock_change_chart" tests="2" failures="0" timestamp="11 May 2017 10:03:27 GMT" time="0.203" errors="0">
  <testcase name="get_risk_exposure_stock_change_chart" time="0.103" classname="com.xyuan.ngtest.jx.test.get_risk_exposure_stock_change_chart"/>
  <testcase name="get_risk_exposure_stock_change_chart" time="0.100" classname="com.xyuan.ngtest.jx.test.get_risk_exposure_stock_change_chart"/>
</testsuite> <!-- com.xyuan.ngtest.jx.test.get_risk_exposure_stock_change_chart -->
