<?xml version="1.0" encoding="UTF-8"?>
<!-- Generated by org.testng.reporters.JUnitReportReporter -->
<testsuite hostname="PC-liangxuqing" name="com.xyuan.ngtest.jx.test.report.get_last_futures_variety_distribution" tests="2" failures="0" timestamp="30 Jun 2017 02:19:45 GMT" time="0.289" errors="0">
  <testcase name="get_last_futures_variety_distribution" time="0.156" classname="com.xyuan.ngtest.jx.test.report.get_last_futures_variety_distribution"/>
  <testcase name="get_last_futures_variety_distribution" time="0.133" classname="com.xyuan.ngtest.jx.test.report.get_last_futures_variety_distribution"/>
</testsuite> <!-- com.xyuan.ngtest.jx.test.report.get_last_futures_variety_distribution -->
