<?xml version="1.0" encoding="UTF-8"?>
<!-- Generated by org.testng.reporters.JUnitReportReporter -->
<testsuite hostname="PC-liangxuqing" name="com.xyuan.ngtest.jx.test.report.position_style" tests="2" failures="0" timestamp="30 Jun 2017 02:19:45 GMT" time="0.788" errors="0">
  <testcase name="position_style" time="0.372" classname="com.xyuan.ngtest.jx.test.report.position_style"/>
  <testcase name="position_style" time="0.416" classname="com.xyuan.ngtest.jx.test.report.position_style"/>
</testsuite> <!-- com.xyuan.ngtest.jx.test.report.position_style -->
