<?xml version="1.0" encoding="UTF-8"?>
<!-- Generated by org.testng.reporters.JUnitReportReporter -->
<testsuite hostname="PC-liangxuqing" name="com.xyuan.ngtest.ps.comp.lawexecdetail" tests="1" failures="0" timestamp="9 Oct 2017 09:12:24 GMT" time="0.181" errors="1">
  <testcase name="test" time="0.181" classname="com.xyuan.ngtest.ps.comp.lawexecdetail">
    <error type="java.lang.AssertionError" message="
Expected: a string containing &quot;{\&quot;sta\&quot;:1,\&quot;data\&quot;:[{\&quot;id\&quot;:1,\&quot;obligation\&quot;:\&quot;交纳罚金589662935.76元\&quot;,\&quot;legal_person\&quot;:\&quot;李建林\&quot;,\&quot;comp_id\&quot;:104179,\&quot;execute_code\&quot;:\&quot;(2017)京0102行审35号\&quot;,\&quot;publish_time\&quot;:\&quot;2017年08月21日\&quot;,\&quot;performance\&quot;:\&quot;全部未履行\&quot;,\&quot;name\&quot;:\&quot;深圳市中鑫富盈基金管理有限公司\&quot;,\&quot;dishonest_behavior\&quot;:\&quot;有履行能力而拒不履行生效法律文书确定义务\&quot;,\&quot;verdict_subject\&quot;:\&quot;北京市西城区人民法院\&quot;,\&quot;create_time\&quot;:\&quot;2017-09-29 17:37:40.0\&quot;,\&quot;execute_court\&quot;:\&quot;北京市西城区人民法院\&quot;,\&quot;case_code\&quot;:\&quot;(2017)京0102执7860号\&quot;,\&quot;filing_time\&quot;:\&quot;2017年07月24日\&quot;}],\&quot;msg\&quot;:\&quot;ok\&quot;}&quot;
     but: was &quot;{&quot;sta&quot;:1,&quot;data&quot;:[{&quot;id&quot;:3,&quot;legal_person&quot;:&quot;于兴海&quot;,&quot;comp_id&quot;:103213,&quot;execute_code&quot;:&quot;暂无&quot;,&quot;publish_time&quot;:&quot;2016年08月02日&quot;,&quot;performance&quot;:&quot;全部未履行&quot;,&quot;name&quot;:&quot;洪范基金管理有限公司沈阳分公司&quot;,&quot;dishonest_behavior&quot;:&quot;其他有履行能力而拒不履行生效法律文书确定义务的&quot;,&quot;create_time&quot;:&quot;2017-09-29 17:37:40.0&quot;,&quot;execute_court&quot;:&quot;北京市朝阳区人民法院&quot;,&quot;case_code&quot;:&quot;2015年朝执字第01364号&quot;,&quot;filing_time&quot;:&quot;2014年12月31日&quot;}],&quot;msg&quot;:&quot;ok&quot;}&quot;">
      <![CDATA[java.lang.AssertionError: 
Expected: a string containing "{\"sta\":1,\"data\":[{\"id\":1,\"obligation\":\"交纳罚金589662935.76元\",\"legal_person\":\"李建林\",\"comp_id\":104179,\"execute_code\":\"(2017)京0102行审35号\",\"publish_time\":\"2017年08月21日\",\"performance\":\"全部未履行\",\"name\":\"深圳市中鑫富盈基金管理有限公司\",\"dishonest_behavior\":\"有履行能力而拒不履行生效法律文书确定义务\",\"verdict_subject\":\"北京市西城区人民法院\",\"create_time\":\"2017-09-29 17:37:40.0\",\"execute_court\":\"北京市西城区人民法院\",\"case_code\":\"(2017)京0102执7860号\",\"filing_time\":\"2017年07月24日\"}],\"msg\":\"ok\"}"
     but: was "{"sta":1,"data":[{"id":3,"legal_person":"于兴海","comp_id":103213,"execute_code":"暂无","publish_time":"2016年08月02日","performance":"全部未履行","name":"洪范基金管理有限公司沈阳分公司","dishonest_behavior":"其他有履行能力而拒不履行生效法律文书确定义务的","create_time":"2017-09-29 17:37:40.0","execute_court":"北京市朝阳区人民法院","case_code":"2015年朝执字第01364号","filing_time":"2014年12月31日"}],"msg":"ok"}"
	at org.hamcrest.MatcherAssert.assertThat(MatcherAssert.java:20)
	at org.hamcrest.MatcherAssert.assertThat(MatcherAssert.java:8)
	at com.xyuan.ngtest.MyAssert.MyAssert.asserting(MyAssert.java:12)
	at com.xyuan.ngtest.ps.comp.lawexecdetail.test(lawexecdetail.java:33)
	at sun.reflect.NativeMethodAccessorImpl.invoke0(Native Method)
	at sun.reflect.NativeMethodAccessorImpl.invoke(NativeMethodAccessorImpl.java:62)
	at sun.reflect.DelegatingMethodAccessorImpl.invoke(DelegatingMethodAccessorImpl.java:43)
	at java.lang.reflect.Method.invoke(Method.java:498)
	at org.testng.internal.MethodInvocationHelper.invokeMethod(MethodInvocationHelper.java:84)
	at org.testng.internal.Invoker.invokeMethod(Invoker.java:714)
	at org.testng.internal.Invoker.invokeTestMethod(Invoker.java:901)
	at org.testng.internal.Invoker.invokeTestMethods(Invoker.java:1231)
	at org.testng.internal.TestMethodWorker.invokeTestMethods(TestMethodWorker.java:127)
	at org.testng.internal.TestMethodWorker.run(TestMethodWorker.java:111)
	at org.testng.TestRunner.privateRun(TestRunner.java:767)
	at org.testng.TestRunner.run(TestRunner.java:617)
	at org.testng.SuiteRunner.runTest(SuiteRunner.java:335)
	at org.testng.SuiteRunner.access$000(SuiteRunner.java:37)
	at org.testng.SuiteRunner$SuiteWorker.run(SuiteRunner.java:369)
	at org.testng.internal.thread.ThreadUtil$2.call(ThreadUtil.java:64)
	at java.util.concurrent.FutureTask.run(FutureTask.java:266)
	at java.util.concurrent.ThreadPoolExecutor.runWorker(ThreadPoolExecutor.java:1142)
	at java.util.concurrent.ThreadPoolExecutor$Worker.run(ThreadPoolExecutor.java:617)
	at java.lang.Thread.run(Thread.java:745)
]]>
    </error>
  </testcase> <!-- test -->
</testsuite> <!-- com.xyuan.ngtest.ps.comp.lawexecdetail -->
