<?xml version="1.0" encoding="UTF-8"?>
<!-- Generated by org.testng.reporters.JUnitReportReporter -->
<testsuite hostname="PC-liangxuqing" name="com.xyuan.ngtest.jx.test.combinationquery.get_combination_position" tests="4" failures="0" timestamp="30 Jun 2017 02:18:21 GMT" time="1.696" errors="0">
  <testcase name="get_combination_position" time="0.520" classname="com.xyuan.ngtest.jx.test.combinationquery.get_combination_position"/>
  <testcase name="get_combination_position" time="0.456" classname="com.xyuan.ngtest.jx.test.combinationquery.get_combination_position"/>
  <testcase name="get_combination_position" time="0.348" classname="com.xyuan.ngtest.jx.test.combinationquery.get_combination_position"/>
  <testcase name="get_combination_position" time="0.372" classname="com.xyuan.ngtest.jx.test.combinationquery.get_combination_position"/>
</testsuite> <!-- com.xyuan.ngtest.jx.test.combinationquery.get_combination_position -->
