<?xml version="1.0" encoding="UTF-8"?>
<!-- Generated by org.testng.reporters.JUnitReportReporter -->
<testsuite hostname="PC-liangxuqing" name="com.xyuan.ngtest.jx.test.combinationquery.get_fund_asset" tests="4" failures="0" timestamp="30 Jun 2017 02:18:21 GMT" time="0.444" errors="0">
  <testcase name="get_fund_asset" time="0.075" classname="com.xyuan.ngtest.jx.test.combinationquery.get_fund_asset"/>
  <testcase name="get_fund_asset" time="0.182" classname="com.xyuan.ngtest.jx.test.combinationquery.get_fund_asset"/>
  <testcase name="get_fund_asset" time="0.087" classname="com.xyuan.ngtest.jx.test.combinationquery.get_fund_asset"/>
  <testcase name="get_fund_asset" time="0.100" classname="com.xyuan.ngtest.jx.test.combinationquery.get_fund_asset"/>
</testsuite> <!-- com.xyuan.ngtest.jx.test.combinationquery.get_fund_asset -->
