<?xml version="1.0" encoding="UTF-8"?>
<!-- Generated by org.testng.reporters.JUnitReportReporter -->
<testsuite hostname="PC-liangxuqing" name="com.xyuan.ngtest.jx.test.report.get_brinson_analysis" tests="6" failures="0" timestamp="30 Jun 2017 02:19:45 GMT" time="1.092" errors="0">
  <testcase name="get_brinson_analysis" time="0.171" classname="com.xyuan.ngtest.jx.test.report.get_brinson_analysis"/>
  <testcase name="get_brinson_analysis" time="0.187" classname="com.xyuan.ngtest.jx.test.report.get_brinson_analysis"/>
  <testcase name="get_brinson_analysis" time="0.164" classname="com.xyuan.ngtest.jx.test.report.get_brinson_analysis"/>
  <testcase name="get_brinson_analysis" time="0.235" classname="com.xyuan.ngtest.jx.test.report.get_brinson_analysis"/>
  <testcase name="get_brinson_analysis" time="0.142" classname="com.xyuan.ngtest.jx.test.report.get_brinson_analysis"/>
  <testcase name="get_brinson_analysis" time="0.193" classname="com.xyuan.ngtest.jx.test.report.get_brinson_analysis"/>
</testsuite> <!-- com.xyuan.ngtest.jx.test.report.get_brinson_analysis -->
