<?xml version="1.0" encoding="UTF-8"?>
<!-- Generated by org.testng.reporters.JUnitReportReporter -->
<testsuite hostname="PC-liangxuqing" name="com.xyuan.ngtest.jx.test.get_flow_risk_cash" tests="2" failures="0" timestamp="11 May 2017 10:03:27 GMT" time="1.350" errors="0">
  <testcase name="get_flow_risk_cash" time="0.525" classname="com.xyuan.ngtest.jx.test.get_flow_risk_cash"/>
  <testcase name="get_flow_risk_cash" time="0.825" classname="com.xyuan.ngtest.jx.test.get_flow_risk_cash"/>
</testsuite> <!-- com.xyuan.ngtest.jx.test.get_flow_risk_cash -->
