<?xml version="1.0" encoding="UTF-8"?>
<!-- Generated by org.testng.reporters.JUnitReportReporter -->
<testsuite hostname="PC-liangxuqing" name="com.xyuan.ngtest.ps.comp.comp_run_investabroad" tests="1" failures="0" timestamp="25 Sep 2017 07:39:47 GMT" time="0.232" errors="0">
  <testcase name="comp_run_investabroad" time="0.232" classname="com.xyuan.ngtest.ps.comp.comp_run_investabroad"/>
</testsuite> <!-- com.xyuan.ngtest.ps.comp.comp_run_investabroad -->
