<?xml version="1.0" encoding="UTF-8"?>
<!-- Generated by org.testng.reporters.JUnitReportReporter -->
<testsuite hostname="PC-liangxuqing" name="com.xyuan.ngtest.ps.comp.comp_buss_bsinfo" tests="1" failures="0" timestamp="25 Sep 2017 07:39:47 GMT" time="0.116" errors="0">
  <testcase name="comp_buss_bsinfo" time="0.116" classname="com.xyuan.ngtest.ps.comp.comp_buss_bsinfo"/>
</testsuite> <!-- com.xyuan.ngtest.ps.comp.comp_buss_bsinfo -->
