<?xml version="1.0" encoding="UTF-8"?>
<!-- Generated by org.testng.reporters.JUnitReportReporter -->
<testsuite hostname="PC-liangxuqing" name="com.xyuan.ngtest.jx.test.report.basic_ifno" tests="4" failures="0" timestamp="30 Jun 2017 02:19:45 GMT" time="0.388" errors="0">
  <testcase name="basic_ifno" time="0.105" classname="com.xyuan.ngtest.jx.test.report.basic_ifno"/>
  <testcase name="basic_ifno" time="0.088" classname="com.xyuan.ngtest.jx.test.report.basic_ifno"/>
  <testcase name="basic_ifno" time="0.095" classname="com.xyuan.ngtest.jx.test.report.basic_ifno"/>
  <testcase name="basic_ifno" time="0.100" classname="com.xyuan.ngtest.jx.test.report.basic_ifno"/>
</testsuite> <!-- com.xyuan.ngtest.jx.test.report.basic_ifno -->
