<?xml version="1.0" encoding="UTF-8"?>
<!-- Generated by org.testng.reporters.JUnitReportReporter -->
<testsuite hostname="PC-liangxuqing" name="com.xyuan.ngtest.jx.test.report.get_market_time_analysis" tests="3" failures="0" timestamp="30 Jun 2017 02:19:45 GMT" time="0.467" errors="0">
  <testcase name="get_market_time_analysis" time="0.168" classname="com.xyuan.ngtest.jx.test.report.get_market_time_analysis"/>
  <testcase name="get_market_time_analysis" time="0.159" classname="com.xyuan.ngtest.jx.test.report.get_market_time_analysis"/>
  <testcase name="get_market_time_analysis" time="0.140" classname="com.xyuan.ngtest.jx.test.report.get_market_time_analysis"/>
</testsuite> <!-- com.xyuan.ngtest.jx.test.report.get_market_time_analysis -->
