<?xml version="1.0" encoding="UTF-8"?>
<!-- Generated by org.testng.reporters.JUnitReportReporter -->
<testsuite hostname="PC-liangxuqing" name="com.xyuan.ngtest.jx.test.combinationquery.get_categories_asset" tests="4" failures="0" timestamp="30 Jun 2017 02:18:21 GMT" time="0.841" errors="0">
  <testcase name="get_categories_asset" time="0.211" classname="com.xyuan.ngtest.jx.test.combinationquery.get_categories_asset"/>
  <testcase name="get_categories_asset" time="0.139" classname="com.xyuan.ngtest.jx.test.combinationquery.get_categories_asset"/>
  <testcase name="get_categories_asset" time="0.276" classname="com.xyuan.ngtest.jx.test.combinationquery.get_categories_asset"/>
  <testcase name="get_categories_asset" time="0.215" classname="com.xyuan.ngtest.jx.test.combinationquery.get_categories_asset"/>
</testsuite> <!-- com.xyuan.ngtest.jx.test.combinationquery.get_categories_asset -->
