<?xml version="1.0" encoding="UTF-8"?>
<!-- Generated by org.testng.reporters.JUnitReportReporter -->
<testsuite hostname="PC-liangxuqing" name="com.xyuan.ngtest.jx.test.report.get_interval_futures_contract_configuration" tests="3" failures="0" timestamp="30 Jun 2017 02:19:45 GMT" time="3.630" errors="0">
  <testcase name="get_interval_futures_contract_configuration" time="1.258" classname="com.xyuan.ngtest.jx.test.report.get_interval_futures_contract_configuration"/>
  <testcase name="get_interval_futures_contract_configuration" time="1.200" classname="com.xyuan.ngtest.jx.test.report.get_interval_futures_contract_configuration"/>
  <testcase name="get_interval_futures_contract_configuration" time="1.172" classname="com.xyuan.ngtest.jx.test.report.get_interval_futures_contract_configuration"/>
</testsuite> <!-- com.xyuan.ngtest.jx.test.report.get_interval_futures_contract_configuration -->
