<?xml version="1.0" encoding="UTF-8"?>
<!-- Generated by org.testng.reporters.JUnitReportReporter -->
<testsuite hostname="PC-liangxuqing" name="com.xyuan.ngtest.jx.test.combinationquery.get_combination_asset" tests="4" failures="0" timestamp="30 Jun 2017 02:18:21 GMT" time="0.843" errors="0">
  <testcase name="get_combination_asset" time="0.201" classname="com.xyuan.ngtest.jx.test.combinationquery.get_combination_asset"/>
  <testcase name="get_combination_asset" time="0.276" classname="com.xyuan.ngtest.jx.test.combinationquery.get_combination_asset"/>
  <testcase name="get_combination_asset" time="0.180" classname="com.xyuan.ngtest.jx.test.combinationquery.get_combination_asset"/>
  <testcase name="get_combination_asset" time="0.186" classname="com.xyuan.ngtest.jx.test.combinationquery.get_combination_asset"/>
</testsuite> <!-- com.xyuan.ngtest.jx.test.combinationquery.get_combination_asset -->
