<?xml version="1.0" encoding="UTF-8"?>
<!-- Generated by org.testng.reporters.JUnitReportReporter -->
<testsuite hostname="PC-liangxuqing" name="com.xyuan.ngtest.jx.test.position_style_map" tests="2" failures="0" timestamp="11 May 2017 10:03:27 GMT" time="10.408" errors="0">
  <testcase name="position_style_map" time="0.234" classname="com.xyuan.ngtest.jx.test.position_style_map"/>
  <testcase name="position_style_map" time="10.174" classname="com.xyuan.ngtest.jx.test.position_style_map"/>
</testsuite> <!-- com.xyuan.ngtest.jx.test.position_style_map -->
