<?xml version="1.0" encoding="UTF-8"?>
<!-- Generated by org.testng.reporters.JUnitReportReporter -->
<testsuite hostname="PC-liangxuqing" name="com.xyuan.ngtest.jx.test.get_achieve_attribute" tests="2" failures="0" timestamp="11 May 2017 10:03:27 GMT" time="0.243" errors="0">
  <testcase name="get_achieve_attribute" time="0.124" classname="com.xyuan.ngtest.jx.test.get_achieve_attribute"/>
  <testcase name="get_achieve_attribute" time="0.119" classname="com.xyuan.ngtest.jx.test.get_achieve_attribute"/>
</testsuite> <!-- com.xyuan.ngtest.jx.test.get_achieve_attribute -->
