<?xml version="1.0" encoding="UTF-8"?>
<!-- Generated by org.testng.reporters.JUnitReportReporter -->
<testsuite hostname="PC-liangxuqing" name="com.xyuan.ngtest.jx.test.get_interval_bond_variety_configuration" tests="2" failures="0" timestamp="11 May 2017 10:03:27 GMT" time="1.399" errors="0">
  <testcase name="get_interval_bond_variety_configuration" time="0.677" classname="com.xyuan.ngtest.jx.test.get_interval_bond_variety_configuration"/>
  <testcase name="get_interval_bond_variety_configuration" time="0.722" classname="com.xyuan.ngtest.jx.test.get_interval_bond_variety_configuration"/>
</testsuite> <!-- com.xyuan.ngtest.jx.test.get_interval_bond_variety_configuration -->
