<?xml version="1.0" encoding="UTF-8"?>
<!-- Generated by org.testng.reporters.JUnitReportReporter -->
<testsuite hostname="PC-liangxuqing" name="com.xyuan.ngtest.jx.test.get_last_hold_bond_concentration" tests="2" failures="0" timestamp="11 May 2017 10:03:27 GMT" time="0.144" errors="0">
  <testcase name="get_last_hold_bond_concentration" time="0.079" classname="com.xyuan.ngtest.jx.test.get_last_hold_bond_concentration"/>
  <testcase name="get_last_hold_bond_concentration" time="0.065" classname="com.xyuan.ngtest.jx.test.get_last_hold_bond_concentration"/>
</testsuite> <!-- com.xyuan.ngtest.jx.test.get_last_hold_bond_concentration -->
