<?xml version="1.0" encoding="UTF-8"?>
<!-- Generated by org.testng.reporters.JUnitReportReporter -->
<testsuite hostname="PC-liangxuqing" name="com.xyuan.ngtest.jx.test.combinationquery.get_scene_analysis" tests="4" failures="0" timestamp="30 Jun 2017 02:18:21 GMT" time="0.688" errors="0">
  <testcase name="get_scene_analysis" time="0.167" classname="com.xyuan.ngtest.jx.test.combinationquery.get_scene_analysis"/>
  <testcase name="get_scene_analysis" time="0.192" classname="com.xyuan.ngtest.jx.test.combinationquery.get_scene_analysis"/>
  <testcase name="get_scene_analysis" time="0.157" classname="com.xyuan.ngtest.jx.test.combinationquery.get_scene_analysis"/>
  <testcase name="get_scene_analysis" time="0.172" classname="com.xyuan.ngtest.jx.test.combinationquery.get_scene_analysis"/>
</testsuite> <!-- com.xyuan.ngtest.jx.test.combinationquery.get_scene_analysis -->
