<?xml version="1.0" encoding="UTF-8"?>
<!-- Generated by org.testng.reporters.JUnitReportReporter -->
<testsuite hostname="PC-liangxuqing" name="com.xyuan.ngtest.ps.comp.login" tests="1" failures="0" timestamp="10 Oct 2017 07:12:59 GMT" time="0.245" errors="0">
  <testcase name="login" time="0.245" classname="com.xyuan.ngtest.ps.comp.login"/>
</testsuite> <!-- com.xyuan.ngtest.ps.comp.login -->
