<?xml version="1.0" encoding="UTF-8"?>
<!-- Generated by org.testng.reporters.JUnitReportReporter -->
<testsuite hostname="PC-liangxuqing" name="com.xyuan.ngtest.jx.test.report.get_rolling_income_position_timing" tests="1" failures="0" timestamp="30 Jun 2017 02:19:45 GMT" time="0.079" errors="0">
  <testcase name="get_rolling_income_position_timing" time="0.079" classname="com.xyuan.ngtest.jx.test.report.get_rolling_income_position_timing"/>
</testsuite> <!-- com.xyuan.ngtest.jx.test.report.get_rolling_income_position_timing -->
