<?xml version="1.0" encoding="UTF-8"?>
<!-- Generated by org.testng.reporters.JUnitReportReporter -->
<testsuite hostname="PC-liangxuqing" name="com.xyuan.ngtest.jx.test.get_flow_risk_focus" tests="2" failures="0" timestamp="11 May 2017 10:03:27 GMT" time="0.180" errors="0">
  <testcase name="get_flow_risk_focus" time="0.093" classname="com.xyuan.ngtest.jx.test.get_flow_risk_focus"/>
  <testcase name="get_flow_risk_focus" time="0.087" classname="com.xyuan.ngtest.jx.test.get_flow_risk_focus"/>
</testsuite> <!-- com.xyuan.ngtest.jx.test.get_flow_risk_focus -->
