<?xml version="1.0" encoding="UTF-8"?>
<!-- Generated by org.testng.reporters.JUnitReportReporter -->
<testsuite hostname="PC-liangxuqing" name="com.xyuan.ngtest.jx.test.report.get_last_hold_bond_concentration" tests="2" failures="0" timestamp="30 Jun 2017 02:19:45 GMT" time="0.360" errors="0">
  <testcase name="get_last_hold_bond_concentration" time="0.186" classname="com.xyuan.ngtest.jx.test.report.get_last_hold_bond_concentration"/>
  <testcase name="get_last_hold_bond_concentration" time="0.174" classname="com.xyuan.ngtest.jx.test.report.get_last_hold_bond_concentration"/>
</testsuite> <!-- com.xyuan.ngtest.jx.test.report.get_last_hold_bond_concentration -->
