<?xml version="1.0" encoding="UTF-8"?>
<!-- Generated by org.testng.reporters.JUnitReportReporter -->
<testsuite hostname="PC-liangxuqing" name="com.xyuan.ngtest.jx.test.get_final_position_variety_distribution" tests="2" failures="0" timestamp="11 May 2017 10:03:27 GMT" time="0.568" errors="0">
  <testcase name="get_final_position_variety_distribution" time="0.284" classname="com.xyuan.ngtest.jx.test.get_final_position_variety_distribution"/>
  <testcase name="get_final_position_variety_distribution" time="0.284" classname="com.xyuan.ngtest.jx.test.get_final_position_variety_distribution"/>
</testsuite> <!-- com.xyuan.ngtest.jx.test.get_final_position_variety_distribution -->
