<?xml version="1.0" encoding="UTF-8"?>
<!-- Generated by org.testng.reporters.JUnitReportReporter -->
<testsuite hostname="PC-liangxuqing" name="com.xyuan.ngtest.jx.test.report.get_press_max_return" tests="2" failures="0" timestamp="30 Jun 2017 02:19:45 GMT" time="0.323" errors="0">
  <testcase name="get_press_max_return" time="0.191" classname="com.xyuan.ngtest.jx.test.report.get_press_max_return"/>
  <testcase name="get_press_max_return" time="0.132" classname="com.xyuan.ngtest.jx.test.report.get_press_max_return"/>
</testsuite> <!-- com.xyuan.ngtest.jx.test.report.get_press_max_return -->
