<?xml version="1.0" encoding="UTF-8"?>
<!-- Generated by org.testng.reporters.JUnitReportReporter -->
<testsuite hostname="PC-liangxuqing" name="com.xyuan.ngtest.jx.test.report.get_asset_allocation_analysis" tests="3" failures="0" timestamp="30 Jun 2017 02:19:45 GMT" time="0.312" errors="0">
  <testcase name="get_asset_allocation_analysis" time="0.136" classname="com.xyuan.ngtest.jx.test.report.get_asset_allocation_analysis"/>
  <testcase name="get_asset_allocation_analysis" time="0.086" classname="com.xyuan.ngtest.jx.test.report.get_asset_allocation_analysis"/>
  <testcase name="get_asset_allocation_analysis" time="0.090" classname="com.xyuan.ngtest.jx.test.report.get_asset_allocation_analysis"/>
</testsuite> <!-- com.xyuan.ngtest.jx.test.report.get_asset_allocation_analysis -->
