<?xml version="1.0" encoding="UTF-8"?>
<!-- Generated by org.testng.reporters.JUnitReportReporter -->
<testsuite hostname="PC-liangxuqing" name="com.xyuan.ngtest.jx.test.report.get_total_achieve" tests="4" failures="0" timestamp="30 Jun 2017 02:19:45 GMT" time="0.839" errors="0">
  <testcase name="get_total_achieve" time="0.178" classname="com.xyuan.ngtest.jx.test.report.get_total_achieve"/>
  <testcase name="get_total_achieve" time="0.222" classname="com.xyuan.ngtest.jx.test.report.get_total_achieve"/>
  <testcase name="get_total_achieve" time="0.214" classname="com.xyuan.ngtest.jx.test.report.get_total_achieve"/>
  <testcase name="get_total_achieve" time="0.225" classname="com.xyuan.ngtest.jx.test.report.get_total_achieve"/>
</testsuite> <!-- com.xyuan.ngtest.jx.test.report.get_total_achieve -->
