<?xml version="1.0" encoding="UTF-8"?>
<!-- Generated by org.testng.reporters.JUnitReportReporter -->
<testsuite hostname="PC-liangxuqing" name="com.xyuan.ngtest.jx.test.get_categories_asset" tests="4" failures="0" timestamp="12 May 2017 06:47:22 GMT" time="0.747" errors="0">
  <testcase name="get_categories_asset" time="0.217" classname="com.xyuan.ngtest.jx.test.get_categories_asset"/>
  <testcase name="get_categories_asset" time="0.213" classname="com.xyuan.ngtest.jx.test.get_categories_asset"/>
  <testcase name="get_categories_asset" time="0.120" classname="com.xyuan.ngtest.jx.test.get_categories_asset"/>
  <testcase name="get_categories_asset" time="0.197" classname="com.xyuan.ngtest.jx.test.get_categories_asset"/>
</testsuite> <!-- com.xyuan.ngtest.jx.test.get_categories_asset -->
