<?xml version="1.0" encoding="UTF-8"?>
<!-- Generated by org.testng.reporters.JUnitReportReporter -->
<testsuite hostname="PC-liangxuqing" name="com.xyuan.ngtest.jx.test.report.get_interval_bond_credit_level_distribution" tests="2" failures="0" timestamp="30 Jun 2017 02:19:45 GMT" time="9.115" errors="0">
  <testcase name="get_interval_bond_credit_level_distribution" time="4.258" classname="com.xyuan.ngtest.jx.test.report.get_interval_bond_credit_level_distribution"/>
  <testcase name="get_interval_bond_credit_level_distribution" time="4.857" classname="com.xyuan.ngtest.jx.test.report.get_interval_bond_credit_level_distribution"/>
</testsuite> <!-- com.xyuan.ngtest.jx.test.report.get_interval_bond_credit_level_distribution -->
