<?xml version="1.0" encoding="UTF-8"?>
<!-- Generated by org.testng.reporters.JUnitReportReporter -->
<testsuite hostname="PC-liangxuqing" name="com.xyuan.ngtest.jx.test.report.position_style_map" tests="2" failures="0" timestamp="30 Jun 2017 02:19:45 GMT" time="0.351" errors="0">
  <testcase name="position_style_map" time="0.181" classname="com.xyuan.ngtest.jx.test.report.position_style_map"/>
  <testcase name="position_style_map" time="0.170" classname="com.xyuan.ngtest.jx.test.report.position_style_map"/>
</testsuite> <!-- com.xyuan.ngtest.jx.test.report.position_style_map -->
