<?xml version="1.0" encoding="UTF-8"?>
<!-- Generated by org.testng.reporters.JUnitReportReporter -->
<testsuite hostname="PC-liangxuqing" name="com.xyuan.ngtest.ps.comp.manfund" tests="21" failures="0" timestamp="11 Oct 2017 03:14:45 GMT" time="7.835" errors="1">
  <testcase name="man_tree" time="0.110" classname="com.xyuan.ngtest.ps.comp.manfund"/>
  <testcase name="fund_search" time="0.330" classname="com.xyuan.ngtest.ps.comp.manfund"/>
  <testcase name="fund_newsinfo" time="0.121" classname="com.xyuan.ngtest.ps.comp.manfund"/>
  <testcase name="fund_dailyperf" time="0.240" classname="com.xyuan.ngtest.ps.comp.manfund"/>
  <testcase name="fund_highposition" time="0.190" classname="com.xyuan.ngtest.ps.comp.manfund"/>
  <testcase name="fund_baseinfo" time="0.140" classname="com.xyuan.ngtest.ps.comp.manfund">
    <error type="java.lang.AssertionError" message="
Expected: &quot;{\&quot;sta\&quot;:1,\&quot;data\&quot;:{\&quot;compId\&quot;:99358,\&quot;regCode\&quot;:\&quot;SN7207\&quot;,\&quot;manageType\&quot;:\&quot;顾问管理\&quot;,\&quot;fundTrustee\&quot;:\&quot;中国工商银行股份有限公司\&quot;,\&quot;fundId\&quot;:142953,\&quot;fundStatus\&quot;:\&quot;存续中\&quot;,\&quot;foundationDate\&quot;:\&quot;2009-02-06\&quot;,\&quot;compName\&quot;:\&quot;上海六禾投资有限公司\&quot;,\&quot;fundType\&quot;:\&quot;信托计划\&quot;,\&quot;fundFullName\&quot;:\&quot;六禾光辉岁月1期\&quot;,\&quot;investField\&quot;:\&quot;主要投资于沪、深交易所Ａ股股票，证券投资基金，债券，银行存款，债券回购交易的逆回购以及政策法规允许投资的其他金融工具。\&quot;},\&quot;msg\&quot;:\&quot;操作成功\&quot;}&quot;
     but: was &quot;{\&quot;sta\&quot;:1,\&quot;data\&quot;:{\&quot;compId\&quot;:99358,\&quot;regCode\&quot;:\&quot;SN7207\&quot;,\&quot;manageType\&quot;:\&quot;顾问管理\&quot;,\&quot;fundTrustee\&quot;:\&quot;中国工商银行股份有限公司\&quot;,\&quot;fundId\&quot;:142953,\&quot;foundationDate\&quot;:\&quot;2009-02-06\&quot;,\&quot;compName\&quot;:\&quot;上海六禾投资有限公司\&quot;,\&quot;regDate\&quot;:\&quot;2014-04-09\&quot;,\&quot;fundType\&quot;:\&quot;信托计划\&quot;,\&quot;fundFullName\&quot;:\&quot;六禾光辉岁月1期\&quot;},\&quot;msg\&quot;:\&quot;操作成功\&quot;}&quot;">
      <![CDATA[java.lang.AssertionError: 
Expected: "{\"sta\":1,\"data\":{\"compId\":99358,\"regCode\":\"SN7207\",\"manageType\":\"顾问管理\",\"fundTrustee\":\"中国工商银行股份有限公司\",\"fundId\":142953,\"fundStatus\":\"存续中\",\"foundationDate\":\"2009-02-06\",\"compName\":\"上海六禾投资有限公司\",\"fundType\":\"信托计划\",\"fundFullName\":\"六禾光辉岁月1期\",\"investField\":\"主要投资于沪、深交易所Ａ股股票，证券投资基金，债券，银行存款，债券回购交易的逆回购以及政策法规允许投资的其他金融工具。\"},\"msg\":\"操作成功\"}"
     but: was "{\"sta\":1,\"data\":{\"compId\":99358,\"regCode\":\"SN7207\",\"manageType\":\"顾问管理\",\"fundTrustee\":\"中国工商银行股份有限公司\",\"fundId\":142953,\"foundationDate\":\"2009-02-06\",\"compName\":\"上海六禾投资有限公司\",\"regDate\":\"2014-04-09\",\"fundType\":\"信托计划\",\"fundFullName\":\"六禾光辉岁月1期\"},\"msg\":\"操作成功\"}"
	at org.hamcrest.MatcherAssert.assertThat(MatcherAssert.java:20)
	at org.hamcrest.MatcherAssert.assertThat(MatcherAssert.java:8)
	at com.xyuan.ngtest.MyAssert.MyAssert.asserting(MyAssert.java:10)
	at com.xyuan.ngtest.ps.comp.manfund.TestAndAssert(manfund.java:33)
	at com.xyuan.ngtest.ps.comp.manfund.fund_baseinfo(manfund.java:39)
	at sun.reflect.NativeMethodAccessorImpl.invoke0(Native Method)
	at sun.reflect.NativeMethodAccessorImpl.invoke(NativeMethodAccessorImpl.java:62)
	at sun.reflect.DelegatingMethodAccessorImpl.invoke(DelegatingMethodAccessorImpl.java:43)
	at java.lang.reflect.Method.invoke(Method.java:498)
	at org.testng.internal.MethodInvocationHelper.invokeMethod(MethodInvocationHelper.java:84)
	at org.testng.internal.Invoker.invokeMethod(Invoker.java:714)
	at org.testng.internal.Invoker.invokeTestMethod(Invoker.java:901)
	at org.testng.internal.Invoker.invokeTestMethods(Invoker.java:1231)
	at org.testng.internal.TestMethodWorker.invokeTestMethods(TestMethodWorker.java:127)
	at org.testng.internal.TestMethodWorker.run(TestMethodWorker.java:111)
	at org.testng.TestRunner.privateRun(TestRunner.java:767)
	at org.testng.TestRunner.run(TestRunner.java:617)
	at org.testng.SuiteRunner.runTest(SuiteRunner.java:335)
	at org.testng.SuiteRunner.access$000(SuiteRunner.java:37)
	at org.testng.SuiteRunner$SuiteWorker.run(SuiteRunner.java:369)
	at org.testng.internal.thread.ThreadUtil$2.call(ThreadUtil.java:64)
	at java.util.concurrent.FutureTask.run(FutureTask.java:266)
	at java.util.concurrent.ThreadPoolExecutor.runWorker(ThreadPoolExecutor.java:1142)
	at java.util.concurrent.ThreadPoolExecutor$Worker.run(ThreadPoolExecutor.java:617)
	at java.lang.Thread.run(Thread.java:745)
]]>
    </error>
  </testcase> <!-- fund_baseinfo -->
  <testcase name="man_search" time="0.400" classname="com.xyuan.ngtest.ps.comp.manfund"/>
  <testcase name="fund_search" time="2.750" classname="com.xyuan.ngtest.ps.comp.manfund"/>
  <testcase name="man_search" time="0.151" classname="com.xyuan.ngtest.ps.comp.manfund"/>
  <testcase name="fund_search" time="0.330" classname="com.xyuan.ngtest.ps.comp.manfund"/>
  <testcase name="fund_tree" time="0.131" classname="com.xyuan.ngtest.ps.comp.manfund"/>
  <testcase name="man_search" time="0.160" classname="com.xyuan.ngtest.ps.comp.manfund"/>
  <testcase name="fund_detailinfo" time="0.151" classname="com.xyuan.ngtest.ps.comp.manfund"/>
  <testcase name="fund_navdata" time="1.050" classname="com.xyuan.ngtest.ps.comp.manfund"/>
  <testcase name="man_newsinfo" time="0.140" classname="com.xyuan.ngtest.ps.comp.manfund"/>
  <testcase name="man_search" time="0.160" classname="com.xyuan.ngtest.ps.comp.manfund"/>
  <testcase name="fund_search" time="0.321" classname="com.xyuan.ngtest.ps.comp.manfund"/>
  <testcase name="man_search" time="0.530" classname="com.xyuan.ngtest.ps.comp.manfund"/>
  <testcase name="fund_factiorinfo" time="0.160" classname="com.xyuan.ngtest.ps.comp.manfund"/>
  <testcase name="man_baseinfo" time="0.130" classname="com.xyuan.ngtest.ps.comp.manfund"/>
  <testcase name="man_fundlist" time="0.140" classname="com.xyuan.ngtest.ps.comp.manfund"/>
</testsuite> <!-- com.xyuan.ngtest.ps.comp.manfund -->
