<?xml version="1.0" encoding="UTF-8"?>
<!-- Generated by org.testng.reporters.JUnitReportReporter -->
<testsuite hostname="PC-liangxuqing" name="com.xyuan.ngtest.jx.test.combinationquery.get_fluct_analysis_configs" tests="4" failures="0" timestamp="30 Jun 2017 02:18:21 GMT" time="2.264" errors="0">
  <testcase name="get_fluct_analysis_configs" time="0.138" classname="com.xyuan.ngtest.jx.test.combinationquery.get_fluct_analysis_configs"/>
  <testcase name="get_fluct_analysis_configs" time="0.880" classname="com.xyuan.ngtest.jx.test.combinationquery.get_fluct_analysis_configs"/>
  <testcase name="get_fluct_analysis_configs" time="0.695" classname="com.xyuan.ngtest.jx.test.combinationquery.get_fluct_analysis_configs"/>
  <testcase name="get_fluct_analysis_configs" time="0.551" classname="com.xyuan.ngtest.jx.test.combinationquery.get_fluct_analysis_configs"/>
</testsuite> <!-- com.xyuan.ngtest.jx.test.combinationquery.get_fluct_analysis_configs -->
