<?xml version="1.0" encoding="UTF-8"?>
<!-- Generated by org.testng.reporters.JUnitReportReporter -->
<testsuite hostname="PC-liangxuqing" name="com.xyuan.ngtest.jx.test.report.get_interval_residual_term_configuration" tests="2" failures="0" timestamp="30 Jun 2017 02:19:45 GMT" time="4.599" errors="0">
  <testcase name="get_interval_residual_term_configuration" time="2.216" classname="com.xyuan.ngtest.jx.test.report.get_interval_residual_term_configuration"/>
  <testcase name="get_interval_residual_term_configuration" time="2.383" classname="com.xyuan.ngtest.jx.test.report.get_interval_residual_term_configuration"/>
</testsuite> <!-- com.xyuan.ngtest.jx.test.report.get_interval_residual_term_configuration -->
