<?xml version="1.0" encoding="UTF-8"?>
<!-- Generated by org.testng.reporters.JUnitReportReporter -->
<testsuite hostname="PC-liangxuqing" name="com.xyuan.ngtest.ps.comp.comp_newsinfo" tests="1" failures="0" timestamp="9 Oct 2017 04:34:14 GMT" time="0.147" errors="0">
  <testcase name="comp_newsinfo" time="0.147" classname="com.xyuan.ngtest.ps.comp.comp_newsinfo"/>
</testsuite> <!-- com.xyuan.ngtest.ps.comp.comp_newsinfo -->
