<?xml version="1.0" encoding="UTF-8"?>
<!-- Generated by org.testng.reporters.JUnitReportReporter -->
<testsuite hostname="PC-liangxuqing" name="com.xyuan.ngtest.ps.comp.manadministrativesanctionlist" tests="1" failures="0" timestamp="9 Oct 2017 09:22:51 GMT" time="0.144" errors="0">
  <testcase name="test" time="0.144" classname="com.xyuan.ngtest.ps.comp.manadministrativesanctionlist"/>
</testsuite> <!-- com.xyuan.ngtest.ps.comp.manadministrativesanctionlist -->
