<?xml version="1.0" encoding="UTF-8"?>
<!-- Generated by org.testng.reporters.JUnitReportReporter -->
<testsuite hostname="PC-liangxuqing" name="com.xyuan.ngtest.jx.test.get_key_year_duration" tests="2" failures="0" timestamp="11 May 2017 10:03:27 GMT" time="0.359" errors="0">
  <testcase name="get_key_year_duration" time="0.185" classname="com.xyuan.ngtest.jx.test.get_key_year_duration"/>
  <testcase name="get_key_year_duration" time="0.174" classname="com.xyuan.ngtest.jx.test.get_key_year_duration"/>
</testsuite> <!-- com.xyuan.ngtest.jx.test.get_key_year_duration -->
