<?xml version="1.0" encoding="UTF-8"?>
<!-- Generated by org.testng.reporters.JUnitReportReporter -->
<testsuite hostname="PC-liangxuqing" name="com.xyuan.ngtest.ps.usercenter.favmenu_checkname" tests="2" failures="0" timestamp="25 Sep 2017 07:39:47 GMT" time="0.237" errors="0">
  <testcase name="favmenu_checkname" time="0.112" classname="com.xyuan.ngtest.ps.usercenter.favmenu_checkname"/>
  <testcase name="favmenu_checkname" time="0.125" classname="com.xyuan.ngtest.ps.usercenter.favmenu_checkname"/>
</testsuite> <!-- com.xyuan.ngtest.ps.usercenter.favmenu_checkname -->
