<?xml version="1.0" encoding="UTF-8"?>
<!-- Generated by org.testng.reporters.JUnitReportReporter -->
<testsuite hostname="PC-liangxuqing" name="com.xyuan.ngtest.jx.test.get_during_break" tests="4" failures="0" timestamp="12 May 2017 06:47:22 GMT" time="0.410" errors="0">
  <testcase name="get_during_break" time="0.106" classname="com.xyuan.ngtest.jx.test.get_during_break"/>
  <testcase name="get_during_break" time="0.099" classname="com.xyuan.ngtest.jx.test.get_during_break"/>
  <testcase name="get_during_break" time="0.111" classname="com.xyuan.ngtest.jx.test.get_during_break"/>
  <testcase name="get_during_break" time="0.094" classname="com.xyuan.ngtest.jx.test.get_during_break"/>
</testsuite> <!-- com.xyuan.ngtest.jx.test.get_during_break -->
