<?xml version="1.0" encoding="UTF-8"?>
<!-- Generated by org.testng.reporters.JUnitReportReporter -->
<testsuite hostname="PC-liangxuqing" name="com.xyuan.ngtest.ps.comp.comp_run_infos" tests="4" failures="0" timestamp="25 Sep 2017 07:39:47 GMT" time="0.609" errors="0">
  <testcase name="comp_run_infos" time="0.174" classname="com.xyuan.ngtest.ps.comp.comp_run_infos"/>
  <testcase name="comp_run_infos" time="0.139" classname="com.xyuan.ngtest.ps.comp.comp_run_infos"/>
  <testcase name="comp_run_infos" time="0.129" classname="com.xyuan.ngtest.ps.comp.comp_run_infos"/>
  <testcase name="comp_run_infos" time="0.167" classname="com.xyuan.ngtest.ps.comp.comp_run_infos"/>
</testsuite> <!-- com.xyuan.ngtest.ps.comp.comp_run_infos -->
