<?xml version="1.0" encoding="UTF-8"?>
<!-- Generated by org.testng.reporters.JUnitReportReporter -->
<testsuite hostname="PC-liangxuqing" name="com.xyuan.ngtest.jx.test.get_combination_asset" tests="4" failures="0" timestamp="12 May 2017 06:47:22 GMT" time="0.555" errors="0">
  <testcase name="get_combination_asset" time="0.137" classname="com.xyuan.ngtest.jx.test.get_combination_asset"/>
  <testcase name="get_combination_asset" time="0.128" classname="com.xyuan.ngtest.jx.test.get_combination_asset"/>
  <testcase name="get_combination_asset" time="0.135" classname="com.xyuan.ngtest.jx.test.get_combination_asset"/>
  <testcase name="get_combination_asset" time="0.155" classname="com.xyuan.ngtest.jx.test.get_combination_asset"/>
</testsuite> <!-- com.xyuan.ngtest.jx.test.get_combination_asset -->
