<?xml version="1.0" encoding="UTF-8"?>
<!-- Generated by org.testng.reporters.JUnitReportReporter -->
<testsuite hostname="PC-liangxuqing" name="com.xyuan.ngtest.jx.test.get_credit_level_distribution" tests="2" failures="0" timestamp="11 May 2017 10:03:27 GMT" time="0.658" errors="0">
  <testcase name="get_credit_level_distribution" time="0.328" classname="com.xyuan.ngtest.jx.test.get_credit_level_distribution"/>
  <testcase name="get_credit_level_distribution" time="0.330" classname="com.xyuan.ngtest.jx.test.get_credit_level_distribution"/>
</testsuite> <!-- com.xyuan.ngtest.jx.test.get_credit_level_distribution -->
