<?xml version="1.0" encoding="UTF-8"?>
<!-- Generated by org.testng.reporters.JUnitReportReporter -->
<testsuite hostname="PC-liangxuqing" name="com.xyuan.ngtest.jx.test.get_interval_bond_credit_level_distribution" tests="2" failures="0" timestamp="11 May 2017 10:03:27 GMT" time="3.435" errors="0">
  <testcase name="get_interval_bond_credit_level_distribution" time="1.648" classname="com.xyuan.ngtest.jx.test.get_interval_bond_credit_level_distribution"/>
  <testcase name="get_interval_bond_credit_level_distribution" time="1.787" classname="com.xyuan.ngtest.jx.test.get_interval_bond_credit_level_distribution"/>
</testsuite> <!-- com.xyuan.ngtest.jx.test.get_interval_bond_credit_level_distribution -->
