<?xml version="1.0" encoding="UTF-8"?>
<!-- Generated by org.testng.reporters.JUnitReportReporter -->
<testsuite hostname="PC-liangxuqing" name="com.xyuan.ngtest.jx.test.report.get_performance_attribution" tests="1" failures="0" timestamp="30 Jun 2017 02:19:45 GMT" time="10.259" errors="0">
  <testcase name="get_performance_attribution" time="10.259" classname="com.xyuan.ngtest.jx.test.report.get_performance_attribution"/>
</testsuite> <!-- com.xyuan.ngtest.jx.test.report.get_performance_attribution -->
