<?xml version="1.0" encoding="UTF-8"?>
<!-- Generated by org.testng.reporters.JUnitReportReporter -->
<testsuite hostname="PC-liangxuqing" name="com.xyuan.ngtest.ps.manfund.man_search" tests="5" failures="0" timestamp="25 Sep 2017 07:39:47 GMT" time="1.475" errors="0">
  <testcase name="man_search" time="0.159" classname="com.xyuan.ngtest.ps.manfund.man_search"/>
  <testcase name="man_search" time="0.189" classname="com.xyuan.ngtest.ps.manfund.man_search"/>
  <testcase name="man_search" time="0.185" classname="com.xyuan.ngtest.ps.manfund.man_search"/>
  <testcase name="man_search" time="0.443" classname="com.xyuan.ngtest.ps.manfund.man_search"/>
  <testcase name="man_search" time="0.499" classname="com.xyuan.ngtest.ps.manfund.man_search"/>
</testsuite> <!-- com.xyuan.ngtest.ps.manfund.man_search -->
