<?xml version="1.0" encoding="UTF-8"?>
<!-- Generated by org.testng.reporters.JUnitReportReporter -->
<testsuite hostname="PC-liangxuqing" name="com.xyuan.ngtest.jx.test.get_total_achieve" tests="4" failures="0" timestamp="11 May 2017 10:03:27 GMT" time="0.688" errors="0">
  <testcase name="get_total_achieve" time="0.171" classname="com.xyuan.ngtest.jx.test.get_total_achieve"/>
  <testcase name="get_total_achieve" time="0.160" classname="com.xyuan.ngtest.jx.test.get_total_achieve"/>
  <testcase name="get_total_achieve" time="0.182" classname="com.xyuan.ngtest.jx.test.get_total_achieve"/>
  <testcase name="get_total_achieve" time="0.175" classname="com.xyuan.ngtest.jx.test.get_total_achieve"/>
</testsuite> <!-- com.xyuan.ngtest.jx.test.get_total_achieve -->
