<?xml version="1.0" encoding="UTF-8"?>
<!-- Generated by org.testng.reporters.JUnitReportReporter -->
<testsuite hostname="PC-liangxuqing" name="com.xyuan.ngtest.jx.test.report.get_position_analysis" tests="2" failures="0" timestamp="30 Jun 2017 02:19:45 GMT" time="0.257" errors="0">
  <testcase name="get_position_analysis" time="0.139" classname="com.xyuan.ngtest.jx.test.report.get_position_analysis"/>
  <testcase name="get_position_analysis" time="0.118" classname="com.xyuan.ngtest.jx.test.report.get_position_analysis"/>
</testsuite> <!-- com.xyuan.ngtest.jx.test.report.get_position_analysis -->
