<?xml version="1.0" encoding="UTF-8"?>
<!-- Generated by org.testng.reporters.JUnitReportReporter -->
<testsuite hostname="PC-liangxuqing" name="com.xyuan.ngtest.ps.usercenter.favmenu_list" tests="1" failures="0" timestamp="25 Sep 2017 07:39:47 GMT" time="0.144" errors="0">
  <testcase name="favmenu_list" time="0.144" classname="com.xyuan.ngtest.ps.usercenter.favmenu_list"/>
</testsuite> <!-- com.xyuan.ngtest.ps.usercenter.favmenu_list -->
