<?xml version="1.0" encoding="UTF-8"?>
<!-- Generated by org.testng.reporters.JUnitReportReporter -->
<testsuite hostname="PC-liangxuqing" name="com.xyuan.ngtest.ps.manfund.fund_highposition" tests="1" failures="0" timestamp="25 Sep 2017 07:39:47 GMT" time="0.152" errors="0">
  <testcase name="fund_highposition" time="0.152" classname="com.xyuan.ngtest.ps.manfund.fund_highposition"/>
</testsuite> <!-- com.xyuan.ngtest.ps.manfund.fund_highposition -->
