<?xml version="1.0" encoding="UTF-8"?>
<!-- Generated by org.testng.reporters.JUnitReportReporter -->
<testsuite hostname="PC-liangxuqing" name="com.xyuan.ngtest.jx.test.combinationquery.get_during_break" tests="4" failures="0" timestamp="30 Jun 2017 02:18:21 GMT" time="0.519" errors="0">
  <testcase name="get_during_break" time="0.131" classname="com.xyuan.ngtest.jx.test.combinationquery.get_during_break"/>
  <testcase name="get_during_break" time="0.116" classname="com.xyuan.ngtest.jx.test.combinationquery.get_during_break"/>
  <testcase name="get_during_break" time="0.134" classname="com.xyuan.ngtest.jx.test.combinationquery.get_during_break"/>
  <testcase name="get_during_break" time="0.138" classname="com.xyuan.ngtest.jx.test.combinationquery.get_during_break"/>
</testsuite> <!-- com.xyuan.ngtest.jx.test.combinationquery.get_during_break -->
