<?xml version="1.0" encoding="UTF-8"?>
<!-- Generated by org.testng.reporters.JUnitReportReporter -->
<testsuite hostname="PC-liangxuqing" name="com.xyuan.ngtest.jx.test.get_press_max_return" tests="2" failures="0" timestamp="11 May 2017 10:03:27 GMT" time="0.252" errors="0">
  <testcase name="get_press_max_return" time="0.136" classname="com.xyuan.ngtest.jx.test.get_press_max_return"/>
  <testcase name="get_press_max_return" time="0.116" classname="com.xyuan.ngtest.jx.test.get_press_max_return"/>
</testsuite> <!-- com.xyuan.ngtest.jx.test.get_press_max_return -->
