<?xml version="1.0" encoding="UTF-8"?>
<!-- Generated by org.testng.reporters.JUnitReportReporter -->
<testsuite hostname="PC-liangxuqing" name="com.xyuan.ngtest.jx.test.position_style" tests="2" failures="0" timestamp="11 May 2017 10:03:27 GMT" time="0.748" errors="0">
  <testcase name="position_style" time="0.411" classname="com.xyuan.ngtest.jx.test.position_style"/>
  <testcase name="position_style" time="0.337" classname="com.xyuan.ngtest.jx.test.position_style"/>
</testsuite> <!-- com.xyuan.ngtest.jx.test.position_style -->
