<?xml version="1.0" encoding="UTF-8"?>
<!-- Generated by org.testng.reporters.JUnitReportReporter -->
<testsuite hostname="PC-liangxuqing" name="com.xyuan.ngtest.ps.usercenter.favfocusgroup_create" tests="2" failures="0" timestamp="25 Sep 2017 07:39:47 GMT" time="0.322" errors="0">
  <testcase name="favfocusgroup_create" time="0.126" classname="com.xyuan.ngtest.ps.usercenter.favfocusgroup_create"/>
  <testcase name="favfocusgroup_create" time="0.196" classname="com.xyuan.ngtest.ps.usercenter.favfocusgroup_create"/>
</testsuite> <!-- com.xyuan.ngtest.ps.usercenter.favfocusgroup_create -->
