<?xml version="1.0" encoding="UTF-8"?>
<!-- Generated by org.testng.reporters.JUnitReportReporter -->
<testsuite hostname="PC-liangxuqing" name="com.xyuan.ngtest.ps.comp.adminsanction" tests="1" failures="1" timestamp="10 Oct 2017 09:49:05 GMT" time="0.000" errors="0">
  <testcase name="test" time="0.000" classname="com.xyuan.ngtest.ps.comp.adminsanction">
    <failure type="org.testng.TestNGException" message="
Some DataProvider public java.lang.Object[][] com.xyuan.ngtest.ps.comp.adminsanction.getTestData(java.lang.String) throws java.lang.Exception parameters unresolved:  at 1 type class java.lang.String
">
      <![CDATA[org.testng.TestNGException: 
Some DataProvider public java.lang.Object[][] com.xyuan.ngtest.ps.comp.adminsanction.getTestData(java.lang.String) throws java.lang.Exception parameters unresolved:  at 1 type class java.lang.String

	at org.testng.internal.MethodInvocationHelper.invokeDataProvider(MethodInvocationHelper.java:128)
	at org.testng.internal.Parameters.handleParameters(Parameters.java:429)
	at org.testng.internal.Invoker.handleParameters(Invoker.java:1383)
	at org.testng.internal.Invoker.createParameters(Invoker.java:1075)
	at org.testng.internal.Invoker.invokeTestMethods(Invoker.java:1180)
	at org.testng.internal.TestMethodWorker.invokeTestMethods(TestMethodWorker.java:127)
	at org.testng.internal.TestMethodWorker.run(TestMethodWorker.java:111)
	at org.testng.TestRunner.privateRun(TestRunner.java:767)
	at org.testng.TestRunner.run(TestRunner.java:617)
	at org.testng.SuiteRunner.runTest(SuiteRunner.java:335)
	at org.testng.SuiteRunner.access$000(SuiteRunner.java:37)
	at org.testng.SuiteRunner$SuiteWorker.run(SuiteRunner.java:369)
	at org.testng.internal.thread.ThreadUtil$2.call(ThreadUtil.java:64)
	at java.util.concurrent.FutureTask.run(FutureTask.java:266)
	at java.util.concurrent.ThreadPoolExecutor.runWorker(ThreadPoolExecutor.java:1142)
	at java.util.concurrent.ThreadPoolExecutor$Worker.run(ThreadPoolExecutor.java:617)
	at java.lang.Thread.run(Thread.java:745)
]]>
    </failure>
  </testcase> <!-- test -->
</testsuite> <!-- com.xyuan.ngtest.ps.comp.adminsanction -->
