<?xml version="1.0" encoding="UTF-8"?>
<!-- Generated by org.testng.reporters.JUnitReportReporter -->
<testsuite hostname="PC-liangxuqing" name="com.xyuan.ngtest.jx.test.combinationquery.get_stock_asset" tests="4" failures="0" timestamp="30 Jun 2017 02:18:21 GMT" time="0.931" errors="0">
  <testcase name="get_stock_asset" time="0.269" classname="com.xyuan.ngtest.jx.test.combinationquery.get_stock_asset"/>
  <testcase name="get_stock_asset" time="0.222" classname="com.xyuan.ngtest.jx.test.combinationquery.get_stock_asset"/>
  <testcase name="get_stock_asset" time="0.250" classname="com.xyuan.ngtest.jx.test.combinationquery.get_stock_asset"/>
  <testcase name="get_stock_asset" time="0.190" classname="com.xyuan.ngtest.jx.test.combinationquery.get_stock_asset"/>
</testsuite> <!-- com.xyuan.ngtest.jx.test.combinationquery.get_stock_asset -->
