<?xml version="1.0" encoding="UTF-8"?>
<!-- Generated by org.testng.reporters.JUnitReportReporter -->
<testsuite hostname="PC-liangxuqing" name="com.xyuan.ngtest.jx.test.get_the_fund_index_industry" tests="2" failures="0" timestamp="11 May 2017 10:03:27 GMT" time="0.211" errors="0">
  <testcase name="get_the_fund_index_industry" time="0.107" classname="com.xyuan.ngtest.jx.test.get_the_fund_index_industry"/>
  <testcase name="get_the_fund_index_industry" time="0.104" classname="com.xyuan.ngtest.jx.test.get_the_fund_index_industry"/>
</testsuite> <!-- com.xyuan.ngtest.jx.test.get_the_fund_index_industry -->
