<?xml version="1.0" encoding="UTF-8"?>
<!-- Generated by org.testng.reporters.JUnitReportReporter -->
<testsuite hostname="PC-liangxuqing" name="com.xyuan.ngtest.ps.manfund.fund_baseinfo" tests="1" failures="0" timestamp="25 Sep 2017 07:39:47 GMT" time="0.153" errors="0">
  <testcase name="fund_dailyperf" time="0.153" classname="com.xyuan.ngtest.ps.manfund.fund_baseinfo"/>
</testsuite> <!-- com.xyuan.ngtest.ps.manfund.fund_baseinfo -->
