<?xml version="1.0" encoding="UTF-8"?>
<!-- Generated by org.testng.reporters.JUnitReportReporter -->
<testsuite hostname="PC-liangxuqing" name="com.xyuan.ngtest.jx.test.get_brinson_analysis" tests="6" failures="0" timestamp="11 May 2017 10:03:27 GMT" time="0.999" errors="0">
  <testcase name="get_brinson_analysis" time="0.151" classname="com.xyuan.ngtest.jx.test.get_brinson_analysis"/>
  <testcase name="get_brinson_analysis" time="0.155" classname="com.xyuan.ngtest.jx.test.get_brinson_analysis"/>
  <testcase name="get_brinson_analysis" time="0.177" classname="com.xyuan.ngtest.jx.test.get_brinson_analysis"/>
  <testcase name="get_brinson_analysis" time="0.175" classname="com.xyuan.ngtest.jx.test.get_brinson_analysis"/>
  <testcase name="get_brinson_analysis" time="0.167" classname="com.xyuan.ngtest.jx.test.get_brinson_analysis"/>
  <testcase name="get_brinson_analysis" time="0.174" classname="com.xyuan.ngtest.jx.test.get_brinson_analysis"/>
</testsuite> <!-- com.xyuan.ngtest.jx.test.get_brinson_analysis -->
