<?xml version="1.0" encoding="UTF-8"?>
<!-- Generated by org.testng.reporters.JUnitReportReporter -->
<testsuite hostname="PC-liangxuqing" name="com.xyuan.ngtest.jx.test.report.asset_ifno" tests="4" failures="0" timestamp="30 Jun 2017 02:19:45 GMT" time="0.983" errors="0">
  <testcase name="asset_ifno" time="0.201" classname="com.xyuan.ngtest.jx.test.report.asset_ifno"/>
  <testcase name="asset_ifno" time="0.207" classname="com.xyuan.ngtest.jx.test.report.asset_ifno"/>
  <testcase name="asset_ifno" time="0.230" classname="com.xyuan.ngtest.jx.test.report.asset_ifno"/>
  <testcase name="asset_ifno" time="0.345" classname="com.xyuan.ngtest.jx.test.report.asset_ifno"/>
</testsuite> <!-- com.xyuan.ngtest.jx.test.report.asset_ifno -->
