<?xml version="1.0" encoding="UTF-8"?>
<!-- Generated by org.testng.reporters.JUnitReportReporter -->
<testsuite hostname="PC-liangxuqing" name="com.xyuan.ngtest.jx.test.report.get_subject_rating_analysis" tests="2" failures="0" timestamp="30 Jun 2017 02:19:45 GMT" time="0.393" errors="0">
  <testcase name="get_subject_rating_analysis" time="0.213" classname="com.xyuan.ngtest.jx.test.report.get_subject_rating_analysis"/>
  <testcase name="get_subject_rating_analysis" time="0.180" classname="com.xyuan.ngtest.jx.test.report.get_subject_rating_analysis"/>
</testsuite> <!-- com.xyuan.ngtest.jx.test.report.get_subject_rating_analysis -->
