<?xml version="1.0" encoding="UTF-8"?>
<!-- Generated by org.testng.reporters.JUnitReportReporter -->
<testsuite hostname="PC-liangxuqing" name="com.xyuan.ngtest.ps.comp.lawcourtnoticelist" tests="1" failures="0" timestamp="9 Oct 2017 08:42:50 GMT" time="0.163" errors="1">
  <testcase name="test" time="0.163" classname="com.xyuan.ngtest.ps.comp.lawcourtnoticelist">
    <error type="java.lang.AssertionError" message="
Expected: a string containing &quot;\&quot;trackValueId\&quot;:130728&quot;
     but: was &quot;{&quot;sta&quot;:1,&quot;data&quot;:{&quot;result&quot;:[{&quot;id&quot;:1,&quot;noticeDesc&quot;:&quot;黄山市民洲纸业有限公司：本院受理原告山东金泽霖股权投资管理股份有限公司、苏州金丰益创业投资企业（有限合伙）诉被告宁阳圣泰纸业有限责任公司、郭继强、邹城市隆诚典当有限责任公司、黄山市民洲纸业有限公司合同纠纷一案已审理终结。现依法向你方公告送达（2016）鲁01民初1806号民事判决书。自公告之日起60日内来本院...&quot;,&quot;party&quot;:&quot;黄山市民洲纸业有限公司&quot;,&quot;publishTme&quot;:&quot;2017-02-28&quot;,&quot;sorts&quot;:&quot;裁判文书&quot;}],&quot;totalCount&quot;:1,&quot;pageNo&quot;:1,&quot;pageSize&quot;:20,&quot;totalPage&quot;:1},&quot;msg&quot;:&quot;ok&quot;}&quot;">
      <![CDATA[java.lang.AssertionError: 
Expected: a string containing "\"trackValueId\":130728"
     but: was "{"sta":1,"data":{"result":[{"id":1,"noticeDesc":"黄山市民洲纸业有限公司：本院受理原告山东金泽霖股权投资管理股份有限公司、苏州金丰益创业投资企业（有限合伙）诉被告宁阳圣泰纸业有限责任公司、郭继强、邹城市隆诚典当有限责任公司、黄山市民洲纸业有限公司合同纠纷一案已审理终结。现依法向你方公告送达（2016）鲁01民初1806号民事判决书。自公告之日起60日内来本院...","party":"黄山市民洲纸业有限公司","publishTme":"2017-02-28","sorts":"裁判文书"}],"totalCount":1,"pageNo":1,"pageSize":20,"totalPage":1},"msg":"ok"}"
	at org.hamcrest.MatcherAssert.assertThat(MatcherAssert.java:20)
	at org.hamcrest.MatcherAssert.assertThat(MatcherAssert.java:8)
	at com.xyuan.ngtest.MyAssert.MyAssert.asserting(MyAssert.java:12)
	at com.xyuan.ngtest.ps.comp.lawcourtnoticelist.test(lawcourtnoticelist.java:33)
	at sun.reflect.NativeMethodAccessorImpl.invoke0(Native Method)
	at sun.reflect.NativeMethodAccessorImpl.invoke(NativeMethodAccessorImpl.java:62)
	at sun.reflect.DelegatingMethodAccessorImpl.invoke(DelegatingMethodAccessorImpl.java:43)
	at java.lang.reflect.Method.invoke(Method.java:498)
	at org.testng.internal.MethodInvocationHelper.invokeMethod(MethodInvocationHelper.java:84)
	at org.testng.internal.Invoker.invokeMethod(Invoker.java:714)
	at org.testng.internal.Invoker.invokeTestMethod(Invoker.java:901)
	at org.testng.internal.Invoker.invokeTestMethods(Invoker.java:1231)
	at org.testng.internal.TestMethodWorker.invokeTestMethods(TestMethodWorker.java:127)
	at org.testng.internal.TestMethodWorker.run(TestMethodWorker.java:111)
	at org.testng.TestRunner.privateRun(TestRunner.java:767)
	at org.testng.TestRunner.run(TestRunner.java:617)
	at org.testng.SuiteRunner.runTest(SuiteRunner.java:335)
	at org.testng.SuiteRunner.access$000(SuiteRunner.java:37)
	at org.testng.SuiteRunner$SuiteWorker.run(SuiteRunner.java:369)
	at org.testng.internal.thread.ThreadUtil$2.call(ThreadUtil.java:64)
	at java.util.concurrent.FutureTask.run(FutureTask.java:266)
	at java.util.concurrent.ThreadPoolExecutor.runWorker(ThreadPoolExecutor.java:1142)
	at java.util.concurrent.ThreadPoolExecutor$Worker.run(ThreadPoolExecutor.java:617)
	at java.lang.Thread.run(Thread.java:745)
]]>
    </error>
  </testcase> <!-- test -->
</testsuite> <!-- com.xyuan.ngtest.ps.comp.lawcourtnoticelist -->
