<?xml version="1.0" encoding="UTF-8"?>
<!-- Generated by org.testng.reporters.JUnitReportReporter -->
<testsuite hostname="PC-liangxuqing" name="com.xyuan.ngtest.jx.test.get_future_cash_flow" tests="1" failures="0" timestamp="11 May 2017 10:03:27 GMT" time="0.195" errors="0">
  <testcase name="get_future_cash_flow" time="0.195" classname="com.xyuan.ngtest.jx.test.get_future_cash_flow"/>
</testsuite> <!-- com.xyuan.ngtest.jx.test.get_future_cash_flow -->
