<?xml version="1.0" encoding="UTF-8"?>
<!-- Generated by org.testng.reporters.JUnitReportReporter -->
<testsuite hostname="PC-liangxuqing" name="com.xyuan.ngtest.ps.usercenter.favfocusgroup_delete" tests="2" failures="0" timestamp="25 Sep 2017 07:39:47 GMT" time="0.333" errors="0">
  <testcase name="favfocusgroup_delete" time="0.174" classname="com.xyuan.ngtest.ps.usercenter.favfocusgroup_delete"/>
  <testcase name="favfocusgroup_delete" time="0.159" classname="com.xyuan.ngtest.ps.usercenter.favfocusgroup_delete"/>
</testsuite> <!-- com.xyuan.ngtest.ps.usercenter.favfocusgroup_delete -->
