<?xml version="1.0" encoding="UTF-8"?>
<!-- Generated by org.testng.reporters.JUnitReportReporter -->
<testsuite hostname="PC-liangxuqing" name="com.xyuan.ngtest.ps.comp.comp_search" tests="6" failures="0" timestamp="25 Sep 2017 07:39:47 GMT" time="1.918" errors="0">
  <testcase name="comp_search" time="0.723" classname="com.xyuan.ngtest.ps.comp.comp_search"/>
  <testcase name="comp_search" time="0.237" classname="com.xyuan.ngtest.ps.comp.comp_search"/>
  <testcase name="comp_search" time="0.258" classname="com.xyuan.ngtest.ps.comp.comp_search"/>
  <testcase name="comp_search" time="0.249" classname="com.xyuan.ngtest.ps.comp.comp_search"/>
  <testcase name="comp_search" time="0.179" classname="com.xyuan.ngtest.ps.comp.comp_search"/>
  <testcase name="comp_search" time="0.272" classname="com.xyuan.ngtest.ps.comp.comp_search"/>
</testsuite> <!-- com.xyuan.ngtest.ps.comp.comp_search -->
