<?xml version="1.0" encoding="UTF-8"?>
<!-- Generated by org.testng.reporters.JUnitReportReporter -->
<testsuite hostname="PC-liangxuqing" name="com.xyuan.ngtest.ps.usercenter.favfocusgroup_checkname" tests="1" failures="0" timestamp="25 Sep 2017 05:26:11 GMT" time="0.134" errors="0">
  <testcase name="favfocusgroup_checkname" time="0.134" classname="com.xyuan.ngtest.ps.usercenter.favfocusgroup_checkname"/>
</testsuite> <!-- com.xyuan.ngtest.ps.usercenter.favfocusgroup_checkname -->
