<?xml version="1.0" encoding="UTF-8"?>
<!-- Generated by org.testng.reporters.JUnitReportReporter -->
<testsuite hostname="PC-liangxuqing" name="com.xyuan.ngtest.ps.comp.lawjudgementdoclist" tests="1" failures="0" timestamp="9 Oct 2017 08:56:41 GMT" time="0.179" errors="1">
  <testcase name="test" time="0.179" classname="com.xyuan.ngtest.ps.comp.lawjudgementdoclist">
    <error type="java.lang.AssertionError" message="
Expected: a string containing &quot;\&quot;trackValueId\&quot;:130728&quot;
     but: was &quot;{&quot;sta&quot;:1,&quot;data&quot;:{&quot;result&quot;:[{&quot;id&quot;:2,&quot;publishTime&quot;:&quot;2016-12-06&quot;,&quot;caseId&quot;:&quot;（2015）穗天法民一初字第2032号&quot;,&quot;executeCourt&quot;:&quot;广州市天河区人民法院&quot;,&quot;caseRole&quot;:&quot;被告 - 广州浩宸资产管理有限公司\n原告 - 李家明&quot;,&quot;caseName&quot;:&quot;李家明与广州浩宸资产管理有限公司劳动争议2015民一初2032一审民事判决书&quot;},{&quot;id&quot;:4,&quot;publishTime&quot;:&quot;2015-09-18&quot;,&quot;caseId&quot;:&quot;（2014）穗天法民一初字第507号&quot;,&quot;executeCourt&quot;:&quot;广州市天河区人民法院&quot;,&quot;caseRole&quot;:&quot;被告 - 李家明&quot;,&quot;caseName&quot;:&quot;广州浩宸资产管理有限公司与李家明劳动争议一审民事判决书&quot;},{&quot;id&quot;:3,&quot;publishTime&quot;:&quot;2015-06-02&quot;,&quot;caseId&quot;:&quot;（2015）穗中法民一终字第1450号&quot;,&quot;executeCourt&quot;:&quot;广东省广州市中级人民法院&quot;,&quot;caseRole&quot;:&quot;上诉人（原审原告） - 广州浩宸资产管理有限公司\n被上诉人（原审被告） - 李家明&quot;,&quot;caseName&quot;:&quot;广州浩宸资产管理有限公司与李家明劳动争议二审民事判决书&quot;}],&quot;totalCount&quot;:3,&quot;pageNo&quot;:1,&quot;pageSize&quot;:20,&quot;totalPage&quot;:1},&quot;msg&quot;:&quot;ok&quot;}&quot;">
      <![CDATA[java.lang.AssertionError: 
Expected: a string containing "\"trackValueId\":130728"
     but: was "{"sta":1,"data":{"result":[{"id":2,"publishTime":"2016-12-06","caseId":"（2015）穗天法民一初字第2032号","executeCourt":"广州市天河区人民法院","caseRole":"被告 - 广州浩宸资产管理有限公司\n原告 - 李家明","caseName":"李家明与广州浩宸资产管理有限公司劳动争议2015民一初2032一审民事判决书"},{"id":4,"publishTime":"2015-09-18","caseId":"（2014）穗天法民一初字第507号","executeCourt":"广州市天河区人民法院","caseRole":"被告 - 李家明","caseName":"广州浩宸资产管理有限公司与李家明劳动争议一审民事判决书"},{"id":3,"publishTime":"2015-06-02","caseId":"（2015）穗中法民一终字第1450号","executeCourt":"广东省广州市中级人民法院","caseRole":"上诉人（原审原告） - 广州浩宸资产管理有限公司\n被上诉人（原审被告） - 李家明","caseName":"广州浩宸资产管理有限公司与李家明劳动争议二审民事判决书"}],"totalCount":3,"pageNo":1,"pageSize":20,"totalPage":1},"msg":"ok"}"
	at org.hamcrest.MatcherAssert.assertThat(MatcherAssert.java:20)
	at org.hamcrest.MatcherAssert.assertThat(MatcherAssert.java:8)
	at com.xyuan.ngtest.MyAssert.MyAssert.asserting(MyAssert.java:12)
	at com.xyuan.ngtest.ps.comp.lawjudgementdoclist.test(lawjudgementdoclist.java:33)
	at sun.reflect.NativeMethodAccessorImpl.invoke0(Native Method)
	at sun.reflect.NativeMethodAccessorImpl.invoke(NativeMethodAccessorImpl.java:62)
	at sun.reflect.DelegatingMethodAccessorImpl.invoke(DelegatingMethodAccessorImpl.java:43)
	at java.lang.reflect.Method.invoke(Method.java:498)
	at org.testng.internal.MethodInvocationHelper.invokeMethod(MethodInvocationHelper.java:84)
	at org.testng.internal.Invoker.invokeMethod(Invoker.java:714)
	at org.testng.internal.Invoker.invokeTestMethod(Invoker.java:901)
	at org.testng.internal.Invoker.invokeTestMethods(Invoker.java:1231)
	at org.testng.internal.TestMethodWorker.invokeTestMethods(TestMethodWorker.java:127)
	at org.testng.internal.TestMethodWorker.run(TestMethodWorker.java:111)
	at org.testng.TestRunner.privateRun(TestRunner.java:767)
	at org.testng.TestRunner.run(TestRunner.java:617)
	at org.testng.SuiteRunner.runTest(SuiteRunner.java:335)
	at org.testng.SuiteRunner.access$000(SuiteRunner.java:37)
	at org.testng.SuiteRunner$SuiteWorker.run(SuiteRunner.java:369)
	at org.testng.internal.thread.ThreadUtil$2.call(ThreadUtil.java:64)
	at java.util.concurrent.FutureTask.run(FutureTask.java:266)
	at java.util.concurrent.ThreadPoolExecutor.runWorker(ThreadPoolExecutor.java:1142)
	at java.util.concurrent.ThreadPoolExecutor$Worker.run(ThreadPoolExecutor.java:617)
	at java.lang.Thread.run(Thread.java:745)
]]>
    </error>
  </testcase> <!-- test -->
</testsuite> <!-- com.xyuan.ngtest.ps.comp.lawjudgementdoclist -->
