<?xml version="1.0" encoding="UTF-8"?>
<!-- Generated by org.testng.reporters.JUnitReportReporter -->
<testsuite hostname="PC-liangxuqing" name="com.xyuan.ngtest.ps.comp.lawexecutedlist" tests="1" failures="0" timestamp="9 Oct 2017 09:06:56 GMT" time="0.160" errors="0">
  <testcase name="test" time="0.160" classname="com.xyuan.ngtest.ps.comp.lawexecutedlist"/>
</testsuite> <!-- com.xyuan.ngtest.ps.comp.lawexecutedlist -->
