<?xml version="1.0" encoding="UTF-8"?>
<!-- Generated by org.testng.reporters.JUnitReportReporter -->
<testsuite hostname="PC-liangxuqing" name="com.xyuan.ngtest.jx.test.get_interest_rate_risk_analysis" tests="2" failures="0" timestamp="11 May 2017 10:03:27 GMT" time="0.174" errors="0">
  <testcase name="get_interest_rate_risk_analysis" time="0.088" classname="com.xyuan.ngtest.jx.test.get_interest_rate_risk_analysis"/>
  <testcase name="get_interest_rate_risk_analysis" time="0.086" classname="com.xyuan.ngtest.jx.test.get_interest_rate_risk_analysis"/>
</testsuite> <!-- com.xyuan.ngtest.jx.test.get_interest_rate_risk_analysis -->
