<?xml version="1.0" encoding="UTF-8"?>
<!-- Generated by org.testng.reporters.JUnitReportReporter -->
<testsuite hostname="PC-liangxuqing" name="com.xyuan.ngtest.ps.test.usercenter" tests="2" failures="0" timestamp="25 Oct 2017 08:39:10 GMT" time="0.351" errors="0">
  <testcase name="message_create" time="0.224" classname="com.xyuan.ngtest.ps.test.usercenter"/>
  <testcase name="user_baseinfo" time="0.127" classname="com.xyuan.ngtest.ps.test.usercenter"/>
</testsuite> <!-- com.xyuan.ngtest.ps.test.usercenter -->
