<?xml version="1.0" encoding="UTF-8"?>
<!-- Generated by org.testng.reporters.JUnitReportReporter -->
<testsuite hostname="PC-liangxuqing" name="com.xyuan.ngtest.jx.test.report.get_flow_risk_focus" tests="2" failures="0" timestamp="30 Jun 2017 02:19:45 GMT" time="0.231" errors="0">
  <testcase name="get_flow_risk_focus" time="0.098" classname="com.xyuan.ngtest.jx.test.report.get_flow_risk_focus"/>
  <testcase name="get_flow_risk_focus" time="0.133" classname="com.xyuan.ngtest.jx.test.report.get_flow_risk_focus"/>
</testsuite> <!-- com.xyuan.ngtest.jx.test.report.get_flow_risk_focus -->
