<?xml version="1.0" encoding="UTF-8"?>
<!-- Generated by org.testng.reporters.JUnitReportReporter -->
<testsuite hostname="PC-liangxuqing" name="com.xyuan.ngtest.jx.test.get_fama_analyze" tests="3" failures="0" timestamp="11 May 2017 10:03:27 GMT" time="30.654" errors="0">
  <testcase name="get_fama_analyze" time="10.166" classname="com.xyuan.ngtest.jx.test.get_fama_analyze"/>
  <testcase name="get_fama_analyze" time="10.306" classname="com.xyuan.ngtest.jx.test.get_fama_analyze"/>
  <testcase name="get_fama_analyze" time="10.182" classname="com.xyuan.ngtest.jx.test.get_fama_analyze"/>
</testsuite> <!-- com.xyuan.ngtest.jx.test.get_fama_analyze -->
