<?xml version="1.0" encoding="UTF-8"?>
<!-- Generated by org.testng.reporters.JUnitReportReporter -->
<testsuite hostname="PC-liangxuqing" name="com.xyuan.ngtest.jx.test.get_bond_rating_analysis" tests="2" failures="0" timestamp="11 May 2017 10:03:27 GMT" time="0.652" errors="0">
  <testcase name="get_bond_rating_analysis" time="0.307" classname="com.xyuan.ngtest.jx.test.get_bond_rating_analysis"/>
  <testcase name="get_bond_rating_analysis" time="0.345" classname="com.xyuan.ngtest.jx.test.get_bond_rating_analysis"/>
</testsuite> <!-- com.xyuan.ngtest.jx.test.get_bond_rating_analysis -->
