<?xml version="1.0" encoding="UTF-8"?>
<!-- Generated by org.testng.reporters.JUnitReportReporter -->
<testsuite hostname="PC-liangxuqing" name="com.xyuan.ngtest.jx.test.get_brinson_industry" tests="2" failures="0" timestamp="11 May 2017 10:03:27 GMT" time="10.366" errors="0">
  <testcase name="get_brinson_industry" time="10.143" classname="com.xyuan.ngtest.jx.test.get_brinson_industry"/>
  <testcase name="get_brinson_industry" time="0.223" classname="com.xyuan.ngtest.jx.test.get_brinson_industry"/>
</testsuite> <!-- com.xyuan.ngtest.jx.test.get_brinson_industry -->
