<?xml version="1.0" encoding="UTF-8"?>
<!-- Generated by org.testng.reporters.JUnitReportReporter -->
<testsuite hostname="PC-liangxuqing" name="com.xyuan.ngtest.jx.test.get_press_clearance_max_cash" tests="2" failures="0" timestamp="11 May 2017 10:03:27 GMT" time="0.253" errors="0">
  <testcase name="get_press_clearance_max_cash" time="0.135" classname="com.xyuan.ngtest.jx.test.get_press_clearance_max_cash"/>
  <testcase name="get_press_clearance_max_cash" time="0.118" classname="com.xyuan.ngtest.jx.test.get_press_clearance_max_cash"/>
</testsuite> <!-- com.xyuan.ngtest.jx.test.get_press_clearance_max_cash -->
