<?xml version="1.0" encoding="UTF-8"?>
<!-- Generated by org.testng.reporters.JUnitReportReporter -->
<testsuite hostname="PC-liangxuqing" name="com.xyuan.ngtest.jx.test.get_attribution_stock" tests="2" failures="0" timestamp="11 May 2017 10:03:27 GMT" time="10.213" errors="0">
  <testcase name="get_attribution_stock" time="0.118" classname="com.xyuan.ngtest.jx.test.get_attribution_stock"/>
  <testcase name="get_attribution_stock" time="10.095" classname="com.xyuan.ngtest.jx.test.get_attribution_stock"/>
</testsuite> <!-- com.xyuan.ngtest.jx.test.get_attribution_stock -->
