<?xml version="1.0" encoding="UTF-8"?>
<!-- Generated by org.testng.reporters.JUnitReportReporter -->
<testsuite hostname="PC-liangxuqing" name="com.xyuan.ngtest.jx.test.get_interval_industry_risk_exposure_timing" tests="2" failures="0" timestamp="11 May 2017 10:03:27 GMT" time="0.653" errors="0">
  <testcase name="get_interval_industry_risk_exposure_timing" time="0.330" classname="com.xyuan.ngtest.jx.test.get_interval_industry_risk_exposure_timing"/>
  <testcase name="get_interval_industry_risk_exposure_timing" time="0.323" classname="com.xyuan.ngtest.jx.test.get_interval_industry_risk_exposure_timing"/>
</testsuite> <!-- com.xyuan.ngtest.jx.test.get_interval_industry_risk_exposure_timing -->
