<?xml version="1.0" encoding="UTF-8"?>
<!-- Generated by org.testng.reporters.JUnitReportReporter -->
<testsuite hostname="PC-liangxuqing" name="com.xyuan.ngtest.jx.test.report.get_the_fund_index_industry" tests="2" failures="0" timestamp="30 Jun 2017 02:19:45 GMT" time="0.255" errors="0">
  <testcase name="get_the_fund_index_industry" time="0.130" classname="com.xyuan.ngtest.jx.test.report.get_the_fund_index_industry"/>
  <testcase name="get_the_fund_index_industry" time="0.125" classname="com.xyuan.ngtest.jx.test.report.get_the_fund_index_industry"/>
</testsuite> <!-- com.xyuan.ngtest.jx.test.report.get_the_fund_index_industry -->
