<?xml version="1.0" encoding="UTF-8"?>
<!-- Generated by org.testng.reporters.JUnitReportReporter -->
<testsuite hostname="PC-liangxuqing" name="com.xyuan.ngtest.ps.comp.comp_yearreport_baseinfo" tests="1" failures="0" timestamp="25 Sep 2017 07:39:47 GMT" time="0.243" errors="0">
  <testcase name="comp_yearreport_baseinfo" time="0.243" classname="com.xyuan.ngtest.ps.comp.comp_yearreport_baseinfo"/>
</testsuite> <!-- com.xyuan.ngtest.ps.comp.comp_yearreport_baseinfo -->
