<?xml version="1.0" encoding="UTF-8"?>
<!-- Generated by org.testng.reporters.JUnitReportReporter -->
<testsuite hostname="PC-liangxuqing" name="com.xyuan.ngtest.jx.test.report.get_future_cash_flow" tests="1" failures="0" timestamp="30 Jun 2017 02:19:45 GMT" time="0.219" errors="0">
  <testcase name="get_future_cash_flow" time="0.219" classname="com.xyuan.ngtest.jx.test.report.get_future_cash_flow"/>
</testsuite> <!-- com.xyuan.ngtest.jx.test.report.get_future_cash_flow -->
