<?xml version="1.0" encoding="UTF-8"?>
<!-- Generated by org.testng.reporters.JUnitReportReporter -->
<testsuite hostname="PC-liangxuqing" name="com.xyuan.ngtest.ps.usercenter.favfocusgroup_update" tests="1" failures="0" timestamp="25 Sep 2017 07:39:47 GMT" time="0.133" errors="0">
  <testcase name="favfocusgroup_update" time="0.133" classname="com.xyuan.ngtest.ps.usercenter.favfocusgroup_update"/>
</testsuite> <!-- com.xyuan.ngtest.ps.usercenter.favfocusgroup_update -->
