<?xml version="1.0" encoding="UTF-8"?>
<!-- Generated by org.testng.reporters.JUnitReportReporter -->
<testsuite hostname="PC-liangxuqing" name="com.xyuan.ngtest.ps.comp.all_search" tests="2" failures="0" timestamp="25 Sep 2017 07:39:47 GMT" time="0.474" errors="0">
  <testcase name="all_search" time="0.247" classname="com.xyuan.ngtest.ps.comp.all_search"/>
  <testcase name="all_search" time="0.227" classname="com.xyuan.ngtest.ps.comp.all_search"/>
</testsuite> <!-- com.xyuan.ngtest.ps.comp.all_search -->
