<?xml version="1.0" encoding="UTF-8"?>
<!-- Generated by org.testng.reporters.JUnitReportReporter -->
<testsuite hostname="PC-liangxuqing" name="com.xyuan.ngtest.ps.manfund.man_fundlist" tests="1" failures="0" timestamp="25 Sep 2017 07:39:47 GMT" time="0.112" errors="0">
  <testcase name="man_fundlist" time="0.112" classname="com.xyuan.ngtest.ps.manfund.man_fundlist"/>
</testsuite> <!-- com.xyuan.ngtest.ps.manfund.man_fundlist -->
