<?xml version="1.0" encoding="UTF-8"?>
<!-- Generated by org.testng.reporters.JUnitReportReporter -->
<testsuite hostname="PC-liangxuqing" name="com.xyuan.ngtest.jx.test.report.get_brinson_industry" tests="2" failures="0" timestamp="30 Jun 2017 02:19:45 GMT" time="10.275" errors="0">
  <testcase name="get_brinson_industry" time="0.133" classname="com.xyuan.ngtest.jx.test.report.get_brinson_industry"/>
  <testcase name="get_brinson_industry" time="10.142" classname="com.xyuan.ngtest.jx.test.report.get_brinson_industry"/>
</testsuite> <!-- com.xyuan.ngtest.jx.test.report.get_brinson_industry -->
