<?xml version="1.0" encoding="UTF-8"?>
<!-- Generated by org.testng.reporters.JUnitReportReporter -->
<testsuite hostname="PC-liangxuqing" name="com.xyuan.ngtest.jx.test.combinationquery.get_combination_analyze" tests="3" failures="0" timestamp="30 Jun 2017 02:18:21 GMT" time="0.226" errors="0">
  <testcase name="get_combination_analyze" time="0.072" classname="com.xyuan.ngtest.jx.test.combinationquery.get_combination_analyze"/>
  <testcase name="get_combination_analyze" time="0.078" classname="com.xyuan.ngtest.jx.test.combinationquery.get_combination_analyze"/>
  <testcase name="get_combination_analyze" time="0.076" classname="com.xyuan.ngtest.jx.test.combinationquery.get_combination_analyze"/>
</testsuite> <!-- com.xyuan.ngtest.jx.test.combinationquery.get_combination_analyze -->
