<?xml version="1.0" encoding="UTF-8"?>
<!-- Generated by org.testng.reporters.JUnitReportReporter -->
<testsuite hostname="PC-liangxuqing" name="com.xyuan.ngtest.jx.test.get_bond_convert" tests="1" failures="0" timestamp="11 Apr 2017 10:02:14 GMT" time="0.000" errors="0">
  <testcase name="test" time="0.000" classname="com.xyuan.ngtest.jx.test.get_bond_convert"/>
</testsuite> <!-- com.xyuan.ngtest.jx.test.get_bond_convert -->
